0 verbose cli /usr/local/bin/node /usr/local/bin/npm
1 info using npm@10.9.0
2 info using node@v22.11.0
3 silly config load:file:/usr/local/lib/node_modules/npm/npmrc
4 silly config load:file:/home/app/monannonce/.npmrc
5 silly config load:file:/home/app/.npmrc
6 silly config load:file:/usr/local/etc/npmrc
7 verbose title npm i bcrypts jsontoken
8 verbose argv "i" "bcrypts" "jsontoken"
9 verbose logfile logs-max:10 dir:/home/app/.npm/_logs/2024-11-21T14_33_25_592Z-
10 verbose logfile /home/app/.npm/_logs/2024-11-21T14_33_25_592Z-debug-0.log
11 silly logfile start cleaning logs, removing 1 files
12 silly packumentCache heap:4345298944 maxSize:1086324736 maxEntrySize:543162368
13 silly logfile done cleaning log files
14 silly idealTree buildDeps
15 silly fetch manifest bcrypts@*
16 silly packumentCache full:https://registry.npmjs.org/bcrypts cache-miss
17 verbose shrinkwrap failed to load node_modules/.package-lock.json out of date, updated: node_modules
18 http fetch GET 404 https://registry.npmjs.org/bcrypts 753ms (cache skip)
19 silly fetch manifest jsontoken@*
20 silly packumentCache full:https://registry.npmjs.org/jsontoken cache-miss
21 http fetch GET 404 https://registry.npmjs.org/jsontoken 642ms (cache skip)
22 silly placeDep ROOT bcrypts@ OK for: monannonce@1.0.0 want: *
23 silly placeDep ROOT jsontoken@ OK for: monannonce@1.0.0 want: *
24 verbose stack HttpErrorGeneral: 404 Not Found - GET https://registry.npmjs.org/bcrypts - Not found
24 verbose stack     at /usr/local/lib/node_modules/npm/node_modules/npm-registry-fetch/lib/check-response.js:95:15
24 verbose stack     at process.processTicksAndRejections (node:internal/process/task_queues:105:5)
24 verbose stack     at async RegistryFetcher.packument (/usr/local/lib/node_modules/npm/node_modules/pacote/lib/registry.js:90:19)
24 verbose stack     at async RegistryFetcher.manifest (/usr/local/lib/node_modules/npm/node_modules/pacote/lib/registry.js:128:23)
24 verbose stack     at async #fetchManifest (/usr/local/lib/node_modules/npm/node_modules/@npmcli/arborist/lib/arborist/build-ideal-tree.js:1202:20)
24 verbose stack     at async #nodeFromEdge (/usr/local/lib/node_modules/npm/node_modules/@npmcli/arborist/lib/arborist/build-ideal-tree.js:1040:19)
24 verbose stack     at async #buildDepStep (/usr/local/lib/node_modules/npm/node_modules/@npmcli/arborist/lib/arborist/build-ideal-tree.js:904:11)
24 verbose stack     at async Arborist.buildIdealTree (/usr/local/lib/node_modules/npm/node_modules/@npmcli/arborist/lib/arborist/build-ideal-tree.js:181:7)
24 verbose stack     at async Promise.all (index 1)
24 verbose stack     at async Arborist.reify (/usr/local/lib/node_modules/npm/node_modules/@npmcli/arborist/lib/arborist/reify.js:131:5)
25 verbose statusCode 404
26 verbose pkgid bcrypts@*
27 error code E404
28 error 404 Not Found - GET https://registry.npmjs.org/bcrypts - Not found
29 error 404
30 error 404  'bcrypts@*' is not in this registry.
31 error 404
32 error 404 Note that you can also install from a
33 error 404 tarball, folder, http url, or git url.
34 silly unfinished npm timer reify 1732199605985
35 silly unfinished npm timer reify:loadTrees 1732199605986
36 verbose cwd /home/app/monannonce
37 verbose os Linux 5.15.0-125-generic
38 verbose node v22.11.0
39 verbose npm  v10.9.0
40 verbose exit 1
41 verbose code 1
42 error A complete log of this run can be found in: /home/app/.npm/_logs/2024-11-21T14_33_25_592Z-debug-0.log
