0 verbose cli /usr/local/bin/node /usr/local/bin/npm
1 info using npm@10.9.0
2 info using node@v22.11.0
3 silly config load:file:/usr/local/lib/node_modules/npm/npmrc
4 silly config load:file:/home/app/monannonce/.npmrc
5 silly config load:file:/home/app/.npmrc
6 silly config load:file:/usr/local/etc/npmrc
7 verbose title npm i
8 verbose argv "i"
9 verbose logfile logs-max:10 dir:/home/app/.npm/_logs/2024-11-19T14_34_20_259Z-
10 verbose logfile /home/app/.npm/_logs/2024-11-19T14_34_20_259Z-debug-0.log
11 silly logfile done cleaning log files
12 silly packumentCache heap:4345298944 maxSize:1086324736 maxEntrySize:543162368
13 silly idealTree buildDeps
14 silly reify moves {}
15 verbose stack Error: Could not read package.json: Error: ENOENT: no such file or directory, open '/home/app/monannonce/package.json'
15 verbose stack     at async open (node:internal/fs/promises:638:25)
15 verbose stack     at async readFile (node:internal/fs/promises:1238:14)
15 verbose stack     at async read (/usr/local/lib/node_modules/npm/node_modules/@npmcli/package-json/lib/read-package.js:9:18)
15 verbose stack     at async PackageJson.load (/usr/local/lib/node_modules/npm/node_modules/@npmcli/package-json/lib/index.js:130:31)
15 verbose stack     at async PackageJson.normalize (/usr/local/lib/node_modules/npm/node_modules/@npmcli/package-json/lib/index.js:116:5)
15 verbose stack     at async runScript (/usr/local/lib/node_modules/npm/node_modules/@npmcli/run-script/lib/run-script.js:11:28)
15 verbose stack     at async Install.exec (/usr/local/lib/node_modules/npm/lib/commands/install.js:163:9)
15 verbose stack     at async Npm.exec (/usr/local/lib/node_modules/npm/lib/npm.js:207:9)
15 verbose stack     at async module.exports (/usr/local/lib/node_modules/npm/lib/cli/entry.js:74:5)
16 error code ENOENT
17 error syscall open
18 error path /home/app/monannonce/package.json
19 error errno -2
20 error enoent Could not read package.json: Error: ENOENT: no such file or directory, open '/home/app/monannonce/package.json'
21 error enoent This is related to npm not being able to find a file.
21 error enoent
22 verbose cwd /home/app/monannonce
23 verbose os Linux 5.15.0-125-generic
24 verbose node v22.11.0
25 verbose npm  v10.9.0
26 verbose exit -2
27 verbose code -2
28 error A complete log of this run can be found in: /home/app/.npm/_logs/2024-11-19T14_34_20_259Z-debug-0.log
