0 verbose cli /usr/local/bin/node /usr/local/bin/npm
1 info using npm@10.9.0
2 info using node@v22.11.0
3 silly config load:file:/usr/local/lib/node_modules/npm/npmrc
4 silly config load:file:/home/app/monannonce/.npmrc
5 silly config load:file:/home/app/.npmrc
6 silly config load:file:/usr/local/etc/npmrc
7 verbose title npm i sequelize-cli
8 verbose argv "i" "--save-dev" "sequelize-cli"
9 verbose logfile logs-max:10 dir:/home/app/.npm/_logs/2024-11-20T15_58_32_203Z-
10 verbose logfile /home/app/.npm/_logs/2024-11-20T15_58_32_203Z-debug-0.log
11 silly logfile start cleaning logs, removing 1 files
12 silly packumentCache heap:4345298944 maxSize:1086324736 maxEntrySize:543162368
13 silly logfile done cleaning log files
14 silly idealTree buildDeps
15 silly fetch manifest sequelize-cli@*
16 silly packumentCache full:https://registry.npmjs.org/sequelize-cli cache-miss
17 http fetch GET 200 https://registry.npmjs.org/sequelize-cli 265ms (cache miss)
18 silly packumentCache full:https://registry.npmjs.org/sequelize-cli set size:undefined disposed:false
19 silly placeDep ROOT sequelize-cli@6.6.2 OK for: monannonce@1.0.0 want: *
20 silly fetch manifest cli-color@^2.0.3
21 silly packumentCache full:https://registry.npmjs.org/cli-color cache-miss
22 silly fetch manifest fs-extra@^9.1.0
23 silly packumentCache full:https://registry.npmjs.org/fs-extra cache-miss
24 silly fetch manifest js-beautify@^1.14.5
25 silly packumentCache full:https://registry.npmjs.org/js-beautify cache-miss
26 silly fetch manifest resolve@^1.22.1
27 silly packumentCache full:https://registry.npmjs.org/resolve cache-miss
28 silly fetch manifest umzug@^2.3.0
29 silly packumentCache full:https://registry.npmjs.org/umzug cache-miss
30 silly fetch manifest yargs@^16.2.0
31 silly packumentCache full:https://registry.npmjs.org/yargs cache-miss
32 http fetch GET 200 https://registry.npmjs.org/cli-color 62ms (cache miss)
33 silly packumentCache full:https://registry.npmjs.org/cli-color set size:undefined disposed:false
34 http fetch GET 200 https://registry.npmjs.org/resolve 136ms (cache miss)
35 silly packumentCache full:https://registry.npmjs.org/resolve set size:undefined disposed:false
36 http fetch GET 200 https://registry.npmjs.org/js-beautify 142ms (cache miss)
37 silly packumentCache full:https://registry.npmjs.org/js-beautify set size:undefined disposed:false
38 http fetch GET 200 https://registry.npmjs.org/fs-extra 152ms (cache miss)
39 silly packumentCache full:https://registry.npmjs.org/fs-extra set size:undefined disposed:false
40 http fetch GET 200 https://registry.npmjs.org/umzug 156ms (cache miss)
41 silly packumentCache full:https://registry.npmjs.org/umzug set size:undefined disposed:false
42 http fetch GET 200 https://registry.npmjs.org/yargs 163ms (cache miss)
43 silly packumentCache full:https://registry.npmjs.org/yargs set size:undefined disposed:false
44 silly placeDep ROOT cli-color@2.0.4 OK for: sequelize-cli@6.6.2 want: ^2.0.3
45 silly placeDep ROOT fs-extra@9.1.0 OK for: sequelize-cli@6.6.2 want: ^9.1.0
46 silly placeDep ROOT js-beautify@1.15.1 OK for: sequelize-cli@6.6.2 want: ^1.14.5
47 silly placeDep ROOT resolve@1.22.8 OK for: sequelize-cli@6.6.2 want: ^1.22.1
48 silly placeDep ROOT umzug@2.3.0 OK for: sequelize-cli@6.6.2 want: ^2.3.0
49 silly placeDep ROOT yargs@16.2.0 OK for: sequelize-cli@6.6.2 want: ^16.2.0
50 silly fetch manifest d@^1.0.1
51 silly packumentCache full:https://registry.npmjs.org/d cache-miss
52 silly fetch manifest es5-ext@^0.10.64
53 silly packumentCache full:https://registry.npmjs.org/es5-ext cache-miss
54 silly fetch manifest es6-iterator@^2.0.3
55 silly packumentCache full:https://registry.npmjs.org/es6-iterator cache-miss
56 silly fetch manifest memoizee@^0.4.15
57 silly packumentCache full:https://registry.npmjs.org/memoizee cache-miss
58 silly fetch manifest timers-ext@^0.1.7
59 silly packumentCache full:https://registry.npmjs.org/timers-ext cache-miss
60 silly fetch manifest jsonfile@^6.0.1
61 silly packumentCache full:https://registry.npmjs.org/jsonfile cache-miss
62 silly fetch manifest graceful-fs@^4.2.0
63 silly packumentCache full:https://registry.npmjs.org/graceful-fs cache-miss
64 http fetch GET 200 https://registry.npmjs.org/jsonfile 71ms (cache miss)
65 silly packumentCache full:https://registry.npmjs.org/jsonfile set size:undefined disposed:false
66 silly fetch manifest universalify@^2.0.0
67 silly packumentCache full:https://registry.npmjs.org/universalify cache-miss
68 http fetch GET 200 https://registry.npmjs.org/es6-iterator 76ms (cache miss)
69 silly packumentCache full:https://registry.npmjs.org/es6-iterator set size:undefined disposed:false
70 silly fetch manifest at-least-node@^1.0.0
71 silly packumentCache full:https://registry.npmjs.org/at-least-node cache-miss
72 http fetch GET 200 https://registry.npmjs.org/d 79ms (cache miss)
73 silly packumentCache full:https://registry.npmjs.org/d set size:undefined disposed:false
74 silly fetch manifest config-chain@^1.1.13
75 silly packumentCache full:https://registry.npmjs.org/config-chain cache-miss
76 http fetch GET 200 https://registry.npmjs.org/memoizee 81ms (cache miss)
77 silly packumentCache full:https://registry.npmjs.org/memoizee set size:undefined disposed:false
78 silly fetch manifest editorconfig@^1.0.4
79 silly packumentCache full:https://registry.npmjs.org/editorconfig cache-miss
80 http fetch GET 200 https://registry.npmjs.org/timers-ext 83ms (cache miss)
81 silly packumentCache full:https://registry.npmjs.org/timers-ext set size:undefined disposed:false
82 silly fetch manifest glob@^10.3.3
83 silly packumentCache full:https://registry.npmjs.org/glob cache-miss
84 http fetch GET 200 https://registry.npmjs.org/es5-ext 87ms (cache miss)
85 silly packumentCache full:https://registry.npmjs.org/es5-ext set size:undefined disposed:false
86 silly fetch manifest js-cookie@^3.0.5
87 silly packumentCache full:https://registry.npmjs.org/js-cookie cache-miss
88 http fetch GET 200 https://registry.npmjs.org/universalify 66ms (cache miss)
89 silly packumentCache full:https://registry.npmjs.org/universalify set size:undefined disposed:false
90 silly fetch manifest nopt@^7.2.0
91 silly packumentCache full:https://registry.npmjs.org/nopt cache-miss
92 http fetch GET 200 https://registry.npmjs.org/at-least-node 67ms (cache miss)
93 silly packumentCache full:https://registry.npmjs.org/at-least-node set size:undefined disposed:false
94 silly fetch manifest is-core-module@^2.13.0
95 silly packumentCache full:https://registry.npmjs.org/is-core-module cache-miss
96 http fetch GET 200 https://registry.npmjs.org/graceful-fs 160ms (cache miss)
97 silly packumentCache full:https://registry.npmjs.org/graceful-fs set size:undefined disposed:false
98 silly fetch manifest path-parse@^1.0.7
99 silly packumentCache full:https://registry.npmjs.org/path-parse cache-miss
100 http fetch GET 200 https://registry.npmjs.org/config-chain 85ms (cache miss)
101 silly packumentCache full:https://registry.npmjs.org/config-chain set size:undefined disposed:false
102 silly fetch manifest supports-preserve-symlinks-flag@^1.0.0
103 silly packumentCache full:https://registry.npmjs.org/supports-preserve-symlinks-flag cache-miss
104 http fetch GET 200 https://registry.npmjs.org/editorconfig 82ms (cache miss)
105 silly packumentCache full:https://registry.npmjs.org/editorconfig set size:undefined disposed:false
106 silly fetch manifest bluebird@^3.7.2
107 silly packumentCache full:https://registry.npmjs.org/bluebird cache-miss
108 http fetch GET 200 https://registry.npmjs.org/glob 85ms (cache miss)
109 silly packumentCache full:https://registry.npmjs.org/glob set size:undefined disposed:false
110 silly fetch manifest y18n@^5.0.5
111 silly packumentCache full:https://registry.npmjs.org/y18n cache-miss
112 http fetch GET 200 https://registry.npmjs.org/js-cookie 88ms (cache miss)
113 silly packumentCache full:https://registry.npmjs.org/js-cookie set size:undefined disposed:false
114 silly fetch manifest cliui@^7.0.2
115 silly packumentCache full:https://registry.npmjs.org/cliui cache-miss
116 http fetch GET 200 https://registry.npmjs.org/nopt 44ms (cache miss)
117 silly packumentCache full:https://registry.npmjs.org/nopt set size:undefined disposed:false
118 silly fetch manifest escalade@^3.1.1
119 silly packumentCache full:https://registry.npmjs.org/escalade cache-miss
120 http fetch GET 200 https://registry.npmjs.org/is-core-module 49ms (cache miss)
121 silly packumentCache full:https://registry.npmjs.org/is-core-module set size:undefined disposed:false
122 silly fetch manifest string-width@^4.2.0
123 silly packumentCache full:https://registry.npmjs.org/string-width cache-miss
124 http fetch GET 200 https://registry.npmjs.org/path-parse 45ms (cache miss)
125 silly packumentCache full:https://registry.npmjs.org/path-parse set size:undefined disposed:false
126 silly fetch manifest yargs-parser@^20.2.2
127 silly packumentCache full:https://registry.npmjs.org/yargs-parser cache-miss
128 http fetch GET 200 https://registry.npmjs.org/bluebird 54ms (cache miss)
129 silly packumentCache full:https://registry.npmjs.org/bluebird set size:undefined disposed:false
130 silly fetch manifest get-caller-file@^2.0.5
131 silly packumentCache full:https://registry.npmjs.org/get-caller-file cache-miss
132 http fetch GET 200 https://registry.npmjs.org/supports-preserve-symlinks-flag 60ms (cache miss)
133 silly packumentCache full:https://registry.npmjs.org/supports-preserve-symlinks-flag set size:undefined disposed:false
134 silly fetch manifest require-directory@^2.1.1
135 silly packumentCache full:https://registry.npmjs.org/require-directory cache-miss
136 http fetch GET 200 https://registry.npmjs.org/escalade 45ms (cache miss)
137 silly packumentCache full:https://registry.npmjs.org/escalade set size:undefined disposed:false
138 http fetch GET 200 https://registry.npmjs.org/y18n 56ms (cache miss)
139 silly packumentCache full:https://registry.npmjs.org/y18n set size:undefined disposed:false
140 http fetch GET 200 https://registry.npmjs.org/cliui 58ms (cache miss)
141 silly packumentCache full:https://registry.npmjs.org/cliui set size:undefined disposed:false
142 http fetch GET 200 https://registry.npmjs.org/string-width 49ms (cache miss)
143 silly packumentCache full:https://registry.npmjs.org/string-width set size:undefined disposed:false
144 http fetch GET 200 https://registry.npmjs.org/yargs-parser 48ms (cache miss)
145 silly packumentCache full:https://registry.npmjs.org/yargs-parser set size:undefined disposed:false
146 http fetch GET 200 https://registry.npmjs.org/get-caller-file 73ms (cache miss)
147 silly packumentCache full:https://registry.npmjs.org/get-caller-file set size:undefined disposed:false
148 http fetch GET 200 https://registry.npmjs.org/require-directory 96ms (cache miss)
149 silly packumentCache full:https://registry.npmjs.org/require-directory set size:undefined disposed:false
150 silly placeDep ROOT d@1.0.2 OK for: cli-color@2.0.4 want: ^1.0.1
151 silly placeDep ROOT es5-ext@0.10.64 OK for: cli-color@2.0.4 want: ^0.10.64
152 silly placeDep ROOT es6-iterator@2.0.3 OK for: cli-color@2.0.4 want: ^2.0.3
153 silly placeDep ROOT memoizee@0.4.17 OK for: cli-color@2.0.4 want: ^0.4.15
154 silly placeDep ROOT timers-ext@0.1.8 OK for: cli-color@2.0.4 want: ^0.1.7
155 silly fetch manifest type@^2.7.2
156 silly packumentCache full:https://registry.npmjs.org/type cache-miss
157 silly fetch manifest es6-symbol@^3.1.3
158 silly packumentCache full:https://registry.npmjs.org/es6-symbol cache-miss
159 silly fetch manifest esniff@^2.0.1
160 silly packumentCache full:https://registry.npmjs.org/esniff cache-miss
161 silly fetch manifest next-tick@^1.1.0
162 silly packumentCache full:https://registry.npmjs.org/next-tick cache-miss
163 silly fetch manifest es6-symbol@^3.1.1
164 silly packumentCache full:https://registry.npmjs.org/es6-symbol cache-miss
165 silly fetch manifest es6-weak-map@^2.0.3
166 silly packumentCache full:https://registry.npmjs.org/es6-weak-map cache-miss
167 silly fetch manifest event-emitter@^0.3.5
168 silly packumentCache full:https://registry.npmjs.org/event-emitter cache-miss
169 http fetch GET 200 https://registry.npmjs.org/next-tick 39ms (cache miss)
170 silly packumentCache full:https://registry.npmjs.org/next-tick set size:undefined disposed:false
171 silly fetch manifest is-promise@^2.2.2
172 silly packumentCache full:https://registry.npmjs.org/is-promise cache-miss
173 http fetch GET 200 https://registry.npmjs.org/es6-symbol 44ms (cache miss)
174 silly packumentCache full:https://registry.npmjs.org/es6-symbol set size:undefined disposed:false
175 silly fetch manifest lru-queue@^0.1.0
176 silly packumentCache full:https://registry.npmjs.org/lru-queue cache-miss
177 http fetch GET 200 https://registry.npmjs.org/es6-symbol 52ms (cache miss)
178 silly packumentCache full:https://registry.npmjs.org/es6-symbol set size:undefined disposed:false
179 http fetch GET 200 https://registry.npmjs.org/event-emitter 52ms (cache miss)
180 silly packumentCache full:https://registry.npmjs.org/event-emitter set size:undefined disposed:false
181 http fetch GET 200 https://registry.npmjs.org/esniff 56ms (cache miss)
182 silly packumentCache full:https://registry.npmjs.org/esniff set size:undefined disposed:false
183 http fetch GET 200 https://registry.npmjs.org/type 58ms (cache miss)
184 silly packumentCache full:https://registry.npmjs.org/type set size:undefined disposed:false
185 http fetch GET 200 https://registry.npmjs.org/lru-queue 48ms (cache miss)
186 silly packumentCache full:https://registry.npmjs.org/lru-queue set size:undefined disposed:false
187 http fetch GET 200 https://registry.npmjs.org/es6-weak-map 92ms (cache miss)
188 silly packumentCache full:https://registry.npmjs.org/es6-weak-map set size:undefined disposed:false
189 http fetch GET 200 https://registry.npmjs.org/is-promise 56ms (cache miss)
190 silly packumentCache full:https://registry.npmjs.org/is-promise set size:undefined disposed:false
191 silly placeDep ROOT type@2.7.3 OK for: d@1.0.2 want: ^2.7.2
192 silly placeDep ROOT es6-symbol@3.1.4 OK for: es5-ext@0.10.64 want: ^3.1.3
193 silly placeDep ROOT esniff@2.0.1 OK for: es5-ext@0.10.64 want: ^2.0.1
194 silly placeDep ROOT next-tick@1.1.0 OK for: es5-ext@0.10.64 want: ^1.1.0
195 silly fetch manifest ext@^1.7.0
196 silly packumentCache full:https://registry.npmjs.org/ext cache-miss
197 http fetch GET 200 https://registry.npmjs.org/ext 53ms (cache miss)
198 silly packumentCache full:https://registry.npmjs.org/ext set size:undefined disposed:false
199 silly placeDep ROOT ext@1.7.0 OK for: es6-symbol@3.1.4 want: ^1.7.0
200 silly placeDep ROOT event-emitter@0.3.5 OK for: esniff@2.0.1 want: ^0.3.5
201 silly placeDep ROOT at-least-node@1.0.0 OK for: fs-extra@9.1.0 want: ^1.0.0
202 silly placeDep ROOT graceful-fs@4.2.11 OK for: fs-extra@9.1.0 want: ^4.2.0
203 silly placeDep ROOT jsonfile@6.1.0 OK for: fs-extra@9.1.0 want: ^6.0.1
204 silly placeDep ROOT universalify@2.0.1 OK for: fs-extra@9.1.0 want: ^2.0.0
205 silly placeDep ROOT config-chain@1.1.13 OK for: js-beautify@1.15.1 want: ^1.1.13
206 silly placeDep ROOT editorconfig@1.0.4 OK for: js-beautify@1.15.1 want: ^1.0.4
207 silly placeDep ROOT glob@10.4.5 OK for: js-beautify@1.15.1 want: ^10.3.3
208 silly placeDep ROOT js-cookie@3.0.5 OK for: js-beautify@1.15.1 want: ^3.0.5
209 silly placeDep ROOT nopt@7.2.1 OK for: js-beautify@1.15.1 want: ^7.2.0
210 silly fetch manifest proto-list@~1.2.1
211 silly packumentCache full:https://registry.npmjs.org/proto-list cache-miss
212 silly fetch manifest ini@^1.3.4
213 silly packumentCache full:https://registry.npmjs.org/ini cache-miss
214 silly fetch manifest @one-ini/wasm@0.1.1
215 silly packumentCache full:https://registry.npmjs.org/@one-ini%2fwasm cache-miss
216 silly fetch manifest commander@^10.0.0
217 silly packumentCache full:https://registry.npmjs.org/commander cache-miss
218 silly fetch manifest minimatch@9.0.1
219 silly packumentCache full:https://registry.npmjs.org/minimatch cache-miss
220 silly fetch manifest minipass@^7.1.2
221 silly packumentCache full:https://registry.npmjs.org/minipass cache-miss
222 silly fetch manifest jackspeak@^3.1.2
223 silly packumentCache full:https://registry.npmjs.org/jackspeak cache-miss
224 http fetch GET 200 https://registry.npmjs.org/proto-list 58ms (cache miss)
225 silly packumentCache full:https://registry.npmjs.org/proto-list set size:undefined disposed:false
226 silly fetch manifest minimatch@^9.0.4
227 silly packumentCache full:https://registry.npmjs.org/minimatch cache-miss
228 http fetch GET 200 https://registry.npmjs.org/jackspeak 62ms (cache miss)
229 silly packumentCache full:https://registry.npmjs.org/jackspeak set size:undefined disposed:false
230 silly fetch manifest path-scurry@^1.11.1
231 silly packumentCache full:https://registry.npmjs.org/path-scurry cache-miss
232 http fetch GET 200 https://registry.npmjs.org/minimatch 68ms (cache miss)
233 silly packumentCache full:https://registry.npmjs.org/minimatch set size:undefined disposed:false
234 silly fetch manifest foreground-child@^3.1.0
235 silly packumentCache full:https://registry.npmjs.org/foreground-child cache-miss
236 http fetch GET 200 https://registry.npmjs.org/ini 79ms (cache miss)
237 silly packumentCache full:https://registry.npmjs.org/ini set size:undefined disposed:false
238 silly fetch manifest package-json-from-dist@^1.0.0
239 silly packumentCache full:https://registry.npmjs.org/package-json-from-dist cache-miss
240 http fetch GET 200 https://registry.npmjs.org/@one-ini%2fwasm 85ms (cache miss)
241 silly packumentCache full:https://registry.npmjs.org/@one-ini%2fwasm set size:undefined disposed:false
242 silly fetch manifest abbrev@^2.0.0
243 silly packumentCache full:https://registry.npmjs.org/abbrev cache-miss
244 http fetch GET 200 https://registry.npmjs.org/minipass 87ms (cache miss)
245 silly packumentCache full:https://registry.npmjs.org/minipass set size:undefined disposed:false
246 http fetch GET 200 https://registry.npmjs.org/commander 95ms (cache miss)
247 silly packumentCache full:https://registry.npmjs.org/commander set size:undefined disposed:false
248 http fetch GET 200 https://registry.npmjs.org/path-scurry 46ms (cache miss)
249 silly packumentCache full:https://registry.npmjs.org/path-scurry set size:undefined disposed:false
250 http fetch GET 200 https://registry.npmjs.org/minimatch 56ms (cache miss)
251 silly packumentCache full:https://registry.npmjs.org/minimatch set size:undefined disposed:false
252 http fetch GET 200 https://registry.npmjs.org/package-json-from-dist 40ms (cache miss)
253 silly packumentCache full:https://registry.npmjs.org/package-json-from-dist set size:undefined disposed:false
254 http fetch GET 200 https://registry.npmjs.org/foreground-child 48ms (cache miss)
255 silly packumentCache full:https://registry.npmjs.org/foreground-child set size:undefined disposed:false
256 http fetch GET 200 https://registry.npmjs.org/abbrev 44ms (cache miss)
257 silly packumentCache full:https://registry.npmjs.org/abbrev set size:undefined disposed:false
258 silly placeDep ROOT ini@1.3.8 OK for: config-chain@1.1.13 want: ^1.3.4
259 silly placeDep ROOT proto-list@1.2.4 OK for: config-chain@1.1.13 want: ~1.2.1
260 silly placeDep ROOT @one-ini/wasm@0.1.1 OK for: editorconfig@1.0.4 want: 0.1.1
261 silly placeDep ROOT commander@10.0.1 OK for: editorconfig@1.0.4 want: ^10.0.0
262 silly placeDep ROOT minimatch@9.0.1 OK for: editorconfig@1.0.4 want: 9.0.1
263 silly fetch manifest brace-expansion@^2.0.1
264 silly packumentCache full:https://registry.npmjs.org/brace-expansion cache-miss
265 http fetch GET 200 https://registry.npmjs.org/brace-expansion 63ms (cache miss)
266 silly packumentCache full:https://registry.npmjs.org/brace-expansion set size:undefined disposed:false
267 silly placeDep ROOT foreground-child@3.3.0 OK for: glob@10.4.5 want: ^3.1.0
268 silly placeDep ROOT jackspeak@3.4.3 OK for: glob@10.4.5 want: ^3.1.2
269 silly placeDep node_modules/glob minimatch@9.0.5 OK for: glob@10.4.5 want: ^9.0.4
270 silly placeDep ROOT minipass@7.1.2 OK for: glob@10.4.5 want: ^7.1.2
271 silly placeDep ROOT package-json-from-dist@1.0.1 OK for: glob@10.4.5 want: ^1.0.0
272 silly placeDep ROOT path-scurry@1.11.1 OK for: glob@10.4.5 want: ^1.11.1
273 silly fetch manifest cross-spawn@^7.0.0
274 silly packumentCache full:https://registry.npmjs.org/cross-spawn cache-miss
275 silly fetch manifest signal-exit@^4.0.1
276 silly packumentCache full:https://registry.npmjs.org/signal-exit cache-miss
277 silly fetch manifest @isaacs/cliui@^8.0.2
278 silly packumentCache full:https://registry.npmjs.org/@isaacs%2fcliui cache-miss
279 silly fetch manifest @pkgjs/parseargs@^0.11.0
280 silly packumentCache full:https://registry.npmjs.org/@pkgjs%2fparseargs cache-miss
281 http fetch GET 200 https://registry.npmjs.org/signal-exit 63ms (cache miss)
282 silly packumentCache full:https://registry.npmjs.org/signal-exit set size:undefined disposed:false
283 http fetch GET 200 https://registry.npmjs.org/@isaacs%2fcliui 65ms (cache miss)
284 silly packumentCache full:https://registry.npmjs.org/@isaacs%2fcliui set size:undefined disposed:false
285 http fetch GET 200 https://registry.npmjs.org/@pkgjs%2fparseargs 91ms (cache miss)
286 silly packumentCache full:https://registry.npmjs.org/@pkgjs%2fparseargs set size:undefined disposed:false
287 http fetch GET 200 https://registry.npmjs.org/cross-spawn 99ms (cache miss)
288 silly packumentCache full:https://registry.npmjs.org/cross-spawn set size:undefined disposed:false
289 silly placeDep ROOT cross-spawn@7.0.6 OK for: foreground-child@3.3.0 want: ^7.0.0
290 silly placeDep ROOT signal-exit@4.1.0 OK for: foreground-child@3.3.0 want: ^4.0.1
291 silly fetch manifest which@^2.0.1
292 silly packumentCache full:https://registry.npmjs.org/which cache-miss
293 silly fetch manifest path-key@^3.1.0
294 silly packumentCache full:https://registry.npmjs.org/path-key cache-miss
295 silly fetch manifest shebang-command@^2.0.0
296 silly packumentCache full:https://registry.npmjs.org/shebang-command cache-miss
297 http fetch GET 200 https://registry.npmjs.org/path-key 35ms (cache miss)
298 silly packumentCache full:https://registry.npmjs.org/path-key set size:undefined disposed:false
299 http fetch GET 200 https://registry.npmjs.org/shebang-command 45ms (cache miss)
300 silly packumentCache full:https://registry.npmjs.org/shebang-command set size:undefined disposed:false
301 http fetch GET 200 https://registry.npmjs.org/which 54ms (cache miss)
302 silly packumentCache full:https://registry.npmjs.org/which set size:undefined disposed:false
303 silly placeDep ROOT path-key@3.1.1 OK for: cross-spawn@7.0.6 want: ^3.1.0
304 silly placeDep ROOT shebang-command@2.0.0 OK for: cross-spawn@7.0.6 want: ^2.0.0
305 silly placeDep ROOT which@2.0.2 OK for: cross-spawn@7.0.6 want: ^2.0.1
306 silly fetch manifest shebang-regex@^3.0.0
307 silly packumentCache full:https://registry.npmjs.org/shebang-regex cache-miss
308 silly fetch manifest isexe@^2.0.0
309 silly packumentCache full:https://registry.npmjs.org/isexe cache-miss
310 http fetch GET 200 https://registry.npmjs.org/isexe 33ms (cache miss)
311 silly packumentCache full:https://registry.npmjs.org/isexe set size:undefined disposed:false
312 http fetch GET 200 https://registry.npmjs.org/shebang-regex 36ms (cache miss)
313 silly packumentCache full:https://registry.npmjs.org/shebang-regex set size:undefined disposed:false
314 silly placeDep ROOT @isaacs/cliui@8.0.2 OK for: jackspeak@3.4.3 want: ^8.0.2
315 silly placeDep ROOT @pkgjs/parseargs@0.11.0 OK for: jackspeak@3.4.3 want: ^0.11.0
316 silly fetch manifest string-width@^5.1.2
317 silly packumentCache full:https://registry.npmjs.org/string-width cache-miss
318 silly fetch manifest string-width-cjs@npm:string-width@^4.2.0
319 silly packumentCache full:https://registry.npmjs.org/string-width cache-miss
320 silly fetch manifest strip-ansi@^7.0.1
321 silly packumentCache full:https://registry.npmjs.org/strip-ansi cache-miss
322 silly fetch manifest strip-ansi-cjs@npm:strip-ansi@^6.0.1
323 silly packumentCache full:https://registry.npmjs.org/strip-ansi cache-miss
324 silly fetch manifest wrap-ansi@^8.1.0
325 silly packumentCache full:https://registry.npmjs.org/wrap-ansi cache-miss
326 silly fetch manifest wrap-ansi-cjs@npm:wrap-ansi@^7.0.0
327 silly packumentCache full:https://registry.npmjs.org/wrap-ansi cache-miss
328 http fetch GET 200 https://registry.npmjs.org/string-width 10ms (cache hit)
329 silly packumentCache full:https://registry.npmjs.org/string-width set size:61460 disposed:false
330 http fetch GET 200 https://registry.npmjs.org/string-width 10ms (cache hit)
331 silly packumentCache full:https://registry.npmjs.org/string-width set size:61460 disposed:false
332 silly packumentCache full:https://registry.npmjs.org/string-width dispose
333 http fetch GET 200 https://registry.npmjs.org/strip-ansi 43ms (cache miss)
334 silly packumentCache full:https://registry.npmjs.org/strip-ansi set size:undefined disposed:false
335 http fetch GET 200 https://registry.npmjs.org/wrap-ansi 45ms (cache miss)
336 silly packumentCache full:https://registry.npmjs.org/wrap-ansi set size:undefined disposed:false
337 http fetch GET 200 https://registry.npmjs.org/wrap-ansi 49ms (cache miss)
338 silly packumentCache full:https://registry.npmjs.org/wrap-ansi set size:undefined disposed:false
339 http fetch GET 200 https://registry.npmjs.org/strip-ansi 53ms (cache miss)
340 silly packumentCache full:https://registry.npmjs.org/strip-ansi set size:undefined disposed:false
341 silly placeDep ROOT string-width@5.1.2 OK for: @isaacs/cliui@8.0.2 want: ^5.1.2
342 silly placeDep ROOT string-width-cjs@4.2.3 OK for: @isaacs/cliui@8.0.2 want: npm:string-width@^4.2.0
343 silly placeDep ROOT strip-ansi@7.1.0 OK for: @isaacs/cliui@8.0.2 want: ^7.0.1
344 silly placeDep ROOT strip-ansi-cjs@6.0.1 OK for: @isaacs/cliui@8.0.2 want: npm:strip-ansi@^6.0.1
345 silly placeDep ROOT wrap-ansi@8.1.0 OK for: @isaacs/cliui@8.0.2 want: ^8.1.0
346 silly placeDep ROOT wrap-ansi-cjs@7.0.0 OK for: @isaacs/cliui@8.0.2 want: npm:wrap-ansi@^7.0.0
347 silly fetch manifest emoji-regex@^9.2.2
348 silly packumentCache full:https://registry.npmjs.org/emoji-regex cache-miss
349 silly fetch manifest eastasianwidth@^0.2.0
350 silly packumentCache full:https://registry.npmjs.org/eastasianwidth cache-miss
351 silly fetch manifest strip-ansi@^6.0.1
352 silly packumentCache full:https://registry.npmjs.org/strip-ansi cache-miss
353 silly fetch manifest emoji-regex@^8.0.0
354 silly packumentCache full:https://registry.npmjs.org/emoji-regex cache-miss
355 silly fetch manifest is-fullwidth-code-point@^3.0.0
356 silly packumentCache full:https://registry.npmjs.org/is-fullwidth-code-point cache-miss
357 silly fetch manifest ansi-regex@^6.0.1
358 silly packumentCache full:https://registry.npmjs.org/ansi-regex cache-miss
359 silly fetch manifest ansi-regex@^5.0.1
360 silly packumentCache full:https://registry.npmjs.org/ansi-regex cache-miss
361 http fetch GET 200 https://registry.npmjs.org/strip-ansi 7ms (cache hit)
362 silly packumentCache full:https://registry.npmjs.org/strip-ansi set size:43180 disposed:false
363 silly fetch manifest ansi-styles@^6.1.0
364 silly packumentCache full:https://registry.npmjs.org/ansi-styles cache-miss
365 http fetch GET 200 https://registry.npmjs.org/ansi-regex 42ms (cache miss)
366 silly packumentCache full:https://registry.npmjs.org/ansi-regex set size:undefined disposed:false
367 silly fetch manifest ansi-styles@^4.0.0
368 silly packumentCache full:https://registry.npmjs.org/ansi-styles cache-miss
369 http fetch GET 200 https://registry.npmjs.org/emoji-regex 55ms (cache miss)
370 silly packumentCache full:https://registry.npmjs.org/emoji-regex set size:undefined disposed:false
371 silly fetch manifest string-width@^4.1.0
372 silly packumentCache full:https://registry.npmjs.org/string-width cache-hit
373 silly fetch manifest strip-ansi@^6.0.0
374 silly packumentCache full:https://registry.npmjs.org/strip-ansi cache-hit
375 http fetch GET 200 https://registry.npmjs.org/is-fullwidth-code-point 58ms (cache miss)
376 silly packumentCache full:https://registry.npmjs.org/is-fullwidth-code-point set size:undefined disposed:false
377 http fetch GET 200 https://registry.npmjs.org/ansi-regex 57ms (cache miss)
378 silly packumentCache full:https://registry.npmjs.org/ansi-regex set size:undefined disposed:false
379 http fetch GET 200 https://registry.npmjs.org/eastasianwidth 59ms (cache miss)
380 silly packumentCache full:https://registry.npmjs.org/eastasianwidth set size:undefined disposed:false
381 http fetch GET 200 https://registry.npmjs.org/emoji-regex 61ms (cache miss)
382 silly packumentCache full:https://registry.npmjs.org/emoji-regex set size:undefined disposed:false
383 http fetch GET 200 https://registry.npmjs.org/ansi-styles 53ms (cache miss)
384 silly packumentCache full:https://registry.npmjs.org/ansi-styles set size:undefined disposed:false
385 http fetch GET 200 https://registry.npmjs.org/ansi-styles 38ms (cache miss)
386 silly packumentCache full:https://registry.npmjs.org/ansi-styles set size:undefined disposed:false
387 silly placeDep ROOT es6-weak-map@2.0.3 OK for: memoizee@0.4.17 want: ^2.0.3
388 silly placeDep ROOT is-promise@2.2.2 OK for: memoizee@0.4.17 want: ^2.2.2
389 silly placeDep ROOT lru-queue@0.1.0 OK for: memoizee@0.4.17 want: ^0.1.0
390 silly placeDep ROOT brace-expansion@2.0.1 OK for: minimatch@9.0.1 want: ^2.0.1
391 silly fetch manifest balanced-match@^1.0.0
392 silly packumentCache full:https://registry.npmjs.org/balanced-match cache-miss
393 http fetch GET 200 https://registry.npmjs.org/balanced-match 43ms (cache miss)
394 silly packumentCache full:https://registry.npmjs.org/balanced-match set size:undefined disposed:false
395 silly placeDep ROOT balanced-match@1.0.2 OK for: brace-expansion@2.0.1 want: ^1.0.0
396 silly placeDep ROOT abbrev@2.0.0 OK for: nopt@7.2.1 want: ^2.0.0
397 silly placeDep ROOT is-core-module@2.15.1 OK for: resolve@1.22.8 want: ^2.13.0
398 silly placeDep ROOT path-parse@1.0.7 OK for: resolve@1.22.8 want: ^1.0.7
399 silly placeDep ROOT supports-preserve-symlinks-flag@1.0.0 OK for: resolve@1.22.8 want: ^1.0.0
400 silly placeDep ROOT shebang-regex@3.0.0 OK for: shebang-command@2.0.0 want: ^3.0.0
401 silly placeDep ROOT eastasianwidth@0.2.0 OK for: string-width@5.1.2 want: ^0.2.0
402 silly placeDep ROOT emoji-regex@9.2.2 OK for: string-width@5.1.2 want: ^9.2.2
403 silly placeDep node_modules/string-width-cjs emoji-regex@8.0.0 OK for: string-width@4.2.3 want: ^8.0.0
404 silly placeDep ROOT is-fullwidth-code-point@3.0.0 OK for: string-width@4.2.3 want: ^3.0.0
405 silly placeDep node_modules/string-width-cjs strip-ansi@6.0.1 OK for: string-width@4.2.3 want: ^6.0.1
406 silly placeDep ROOT ansi-regex@6.1.0 OK for: strip-ansi@7.1.0 want: ^6.0.1
407 silly placeDep node_modules/strip-ansi-cjs ansi-regex@5.0.1 OK for: strip-ansi@6.0.1 want: ^5.0.1
408 silly placeDep ROOT bluebird@3.7.2 OK for: umzug@2.3.0 want: ^3.7.2
409 silly placeDep ROOT isexe@2.0.0 OK for: which@2.0.2 want: ^2.0.0
410 silly placeDep ROOT ansi-styles@6.2.1 OK for: wrap-ansi@8.1.0 want: ^6.1.0
411 silly placeDep node_modules/wrap-ansi-cjs ansi-styles@4.3.0 OK for: wrap-ansi@7.0.0 want: ^4.0.0
412 silly placeDep node_modules/wrap-ansi-cjs string-width@4.2.3 OK for: wrap-ansi@7.0.0 want: ^4.1.0
413 silly placeDep node_modules/wrap-ansi-cjs strip-ansi@6.0.1 OK for: wrap-ansi@7.0.0 want: ^6.0.0
414 silly fetch manifest color-convert@^2.0.1
415 silly packumentCache full:https://registry.npmjs.org/color-convert cache-miss
416 http fetch GET 200 https://registry.npmjs.org/color-convert 47ms (cache miss)
417 silly packumentCache full:https://registry.npmjs.org/color-convert set size:undefined disposed:false
418 silly placeDep ROOT cliui@7.0.4 OK for: yargs@16.2.0 want: ^7.0.2
419 silly placeDep ROOT escalade@3.2.0 OK for: yargs@16.2.0 want: ^3.1.1
420 silly placeDep ROOT get-caller-file@2.0.5 OK for: yargs@16.2.0 want: ^2.0.5
421 silly placeDep ROOT require-directory@2.1.1 OK for: yargs@16.2.0 want: ^2.1.1
422 silly placeDep node_modules/yargs string-width@4.2.3 OK for: yargs@16.2.0 want: ^4.2.0
423 silly placeDep ROOT y18n@5.0.8 OK for: yargs@16.2.0 want: ^5.0.5
424 silly placeDep ROOT yargs-parser@20.2.9 OK for: yargs@16.2.0 want: ^20.2.2
425 silly fetch manifest wrap-ansi@^7.0.0
426 silly packumentCache full:https://registry.npmjs.org/wrap-ansi cache-miss
427 http fetch GET 200 https://registry.npmjs.org/wrap-ansi 4ms (cache hit)
428 silly packumentCache full:https://registry.npmjs.org/wrap-ansi set size:51143 disposed:false
429 silly placeDep node_modules/cliui string-width@4.2.3 OK for: cliui@7.0.4 want: ^4.2.0
430 silly placeDep node_modules/cliui strip-ansi@6.0.1 OK for: cliui@7.0.4 want: ^6.0.0
431 silly placeDep node_modules/cliui wrap-ansi@7.0.0 OK for: cliui@7.0.4 want: ^7.0.0
432 silly placeDep node_modules/cliui emoji-regex@8.0.0 OK for: string-width@4.2.3 want: ^8.0.0
433 silly placeDep node_modules/cliui ansi-regex@5.0.1 OK for: strip-ansi@6.0.1 want: ^5.0.1
434 silly placeDep node_modules/cliui ansi-styles@4.3.0 OK for: wrap-ansi@7.0.0 want: ^4.0.0
435 silly placeDep ROOT color-convert@2.0.1 OK for: ansi-styles@4.3.0 want: ^2.0.1
436 silly fetch manifest color-name@~1.1.4
437 silly packumentCache full:https://registry.npmjs.org/color-name cache-miss
438 http fetch GET 200 https://registry.npmjs.org/color-name 40ms (cache miss)
439 silly packumentCache full:https://registry.npmjs.org/color-name set size:undefined disposed:false
440 silly placeDep ROOT color-name@1.1.4 OK for: color-convert@2.0.1 want: ~1.1.4
441 silly placeDep node_modules/string-width-cjs ansi-regex@5.0.1 OK for: strip-ansi@6.0.1 want: ^5.0.1
442 silly placeDep node_modules/wrap-ansi-cjs emoji-regex@8.0.0 OK for: string-width@4.2.3 want: ^8.0.0
443 silly placeDep node_modules/wrap-ansi-cjs ansi-regex@5.0.1 OK for: strip-ansi@6.0.1 want: ^5.0.1
444 silly placeDep node_modules/yargs emoji-regex@8.0.0 OK for: string-width@4.2.3 want: ^8.0.0
445 silly placeDep node_modules/yargs strip-ansi@6.0.1 OK for: string-width@4.2.3 want: ^6.0.1
446 silly placeDep node_modules/yargs ansi-regex@5.0.1 OK for: strip-ansi@6.0.1 want: ^5.0.1
447 silly reify moves {}
448 silly audit bulk request {
448 silly audit   '@mongodb-js/saslprep': [ '1.1.9' ],
448 silly audit   '@types/debug': [ '4.1.12' ],
448 silly audit   '@types/geojson': [ '7946.0.14' ],
448 silly audit   '@types/ms': [ '0.7.34' ],
448 silly audit   '@types/node': [ '22.9.0' ],
448 silly audit   '@types/validator': [ '13.12.2' ],
448 silly audit   '@types/webidl-conversions': [ '7.0.3' ],
448 silly audit   '@types/whatwg-url': [ '11.0.5' ],
448 silly audit   accepts: [ '1.3.8' ],
448 silly audit   'array-flatten': [ '1.1.1' ],
448 silly audit   'body-parser': [ '1.20.3' ],
448 silly audit   bson: [ '6.10.0' ],
448 silly audit   bytes: [ '3.1.2' ],
448 silly audit   'call-bind': [ '1.0.7' ],
448 silly audit   'content-disposition': [ '0.5.4' ],
448 silly audit   'content-type': [ '1.0.5' ],
448 silly audit   cookie: [ '0.7.1' ],
448 silly audit   'cookie-signature': [ '1.0.6' ],
448 silly audit   debug: [ '2.6.9', '4.3.7' ],
448 silly audit   'define-data-property': [ '1.1.4' ],
448 silly audit   denque: [ '2.1.0' ],
448 silly audit   depd: [ '2.0.0' ],
448 silly audit   destroy: [ '1.2.0' ],
448 silly audit   dotenv: [ '16.4.5' ],
448 silly audit   dottie: [ '2.0.6' ],
448 silly audit   'ee-first': [ '1.1.1' ],
448 silly audit   encodeurl: [ '2.0.0', '1.0.2' ],
448 silly audit   'es-define-property': [ '1.0.0' ],
448 silly audit   'es-errors': [ '1.3.0' ],
448 silly audit   'escape-html': [ '1.0.3' ],
448 silly audit   etag: [ '1.8.1' ],
448 silly audit   express: [ '4.21.1' ],
448 silly audit   'express-validator': [ '7.2.0' ],
448 silly audit   finalhandler: [ '1.3.1' ],
448 silly audit   forwarded: [ '0.2.0' ],
448 silly audit   fresh: [ '0.5.2' ],
448 silly audit   'function-bind': [ '1.1.2' ],
448 silly audit   'get-intrinsic': [ '1.2.4' ],
448 silly audit   gopd: [ '1.0.1' ],
448 silly audit   'has-property-descriptors': [ '1.0.2' ],
448 silly audit   'has-proto': [ '1.0.3' ],
448 silly audit   'has-symbols': [ '1.0.3' ],
448 silly audit   hasown: [ '2.0.2' ],
448 silly audit   'http-errors': [ '2.0.0' ],
448 silly audit   'iconv-lite': [ '0.4.24', '0.6.3' ],
448 silly audit   inflection: [ '1.13.4' ],
448 silly audit   inherits: [ '2.0.4' ],
448 silly audit   'ipaddr.js': [ '1.9.1' ],
448 silly audit   kareem: [ '2.6.3' ],
448 silly audit   lodash: [ '4.17.21' ],
448 silly audit   'lru-cache': [ '10.4.3' ],
448 silly audit   mariadb: [ '3.4.0' ],
448 silly audit   'media-typer': [ '0.3.0' ],
448 silly audit   'memory-pager': [ '1.5.0' ],
448 silly audit   'merge-descriptors': [ '1.0.3' ],
448 silly audit   methods: [ '1.1.2' ],
448 silly audit   mime: [ '1.6.0' ],
448 silly audit   'mime-db': [ '1.52.0' ],
448 silly audit   'mime-types': [ '2.1.35' ],
448 silly audit   moment: [ '2.30.1' ],
448 silly audit   'moment-timezone': [ '0.5.46' ],
448 silly audit   mongodb: [ '6.10.0' ],
448 silly audit   'mongodb-connection-string-url': [ '3.0.1' ],
448 silly audit   mongoose: [ '8.8.2' ],
448 silly audit   ms: [ '2.1.3', '2.0.0' ],
448 silly audit   mpath: [ '0.9.0' ],
448 silly audit   mquery: [ '5.0.0' ],
448 silly audit   negotiator: [ '0.6.3' ],
448 silly audit   'object-inspect': [ '1.13.3' ],
448 silly audit   'on-finished': [ '2.4.1' ],
448 silly audit   parseurl: [ '1.3.3' ],
448 silly audit   'path-to-regexp': [ '0.1.10' ],
448 silly audit   'pg-connection-string': [ '2.7.0' ],
448 silly audit   'proxy-addr': [ '2.0.7' ],
448 silly audit   punycode: [ '2.3.1' ],
448 silly audit   qs: [ '6.13.0' ],
448 silly audit   'range-parser': [ '1.2.1' ],
448 silly audit   'raw-body': [ '2.5.2' ],
448 silly audit   'retry-as-promised': [ '7.0.4' ],
448 silly audit   'safe-buffer': [ '5.2.1' ],
448 silly audit   'safer-buffer': [ '2.1.2' ],
448 silly audit   semver: [ '7.6.3' ],
448 silly audit   send: [ '0.19.0' ],
448 silly audit   sequelize: [ '6.37.5' ],
448 silly audit   'sequelize-pool': [ '7.1.0' ],
448 silly audit   'serve-static': [ '1.16.2' ],
448 silly audit   'set-function-length': [ '1.2.2' ],
448 silly audit   setprototypeof: [ '1.2.0' ],
448 silly audit   'side-channel': [ '1.0.6' ],
448 silly audit   sift: [ '17.1.3' ],
448 silly audit   'sparse-bitfield': [ '3.0.3' ],
448 silly audit   statuses: [ '2.0.1' ],
448 silly audit   toidentifier: [ '1.0.1' ],
448 silly audit   'toposort-class': [ '1.0.1' ],
448 silly audit   tr46: [ '4.1.1' ],
448 silly audit   'type-is': [ '1.6.18' ],
448 silly audit   'undici-types': [ '6.19.8' ],
448 silly audit   unpipe: [ '1.0.0' ],
448 silly audit   'utils-merge': [ '1.0.1' ],
448 silly audit   uuid: [ '8.3.2' ],
448 silly audit   validator: [ '13.12.0' ],
448 silly audit   vary: [ '1.1.2' ],
448 silly audit   'webidl-conversions': [ '7.0.0' ],
448 silly audit   'whatwg-url': [ '13.0.0' ],
448 silly audit   wkx: [ '0.5.0' ],
448 silly audit   'sequelize-cli': [ '6.6.2' ],
448 silly audit   'cli-color': [ '2.0.4' ],
448 silly audit   'fs-extra': [ '9.1.0' ],
448 silly audit   'js-beautify': [ '1.15.1' ],
448 silly audit   resolve: [ '1.22.8' ],
448 silly audit   umzug: [ '2.3.0' ],
448 silly audit   yargs: [ '16.2.0' ],
448 silly audit   d: [ '1.0.2' ],
448 silly audit   'es5-ext': [ '0.10.64' ],
448 silly audit   'es6-iterator': [ '2.0.3' ],
448 silly audit   memoizee: [ '0.4.17' ],
448 silly audit   'timers-ext': [ '0.1.8' ],
448 silly audit   type: [ '2.7.3' ],
448 silly audit   'es6-symbol': [ '3.1.4' ],
448 silly audit   esniff: [ '2.0.1' ],
448 silly audit   'next-tick': [ '1.1.0' ],
448 silly audit   ext: [ '1.7.0' ],
448 silly audit   'event-emitter': [ '0.3.5' ],
448 silly audit   'at-least-node': [ '1.0.0' ],
448 silly audit   'graceful-fs': [ '4.2.11' ],
448 silly audit   jsonfile: [ '6.1.0' ],
448 silly audit   universalify: [ '2.0.1' ],
448 silly audit   'config-chain': [ '1.1.13' ],
448 silly audit   editorconfig: [ '1.0.4' ],
448 silly audit   glob: [ '10.4.5' ],
448 silly audit   'js-cookie': [ '3.0.5' ],
448 silly audit   nopt: [ '7.2.1' ],
448 silly audit   ini: [ '1.3.8' ],
448 silly audit   'proto-list': [ '1.2.4' ],
448 silly audit   '@one-ini/wasm': [ '0.1.1' ],
448 silly audit   commander: [ '10.0.1' ],
448 silly audit   minimatch: [ '9.0.1', '9.0.5' ],
448 silly audit   'foreground-child': [ '3.3.0' ],
448 silly audit   jackspeak: [ '3.4.3' ],
448 silly audit   minipass: [ '7.1.2' ],
448 silly audit   'package-json-from-dist': [ '1.0.1' ],
448 silly audit   'path-scurry': [ '1.11.1' ],
448 silly audit   'cross-spawn': [ '7.0.6' ],
448 silly audit   'signal-exit': [ '4.1.0' ],
448 silly audit   'path-key': [ '3.1.1' ],
448 silly audit   'shebang-command': [ '2.0.0' ],
448 silly audit   which: [ '2.0.2' ],
448 silly audit   '@isaacs/cliui': [ '8.0.2' ],
448 silly audit   '@pkgjs/parseargs': [ '0.11.0' ],
448 silly audit   'string-width': [ '5.1.2', '4.2.3' ],
448 silly audit   'strip-ansi': [ '7.1.0', '6.0.1' ],
448 silly audit   'wrap-ansi': [ '8.1.0', '7.0.0' ],
448 silly audit   'es6-weak-map': [ '2.0.3' ],
448 silly audit   'is-promise': [ '2.2.2' ],
448 silly audit   'lru-queue': [ '0.1.0' ],
448 silly audit   'brace-expansion': [ '2.0.1' ],
448 silly audit   'balanced-match': [ '1.0.2' ],
448 silly audit   abbrev: [ '2.0.0' ],
448 silly audit   'is-core-module': [ '2.15.1' ],
448 silly audit   'path-parse': [ '1.0.7' ],
448 silly audit   'supports-preserve-symlinks-flag': [ '1.0.0' ],
448 silly audit   'shebang-regex': [ '3.0.0' ],
448 silly audit   eastasianwidth: [ '0.2.0' ],
448 silly audit   'emoji-regex': [ '9.2.2', '8.0.0' ],
448 silly audit   'is-fullwidth-code-point': [ '3.0.0' ],
448 silly audit   'ansi-regex': [ '6.1.0', '5.0.1' ],
448 silly audit   bluebird: [ '3.7.2' ],
448 silly audit   isexe: [ '2.0.0' ],
448 silly audit   'ansi-styles': [ '6.2.1', '4.3.0' ],
448 silly audit   cliui: [ '7.0.4' ],
448 silly audit   escalade: [ '3.2.0' ],
448 silly audit   'get-caller-file': [ '2.0.5' ],
448 silly audit   'require-directory': [ '2.1.1' ],
448 silly audit   y18n: [ '5.0.8' ],
448 silly audit   'yargs-parser': [ '20.2.9' ],
448 silly audit   'color-convert': [ '2.0.1' ],
448 silly audit   'color-name': [ '1.1.4' ]
448 silly audit }
449 silly tarball no local data for color-name@https://registry.npmjs.org/color-name/-/color-name-1.1.4.tgz. Extracting by manifest.
450 silly tarball no local data for color-convert@https://registry.npmjs.org/color-convert/-/color-convert-2.0.1.tgz. Extracting by manifest.
451 silly tarball no local data for y18n@https://registry.npmjs.org/y18n/-/y18n-5.0.8.tgz. Extracting by manifest.
452 silly tarball no local data for yargs-parser@https://registry.npmjs.org/yargs-parser/-/yargs-parser-20.2.9.tgz. Extracting by manifest.
453 silly tarball no local data for require-directory@https://registry.npmjs.org/require-directory/-/require-directory-2.1.1.tgz. Extracting by manifest.
454 silly tarball no local data for cliui@https://registry.npmjs.org/cliui/-/cliui-7.0.4.tgz. Extracting by manifest.
455 silly tarball no local data for get-caller-file@https://registry.npmjs.org/get-caller-file/-/get-caller-file-2.0.5.tgz. Extracting by manifest.
456 silly tarball no local data for escalade@https://registry.npmjs.org/escalade/-/escalade-3.2.0.tgz. Extracting by manifest.
457 silly tarball no local data for ansi-styles@https://registry.npmjs.org/ansi-styles/-/ansi-styles-6.2.1.tgz. Extracting by manifest.
458 silly tarball no local data for isexe@https://registry.npmjs.org/isexe/-/isexe-2.0.0.tgz. Extracting by manifest.
459 silly tarball no local data for bluebird@https://registry.npmjs.org/bluebird/-/bluebird-3.7.2.tgz. Extracting by manifest.
460 silly tarball no local data for ansi-regex@https://registry.npmjs.org/ansi-regex/-/ansi-regex-6.1.0.tgz. Extracting by manifest.
461 silly tarball no local data for eastasianwidth@https://registry.npmjs.org/eastasianwidth/-/eastasianwidth-0.2.0.tgz. Extracting by manifest.
462 silly tarball no local data for is-fullwidth-code-point@https://registry.npmjs.org/is-fullwidth-code-point/-/is-fullwidth-code-point-3.0.0.tgz. Extracting by manifest.
463 silly tarball no local data for emoji-regex@https://registry.npmjs.org/emoji-regex/-/emoji-regex-9.2.2.tgz. Extracting by manifest.
464 silly tarball no local data for shebang-regex@https://registry.npmjs.org/shebang-regex/-/shebang-regex-3.0.0.tgz. Extracting by manifest.
465 silly tarball no local data for path-parse@https://registry.npmjs.org/path-parse/-/path-parse-1.0.7.tgz. Extracting by manifest.
466 silly tarball no local data for supports-preserve-symlinks-flag@https://registry.npmjs.org/supports-preserve-symlinks-flag/-/supports-preserve-symlinks-flag-1.0.0.tgz. Extracting by manifest.
467 silly tarball no local data for is-core-module@https://registry.npmjs.org/is-core-module/-/is-core-module-2.15.1.tgz. Extracting by manifest.
468 silly tarball no local data for brace-expansion@https://registry.npmjs.org/brace-expansion/-/brace-expansion-2.0.1.tgz. Extracting by manifest.
469 silly tarball no local data for balanced-match@https://registry.npmjs.org/balanced-match/-/balanced-match-1.0.2.tgz. Extracting by manifest.
470 silly tarball no local data for abbrev@https://registry.npmjs.org/abbrev/-/abbrev-2.0.0.tgz. Extracting by manifest.
471 silly tarball no local data for lru-queue@https://registry.npmjs.org/lru-queue/-/lru-queue-0.1.0.tgz. Extracting by manifest.
472 silly tarball no local data for is-promise@https://registry.npmjs.org/is-promise/-/is-promise-2.2.2.tgz. Extracting by manifest.
473 silly tarball no local data for wrap-ansi-cjs@https://registry.npmjs.org/wrap-ansi/-/wrap-ansi-7.0.0.tgz. Extracting by manifest.
474 silly tarball no local data for es6-weak-map@https://registry.npmjs.org/es6-weak-map/-/es6-weak-map-2.0.3.tgz. Extracting by manifest.
475 silly tarball no local data for strip-ansi-cjs@https://registry.npmjs.org/strip-ansi/-/strip-ansi-6.0.1.tgz. Extracting by manifest.
476 silly tarball no local data for wrap-ansi@https://registry.npmjs.org/wrap-ansi/-/wrap-ansi-8.1.0.tgz. Extracting by manifest.
477 silly tarball no local data for strip-ansi@https://registry.npmjs.org/strip-ansi/-/strip-ansi-7.1.0.tgz. Extracting by manifest.
478 silly tarball no local data for string-width-cjs@https://registry.npmjs.org/string-width/-/string-width-4.2.3.tgz. Extracting by manifest.
479 silly tarball no local data for string-width@https://registry.npmjs.org/string-width/-/string-width-5.1.2.tgz. Extracting by manifest.
480 silly tarball no local data for @isaacs/cliui@https://registry.npmjs.org/@isaacs/cliui/-/cliui-8.0.2.tgz. Extracting by manifest.
481 silly tarball no local data for @pkgjs/parseargs@https://registry.npmjs.org/@pkgjs/parseargs/-/parseargs-0.11.0.tgz. Extracting by manifest.
482 silly tarball no local data for which@https://registry.npmjs.org/which/-/which-2.0.2.tgz. Extracting by manifest.
483 silly tarball no local data for path-key@https://registry.npmjs.org/path-key/-/path-key-3.1.1.tgz. Extracting by manifest.
484 silly tarball no local data for signal-exit@https://registry.npmjs.org/signal-exit/-/signal-exit-4.1.0.tgz. Extracting by manifest.
485 silly tarball no local data for cross-spawn@https://registry.npmjs.org/cross-spawn/-/cross-spawn-7.0.6.tgz. Extracting by manifest.
486 silly tarball no local data for path-scurry@https://registry.npmjs.org/path-scurry/-/path-scurry-1.11.1.tgz. Extracting by manifest.
487 silly tarball no local data for shebang-command@https://registry.npmjs.org/shebang-command/-/shebang-command-2.0.0.tgz. Extracting by manifest.
488 silly tarball no local data for package-json-from-dist@https://registry.npmjs.org/package-json-from-dist/-/package-json-from-dist-1.0.1.tgz. Extracting by manifest.
489 silly tarball no local data for jackspeak@https://registry.npmjs.org/jackspeak/-/jackspeak-3.4.3.tgz. Extracting by manifest.
490 silly tarball no local data for minipass@https://registry.npmjs.org/minipass/-/minipass-7.1.2.tgz. Extracting by manifest.
491 silly tarball no local data for foreground-child@https://registry.npmjs.org/foreground-child/-/foreground-child-3.3.0.tgz. Extracting by manifest.
492 silly tarball no local data for commander@https://registry.npmjs.org/commander/-/commander-10.0.1.tgz. Extracting by manifest.
493 silly tarball no local data for minimatch@https://registry.npmjs.org/minimatch/-/minimatch-9.0.1.tgz. Extracting by manifest.
494 silly tarball no local data for proto-list@https://registry.npmjs.org/proto-list/-/proto-list-1.2.4.tgz. Extracting by manifest.
495 silly tarball no local data for ini@https://registry.npmjs.org/ini/-/ini-1.3.8.tgz. Extracting by manifest.
496 silly tarball no local data for @one-ini/wasm@https://registry.npmjs.org/@one-ini/wasm/-/wasm-0.1.1.tgz. Extracting by manifest.
497 silly tarball no local data for js-cookie@https://registry.npmjs.org/js-cookie/-/js-cookie-3.0.5.tgz. Extracting by manifest.
498 silly tarball no local data for glob@https://registry.npmjs.org/glob/-/glob-10.4.5.tgz. Extracting by manifest.
499 silly tarball no local data for nopt@https://registry.npmjs.org/nopt/-/nopt-7.2.1.tgz. Extracting by manifest.
500 silly tarball no local data for editorconfig@https://registry.npmjs.org/editorconfig/-/editorconfig-1.0.4.tgz. Extracting by manifest.
501 silly tarball no local data for config-chain@https://registry.npmjs.org/config-chain/-/config-chain-1.1.13.tgz. Extracting by manifest.
502 silly tarball no local data for universalify@https://registry.npmjs.org/universalify/-/universalify-2.0.1.tgz. Extracting by manifest.
503 silly tarball no local data for jsonfile@https://registry.npmjs.org/jsonfile/-/jsonfile-6.1.0.tgz. Extracting by manifest.
504 silly tarball no local data for at-least-node@https://registry.npmjs.org/at-least-node/-/at-least-node-1.0.0.tgz. Extracting by manifest.
505 silly tarball no local data for graceful-fs@https://registry.npmjs.org/graceful-fs/-/graceful-fs-4.2.11.tgz. Extracting by manifest.
506 silly tarball no local data for event-emitter@https://registry.npmjs.org/event-emitter/-/event-emitter-0.3.5.tgz. Extracting by manifest.
507 silly tarball no local data for ext@https://registry.npmjs.org/ext/-/ext-1.7.0.tgz. Extracting by manifest.
508 silly tarball no local data for next-tick@https://registry.npmjs.org/next-tick/-/next-tick-1.1.0.tgz. Extracting by manifest.
509 silly tarball no local data for es6-symbol@https://registry.npmjs.org/es6-symbol/-/es6-symbol-3.1.4.tgz. Extracting by manifest.
510 silly tarball no local data for esniff@https://registry.npmjs.org/esniff/-/esniff-2.0.1.tgz. Extracting by manifest.
511 silly tarball no local data for type@https://registry.npmjs.org/type/-/type-2.7.3.tgz. Extracting by manifest.
512 silly tarball no local data for timers-ext@https://registry.npmjs.org/timers-ext/-/timers-ext-0.1.8.tgz. Extracting by manifest.
513 silly tarball no local data for memoizee@https://registry.npmjs.org/memoizee/-/memoizee-0.4.17.tgz. Extracting by manifest.
514 silly tarball no local data for es6-iterator@https://registry.npmjs.org/es6-iterator/-/es6-iterator-2.0.3.tgz. Extracting by manifest.
515 silly tarball no local data for d@https://registry.npmjs.org/d/-/d-1.0.2.tgz. Extracting by manifest.
516 silly tarball no local data for yargs@https://registry.npmjs.org/yargs/-/yargs-16.2.0.tgz. Extracting by manifest.
517 silly tarball no local data for es5-ext@https://registry.npmjs.org/es5-ext/-/es5-ext-0.10.64.tgz. Extracting by manifest.
518 silly tarball no local data for umzug@https://registry.npmjs.org/umzug/-/umzug-2.3.0.tgz. Extracting by manifest.
519 silly tarball no local data for js-beautify@https://registry.npmjs.org/js-beautify/-/js-beautify-1.15.1.tgz. Extracting by manifest.
520 silly tarball no local data for resolve@https://registry.npmjs.org/resolve/-/resolve-1.22.8.tgz. Extracting by manifest.
521 silly tarball no local data for fs-extra@https://registry.npmjs.org/fs-extra/-/fs-extra-9.1.0.tgz. Extracting by manifest.
522 silly tarball no local data for sequelize-cli@https://registry.npmjs.org/sequelize-cli/-/sequelize-cli-6.6.2.tgz. Extracting by manifest.
523 silly tarball no local data for cli-color@https://registry.npmjs.org/cli-color/-/cli-color-2.0.4.tgz. Extracting by manifest.
524 silly tarball no local data for emoji-regex@https://registry.npmjs.org/emoji-regex/-/emoji-regex-8.0.0.tgz. Extracting by manifest.
525 silly tarball no local data for ansi-regex@https://registry.npmjs.org/ansi-regex/-/ansi-regex-5.0.1.tgz. Extracting by manifest.
526 silly tarball no local data for ansi-styles@https://registry.npmjs.org/ansi-styles/-/ansi-styles-4.3.0.tgz. Extracting by manifest.
527 silly tarball no local data for strip-ansi@https://registry.npmjs.org/strip-ansi/-/strip-ansi-6.0.1.tgz. Extracting by manifest.
528 silly tarball no local data for wrap-ansi@https://registry.npmjs.org/wrap-ansi/-/wrap-ansi-7.0.0.tgz. Extracting by manifest.
529 silly tarball no local data for string-width@https://registry.npmjs.org/string-width/-/string-width-4.2.3.tgz. Extracting by manifest.
530 silly tarball no local data for emoji-regex@https://registry.npmjs.org/emoji-regex/-/emoji-regex-8.0.0.tgz. Extracting by manifest.
531 silly tarball no local data for ansi-regex@https://registry.npmjs.org/ansi-regex/-/ansi-regex-5.0.1.tgz. Extracting by manifest.
532 silly tarball no local data for string-width@https://registry.npmjs.org/string-width/-/string-width-4.2.3.tgz. Extracting by manifest.
533 silly tarball no local data for strip-ansi@https://registry.npmjs.org/strip-ansi/-/strip-ansi-6.0.1.tgz. Extracting by manifest.
534 silly tarball no local data for ansi-styles@https://registry.npmjs.org/ansi-styles/-/ansi-styles-4.3.0.tgz. Extracting by manifest.
535 silly tarball no local data for emoji-regex@https://registry.npmjs.org/emoji-regex/-/emoji-regex-8.0.0.tgz. Extracting by manifest.
536 silly tarball no local data for ansi-regex@https://registry.npmjs.org/ansi-regex/-/ansi-regex-5.0.1.tgz. Extracting by manifest.
537 silly tarball no local data for strip-ansi@https://registry.npmjs.org/strip-ansi/-/strip-ansi-6.0.1.tgz. Extracting by manifest.
538 silly tarball no local data for ansi-regex@https://registry.npmjs.org/ansi-regex/-/ansi-regex-5.0.1.tgz. Extracting by manifest.
539 silly tarball no local data for minimatch@https://registry.npmjs.org/minimatch/-/minimatch-9.0.5.tgz. Extracting by manifest.
540 silly tarball no local data for emoji-regex@https://registry.npmjs.org/emoji-regex/-/emoji-regex-8.0.0.tgz. Extracting by manifest.
541 silly tarball no local data for string-width@https://registry.npmjs.org/string-width/-/string-width-4.2.3.tgz. Extracting by manifest.
542 silly tarball no local data for ansi-regex@https://registry.npmjs.org/ansi-regex/-/ansi-regex-5.0.1.tgz. Extracting by manifest.
543 silly tarball no local data for strip-ansi@https://registry.npmjs.org/strip-ansi/-/strip-ansi-6.0.1.tgz. Extracting by manifest.
544 http fetch POST 200 https://registry.npmjs.org/-/npm/v1/security/advisories/bulk 275ms
545 silly audit report {}
546 http fetch GET 200 https://registry.npmjs.org/color-name/-/color-name-1.1.4.tgz 183ms (cache miss)
547 http fetch GET 200 https://registry.npmjs.org/y18n/-/y18n-5.0.8.tgz 183ms (cache miss)
548 http fetch GET 200 https://registry.npmjs.org/require-directory/-/require-directory-2.1.1.tgz 192ms (cache miss)
549 http fetch GET 200 https://registry.npmjs.org/color-convert/-/color-convert-2.0.1.tgz 198ms (cache miss)
550 http fetch GET 200 https://registry.npmjs.org/cliui/-/cliui-7.0.4.tgz 207ms (cache miss)
551 http fetch GET 200 https://registry.npmjs.org/shebang-regex/-/shebang-regex-3.0.0.tgz 203ms (cache miss)
552 http fetch GET 200 https://registry.npmjs.org/supports-preserve-symlinks-flag/-/supports-preserve-symlinks-flag-1.0.0.tgz 203ms (cache miss)
553 http fetch GET 200 https://registry.npmjs.org/emoji-regex/-/emoji-regex-9.2.2.tgz 216ms (cache miss)
554 http fetch GET 200 https://registry.npmjs.org/path-parse/-/path-parse-1.0.7.tgz 223ms (cache miss)
555 http fetch GET 200 https://registry.npmjs.org/is-core-module/-/is-core-module-2.15.1.tgz 227ms (cache miss)
556 http fetch GET 200 https://registry.npmjs.org/brace-expansion/-/brace-expansion-2.0.1.tgz 227ms (cache miss)
557 http fetch GET 200 https://registry.npmjs.org/balanced-match/-/balanced-match-1.0.2.tgz 263ms (cache miss)
558 http fetch GET 200 https://registry.npmjs.org/yargs-parser/-/yargs-parser-20.2.9.tgz 276ms (cache miss)
559 http fetch GET 200 https://registry.npmjs.org/lru-queue/-/lru-queue-0.1.0.tgz 370ms (cache miss)
560 http fetch GET 200 https://registry.npmjs.org/ansi-regex/-/ansi-regex-6.1.0.tgz 375ms (cache miss)
561 http fetch GET 200 https://registry.npmjs.org/is-promise/-/is-promise-2.2.2.tgz 383ms (cache miss)
562 http fetch GET 200 https://registry.npmjs.org/wrap-ansi/-/wrap-ansi-7.0.0.tgz 384ms (cache miss)
563 http fetch GET 200 https://registry.npmjs.org/is-fullwidth-code-point/-/is-fullwidth-code-point-3.0.0.tgz 401ms (cache miss)
564 http fetch GET 200 https://registry.npmjs.org/strip-ansi/-/strip-ansi-6.0.1.tgz 396ms (cache miss)
565 http fetch GET 200 https://registry.npmjs.org/ansi-styles/-/ansi-styles-6.2.1.tgz 431ms (cache miss)
566 http fetch GET 200 https://registry.npmjs.org/eastasianwidth/-/eastasianwidth-0.2.0.tgz 430ms (cache miss)
567 http fetch GET 200 https://registry.npmjs.org/abbrev/-/abbrev-2.0.0.tgz 426ms (cache miss)
568 http fetch GET 200 https://registry.npmjs.org/es6-weak-map/-/es6-weak-map-2.0.3.tgz 448ms (cache miss)
569 http fetch GET 200 https://registry.npmjs.org/strip-ansi/-/strip-ansi-7.1.0.tgz 448ms (cache miss)
570 http fetch GET 200 https://registry.npmjs.org/escalade/-/escalade-3.2.0.tgz 456ms (cache miss)
571 http fetch GET 200 https://registry.npmjs.org/isexe/-/isexe-2.0.0.tgz 456ms (cache miss)
572 http fetch GET 200 https://registry.npmjs.org/path-key/-/path-key-3.1.1.tgz 447ms (cache miss)
573 http fetch GET 200 https://registry.npmjs.org/string-width/-/string-width-4.2.3.tgz 449ms (cache miss)
574 http fetch GET 200 https://registry.npmjs.org/wrap-ansi/-/wrap-ansi-8.1.0.tgz 464ms (cache miss)
575 http fetch GET 200 https://registry.npmjs.org/get-caller-file/-/get-caller-file-2.0.5.tgz 484ms (cache miss)
576 http fetch GET 200 https://registry.npmjs.org/shebang-command/-/shebang-command-2.0.0.tgz 474ms (cache miss)
577 http fetch GET 200 https://registry.npmjs.org/signal-exit/-/signal-exit-4.1.0.tgz 475ms (cache miss)
578 http fetch GET 200 https://registry.npmjs.org/which/-/which-2.0.2.tgz 485ms (cache miss)
579 http fetch GET 200 https://registry.npmjs.org/string-width/-/string-width-5.1.2.tgz 500ms (cache miss)
580 http fetch GET 200 https://registry.npmjs.org/proto-list/-/proto-list-1.2.4.tgz 497ms (cache miss)
581 http fetch GET 200 https://registry.npmjs.org/ini/-/ini-1.3.8.tgz 496ms (cache miss)
582 http fetch GET 200 https://registry.npmjs.org/editorconfig/-/editorconfig-1.0.4.tgz 496ms (cache miss)
583 http fetch GET 200 https://registry.npmjs.org/js-cookie/-/js-cookie-3.0.5.tgz 497ms (cache miss)
584 http fetch GET 200 https://registry.npmjs.org/@isaacs/cliui/-/cliui-8.0.2.tgz 523ms (cache miss)
585 http fetch GET 200 https://registry.npmjs.org/@one-ini/wasm/-/wasm-0.1.1.tgz 518ms (cache miss)
586 http fetch GET 200 https://registry.npmjs.org/next-tick/-/next-tick-1.1.0.tgz 525ms (cache miss)
587 http fetch GET 200 https://registry.npmjs.org/graceful-fs/-/graceful-fs-4.2.11.tgz 532ms (cache miss)
588 http fetch GET 200 https://registry.npmjs.org/at-least-node/-/at-least-node-1.0.0.tgz 541ms (cache miss)
589 http fetch GET 200 https://registry.npmjs.org/es6-symbol/-/es6-symbol-3.1.4.tgz 539ms (cache miss)
590 http fetch GET 200 https://registry.npmjs.org/timers-ext/-/timers-ext-0.1.8.tgz 539ms (cache miss)
591 http fetch GET 200 https://registry.npmjs.org/umzug/-/umzug-2.3.0.tgz 542ms (cache miss)
592 http fetch GET 200 https://registry.npmjs.org/cross-spawn/-/cross-spawn-7.0.6.tgz 555ms (cache miss)
593 http fetch GET 200 https://registry.npmjs.org/universalify/-/universalify-2.0.1.tgz 552ms (cache miss)
594 http fetch GET 200 https://registry.npmjs.org/jsonfile/-/jsonfile-6.1.0.tgz 552ms (cache miss)
595 http fetch GET 200 https://registry.npmjs.org/es6-iterator/-/es6-iterator-2.0.3.tgz 549ms (cache miss)
596 http fetch GET 200 https://registry.npmjs.org/config-chain/-/config-chain-1.1.13.tgz 558ms (cache miss)
597 http fetch GET 200 https://registry.npmjs.org/emoji-regex/-/emoji-regex-8.0.0.tgz 552ms (cache miss)
598 http fetch GET 200 https://registry.npmjs.org/d/-/d-1.0.2.tgz 562ms (cache miss)
599 http fetch GET 200 https://registry.npmjs.org/strip-ansi/-/strip-ansi-6.0.1.tgz 559ms (cache miss)
600 http fetch GET 200 https://registry.npmjs.org/wrap-ansi/-/wrap-ansi-7.0.0.tgz 559ms (cache miss)
601 http fetch GET 200 https://registry.npmjs.org/strip-ansi/-/strip-ansi-6.0.1.tgz 557ms (cache miss)
602 http fetch GET 200 https://registry.npmjs.org/ansi-regex/-/ansi-regex-5.0.1.tgz 561ms (cache miss)
603 http fetch GET 200 https://registry.npmjs.org/@pkgjs/parseargs/-/parseargs-0.11.0.tgz 577ms (cache miss)
604 http fetch GET 200 https://registry.npmjs.org/cli-color/-/cli-color-2.0.4.tgz 565ms (cache miss)
605 http fetch GET 200 https://registry.npmjs.org/string-width/-/string-width-4.2.3.tgz 564ms (cache miss)
606 http fetch GET 200 https://registry.npmjs.org/emoji-regex/-/emoji-regex-8.0.0.tgz 564ms (cache miss)
607 http fetch GET 200 https://registry.npmjs.org/package-json-from-dist/-/package-json-from-dist-1.0.1.tgz 582ms (cache miss)
608 http fetch GET 200 https://registry.npmjs.org/nopt/-/nopt-7.2.1.tgz 580ms (cache miss)
609 http fetch GET 200 https://registry.npmjs.org/ansi-styles/-/ansi-styles-4.3.0.tgz 573ms (cache miss)
610 http fetch GET 200 https://registry.npmjs.org/ansi-regex/-/ansi-regex-5.0.1.tgz 574ms (cache miss)
611 http fetch GET 200 https://registry.npmjs.org/ansi-regex/-/ansi-regex-5.0.1.tgz 573ms (cache miss)
612 http fetch GET 200 https://registry.npmjs.org/ansi-regex/-/ansi-regex-5.0.1.tgz 572ms (cache miss)
613 http fetch GET 200 https://registry.npmjs.org/ansi-regex/-/ansi-regex-5.0.1.tgz 574ms (cache miss)
614 http fetch GET 200 https://registry.npmjs.org/string-width/-/string-width-4.2.3.tgz 576ms (cache miss)
615 http fetch GET 200 https://registry.npmjs.org/strip-ansi/-/strip-ansi-6.0.1.tgz 573ms (cache miss)
616 http fetch GET 200 https://registry.npmjs.org/strip-ansi/-/strip-ansi-6.0.1.tgz 574ms (cache miss)
617 http fetch GET 200 https://registry.npmjs.org/ansi-styles/-/ansi-styles-4.3.0.tgz 581ms (cache miss)
618 http fetch GET 200 https://registry.npmjs.org/emoji-regex/-/emoji-regex-8.0.0.tgz 581ms (cache miss)
619 http fetch GET 200 https://registry.npmjs.org/emoji-regex/-/emoji-regex-8.0.0.tgz 585ms (cache miss)
620 http fetch GET 200 https://registry.npmjs.org/string-width/-/string-width-4.2.3.tgz 584ms (cache miss)
621 http fetch GET 200 https://registry.npmjs.org/event-emitter/-/event-emitter-0.3.5.tgz 604ms (cache miss)
622 http fetch GET 200 https://registry.npmjs.org/esniff/-/esniff-2.0.1.tgz 612ms (cache miss)
623 http fetch GET 200 https://registry.npmjs.org/minipass/-/minipass-7.1.2.tgz 630ms (cache miss)
624 http fetch GET 200 https://registry.npmjs.org/path-scurry/-/path-scurry-1.11.1.tgz 653ms (cache miss)
625 http fetch GET 200 https://registry.npmjs.org/foreground-child/-/foreground-child-3.3.0.tgz 658ms (cache miss)
626 http fetch GET 200 https://registry.npmjs.org/commander/-/commander-10.0.1.tgz 663ms (cache miss)
627 http fetch GET 200 https://registry.npmjs.org/sequelize-cli/-/sequelize-cli-6.6.2.tgz 670ms (cache miss)
628 http fetch GET 200 https://registry.npmjs.org/memoizee/-/memoizee-0.4.17.tgz 681ms (cache miss)
629 http fetch GET 200 https://registry.npmjs.org/ext/-/ext-1.7.0.tgz 690ms (cache miss)
630 http fetch GET 200 https://registry.npmjs.org/jackspeak/-/jackspeak-3.4.3.tgz 695ms (cache miss)
631 http fetch GET 200 https://registry.npmjs.org/fs-extra/-/fs-extra-9.1.0.tgz 687ms (cache miss)
632 http fetch GET 200 https://registry.npmjs.org/minimatch/-/minimatch-9.0.1.tgz 724ms (cache miss)
633 http fetch GET 200 https://registry.npmjs.org/minimatch/-/minimatch-9.0.5.tgz 727ms (cache miss)
634 http fetch GET 200 https://registry.npmjs.org/yargs/-/yargs-16.2.0.tgz 741ms (cache miss)
635 http fetch GET 200 https://registry.npmjs.org/glob/-/glob-10.4.5.tgz 749ms (cache miss)
636 http fetch GET 200 https://registry.npmjs.org/bluebird/-/bluebird-3.7.2.tgz 776ms (cache miss)
637 http fetch GET 200 https://registry.npmjs.org/js-beautify/-/js-beautify-1.15.1.tgz 772ms (cache miss)
638 http fetch GET 200 https://registry.npmjs.org/type/-/type-2.7.3.tgz 794ms (cache miss)
639 http fetch GET 200 https://registry.npmjs.org/resolve/-/resolve-1.22.8.tgz 792ms (cache miss)
640 http fetch GET 200 https://registry.npmjs.org/es5-ext/-/es5-ext-0.10.64.tgz 842ms (cache miss)
641 info run es5-ext@0.10.64 postinstall node_modules/es5-ext  node -e "try{require('./_postinstall')}catch(e){}" || exit 0
642 info run es5-ext@0.10.64 postinstall { code: 0, signal: null }
643 silly ADD node_modules/color-name
644 silly ADD node_modules/color-convert
645 silly ADD node_modules/yargs-parser
646 silly ADD node_modules/y18n
647 silly ADD node_modules/require-directory
648 silly ADD node_modules/get-caller-file
649 silly ADD node_modules/escalade
650 silly ADD node_modules/cliui
651 silly ADD node_modules/cliui/node_modules/ansi-styles
652 silly ADD node_modules/cliui/node_modules/ansi-regex
653 silly ADD node_modules/cliui/node_modules/emoji-regex
654 silly ADD node_modules/cliui/node_modules/wrap-ansi
655 silly ADD node_modules/cliui/node_modules/strip-ansi
656 silly ADD node_modules/cliui/node_modules/string-width
657 silly ADD node_modules/ansi-styles
658 silly ADD node_modules/isexe
659 silly ADD node_modules/bluebird
660 silly ADD node_modules/ansi-regex
661 silly ADD node_modules/is-fullwidth-code-point
662 silly ADD node_modules/emoji-regex
663 silly ADD node_modules/eastasianwidth
664 silly ADD node_modules/shebang-regex
665 silly ADD node_modules/supports-preserve-symlinks-flag
666 silly ADD node_modules/path-parse
667 silly ADD node_modules/is-core-module
668 silly ADD node_modules/abbrev
669 silly ADD node_modules/balanced-match
670 silly ADD node_modules/brace-expansion
671 silly ADD node_modules/lru-queue
672 silly ADD node_modules/is-promise
673 silly ADD node_modules/es6-weak-map
674 silly ADD node_modules/wrap-ansi-cjs
675 silly ADD node_modules/wrap-ansi-cjs/node_modules/ansi-regex
676 silly ADD node_modules/wrap-ansi-cjs/node_modules/emoji-regex
677 silly ADD node_modules/wrap-ansi-cjs/node_modules/strip-ansi
678 silly ADD node_modules/wrap-ansi-cjs/node_modules/string-width
679 silly ADD node_modules/wrap-ansi-cjs/node_modules/ansi-styles
680 silly ADD node_modules/wrap-ansi
681 silly ADD node_modules/strip-ansi-cjs
682 silly ADD node_modules/strip-ansi-cjs/node_modules/ansi-regex
683 silly ADD node_modules/strip-ansi
684 silly ADD node_modules/string-width-cjs
685 silly ADD node_modules/string-width-cjs/node_modules/ansi-regex
686 silly ADD node_modules/string-width-cjs/node_modules/strip-ansi
687 silly ADD node_modules/string-width-cjs/node_modules/emoji-regex
688 silly ADD node_modules/string-width
689 silly ADD node_modules/@pkgjs/parseargs
690 silly ADD node_modules/@isaacs/cliui
691 silly ADD node_modules/which
692 silly ADD node_modules/shebang-command
693 silly ADD node_modules/path-key
694 silly ADD node_modules/signal-exit
695 silly ADD node_modules/cross-spawn
696 silly ADD node_modules/path-scurry
697 silly ADD node_modules/package-json-from-dist
698 silly ADD node_modules/minipass
699 silly ADD node_modules/jackspeak
700 silly ADD node_modules/foreground-child
701 silly ADD node_modules/minimatch
702 silly ADD node_modules/commander
703 silly ADD node_modules/@one-ini/wasm
704 silly ADD node_modules/proto-list
705 silly ADD node_modules/ini
706 silly ADD node_modules/nopt
707 silly ADD node_modules/js-cookie
708 silly ADD node_modules/glob
709 silly ADD node_modules/glob/node_modules/minimatch
710 silly ADD node_modules/editorconfig
711 silly ADD node_modules/config-chain
712 silly ADD node_modules/universalify
713 silly ADD node_modules/jsonfile
714 silly ADD node_modules/graceful-fs
715 silly ADD node_modules/at-least-node
716 silly ADD node_modules/event-emitter
717 silly ADD node_modules/ext
718 silly ADD node_modules/next-tick
719 silly ADD node_modules/esniff
720 silly ADD node_modules/es6-symbol
721 silly ADD node_modules/type
722 silly ADD node_modules/timers-ext
723 silly ADD node_modules/memoizee
724 silly ADD node_modules/es6-iterator
725 silly ADD node_modules/es5-ext
726 silly ADD node_modules/d
727 silly ADD node_modules/yargs
728 silly ADD node_modules/yargs/node_modules/ansi-regex
729 silly ADD node_modules/yargs/node_modules/strip-ansi
730 silly ADD node_modules/yargs/node_modules/emoji-regex
731 silly ADD node_modules/yargs/node_modules/string-width
732 silly ADD node_modules/umzug
733 silly ADD node_modules/resolve
734 silly ADD node_modules/js-beautify
735 silly ADD node_modules/fs-extra
736 silly ADD node_modules/cli-color
737 silly ADD node_modules/sequelize-cli
738 verbose cwd /home/app/monannonce
739 verbose os Linux 5.15.0-125-generic
740 verbose node v22.11.0
741 verbose npm  v10.9.0
742 verbose exit 0
743 info ok
