0 verbose cli /usr/local/bin/node /usr/local/bin/npm
1 info using npm@10.9.0
2 info using node@v22.11.0
3 silly config load:file:/usr/local/lib/node_modules/npm/npmrc
4 silly config load:file:/home/app/monannonce/.npmrc
5 silly config load:file:/home/app/.npmrc
6 silly config load:file:/usr/local/etc/npmrc
7 verbose title npm i npx sequelize-cli init
8 verbose argv "i" "npx" "sequelize-cli" "init"
9 verbose logfile logs-max:10 dir:/home/app/.npm/_logs/2024-11-21T08_37_30_734Z-
10 verbose logfile /home/app/.npm/_logs/2024-11-21T08_37_30_734Z-debug-0.log
11 silly logfile start cleaning logs, removing 1 files
12 silly logfile done cleaning log files
13 silly packumentCache heap:4345298944 maxSize:1086324736 maxEntrySize:543162368
14 silly idealTree buildDeps
15 silly fetch manifest init@^0.1.2
16 silly packumentCache full:https://registry.npmjs.org/init cache-miss
17 http fetch GET 200 https://registry.npmjs.org/init 39ms (cache hit)
18 silly packumentCache full:https://registry.npmjs.org/init set size:4440 disposed:false
19 silly fetch manifest npx@^10.2.2
20 silly packumentCache full:https://registry.npmjs.org/npx cache-miss
21 http fetch GET 200 https://registry.npmjs.org/npx 65ms (cache hit)
22 silly packumentCache full:https://registry.npmjs.org/npx set size:136966 disposed:false
23 silly fetch manifest sequelize-cli@^6.6.2
24 silly packumentCache full:https://registry.npmjs.org/sequelize-cli cache-miss
25 http fetch GET 200 https://registry.npmjs.org/sequelize-cli 3ms (cache hit)
26 silly packumentCache full:https://registry.npmjs.org/sequelize-cli set size:232506 disposed:false
27 silly placeDep ROOT init@0.1.2 REPLACE for: monannonce@1.0.0 want: ^0.1.2
28 silly placeDep ROOT npx@10.2.2 REPLACE for: monannonce@1.0.0 want: ^10.2.2
29 silly placeDep ROOT sequelize-cli@6.6.2 REPLACE for: monannonce@1.0.0 want: ^6.6.2
30 silly reify moves {}
31 silly audit bulk request {
31 silly audit   '@isaacs/cliui': [ '8.0.2' ],
31 silly audit   '@mongodb-js/saslprep': [ '1.1.9' ],
31 silly audit   '@one-ini/wasm': [ '0.1.1' ],
31 silly audit   '@pkgjs/parseargs': [ '0.11.0' ],
31 silly audit   '@types/debug': [ '4.1.12' ],
31 silly audit   '@types/geojson': [ '7946.0.14' ],
31 silly audit   '@types/ms': [ '0.7.34' ],
31 silly audit   '@types/node': [ '22.9.0' ],
31 silly audit   '@types/validator': [ '13.12.2' ],
31 silly audit   '@types/webidl-conversions': [ '7.0.3' ],
31 silly audit   '@types/whatwg-url': [ '11.0.5' ],
31 silly audit   abbrev: [ '2.0.0', '1.1.0' ],
31 silly audit   accepts: [ '1.3.8' ],
31 silly audit   'ansi-regex': [ '6.1.0', '5.0.1', '3.0.0', '2.1.1' ],
31 silly audit   'ansi-styles': [ '6.2.1', '4.3.0', '3.2.1', '2.2.1' ],
31 silly audit   'array-flatten': [ '1.1.1' ],
31 silly audit   'at-least-node': [ '1.0.0' ],
31 silly audit   'balanced-match': [ '1.0.2', '1.0.0' ],
31 silly audit   bluebird: [ '3.7.2', '3.5.0' ],
31 silly audit   'body-parser': [ '1.20.3' ],
31 silly audit   'brace-expansion': [ '2.0.1', '1.1.11', '1.1.8' ],
31 silly audit   bson: [ '6.10.0' ],
31 silly audit   bytes: [ '3.1.2' ],
31 silly audit   'call-bind': [ '1.0.7' ],
31 silly audit   'cli-color': [ '2.0.4' ],
31 silly audit   cliui: [ '7.0.4', '4.1.0' ],
31 silly audit   'emoji-regex': [ '8.0.0', '9.2.2' ],
31 silly audit   'string-width': [ '4.2.3', '5.1.2', '1.0.2', '2.1.0', '2.1.1' ],
31 silly audit   'strip-ansi': [ '6.0.1', '7.1.0', '3.0.1', '4.0.0' ],
31 silly audit   'wrap-ansi': [ '7.0.0', '8.1.0', '2.1.0' ],
31 silly audit   'color-convert': [ '2.0.1', '1.9.3' ],
31 silly audit   'color-name': [ '1.1.4', '1.1.3' ],
31 silly audit   commander: [ '10.0.1' ],
31 silly audit   'config-chain': [ '1.1.13', '1.1.11' ],
31 silly audit   'content-disposition': [ '0.5.4' ],
31 silly audit   'content-type': [ '1.0.5' ],
31 silly audit   cookie: [ '0.7.1' ],
31 silly audit   'cookie-signature': [ '1.0.6' ],
31 silly audit   'cross-spawn': [ '7.0.6', '5.1.0', '6.0.5' ],
31 silly audit   d: [ '1.0.2' ],
31 silly audit   daemon: [ '1.1.0' ],
31 silly audit   debug: [ '2.6.9', '4.3.7', '2.6.8' ],
31 silly audit   'define-data-property': [ '1.1.4' ],
31 silly audit   denque: [ '2.1.0' ],
31 silly audit   depd: [ '2.0.0' ],
31 silly audit   destroy: [ '1.2.0' ],
31 silly audit   dotenv: [ '16.4.5', '5.0.1' ],
31 silly audit   dottie: [ '2.0.6' ],
31 silly audit   eastasianwidth: [ '0.2.0' ],
31 silly audit   editorconfig: [ '1.0.4' ],
31 silly audit   'ee-first': [ '1.1.1' ],
31 silly audit   encodeurl: [ '2.0.0', '1.0.2' ],
31 silly audit   'es-define-property': [ '1.0.0' ],
31 silly audit   'es-errors': [ '1.3.0' ],
31 silly audit   'es5-ext': [ '0.10.64' ],
31 silly audit   'es6-iterator': [ '2.0.3' ],
31 silly audit   'es6-symbol': [ '3.1.4' ],
31 silly audit   'es6-weak-map': [ '2.0.3' ],
31 silly audit   escalade: [ '3.2.0' ],
31 silly audit   'escape-html': [ '1.0.3' ],
31 silly audit   esniff: [ '2.0.1' ],
31 silly audit   etag: [ '1.8.1' ],
31 silly audit   'event-emitter': [ '0.3.5' ],
31 silly audit   express: [ '4.21.1' ],
31 silly audit   'express-validator': [ '7.2.0' ],
31 silly audit   ext: [ '1.7.0' ],
31 silly audit   finalhandler: [ '1.3.1' ],
31 silly audit   'foreground-child': [ '3.3.0' ],
31 silly audit   forwarded: [ '0.2.0' ],
31 silly audit   fresh: [ '0.5.2' ],
31 silly audit   'fs-extra': [ '9.1.0' ],
31 silly audit   'function-bind': [ '1.1.2' ],
31 silly audit   'get-caller-file': [ '2.0.5', '1.0.3' ],
31 silly audit   'get-intrinsic': [ '1.2.4' ],
31 silly audit   glob: [ '10.4.5', '7.1.6', '7.1.2' ],
31 silly audit   minimatch: [ '9.0.5', '9.0.1', '3.0.4' ],
31 silly audit   gopd: [ '1.0.1' ],
31 silly audit   'graceful-fs': [ '4.2.11', '4.2.3', '4.1.11' ],
31 silly audit   'has-property-descriptors': [ '1.0.2' ],
31 silly audit   'has-proto': [ '1.0.3' ],
31 silly audit   'has-symbols': [ '1.0.3' ],
31 silly audit   hasown: [ '2.0.2' ],
31 silly audit   'http-errors': [ '2.0.0' ],
31 silly audit   'iconv-lite': [ '0.4.24', '0.6.3', '0.4.18' ],
31 silly audit   inflection: [ '1.13.4' ],
31 silly audit   inherits: [ '2.0.4', '2.0.3' ],
31 silly audit   ini: [ '1.3.8', '1.3.5', '1.3.4' ],
31 silly audit   'ipaddr.js': [ '1.9.1' ],
31 silly audit   'is-core-module': [ '2.15.1' ],
31 silly audit   'is-fullwidth-code-point': [ '3.0.0', '2.0.0', '1.0.0' ],
31 silly audit   'is-promise': [ '2.2.2' ],
31 silly audit   isexe: [ '2.0.0' ],
31 silly audit   jackspeak: [ '3.4.3' ],
31 silly audit   'js-beautify': [ '1.15.1' ],
31 silly audit   'js-cookie': [ '3.0.5' ],
31 silly audit   jsonfile: [ '6.1.0' ],
31 silly audit   kareem: [ '2.6.3' ],
31 silly audit   lodash: [ '4.17.21' ],
31 silly audit   'lru-cache': [ '10.4.3', '4.1.5', '4.1.1' ],
31 silly audit   'lru-queue': [ '0.1.0' ],
31 silly audit   mariadb: [ '3.4.0' ],
31 silly audit   'media-typer': [ '0.3.0' ],
31 silly audit   memoizee: [ '0.4.17' ],
31 silly audit   'memory-pager': [ '1.5.0' ],
31 silly audit   'merge-descriptors': [ '1.0.3' ],
31 silly audit   methods: [ '1.1.2' ],
31 silly audit   mime: [ '1.6.0' ],
31 silly audit   'mime-db': [ '1.52.0', '1.27.0' ],
31 silly audit   'mime-types': [ '2.1.35', '2.1.15' ],
31 silly audit   minipass: [ '7.1.2' ],
31 silly audit   moment: [ '2.30.1' ],
31 silly audit   'moment-timezone': [ '0.5.46' ],
31 silly audit   mongodb: [ '6.10.0' ],
31 silly audit   'mongodb-connection-string-url': [ '3.0.1' ],
31 silly audit   mongoose: [ '8.8.2' ],
31 silly audit   ms: [ '2.1.3', '2.0.0' ],
31 silly audit   mpath: [ '0.9.0' ],
31 silly audit   mquery: [ '5.0.0' ],
31 silly audit   negotiator: [ '0.6.3' ],
31 silly audit   'next-tick': [ '1.1.0' ],
31 silly audit   nopt: [ '7.2.1', '3.0.6', '4.0.1' ],
31 silly audit   y18n: [ '5.0.8', '3.2.1', '4.0.0' ],
31 silly audit   'proto-list': [ '1.2.4' ],
31 silly audit   'signal-exit': [ '4.1.0', '3.0.2' ],
31 silly audit   qs: [ '6.13.0', '6.4.0' ],
31 silly audit   punycode: [ '2.3.1', '1.4.1' ],
31 silly audit   'safe-buffer': [ '5.2.1', '5.1.1', '5.2.0' ],
31 silly audit   semver: [ '7.6.3', '5.3.0', '5.7.1' ],
31 silly audit   unpipe: [ '1.0.0' ],
31 silly audit   'path-key': [ '3.1.1', '1.0.0', '2.0.1' ],
31 silly audit   uuid: [ '8.3.2', '3.1.0' ],
31 silly audit   which: [ '2.0.2', '1.2.14', '1.3.1' ],
31 silly audit   'require-directory': [ '2.1.1' ],
31 silly audit   'shebang-command': [ '2.0.0', '1.2.0' ],
31 silly audit   'shebang-regex': [ '3.0.0', '1.0.0' ],
31 silly audit   yargs: [ '16.2.0', '11.1.1' ],
31 silly audit   'yargs-parser': [ '20.2.9', '9.0.2' ],
31 silly audit   'object-inspect': [ '1.13.3' ],
31 silly audit   'on-finished': [ '2.4.1' ],
31 silly audit   'package-json-from-dist': [ '1.0.1' ],
31 silly audit   parseurl: [ '1.3.3' ],
31 silly audit   'path-parse': [ '1.0.7' ],
31 silly audit   'path-scurry': [ '1.11.1' ],
31 silly audit   'path-to-regexp': [ '0.1.10' ],
31 silly audit   'pg-connection-string': [ '2.7.0' ],
31 silly audit   'proxy-addr': [ '2.0.7' ],
31 silly audit   'range-parser': [ '1.2.1' ],
31 silly audit   'raw-body': [ '2.5.2' ],
31 silly audit   resolve: [ '1.22.8' ],
31 silly audit   'retry-as-promised': [ '7.0.4' ],
31 silly audit   'safer-buffer': [ '2.1.2' ],
31 silly audit   send: [ '0.19.0' ],
31 silly audit   sequelize: [ '6.37.5' ],
31 silly audit   'sequelize-pool': [ '7.1.0' ],
31 silly audit   'serve-static': [ '1.16.2' ],
31 silly audit   'set-function-length': [ '1.2.2' ],
31 silly audit   setprototypeof: [ '1.2.0' ],
31 silly audit   'side-channel': [ '1.0.6' ],
31 silly audit   sift: [ '17.1.3' ],
31 silly audit   'sparse-bitfield': [ '3.0.3' ],
31 silly audit   statuses: [ '2.0.1' ],
31 silly audit   'supports-preserve-symlinks-flag': [ '1.0.0' ],
31 silly audit   'timers-ext': [ '0.1.8' ],
31 silly audit   toidentifier: [ '1.0.1' ],
31 silly audit   'toposort-class': [ '1.0.1' ],
31 silly audit   tr46: [ '4.1.1' ],
31 silly audit   type: [ '2.7.3' ],
31 silly audit   'type-is': [ '1.6.18' ],
31 silly audit   umzug: [ '2.3.0' ],
31 silly audit   'undici-types': [ '6.19.8' ],
31 silly audit   universalify: [ '2.0.1' ],
31 silly audit   'utils-merge': [ '1.0.1' ],
31 silly audit   validator: [ '13.12.0' ],
31 silly audit   vary: [ '1.1.2' ],
31 silly audit   'webidl-conversions': [ '7.0.0' ],
31 silly audit   'whatwg-url': [ '13.0.0' ],
31 silly audit   wkx: [ '0.5.0' ],
31 silly audit   init: [ '0.1.2' ],
31 silly audit   npx: [ '10.2.2' ],
31 silly audit   'ansi-align': [ '2.0.0' ],
31 silly audit   boxen: [ '1.3.0', '1.1.0' ],
31 silly audit   builtins: [ '1.0.3' ],
31 silly audit   camelcase: [ '4.1.0' ],
31 silly audit   'capture-stack-trace': [ '1.0.1', '1.0.0' ],
31 silly audit   chalk: [ '2.4.2', '1.1.3' ],
31 silly audit   'cli-boxes': [ '1.0.0' ],
31 silly audit   'code-point-at': [ '1.1.0' ],
31 silly audit   'concat-map': [ '0.0.1' ],
31 silly audit   configstore: [ '3.1.2', '3.1.0' ],
31 silly audit   'create-error-class': [ '3.0.2' ],
31 silly audit   'crypto-random-string': [ '1.0.0' ],
31 silly audit   'deep-extend': [ '0.6.0', '0.4.2' ],
31 silly audit   'dot-prop': [ '4.2.0', '4.1.1' ],
31 silly audit   duplexer3: [ '0.1.4' ],
31 silly audit   'end-of-stream': [ '1.4.4', '1.0.0', '1.4.0' ],
31 silly audit   'escape-string-regexp': [ '1.0.5' ],
31 silly audit   execa: [ '0.7.0', '0.4.0', '1.0.0' ],
31 silly audit   'fs.realpath': [ '1.0.0' ],
31 silly audit   'get-stream': [ '3.0.0', '4.1.0' ],
31 silly audit   got: [ '6.7.1' ],
31 silly audit   'hosted-git-info': [ '2.8.5', '2.5.0' ],
31 silly audit   'import-lazy': [ '2.1.0' ],
31 silly audit   imurmurhash: [ '0.1.4' ],
31 silly audit   inflight: [ '1.0.6' ],
31 silly audit   'is-npm': [ '1.0.0' ],
31 silly audit   'is-obj': [ '1.0.1' ],
31 silly audit   'is-redirect': [ '1.0.0' ],
31 silly audit   'is-retry-allowed': [ '1.2.0', '1.1.0' ],
31 silly audit   'is-stream': [ '1.1.0' ],
31 silly audit   'latest-version': [ '3.1.0' ],
31 silly audit   'lowercase-keys': [ '1.0.1', '1.0.0' ],
31 silly audit   'make-dir': [ '1.3.0', '1.0.0' ],
31 silly audit   minimist: [ '1.2.0', '0.0.8' ],
31 silly audit   pseudomap: [ '1.0.2' ],
31 silly audit   yallist: [ '2.1.2' ],
31 silly audit   'path-is-absolute': [ '1.0.1' ],
31 silly audit   once: [ '1.3.3', '1.4.0' ],
31 silly audit   pump: [ '1.0.2', '3.0.0' ],
31 silly audit   'npm-package-arg': [ '5.1.2', '6.1.1' ],
31 silly audit   'number-is-nan': [ '1.0.1' ],
31 silly audit   'set-blocking': [ '2.0.0' ],
31 silly audit   osenv: [ '0.1.4', '0.1.5' ],
31 silly audit   'os-homedir': [ '1.0.2' ],
31 silly audit   'os-tmpdir': [ '1.0.2' ],
31 silly audit   'path-is-inside': [ '1.0.2' ],
31 silly audit   rimraf: [ '2.6.1', '2.7.1' ],
31 silly audit   'update-notifier': [ '2.2.0', '2.5.0' ],
31 silly audit   'term-size': [ '0.1.1', '1.2.0' ],
31 silly audit   'npm-run-path': [ '1.0.0', '2.0.2' ],
31 silly audit   'strip-eof': [ '1.0.0' ],
31 silly audit   'widest-line': [ '1.0.0', '2.0.1' ],
31 silly audit   'supports-color': [ '2.0.0', '5.5.0' ],
31 silly audit   pify: [ '2.3.0', '3.0.0' ],
31 silly audit   'unique-string': [ '1.0.0' ],
31 silly audit   'package-json': [ '4.0.1' ],
31 silly audit   'timed-out': [ '4.0.1' ],
31 silly audit   'unzip-response': [ '2.0.1' ],
31 silly audit   'url-parse-lax': [ '1.0.0' ],
31 silly audit   'prepend-http': [ '1.0.4' ],
31 silly audit   'registry-auth-token': [ '3.3.1', '3.4.0' ],
31 silly audit   rc: [ '1.2.1', '1.2.8' ],
31 silly audit   'strip-json-comments': [ '2.0.1' ],
31 silly audit   'registry-url': [ '3.1.0' ],
31 silly audit   'semver-diff': [ '2.1.0' ],
31 silly audit   'xdg-basedir': [ '3.0.0' ],
31 silly audit   'validate-npm-package-name': [ '3.0.0' ],
31 silly audit   wrappy: [ '1.0.2' ],
31 silly audit   'write-file-atomic': [ '2.1.0', '2.4.3' ],
31 silly audit   'sequelize-cli': [ '6.6.2' ],
31 silly audit   'ci-info': [ '1.6.0' ],
31 silly audit   decamelize: [ '1.2.0' ],
31 silly audit   'find-up': [ '2.1.0' ],
31 silly audit   'global-dirs': [ '0.1.1' ],
31 silly audit   'has-flag': [ '3.0.0' ],
31 silly audit   'invert-kv': [ '2.0.0' ],
31 silly audit   'is-ci': [ '1.2.1' ],
31 silly audit   'is-installed-globally': [ '0.1.0' ],
31 silly audit   'is-path-inside': [ '1.0.1' ],
31 silly audit   lcid: [ '2.0.0' ],
31 silly audit   libnpx: [ '10.2.2' ],
31 silly audit   'locate-path': [ '2.0.0' ],
31 silly audit   'map-age-cleaner': [ '0.1.3' ],
31 silly audit   mem: [ '4.3.0' ],
31 silly audit   'mimic-fn': [ '2.1.0' ],
31 silly audit   'nice-try': [ '1.0.5' ],
31 silly audit   npm: [ '5.1.0' ],
31 silly audit   ansicolors: [ '0.3.2' ],
31 silly audit   ansistyles: [ '0.1.3' ],
31 silly audit   aproba: [ '1.1.2' ],
31 silly audit   archy: [ '1.0.0' ],
31 silly audit   cacache: [ '9.2.9' ],
31 silly audit   'call-limit': [ '1.1.0' ],
31 silly audit   chownr: [ '1.0.1' ],
31 silly audit   'cmd-shim': [ '2.0.2' ],
31 silly audit   columnify: [ '1.5.4' ],
31 silly audit   wcwidth: [ '1.0.1' ],
31 silly audit   defaults: [ '1.0.3' ],
31 silly audit   clone: [ '1.0.2' ],
31 silly audit   debuglog: [ '1.0.1' ],
31 silly audit   'detect-indent': [ '5.0.0' ],
31 silly audit   dezalgo: [ '1.0.3' ],
31 silly audit   asap: [ '2.0.5' ],
31 silly audit   editor: [ '1.0.0' ],
31 silly audit   'fs-vacuum': [ '1.2.10' ],
31 silly audit   'fs-write-stream-atomic': [ '1.0.10' ],
31 silly audit   fstream: [ '1.0.11' ],
31 silly audit   'fstream-npm': [ '1.2.1' ],
31 silly audit   'fstream-ignore': [ '1.0.5' ],
31 silly audit   'has-unicode': [ '2.0.1' ],
31 silly audit   iferr: [ '0.1.5' ],
31 silly audit   'init-package-json': [ '1.10.1' ],
31 silly audit   promzard: [ '0.3.0' ],
31 silly audit   JSONStream: [ '1.3.1' ],
31 silly audit   jsonparse: [ '1.3.1' ],
31 silly audit   through: [ '2.3.8' ],
31 silly audit   'lazy-property': [ '1.0.0' ],
31 silly audit   lockfile: [ '1.0.3' ],
31 silly audit   'lodash._baseindexof': [ '3.1.0' ],
31 silly audit   'lodash._baseuniq': [ '4.6.0' ],
31 silly audit   'lodash._createset': [ '4.0.3' ],
31 silly audit   'lodash._root': [ '3.0.1' ],
31 silly audit   'lodash._bindcallback': [ '3.0.1' ],
31 silly audit   'lodash._cacheindexof': [ '3.0.2' ],
31 silly audit   'lodash._createcache': [ '3.1.2' ],
31 silly audit   'lodash._getnative': [ '3.9.1' ],
31 silly audit   'lodash.clonedeep': [ '4.5.0' ],
31 silly audit   'lodash.restparam': [ '3.6.1' ],
31 silly audit   'lodash.union': [ '4.6.0' ],
31 silly audit   'lodash.uniq': [ '4.5.0' ],
31 silly audit   'lodash.without': [ '4.4.0' ],
31 silly audit   mississippi: [ '1.3.0' ],
31 silly audit   'concat-stream': [ '1.6.0' ],
31 silly audit   typedarray: [ '0.0.6' ],
31 silly audit   duplexify: [ '3.5.0' ],
31 silly audit   'stream-shift': [ '1.0.0' ],
31 silly audit   'flush-write-stream': [ '1.0.2' ],
31 silly audit   from2: [ '2.3.0', '1.3.0' ],
31 silly audit   'parallel-transform': [ '1.1.0' ],
31 silly audit   cyclist: [ '0.2.2' ],
31 silly audit   pumpify: [ '1.3.5' ],
31 silly audit   'stream-each': [ '1.2.0' ],
31 silly audit   through2: [ '2.0.3' ],
31 silly audit   xtend: [ '4.0.1' ],
31 silly audit   mkdirp: [ '0.5.1' ],
31 silly audit   'move-concurrently': [ '1.0.1' ],
31 silly audit   'copy-concurrently': [ '1.0.3' ],
31 silly audit   'run-queue': [ '1.0.3' ],
31 silly audit   'node-gyp': [ '3.6.2' ],
31 silly audit   'normalize-package-data': [ '2.4.0' ],
31 silly audit   'is-builtin-module': [ '1.0.0' ],
31 silly audit   'builtin-modules': [ '1.1.1' ],
31 silly audit   'npm-cache-filename': [ '1.0.2' ],
31 silly audit   'npm-install-checks': [ '3.0.0' ],
31 silly audit   'npm-registry-client': [ '8.4.0' ],
31 silly audit   'npm-user-validate': [ '1.0.0' ],
31 silly audit   npmlog: [ '4.1.2' ],
31 silly audit   'are-we-there-yet': [ '1.1.4' ],
31 silly audit   delegates: [ '1.0.0' ],
31 silly audit   'console-control-strings': [ '1.1.0' ],
31 silly audit   gauge: [ '2.7.4' ],
31 silly audit   'object-assign': [ '4.1.1' ],
31 silly audit   'wide-align': [ '1.1.2' ],
31 silly audit   opener: [ '1.4.3' ],
31 silly audit   pacote: [ '2.7.38' ],
31 silly audit   'make-fetch-happen': [ '2.4.13' ],
31 silly audit   agentkeepalive: [ '3.3.0' ],
31 silly audit   'humanize-ms': [ '1.2.1' ],
31 silly audit   'http-cache-semantics': [ '3.7.3' ],
31 silly audit   'http-proxy-agent': [ '2.0.0' ],
31 silly audit   'agent-base': [ '4.1.0' ],
31 silly audit   'es6-promisify': [ '5.0.0' ],
31 silly audit   'es6-promise': [ '4.1.1' ],
31 silly audit   'https-proxy-agent': [ '2.0.0' ],
31 silly audit   'node-fetch-npm': [ '2.0.1' ],
31 silly audit   encoding: [ '0.1.12' ],
31 silly audit   'json-parse-helpfulerror': [ '1.0.3' ],
31 silly audit   jju: [ '1.3.0' ],
31 silly audit   'socks-proxy-agent': [ '3.0.0' ],
31 silly audit   socks: [ '1.1.10' ],
31 silly audit   ip: [ '1.1.5' ],
31 silly audit   'smart-buffer': [ '1.1.15' ],
31 silly audit   'npm-pick-manifest': [ '1.0.4' ],
31 silly audit   'promise-retry': [ '1.1.1' ],
31 silly audit   'err-code': [ '1.1.2' ],
31 silly audit   protoduck: [ '4.0.0' ],
31 silly audit   genfun: [ '4.0.1' ],
31 silly audit   'tar-fs': [ '1.15.3' ],
31 silly audit   'tar-stream': [ '1.5.4' ],
31 silly audit   bl: [ '1.2.1' ],
31 silly audit   'promise-inflight': [ '1.0.1' ],
31 silly audit   read: [ '1.0.7' ],
31 silly audit   'mute-stream': [ '0.0.7' ],
31 silly audit   'read-cmd-shim': [ '1.0.1' ],
31 silly audit   'read-installed': [ '4.0.3' ],
31 silly audit   'util-extend': [ '1.0.3' ],
31 silly audit   'read-package-json': [ '2.0.9' ],
31 silly audit   'read-package-tree': [ '5.1.6' ],
31 silly audit   'readable-stream': [ '2.3.2', '1.1.14' ],
31 silly audit   'core-util-is': [ '1.0.2' ],
31 silly audit   isarray: [ '1.0.0', '0.0.1' ],
31 silly audit   'process-nextick-args': [ '1.0.7' ],
31 silly audit   string_decoder: [ '1.0.3', '0.10.31' ],
31 silly audit   'util-deprecate': [ '1.0.2' ],
31 silly audit   'readdir-scoped-modules': [ '1.0.2' ],
31 silly audit   request: [ '2.81.0' ],
31 silly audit   'aws-sign2': [ '0.6.0' ],
31 silly audit   aws4: [ '1.6.0' ],
31 silly audit   caseless: [ '0.12.0' ],
31 silly audit   'combined-stream': [ '1.0.5' ],
31 silly audit   'delayed-stream': [ '1.0.0' ],
31 silly audit   extend: [ '3.0.1' ],
31 silly audit   'forever-agent': [ '0.6.1' ],
31 silly audit   'form-data': [ '2.1.4' ],
31 silly audit   asynckit: [ '0.4.0' ],
31 silly audit   'har-validator': [ '4.2.1' ],
31 silly audit   ajv: [ '4.11.8' ],
31 silly audit   co: [ '4.6.0' ],
31 silly audit   'json-stable-stringify': [ '1.0.1' ],
31 silly audit   jsonify: [ '0.0.0' ],
31 silly audit   'har-schema': [ '1.0.5' ],
31 silly audit   hawk: [ '3.1.3' ],
31 silly audit   boom: [ '2.10.1' ],
31 silly audit   cryptiles: [ '2.0.5' ],
31 silly audit   hoek: [ '2.16.3' ],
31 silly audit   sntp: [ '1.0.9' ],
31 silly audit   'http-signature': [ '1.1.1' ],
31 silly audit   'assert-plus': [ '0.2.0', '1.0.0' ],
31 silly audit   jsprim: [ '1.4.0' ],
31 silly audit   extsprintf: [ '1.0.2' ],
31 silly audit   'json-schema': [ '0.2.3' ],
31 silly audit   verror: [ '1.3.6' ],
31 silly audit   sshpk: [ '1.13.1' ],
31 silly audit   asn1: [ '0.2.3' ],
31 silly audit   'bcrypt-pbkdf': [ '1.0.1' ],
31 silly audit   dashdash: [ '1.14.1' ],
31 silly audit   'ecc-jsbn': [ '0.1.1' ],
31 silly audit   getpass: [ '0.1.7' ],
31 silly audit   jsbn: [ '0.1.1' ],
31 silly audit   tweetnacl: [ '0.14.5' ],
31 silly audit   'is-typedarray': [ '1.0.0' ],
31 silly audit   isstream: [ '0.1.2' ],
31 silly audit   'json-stringify-safe': [ '5.0.1' ],
31 silly audit   'oauth-sign': [ '0.8.2' ],
31 silly audit   'performance-now': [ '0.2.0' ],
31 silly audit   stringstream: [ '0.0.5' ],
31 silly audit   'tough-cookie': [ '2.3.2' ],
31 silly audit   'tunnel-agent': [ '0.6.0' ],
31 silly audit   retry: [ '0.10.1' ],
31 silly audit   sha: [ '2.0.1' ],
31 silly audit   slide: [ '1.1.6' ],
31 silly audit   'sorted-object': [ '2.0.1' ],
31 silly audit   'sorted-union-stream': [ '2.1.3' ],
31 silly audit   'stream-iterate': [ '1.2.0' ],
31 silly audit   ssri: [ '4.1.6' ],
31 silly audit   tar: [ '2.2.1' ],
31 silly audit   'block-stream': [ '0.0.9' ],
31 silly audit   'text-table': [ '0.2.0' ],
31 silly audit   'uid-number': [ '0.0.6' ],
31 silly audit   umask: [ '1.1.0' ],
31 silly audit   'unique-filename': [ '1.1.0' ],
31 silly audit   'unique-slug': [ '2.0.0' ],
31 silly audit   'cross-spawn-async': [ '2.2.5' ],
31 silly audit   'has-ansi': [ '2.0.0' ],
31 silly audit   'validate-npm-package-license': [ '3.0.1' ],
31 silly audit   'spdx-correct': [ '1.0.2' ],
31 silly audit   'spdx-license-ids': [ '1.2.2' ],
31 silly audit   'spdx-expression-parse': [ '1.0.4' ],
31 silly audit   'worker-farm': [ '1.3.1' ],
31 silly audit   errno: [ '0.1.4' ],
31 silly audit   prr: [ '0.0.0' ],
31 silly audit   'os-locale': [ '3.1.0' ],
31 silly audit   'p-defer': [ '1.0.0' ],
31 silly audit   'p-finally': [ '1.0.0' ],
31 silly audit   'p-is-promise': [ '2.1.0' ],
31 silly audit   'p-limit': [ '1.3.0' ],
31 silly audit   'p-locate': [ '2.0.0' ],
31 silly audit   'p-try': [ '1.0.0' ],
31 silly audit   'path-exists': [ '3.0.0' ],
31 silly audit   'require-main-filename': [ '1.0.1' ],
31 silly audit   'which-module': [ '2.0.0' ]
31 silly audit }
32 http fetch POST 200 https://registry.npmjs.org/-/npm/v1/security/advisories/bulk 577ms
33 silly audit report {
33 silly audit report   'ansi-regex': [
33 silly audit report     {
33 silly audit report       id: 1094090,
33 silly audit report       url: 'https://github.com/advisories/GHSA-93q8-gq69-wqmw',
33 silly audit report       title: 'Inefficient Regular Expression Complexity in chalk/ansi-regex',
33 silly audit report       severity: 'high',
33 silly audit report       vulnerable_versions: '>=3.0.0 <3.0.1',
33 silly audit report       cwe: [Array],
33 silly audit report       cvss: [Object]
33 silly audit report     }
33 silly audit report   ],
33 silly audit report   'cross-spawn': [
33 silly audit report     {
33 silly audit report       id: 1100562,
33 silly audit report       url: 'https://github.com/advisories/GHSA-3xgq-45jj-v275',
33 silly audit report       title: 'Regular Expression Denial of Service (ReDoS) in cross-spawn',
33 silly audit report       severity: 'high',
33 silly audit report       vulnerable_versions: '<6.0.6',
33 silly audit report       cwe: [Array],
33 silly audit report       cvss: [Object]
33 silly audit report     }
33 silly audit report   ],
33 silly audit report   debug: [
33 silly audit report     {
33 silly audit report       id: 1094457,
33 silly audit report       url: 'https://github.com/advisories/GHSA-9vvw-cc9w-f27h',
33 silly audit report       title: 'debug Inefficient Regular Expression Complexity vulnerability',
33 silly audit report       severity: 'high',
33 silly audit report       vulnerable_versions: '<2.6.9',
33 silly audit report       cwe: [Array],
33 silly audit report       cvss: [Object]
33 silly audit report     },
33 silly audit report     {
33 silly audit report       id: 1096795,
33 silly audit report       url: 'https://github.com/advisories/GHSA-gxpj-cx7g-858c',
33 silly audit report       title: 'Regular Expression Denial of Service in debug',
33 silly audit report       severity: 'low',
33 silly audit report       vulnerable_versions: '<2.6.9',
33 silly audit report       cwe: [Array],
33 silly audit report       cvss: [Object]
33 silly audit report     }
33 silly audit report   ],
33 silly audit report   minimatch: [
33 silly audit report     {
33 silly audit report       id: 1096485,
33 silly audit report       url: 'https://github.com/advisories/GHSA-f8q6-p94x-37v3',
33 silly audit report       title: 'minimatch ReDoS vulnerability',
33 silly audit report       severity: 'high',
33 silly audit report       vulnerable_versions: '<3.0.5',
33 silly audit report       cwe: [Array],
33 silly audit report       cvss: [Object]
33 silly audit report     }
33 silly audit report   ],
33 silly audit report   ini: [
33 silly audit report     {
33 silly audit report       id: 1093224,
33 silly audit report       url: 'https://github.com/advisories/GHSA-qqgx-2p2h-9c37',
33 silly audit report       title: 'ini before 1.3.6 vulnerable to Prototype Pollution via ini.parse',
33 silly audit report       severity: 'high',
33 silly audit report       vulnerable_versions: '<1.3.6',
33 silly audit report       cwe: [Array],
33 silly audit report       cvss: [Object]
33 silly audit report     }
33 silly audit report   ],
33 silly audit report   y18n: [
33 silly audit report     {
33 silly audit report       id: 1095086,
33 silly audit report       url: 'https://github.com/advisories/GHSA-c4w7-xm78-47vh',
33 silly audit report       title: 'Prototype Pollution in y18n',
33 silly audit report       severity: 'high',
33 silly audit report       vulnerable_versions: '=4.0.0',
33 silly audit report       cwe: [Array],
33 silly audit report       cvss: [Object]
33 silly audit report     },
33 silly audit report     {
33 silly audit report       id: 1095087,
33 silly audit report       url: 'https://github.com/advisories/GHSA-c4w7-xm78-47vh',
33 silly audit report       title: 'Prototype Pollution in y18n',
33 silly audit report       severity: 'high',
33 silly audit report       vulnerable_versions: '<3.2.2',
33 silly audit report       cwe: [Array],
33 silly audit report       cvss: [Object]
33 silly audit report     }
33 silly audit report   ],
33 silly audit report   qs: [
33 silly audit report     {
33 silly audit report       id: 1096469,
33 silly audit report       url: 'https://github.com/advisories/GHSA-hrpp-h998-j3pp',
33 silly audit report       title: 'qs vulnerable to Prototype Pollution',
33 silly audit report       severity: 'high',
33 silly audit report       vulnerable_versions: '>=6.4.0 <6.4.1',
33 silly audit report       cwe: [Array],
33 silly audit report       cvss: [Object]
33 silly audit report     }
33 silly audit report   ],
33 silly audit report   semver: [
33 silly audit report     {
33 silly audit report       id: 1098563,
33 silly audit report       url: 'https://github.com/advisories/GHSA-c2qf-rxjj-qqgw',
33 silly audit report       title: 'semver vulnerable to Regular Expression Denial of Service',
33 silly audit report       severity: 'high',
33 silly audit report       vulnerable_versions: '<5.7.2',
33 silly audit report       cwe: [Array],
33 silly audit report       cvss: [Object]
33 silly audit report     }
33 silly audit report   ],
33 silly audit report   'yargs-parser': [
33 silly audit report     {
33 silly audit report       id: 1088811,
33 silly audit report       url: 'https://github.com/advisories/GHSA-p9pc-299p-vxgp',
33 silly audit report       title: 'yargs-parser Vulnerable to Prototype Pollution',
33 silly audit report       severity: 'moderate',
33 silly audit report       vulnerable_versions: '>=6.0.0 <13.1.2',
33 silly audit report       cwe: [Array],
33 silly audit report       cvss: [Object]
33 silly audit report     }
33 silly audit report   ],
33 silly audit report   'deep-extend': [
33 silly audit report     {
33 silly audit report       id: 1095031,
33 silly audit report       url: 'https://github.com/advisories/GHSA-hr2v-3952-633q',
33 silly audit report       title: 'Prototype Pollution in deep-extend',
33 silly audit report       severity: 'critical',
33 silly audit report       vulnerable_versions: '<0.5.1',
33 silly audit report       cwe: [Array],
33 silly audit report       cvss: [Object]
33 silly audit report     }
33 silly audit report   ],
33 silly audit report   'dot-prop': [
33 silly audit report     {
33 silly audit report       id: 1095026,
33 silly audit report       url: 'https://github.com/advisories/GHSA-ff7x-qrg7-qggm',
33 silly audit report       title: 'dot-prop Prototype Pollution vulnerability',
33 silly audit report       severity: 'high',
33 silly audit report       vulnerable_versions: '<4.2.1',
33 silly audit report       cwe: [Array],
33 silly audit report       cvss: [Object]
33 silly audit report     }
33 silly audit report   ],
33 silly audit report   got: [
33 silly audit report     {
33 silly audit report       id: 1088948,
33 silly audit report       url: 'https://github.com/advisories/GHSA-pfrx-2q88-qq97',
33 silly audit report       title: 'Got allows a redirect to a UNIX socket',
33 silly audit report       severity: 'moderate',
33 silly audit report       vulnerable_versions: '<11.8.5',
33 silly audit report       cwe: [],
33 silly audit report       cvss: [Object]
33 silly audit report     }
33 silly audit report   ],
33 silly audit report   'hosted-git-info': [
33 silly audit report     {
33 silly audit report       id: 1089809,
33 silly audit report       url: 'https://github.com/advisories/GHSA-43f8-2h32-f4cj',
33 silly audit report       title: 'Regular Expression Denial of Service in hosted-git-info',
33 silly audit report       severity: 'moderate',
33 silly audit report       vulnerable_versions: '<2.8.9',
33 silly audit report       cwe: [Array],
33 silly audit report       cvss: [Object]
33 silly audit report     }
33 silly audit report   ],
33 silly audit report   minimist: [
33 silly audit report     {
33 silly audit report       id: 1097677,
33 silly audit report       url: 'https://github.com/advisories/GHSA-xvch-5gv4-984h',
33 silly audit report       title: 'Prototype Pollution in minimist',
33 silly audit report       severity: 'critical',
33 silly audit report       vulnerable_versions: '<0.2.4',
33 silly audit report       cwe: [Array],
33 silly audit report       cvss: [Object]
33 silly audit report     },
33 silly audit report     {
33 silly audit report       id: 1097678,
33 silly audit report       url: 'https://github.com/advisories/GHSA-xvch-5gv4-984h',
33 silly audit report       title: 'Prototype Pollution in minimist',
33 silly audit report       severity: 'critical',
33 silly audit report       vulnerable_versions: '>=1.0.0 <1.2.6',
33 silly audit report       cwe: [Array],
33 silly audit report       cvss: [Object]
33 silly audit report     },
33 silly audit report     {
33 silly audit report       id: 1096465,
33 silly audit report       url: 'https://github.com/advisories/GHSA-vh95-rmgr-6w4m',
33 silly audit report       title: 'Prototype Pollution in minimist',
33 silly audit report       severity: 'moderate',
33 silly audit report       vulnerable_versions: '>=1.0.0 <1.2.3',
33 silly audit report       cwe: [Array],
33 silly audit report       cvss: [Object]
33 silly audit report     },
33 silly audit report     {
33 silly audit report       id: 1096466,
33 silly audit report       url: 'https://github.com/advisories/GHSA-vh95-rmgr-6w4m',
33 silly audit report       title: 'Prototype Pollution in minimist',
33 silly audit report       severity: 'moderate',
33 silly audit report       vulnerable_versions: '<0.2.1',
33 silly audit report       cwe: [Array],
33 silly audit report       cvss: [Object]
33 silly audit report     }
33 silly audit report   ],
33 silly audit report   npm: [
33 silly audit report     {
33 silly audit report       id: 1089203,
33 silly audit report       url: 'https://github.com/advisories/GHSA-93f3-23rq-pjfp',
33 silly audit report       title: 'npm CLI exposing sensitive information through logs',
33 silly audit report       severity: 'moderate',
33 silly audit report       vulnerable_versions: '<6.14.6',
33 silly audit report       cwe: [Array],
33 silly audit report       cvss: [Object]
33 silly audit report     },
33 silly audit report     {
33 silly audit report       id: 1089206,
33 silly audit report       url: 'https://github.com/advisories/GHSA-4328-8hgf-7wjr',
33 silly audit report       title: 'npm Vulnerable to Global node_modules Binary Overwrite',
33 silly audit report       severity: 'high',
33 silly audit report       vulnerable_versions: '<6.13.4',
33 silly audit report       cwe: [Array],
33 silly audit report       cvss: [Object]
33 silly audit report     },
33 silly audit report     {
33 silly audit report       id: 1089207,
33 silly audit report       url: 'https://github.com/advisories/GHSA-x8qc-rrcw-4r46',
33 silly audit report       title: 'npm symlink reference outside of node_modules',
33 silly audit report       severity: 'high',
33 silly audit report       vulnerable_versions: '<6.13.3',
33 silly audit report       cwe: [Array],
33 silly audit report       cvss: [Object]
33 silly audit report     },
33 silly audit report     {
33 silly audit report       id: 1090086,
33 silly audit report       url: 'https://github.com/advisories/GHSA-m6cx-g6qm-p2cx',
33 silly audit report       title: 'Arbitrary File Write in npm',
33 silly audit report       severity: 'high',
33 silly audit report       vulnerable_versions: '<6.13.3',
33 silly audit report       cwe: [Array],
33 silly audit report       cvss: [Object]
33 silly audit report     },
33 silly audit report     {
33 silly audit report       id: 1088925,
33 silly audit report       url: 'https://github.com/advisories/GHSA-ph34-pc88-72gc',
33 silly audit report       title: 'Incorrect Permission Assignment for Critical Resource in NPM',
33 silly audit report       severity: 'high',
33 silly audit report       vulnerable_versions: '<5.7.1',
33 silly audit report       cwe: [Array],
33 silly audit report       cvss: [Object]
33 silly audit report     }
33 silly audit report   ],
33 silly audit report   chownr: [
33 silly audit report     {
33 silly audit report       id: 1091617,
33 silly audit report       url: 'https://github.com/advisories/GHSA-c6rq-rjc2-86v2',
33 silly audit report       title: 'Time-of-check Time-of-use (TOCTOU) Race Condition in chownr',
33 silly audit report       severity: 'low',
33 silly audit report       vulnerable_versions: '<1.1.0',
33 silly audit report       cwe: [Array],
33 silly audit report       cvss: [Object]
33 silly audit report     }
33 silly audit report   ],
33 silly audit report   fstream: [
33 silly audit report     {
33 silly audit report       id: 1095010,
33 silly audit report       url: 'https://github.com/advisories/GHSA-xf7w-r453-m56c',
33 silly audit report       title: 'Arbitrary File Overwrite in fstream',
33 silly audit report       severity: 'high',
33 silly audit report       vulnerable_versions: '<1.0.12',
33 silly audit report       cwe: [Array],
33 silly audit report       cvss: [Object]
33 silly audit report     }
33 silly audit report   ],
33 silly audit report   'npm-user-validate': [
33 silly audit report     {
33 silly audit report       id: 1086466,
33 silly audit report       url: 'https://github.com/advisories/GHSA-xgh6-85xh-479p',
33 silly audit report       title: 'Regular Expression Denial of Service in npm-user-validate',
33 silly audit report       severity: 'low',
33 silly audit report       vulnerable_versions: '<=1.0.0',
33 silly audit report       cwe: [],
33 silly audit report       cvss: [Object]
33 silly audit report     },
33 silly audit report     {
33 silly audit report       id: 1089876,
33 silly audit report       url: 'https://github.com/advisories/GHSA-pw54-mh39-w3hc',
33 silly audit report       title: 'Regular expression denial of service in npm-user-validate',
33 silly audit report       severity: 'high',
33 silly audit report       vulnerable_versions: '<1.0.1',
33 silly audit report       cwe: [Array],
33 silly audit report       cvss: [Object]
33 silly audit report     }
33 silly audit report   ],
33 silly audit report   'http-cache-semantics': [
33 silly audit report     {
33 silly audit report       id: 1092316,
33 silly audit report       url: 'https://github.com/advisories/GHSA-rc47-6667-2j5j',
33 silly audit report       title: 'http-cache-semantics vulnerable to Regular Expression Denial of Service',
33 silly audit report       severity: 'high',
33 silly audit report       vulnerable_versions: '<4.1.1',
33 silly audit report       cwe: [Array],
33 silly audit report       cvss: [Object]
33 silly audit report     }
33 silly audit report   ],
33 silly audit report   'http-proxy-agent': [
33 silly audit report     {
33 silly audit report       id: 1089973,
33 silly audit report       url: 'https://github.com/advisories/GHSA-86wf-436m-h424',
33 silly audit report       title: 'Resource Exhaustion Denial of Service in http-proxy-agent ',
33 silly audit report       severity: 'moderate',
33 silly audit report       vulnerable_versions: '<2.1.0',
33 silly audit report       cwe: [Array],
33 silly audit report       cvss: [Object]
33 silly audit report     },
33 silly audit report     {
33 silly audit report       id: 1091668,
33 silly audit report       url: 'https://github.com/advisories/GHSA-8w57-jfpm-945m',
33 silly audit report       title: 'Denial of Service in http-proxy-agent',
33 silly audit report       severity: 'high',
33 silly audit report       vulnerable_versions: '<2.1.0',
33 silly audit report       cwe: [Array],
33 silly audit report       cvss: [Object]
33 silly audit report     }
33 silly audit report   ],
33 silly audit report   'https-proxy-agent': [
33 silly audit report     {
33 silly audit report       id: 1087767,
33 silly audit report       url: 'https://github.com/advisories/GHSA-8g7p-74h8-hg48',
33 silly audit report       title: 'Denial of Service in https-proxy-agent',
33 silly audit report       severity: 'critical',
33 silly audit report       vulnerable_versions: '<2.2.0',
33 silly audit report       cwe: [Array],
33 silly audit report       cvss: [Object]
33 silly audit report     },
33 silly audit report     {
33 silly audit report       id: 1094488,
33 silly audit report       url: 'https://github.com/advisories/GHSA-pc5p-h8pf-mvwp',
33 silly audit report       title: 'Machine-In-The-Middle in https-proxy-agent',
33 silly audit report       severity: 'moderate',
33 silly audit report       vulnerable_versions: '<2.2.3',
33 silly audit report       cwe: [Array],
33 silly audit report       cvss: [Object]
33 silly audit report     }
33 silly audit report   ],
33 silly audit report   ip: [
33 silly audit report     {
33 silly audit report       id: 1097720,
33 silly audit report       url: 'https://github.com/advisories/GHSA-78xj-cgh5-2h22',
33 silly audit report       title: 'NPM IP package incorrectly identifies some private IP addresses as public',
33 silly audit report       severity: 'low',
33 silly audit report       vulnerable_versions: '<1.1.9',
33 silly audit report       cwe: [Array],
33 silly audit report       cvss: [Object]
33 silly audit report     },
33 silly audit report     {
33 silly audit report       id: 1099357,
33 silly audit report       url: 'https://github.com/advisories/GHSA-2p57-rm9w-gvfp',
33 silly audit report       title: 'ip SSRF improper categorization in isPublic',
33 silly audit report       severity: 'high',
33 silly audit report       vulnerable_versions: '<=2.0.1',
33 silly audit report       cwe: [Array],
33 silly audit report       cvss: [Object]
33 silly audit report     }
33 silly audit report   ],
33 silly audit report   'tar-fs': [
33 silly audit report     {
33 silly audit report       id: 1089521,
33 silly audit report       url: 'https://github.com/advisories/GHSA-x2mc-8fgj-3wmr',
33 silly audit report       title: 'Improper Input Validation in tar-fs',
33 silly audit report       severity: 'high',
33 silly audit report       vulnerable_versions: '<1.16.2',
33 silly audit report       cwe: [Array],
33 silly audit report       cvss: [Object]
33 silly audit report     }
33 silly audit report   ],
33 silly audit report   bl: [
33 silly audit report     {
33 silly audit report       id: 1090072,
33 silly audit report       url: 'https://github.com/advisories/GHSA-pp7h-53gx-mx7r',
33 silly audit report       title: 'Remote Memory Exposure in bl',
33 silly audit report       severity: 'moderate',
33 silly audit report       vulnerable_versions: '<1.2.3',
33 silly audit report       cwe: [Array],
33 silly audit report       cvss: [Object]
33 silly audit report     }
33 silly audit report   ],
33 silly audit report   request: [
33 silly audit report     {
33 silly audit report       id: 1096727,
33 silly audit report       url: 'https://github.com/advisories/GHSA-p8p7-x288-28g6',
33 silly audit report       title: 'Server-Side Request Forgery in Request',
33 silly audit report       severity: 'moderate',
33 silly audit report       vulnerable_versions: '<=2.88.2',
33 silly audit report       cwe: [Array],
33 silly audit report       cvss: [Object]
33 silly audit report     }
33 silly audit report   ],
33 silly audit report   extend: [
33 silly audit report     {
33 silly audit report       id: 1087633,
33 silly audit report       url: 'https://github.com/advisories/GHSA-qrmc-fj45-qfc2',
33 silly audit report       title: 'Prototype Pollution in extend',
33 silly audit report       severity: 'moderate',
33 silly audit report       vulnerable_versions: '>=3.0.0 <3.0.2',
33 silly audit report       cwe: [Array],
33 silly audit report       cvss: [Object]
33 silly audit report     }
33 silly audit report   ],
33 silly audit report   ajv: [
33 silly audit report     {
33 silly audit report       id: 1097685,
33 silly audit report       url: 'https://github.com/advisories/GHSA-v88g-cgmw-v5xw',
33 silly audit report       title: 'Prototype Pollution in Ajv',
33 silly audit report       severity: 'moderate',
33 silly audit report       vulnerable_versions: '<6.12.3',
33 silly audit report       cwe: [Array],
33 silly audit report       cvss: [Object]
33 silly audit report     }
33 silly audit report   ],
33 silly audit report   hawk: [
33 silly audit report     {
33 silly audit report       id: 1095062,
33 silly audit report       url: 'https://github.com/advisories/GHSA-44pw-h2cw-w3vq',
33 silly audit report       title: 'Uncontrolled Resource Consumption in Hawk',
33 silly audit report       severity: 'high',
33 silly audit report       vulnerable_versions: '<9.0.1',
33 silly audit report       cwe: [Array],
33 silly audit report       cvss: [Object]
33 silly audit report     }
33 silly audit report   ],
33 silly audit report   hoek: [
33 silly audit report     {
33 silly audit report       id: 1093855,
33 silly audit report       url: 'https://github.com/advisories/GHSA-jp4x-w63m-7wgm',
33 silly audit report       title: 'Prototype Pollution in hoek',
33 silly audit report       severity: 'high',
33 silly audit report       vulnerable_versions: '<4.2.1',
33 silly audit report       cwe: [Array],
33 silly audit report       cvss: [Object]
33 silly audit report     },
33 silly audit report     {
33 silly audit report       id: 1096410,
33 silly audit report       url: 'https://github.com/advisories/GHSA-c429-5p7v-vgjp',
33 silly audit report       title: 'hoek subject to prototype pollution via the clone function.',
33 silly audit report       severity: 'high',
33 silly audit report       vulnerable_versions: '<=6.1.3',
33 silly audit report       cwe: [Array],
33 silly audit report       cvss: [Object]
33 silly audit report     }
33 silly audit report   ],
33 silly audit report   'json-schema': [
33 silly audit report     {
33 silly audit report       id: 1095057,
33 silly audit report       url: 'https://github.com/advisories/GHSA-896r-f27r-55mw',
33 silly audit report       title: 'json-schema is vulnerable to Prototype Pollution',
33 silly audit report       severity: 'critical',
33 silly audit report       vulnerable_versions: '<0.4.0',
33 silly audit report       cwe: [Array],
33 silly audit report       cvss: [Object]
33 silly audit report     }
33 silly audit report   ],
33 silly audit report   sshpk: [
33 silly audit report     {
33 silly audit report       id: 1089418,
33 silly audit report       url: 'https://github.com/advisories/GHSA-2m39-62fm-q8r3',
33 silly audit report       title: 'Regular Expression Denial of Service in sshpk',
33 silly audit report       severity: 'high',
33 silly audit report       vulnerable_versions: '<1.13.2',
33 silly audit report       cwe: [Array],
33 silly audit report       cvss: [Object]
33 silly audit report     }
33 silly audit report   ],
33 silly audit report   stringstream: [
33 silly audit report     {
33 silly audit report       id: 1090117,
33 silly audit report       url: 'https://github.com/advisories/GHSA-mf6x-7mm4-x2g7',
33 silly audit report       title: 'Out-of-bounds Read in stringstream',
33 silly audit report       severity: 'moderate',
33 silly audit report       vulnerable_versions: '<0.0.6',
33 silly audit report       cwe: [Array],
33 silly audit report       cvss: [Object]
33 silly audit report     }
33 silly audit report   ],
33 silly audit report   'tough-cookie': [
33 silly audit report     {
33 silly audit report       id: 1095103,
33 silly audit report       url: 'https://github.com/advisories/GHSA-g7q5-pjjr-gqvp',
33 silly audit report       title: 'Regular Expression Denial of Service in tough-cookie',
33 silly audit report       severity: 'high',
33 silly audit report       vulnerable_versions: '<2.3.3',
33 silly audit report       cwe: [Array],
33 silly audit report       cvss: [Object]
33 silly audit report     },
33 silly audit report     {
33 silly audit report       id: 1097682,
33 silly audit report       url: 'https://github.com/advisories/GHSA-72xf-g2v4-qvf3',
33 silly audit report       title: 'tough-cookie Prototype Pollution vulnerability',
33 silly audit report       severity: 'moderate',
33 silly audit report       vulnerable_versions: '<4.1.3',
33 silly audit report       cwe: [Array],
33 silly audit report       cvss: [Object]
33 silly audit report     }
33 silly audit report   ],
33 silly audit report   ssri: [
33 silly audit report     {
33 silly audit report       id: 1090997,
33 silly audit report       url: 'https://github.com/advisories/GHSA-325j-24f4-qv5x',
33 silly audit report       title: 'Regular Expression Denial of Service in ssri',
33 silly audit report       severity: 'moderate',
33 silly audit report       vulnerable_versions: '<5.2.2',
33 silly audit report       cwe: [Array],
33 silly audit report       cvss: [Object]
33 silly audit report     }
33 silly audit report   ],
33 silly audit report   tar: [
33 silly audit report     {
33 silly audit report       id: 1089685,
33 silly audit report       url: 'https://github.com/advisories/GHSA-3jfq-g458-7qm9',
33 silly audit report       title: 'Arbitrary File Creation/Overwrite due to insufficient absolute path sanitization',
33 silly audit report       severity: 'high',
33 silly audit report       vulnerable_versions: '<3.2.2',
33 silly audit report       cwe: [Array],
33 silly audit report       cvss: [Object]
33 silly audit report     },
33 silly audit report     {
33 silly audit report       id: 1095117,
33 silly audit report       url: 'https://github.com/advisories/GHSA-5955-9wpr-37jh',
33 silly audit report       title: 'Arbitrary File Creation/Overwrite on Windows via insufficient relative path sanitization',
33 silly audit report       severity: 'high',
33 silly audit report       vulnerable_versions: '<4.4.18',
33 silly audit report       cwe: [Array],
33 silly audit report       cvss: [Object]
33 silly audit report     },
33 silly audit report     {
33 silly audit report       id: 1097493,
33 silly audit report       url: 'https://github.com/advisories/GHSA-f5x3-32g6-xq36',
33 silly audit report       title: 'Denial of service while parsing a tar file due to lack of folders count validation',
33 silly audit report       severity: 'moderate',
33 silly audit report       vulnerable_versions: '<6.2.1',
33 silly audit report       cwe: [Array],
33 silly audit report       cvss: [Object]
33 silly audit report     },
33 silly audit report     {
33 silly audit report       id: 1095119,
33 silly audit report       url: 'https://github.com/advisories/GHSA-j44m-qm6p-hp7m',
33 silly audit report       title: 'Arbitrary File Overwrite in tar',
33 silly audit report       severity: 'high',
33 silly audit report       vulnerable_versions: '<2.2.2',
33 silly audit report       cwe: [Array],
33 silly audit report       cvss: [Object]
33 silly audit report     }
33 silly audit report   ]
33 silly audit report }
34 silly packumentCache corgi:https://registry.npmjs.org/ansi-regex cache-miss
35 silly packumentCache corgi:https://registry.npmjs.org/cross-spawn cache-miss
36 silly packumentCache corgi:https://registry.npmjs.org/debug cache-miss
37 silly packumentCache corgi:https://registry.npmjs.org/minimatch cache-miss
38 silly packumentCache corgi:https://registry.npmjs.org/ini cache-miss
39 silly packumentCache corgi:https://registry.npmjs.org/y18n cache-miss
40 silly packumentCache corgi:https://registry.npmjs.org/qs cache-miss
41 silly packumentCache corgi:https://registry.npmjs.org/semver cache-miss
42 silly packumentCache corgi:https://registry.npmjs.org/yargs-parser cache-miss
43 silly packumentCache corgi:https://registry.npmjs.org/deep-extend cache-miss
44 silly packumentCache corgi:https://registry.npmjs.org/dot-prop cache-miss
45 silly packumentCache corgi:https://registry.npmjs.org/got cache-miss
46 silly packumentCache corgi:https://registry.npmjs.org/hosted-git-info cache-miss
47 silly packumentCache corgi:https://registry.npmjs.org/minimist cache-miss
48 silly packumentCache corgi:https://registry.npmjs.org/npm cache-miss
49 silly packumentCache corgi:https://registry.npmjs.org/chownr cache-miss
50 silly packumentCache corgi:https://registry.npmjs.org/fstream cache-miss
51 silly packumentCache corgi:https://registry.npmjs.org/npm-user-validate cache-miss
52 silly packumentCache corgi:https://registry.npmjs.org/http-cache-semantics cache-miss
53 silly packumentCache corgi:https://registry.npmjs.org/http-proxy-agent cache-miss
54 silly packumentCache corgi:https://registry.npmjs.org/https-proxy-agent cache-miss
55 silly packumentCache corgi:https://registry.npmjs.org/ip cache-miss
56 silly packumentCache corgi:https://registry.npmjs.org/tar-fs cache-miss
57 silly packumentCache corgi:https://registry.npmjs.org/bl cache-miss
58 silly packumentCache corgi:https://registry.npmjs.org/request cache-miss
59 silly packumentCache corgi:https://registry.npmjs.org/extend cache-miss
60 silly packumentCache corgi:https://registry.npmjs.org/ajv cache-miss
61 silly packumentCache corgi:https://registry.npmjs.org/hawk cache-miss
62 silly packumentCache corgi:https://registry.npmjs.org/hoek cache-miss
63 silly packumentCache corgi:https://registry.npmjs.org/json-schema cache-miss
64 silly packumentCache corgi:https://registry.npmjs.org/sshpk cache-miss
65 silly packumentCache corgi:https://registry.npmjs.org/stringstream cache-miss
66 silly packumentCache corgi:https://registry.npmjs.org/tough-cookie cache-miss
67 silly packumentCache corgi:https://registry.npmjs.org/ssri cache-miss
68 silly packumentCache corgi:https://registry.npmjs.org/tar cache-miss
69 http fetch GET 200 https://registry.npmjs.org/cross-spawn 75ms (cache hit)
70 silly packumentCache corgi:https://registry.npmjs.org/cross-spawn set size:44626 disposed:false
71 http fetch GET 200 https://registry.npmjs.org/y18n 75ms (cache hit)
72 silly packumentCache corgi:https://registry.npmjs.org/y18n set size:28451 disposed:false
73 http fetch GET 200 https://registry.npmjs.org/minimatch 77ms (cache hit)
74 silly packumentCache corgi:https://registry.npmjs.org/minimatch set size:142111 disposed:false
75 http fetch GET 200 https://registry.npmjs.org/debug 78ms (cache hit)
76 silly packumentCache corgi:https://registry.npmjs.org/debug set size:72932 disposed:false
77 http fetch GET 200 https://registry.npmjs.org/semver 78ms (cache hit)
78 silly packumentCache corgi:https://registry.npmjs.org/semver set size:92294 disposed:false
79 http fetch GET 200 https://registry.npmjs.org/ansi-regex 83ms (cache hit)
80 silly packumentCache corgi:https://registry.npmjs.org/ansi-regex set size:17900 disposed:false
81 http fetch GET 200 https://registry.npmjs.org/ini 82ms (cache hit)
82 silly packumentCache corgi:https://registry.npmjs.org/ini set size:24884 disposed:false
83 http fetch GET 200 https://registry.npmjs.org/dot-prop 80ms (cache hit)
84 silly packumentCache corgi:https://registry.npmjs.org/dot-prop set size:31578 disposed:false
85 http fetch GET 200 https://registry.npmjs.org/minimist 81ms (cache hit)
86 silly packumentCache corgi:https://registry.npmjs.org/minimist set size:29263 disposed:false
87 http fetch GET 200 https://registry.npmjs.org/deep-extend 83ms (cache hit)
88 silly packumentCache corgi:https://registry.npmjs.org/deep-extend set size:13806 disposed:false
89 http fetch GET 200 https://registry.npmjs.org/qs 84ms (cache hit)
90 silly packumentCache corgi:https://registry.npmjs.org/qs set size:108486 disposed:false
91 http fetch GET 200 https://registry.npmjs.org/chownr 84ms (cache hit)
92 silly packumentCache corgi:https://registry.npmjs.org/chownr set size:11768 disposed:false
93 http fetch GET 200 https://registry.npmjs.org/hosted-git-info 86ms (cache hit)
94 silly packumentCache corgi:https://registry.npmjs.org/hosted-git-info set size:71813 disposed:false
95 http fetch GET 200 https://registry.npmjs.org/http-cache-semantics 85ms (cache hit)
96 silly packumentCache corgi:https://registry.npmjs.org/http-cache-semantics set size:21479 disposed:false
97 http fetch GET 200 https://registry.npmjs.org/yargs-parser 89ms (cache hit)
98 silly packumentCache corgi:https://registry.npmjs.org/yargs-parser set size:112987 disposed:false
99 http fetch GET 200 https://registry.npmjs.org/fstream 89ms (cache hit)
100 silly packumentCache corgi:https://registry.npmjs.org/fstream set size:31968 disposed:false
101 http fetch GET 200 https://registry.npmjs.org/npm-user-validate 89ms (cache hit)
102 silly packumentCache corgi:https://registry.npmjs.org/npm-user-validate set size:10855 disposed:false
103 http fetch GET 200 https://registry.npmjs.org/http-proxy-agent 90ms (cache hit)
104 silly packumentCache corgi:https://registry.npmjs.org/http-proxy-agent set size:22735 disposed:false
105 http fetch GET 200 https://registry.npmjs.org/tar-fs 89ms (cache hit)
106 silly packumentCache corgi:https://registry.npmjs.org/tar-fs set size:45848 disposed:false
107 http fetch GET 200 https://registry.npmjs.org/ip 90ms (cache hit)
108 silly packumentCache corgi:https://registry.npmjs.org/ip set size:17316 disposed:false
109 http fetch GET 200 https://registry.npmjs.org/https-proxy-agent 92ms (cache hit)
110 silly packumentCache corgi:https://registry.npmjs.org/https-proxy-agent set size:33763 disposed:false
111 http fetch GET 200 https://registry.npmjs.org/bl 91ms (cache hit)
112 silly packumentCache corgi:https://registry.npmjs.org/bl set size:57560 disposed:false
113 http fetch GET 200 https://registry.npmjs.org/got 95ms (cache hit)
114 silly packumentCache corgi:https://registry.npmjs.org/got set size:325628 disposed:false
115 http fetch GET 200 https://registry.npmjs.org/request 96ms (cache hit)
116 silly packumentCache corgi:https://registry.npmjs.org/request set size:129997 disposed:false
117 http fetch GET 200 https://registry.npmjs.org/hawk 97ms (cache hit)
118 silly packumentCache corgi:https://registry.npmjs.org/hawk set size:76484 disposed:false
119 http fetch GET 200 https://registry.npmjs.org/json-schema 101ms (cache hit)
120 silly packumentCache corgi:https://registry.npmjs.org/json-schema set size:7667 disposed:false
121 http fetch GET 200 https://registry.npmjs.org/hoek 101ms (cache hit)
122 silly packumentCache corgi:https://registry.npmjs.org/hoek set size:108254 disposed:false
123 http fetch GET 200 https://registry.npmjs.org/extend 103ms (cache hit)
124 silly packumentCache corgi:https://registry.npmjs.org/extend set size:9055 disposed:false
125 http fetch GET 200 https://registry.npmjs.org/ssri 101ms (cache hit)
126 silly packumentCache corgi:https://registry.npmjs.org/ssri set size:41983 disposed:false
127 http fetch GET 200 https://registry.npmjs.org/sshpk 103ms (cache hit)
128 silly packumentCache corgi:https://registry.npmjs.org/sshpk set size:52578 disposed:false
129 http fetch GET 200 https://registry.npmjs.org/tough-cookie 104ms (cache hit)
130 silly packumentCache corgi:https://registry.npmjs.org/tough-cookie set size:45590 disposed:false
131 http fetch GET 200 https://registry.npmjs.org/ajv 106ms (cache hit)
132 silly packumentCache corgi:https://registry.npmjs.org/ajv set size:461470 disposed:false
133 http fetch GET 200 https://registry.npmjs.org/npm 118ms (cache hit)
134 silly packumentCache corgi:https://registry.npmjs.org/npm set size:2247452 disposed:false
135 http fetch GET 200 https://registry.npmjs.org/stringstream 143ms (cache hit)
136 silly packumentCache corgi:https://registry.npmjs.org/stringstream set size:5875 disposed:false
137 http fetch GET 200 https://registry.npmjs.org/tar 145ms (cache hit)
138 silly packumentCache corgi:https://registry.npmjs.org/tar set size:156578 disposed:false
139 silly packumentCache corgi:https://registry.npmjs.org/strip-ansi cache-miss
140 http fetch GET 200 https://registry.npmjs.org/strip-ansi 4ms (cache hit)
141 silly packumentCache corgi:https://registry.npmjs.org/strip-ansi set size:17904 disposed:false
142 silly packumentCache corgi:https://registry.npmjs.org/execa cache-miss
143 http fetch GET 200 https://registry.npmjs.org/execa 1ms (cache hit)
144 silly packumentCache corgi:https://registry.npmjs.org/execa set size:83988 disposed:false
145 silly packumentCache corgi:https://registry.npmjs.org/glob cache-miss
146 silly packumentCache corgi:https://registry.npmjs.org/fstream-ignore cache-miss
147 silly packumentCache corgi:https://registry.npmjs.org/node-gyp cache-miss
148 silly packumentCache corgi:https://registry.npmjs.org/pacote cache-miss
149 http fetch GET 200 https://registry.npmjs.org/glob 5ms (cache hit)
150 silly packumentCache corgi:https://registry.npmjs.org/glob set size:152948 disposed:false
151 http fetch GET 200 https://registry.npmjs.org/fstream-ignore 6ms (cache hit)
152 silly packumentCache corgi:https://registry.npmjs.org/fstream-ignore set size:10884 disposed:false
153 http fetch GET 200 https://registry.npmjs.org/node-gyp 7ms (cache hit)
154 silly packumentCache corgi:https://registry.npmjs.org/node-gyp set size:142915 disposed:false
155 http fetch GET 200 https://registry.npmjs.org/pacote 10ms (cache hit)
156 silly packumentCache corgi:https://registry.npmjs.org/pacote set size:381612 disposed:false
157 silly packumentCache corgi:https://registry.npmjs.org/global-dirs cache-miss
158 silly packumentCache corgi:https://registry.npmjs.org/rc cache-miss
159 silly packumentCache corgi:https://registry.npmjs.org/config-chain cache-miss
160 http fetch GET 200 https://registry.npmjs.org/config-chain 7ms (cache hit)
161 silly packumentCache corgi:https://registry.npmjs.org/config-chain set size:15538 disposed:false
162 http fetch GET 200 https://registry.npmjs.org/global-dirs 8ms (cache hit)
163 silly packumentCache corgi:https://registry.npmjs.org/global-dirs set size:11802 disposed:false
164 http fetch GET 200 https://registry.npmjs.org/rc 9ms (cache hit)
165 silly packumentCache corgi:https://registry.npmjs.org/rc set size:29081 disposed:false
166 silly packumentCache corgi:https://registry.npmjs.org/libnpx cache-miss
167 http fetch GET 200 https://registry.npmjs.org/libnpx 1ms (cache hit)
168 silly packumentCache corgi:https://registry.npmjs.org/libnpx set size:37961 disposed:false
169 silly packumentCache corgi:https://registry.npmjs.org/cacache cache-miss
170 silly packumentCache corgi:https://registry.npmjs.org/yargs cache-miss
171 http fetch GET 200 https://registry.npmjs.org/cacache 6ms (cache hit)
172 silly packumentCache corgi:https://registry.npmjs.org/cacache set size:151389 disposed:false
173 http fetch GET 200 https://registry.npmjs.org/yargs 7ms (cache hit)
174 silly packumentCache corgi:https://registry.npmjs.org/yargs set size:328890 disposed:false
175 silly packumentCache corgi:https://registry.npmjs.org/init-package-json cache-miss
176 silly packumentCache corgi:https://registry.npmjs.org/normalize-package-data cache-miss
177 silly packumentCache corgi:https://registry.npmjs.org/npm-install-checks cache-miss
178 silly packumentCache corgi:https://registry.npmjs.org/npm-package-arg cache-miss
179 silly packumentCache corgi:https://registry.npmjs.org/npm-registry-client cache-miss
180 silly packumentCache corgi:https://registry.npmjs.org/npm-pick-manifest cache-miss
181 silly packumentCache corgi:https://registry.npmjs.org/read-installed cache-miss
182 silly packumentCache corgi:https://registry.npmjs.org/package-json cache-miss
183 silly packumentCache corgi:https://registry.npmjs.org/semver-diff cache-miss
184 http fetch GET 200 https://registry.npmjs.org/npm-install-checks 14ms (cache hit)
185 silly packumentCache corgi:https://registry.npmjs.org/npm-install-checks set size:22722 disposed:false
186 http fetch GET 200 https://registry.npmjs.org/npm-package-arg 15ms (cache hit)
187 silly packumentCache corgi:https://registry.npmjs.org/npm-package-arg set size:53499 disposed:false
188 http fetch GET 200 https://registry.npmjs.org/init-package-json 18ms (cache hit)
189 silly packumentCache corgi:https://registry.npmjs.org/init-package-json set size:63722 disposed:false
190 http fetch GET 200 https://registry.npmjs.org/npm-pick-manifest 19ms (cache hit)
191 silly packumentCache corgi:https://registry.npmjs.org/npm-pick-manifest set size:39367 disposed:false
192 http fetch GET 200 https://registry.npmjs.org/normalize-package-data 20ms (cache hit)
193 silly packumentCache corgi:https://registry.npmjs.org/normalize-package-data set size:52534 disposed:false
194 http fetch GET 200 https://registry.npmjs.org/npm-registry-client 21ms (cache hit)
195 silly packumentCache corgi:https://registry.npmjs.org/npm-registry-client set size:141565 disposed:false
196 http fetch GET 200 https://registry.npmjs.org/read-installed 22ms (cache hit)
197 silly packumentCache corgi:https://registry.npmjs.org/read-installed set size:24250 disposed:false
198 http fetch GET 200 https://registry.npmjs.org/package-json 23ms (cache hit)
199 silly packumentCache corgi:https://registry.npmjs.org/package-json set size:33596 disposed:false
200 http fetch GET 200 https://registry.npmjs.org/semver-diff 24ms (cache hit)
201 silly packumentCache corgi:https://registry.npmjs.org/semver-diff set size:8657 disposed:false
202 silly packumentCache corgi:https://registry.npmjs.org/configstore cache-miss
203 http fetch GET 200 https://registry.npmjs.org/configstore 1ms (cache hit)
204 silly packumentCache corgi:https://registry.npmjs.org/configstore set size:31180 disposed:false
205 silly packumentCache corgi:https://registry.npmjs.org/mkdirp cache-miss
206 http fetch GET 200 https://registry.npmjs.org/mkdirp 4ms (cache hit)
207 silly packumentCache corgi:https://registry.npmjs.org/mkdirp set size:49417 disposed:false
208 silly packumentCache corgi:https://registry.npmjs.org/npx cache-miss
209 http fetch GET 200 https://registry.npmjs.org/npx 2ms (cache hit)
210 silly packumentCache corgi:https://registry.npmjs.org/npx set size:54272 disposed:false
211 silly packumentCache corgi:https://registry.npmjs.org/make-fetch-happen cache-miss
212 http fetch GET 200 https://registry.npmjs.org/make-fetch-happen 2ms (cache hit)
213 silly packumentCache corgi:https://registry.npmjs.org/make-fetch-happen set size:177116 disposed:false
214 silly packumentCache corgi:https://registry.npmjs.org/socks cache-miss
215 http fetch GET 200 https://registry.npmjs.org/socks 1ms (cache hit)
216 silly packumentCache corgi:https://registry.npmjs.org/socks set size:61736 disposed:false
217 silly packumentCache corgi:https://registry.npmjs.org/tar-stream cache-miss
218 http fetch GET 200 https://registry.npmjs.org/tar-stream 2ms (cache hit)
219 silly packumentCache corgi:https://registry.npmjs.org/tar-stream set size:56421 disposed:false
220 silly packumentCache corgi:https://registry.npmjs.org/har-validator cache-miss
221 http fetch GET 200 https://registry.npmjs.org/har-validator 1ms (cache hit)
222 silly packumentCache corgi:https://registry.npmjs.org/har-validator set size:49284 disposed:false
223 silly packumentCache corgi:https://registry.npmjs.org/boom cache-miss
224 silly packumentCache corgi:https://registry.npmjs.org/sntp cache-miss
225 http fetch GET 200 https://registry.npmjs.org/sntp 2ms (cache hit)
226 silly packumentCache corgi:https://registry.npmjs.org/sntp set size:23314 disposed:false
227 http fetch GET 200 https://registry.npmjs.org/boom 3ms (cache hit)
228 silly packumentCache corgi:https://registry.npmjs.org/boom set size:64049 disposed:false
229 silly packumentCache corgi:https://registry.npmjs.org/jsprim cache-miss
230 http fetch GET 200 https://registry.npmjs.org/jsprim 3ms (cache hit)
231 silly packumentCache corgi:https://registry.npmjs.org/jsprim set size:18472 disposed:false
232 silly packumentCache corgi:https://registry.npmjs.org/http-signature cache-miss
233 http fetch GET 200 https://registry.npmjs.org/http-signature 2ms (cache hit)
234 silly packumentCache corgi:https://registry.npmjs.org/http-signature set size:25024 disposed:false
235 silly packumentCache corgi:https://registry.npmjs.org/term-size cache-miss
236 http fetch GET 200 https://registry.npmjs.org/term-size 1ms (cache hit)
237 silly packumentCache corgi:https://registry.npmjs.org/term-size set size:16458 disposed:false
238 silly packumentCache corgi:https://registry.npmjs.org/registry-auth-token cache-miss
239 silly packumentCache corgi:https://registry.npmjs.org/registry-url cache-miss
240 http fetch GET 200 https://registry.npmjs.org/registry-auth-token 3ms (cache hit)
241 silly packumentCache corgi:https://registry.npmjs.org/registry-auth-token set size:26580 disposed:false
242 http fetch GET 200 https://registry.npmjs.org/registry-url 3ms (cache hit)
243 silly packumentCache corgi:https://registry.npmjs.org/registry-url set size:14057 disposed:false
244 silly packumentCache corgi:https://registry.npmjs.org/latest-version cache-miss
245 http fetch GET 200 https://registry.npmjs.org/latest-version 1ms (cache hit)
246 silly packumentCache corgi:https://registry.npmjs.org/latest-version set size:15360 disposed:false
247 silly packumentCache corgi:https://registry.npmjs.org/cmd-shim cache-miss
248 silly packumentCache corgi:https://registry.npmjs.org/move-concurrently cache-miss
249 silly packumentCache corgi:https://registry.npmjs.org/copy-concurrently cache-miss
250 http fetch GET 200 https://registry.npmjs.org/cmd-shim 7ms (cache hit)
251 silly packumentCache corgi:https://registry.npmjs.org/cmd-shim set size:26182 disposed:false
252 http fetch GET 200 https://registry.npmjs.org/move-concurrently 8ms (cache hit)
253 silly packumentCache corgi:https://registry.npmjs.org/move-concurrently set size:1722 disposed:false
254 http fetch GET 200 https://registry.npmjs.org/copy-concurrently 8ms (cache hit)
255 silly packumentCache corgi:https://registry.npmjs.org/copy-concurrently set size:4874 disposed:false
256 silly packumentCache corgi:https://registry.npmjs.org/cryptiles cache-miss
257 http fetch GET 200 https://registry.npmjs.org/cryptiles 2ms (cache hit)
258 silly packumentCache corgi:https://registry.npmjs.org/cryptiles set size:33327 disposed:false
259 silly packumentCache corgi:https://registry.npmjs.org/boxen cache-miss
260 http fetch GET 200 https://registry.npmjs.org/boxen 1ms (cache hit)
261 silly packumentCache corgi:https://registry.npmjs.org/boxen set size:47703 disposed:false
262 silly packumentCache corgi:https://registry.npmjs.org/update-notifier cache-miss
263 http fetch GET 200 https://registry.npmjs.org/update-notifier 2ms (cache hit)
264 silly packumentCache corgi:https://registry.npmjs.org/update-notifier set size:56608 disposed:false
265 verbose cwd /home/app/monannonce
266 verbose os Linux 5.15.0-125-generic
267 verbose node v22.11.0
268 verbose npm  v10.9.0
269 verbose exit 0
270 info ok
