0 verbose cli /usr/local/bin/node /usr/local/bin/npm
1 info using npm@10.9.0
2 info using node@v22.11.0
3 silly config load:file:/usr/local/lib/node_modules/npm/npmrc
4 silly config load:file:/home/app/monannonce/.npmrc
5 silly config load:file:/home/app/.npmrc
6 silly config load:file:/usr/local/etc/npmrc
7 verbose title npm i mariadb
8 verbose argv "i" "--save" "mariadb"
9 verbose logfile logs-max:10 dir:/home/app/.npm/_logs/2024-11-20T13_30_49_196Z-
10 verbose logfile /home/app/.npm/_logs/2024-11-20T13_30_49_196Z-debug-0.log
11 silly logfile start cleaning logs, removing 1 files
12 silly packumentCache heap:4345298944 maxSize:1086324736 maxEntrySize:543162368
13 silly logfile done cleaning log files
14 silly idealTree buildDeps
15 silly fetch manifest mariadb@*
16 silly packumentCache full:https://registry.npmjs.org/mariadb cache-miss
17 http fetch GET 200 https://registry.npmjs.org/mariadb 984ms (cache miss)
18 silly packumentCache full:https://registry.npmjs.org/mariadb set size:undefined disposed:false
19 silly placeDep ROOT mariadb@3.4.0 OK for: monannonce@1.0.0 want: *
20 silly fetch manifest @types/geojson@^7946.0.14
21 silly packumentCache full:https://registry.npmjs.org/@types%2fgeojson cache-miss
22 silly fetch manifest denque@^2.1.0
23 silly packumentCache full:https://registry.npmjs.org/denque cache-miss
24 silly fetch manifest iconv-lite@^0.6.3
25 silly packumentCache full:https://registry.npmjs.org/iconv-lite cache-miss
26 silly fetch manifest lru-cache@^10.3.0
27 silly packumentCache full:https://registry.npmjs.org/lru-cache cache-miss
28 http fetch GET 200 https://registry.npmjs.org/@types%2fgeojson 69ms (cache miss)
29 silly packumentCache full:https://registry.npmjs.org/@types%2fgeojson set size:undefined disposed:false
30 http fetch GET 200 https://registry.npmjs.org/iconv-lite 136ms (cache revalidated)
31 silly packumentCache full:https://registry.npmjs.org/iconv-lite set size:115994 disposed:false
32 http fetch GET 200 https://registry.npmjs.org/denque 146ms (cache miss)
33 silly packumentCache full:https://registry.npmjs.org/denque set size:undefined disposed:false
34 http fetch GET 200 https://registry.npmjs.org/lru-cache 152ms (cache miss)
35 silly packumentCache full:https://registry.npmjs.org/lru-cache set size:undefined disposed:false
36 silly placeDep ROOT @types/geojson@7946.0.14 OK for: mariadb@3.4.0 want: ^7946.0.14
37 silly placeDep ROOT denque@2.1.0 OK for: mariadb@3.4.0 want: ^2.1.0
38 silly placeDep node_modules/mariadb iconv-lite@0.6.3 OK for: mariadb@3.4.0 want: ^0.6.3
39 silly placeDep ROOT lru-cache@10.4.3 OK for: mariadb@3.4.0 want: ^10.3.0
40 silly reify moves {}
41 silly audit bulk request {
41 silly audit   '@mongodb-js/saslprep': [ '1.1.9' ],
41 silly audit   '@types/debug': [ '4.1.12' ],
41 silly audit   '@types/ms': [ '0.7.34' ],
41 silly audit   '@types/node': [ '22.9.0' ],
41 silly audit   '@types/validator': [ '13.12.2' ],
41 silly audit   '@types/webidl-conversions': [ '7.0.3' ],
41 silly audit   '@types/whatwg-url': [ '11.0.5' ],
41 silly audit   accepts: [ '1.3.8' ],
41 silly audit   'array-flatten': [ '1.1.1' ],
41 silly audit   'body-parser': [ '1.20.3' ],
41 silly audit   bson: [ '6.10.0' ],
41 silly audit   bytes: [ '3.1.2' ],
41 silly audit   'call-bind': [ '1.0.7' ],
41 silly audit   'content-disposition': [ '0.5.4' ],
41 silly audit   'content-type': [ '1.0.5' ],
41 silly audit   cookie: [ '0.7.1' ],
41 silly audit   'cookie-signature': [ '1.0.6' ],
41 silly audit   debug: [ '2.6.9', '4.3.7' ],
41 silly audit   'define-data-property': [ '1.1.4' ],
41 silly audit   depd: [ '2.0.0' ],
41 silly audit   destroy: [ '1.2.0' ],
41 silly audit   dottie: [ '2.0.6' ],
41 silly audit   'ee-first': [ '1.1.1' ],
41 silly audit   encodeurl: [ '2.0.0', '1.0.2' ],
41 silly audit   'es-define-property': [ '1.0.0' ],
41 silly audit   'es-errors': [ '1.3.0' ],
41 silly audit   'escape-html': [ '1.0.3' ],
41 silly audit   etag: [ '1.8.1' ],
41 silly audit   express: [ '4.21.1' ],
41 silly audit   'express-validator': [ '7.2.0' ],
41 silly audit   finalhandler: [ '1.3.1' ],
41 silly audit   forwarded: [ '0.2.0' ],
41 silly audit   fresh: [ '0.5.2' ],
41 silly audit   'function-bind': [ '1.1.2' ],
41 silly audit   'get-intrinsic': [ '1.2.4' ],
41 silly audit   gopd: [ '1.0.1' ],
41 silly audit   'has-property-descriptors': [ '1.0.2' ],
41 silly audit   'has-proto': [ '1.0.3' ],
41 silly audit   'has-symbols': [ '1.0.3' ],
41 silly audit   hasown: [ '2.0.2' ],
41 silly audit   'http-errors': [ '2.0.0' ],
41 silly audit   'iconv-lite': [ '0.4.24', '0.6.3' ],
41 silly audit   inflection: [ '1.13.4' ],
41 silly audit   inherits: [ '2.0.4' ],
41 silly audit   'ipaddr.js': [ '1.9.1' ],
41 silly audit   kareem: [ '2.6.3' ],
41 silly audit   lodash: [ '4.17.21' ],
41 silly audit   'media-typer': [ '0.3.0' ],
41 silly audit   'memory-pager': [ '1.5.0' ],
41 silly audit   'merge-descriptors': [ '1.0.3' ],
41 silly audit   methods: [ '1.1.2' ],
41 silly audit   mime: [ '1.6.0' ],
41 silly audit   'mime-db': [ '1.52.0' ],
41 silly audit   'mime-types': [ '2.1.35' ],
41 silly audit   moment: [ '2.30.1' ],
41 silly audit   'moment-timezone': [ '0.5.46' ],
41 silly audit   mongodb: [ '6.10.0' ],
41 silly audit   'mongodb-connection-string-url': [ '3.0.1' ],
41 silly audit   mongoose: [ '8.8.2' ],
41 silly audit   ms: [ '2.1.3', '2.0.0' ],
41 silly audit   mpath: [ '0.9.0' ],
41 silly audit   mquery: [ '5.0.0' ],
41 silly audit   negotiator: [ '0.6.3' ],
41 silly audit   'object-inspect': [ '1.13.3' ],
41 silly audit   'on-finished': [ '2.4.1' ],
41 silly audit   parseurl: [ '1.3.3' ],
41 silly audit   'path-to-regexp': [ '0.1.10' ],
41 silly audit   'pg-connection-string': [ '2.7.0' ],
41 silly audit   'proxy-addr': [ '2.0.7' ],
41 silly audit   punycode: [ '2.3.1' ],
41 silly audit   qs: [ '6.13.0' ],
41 silly audit   'range-parser': [ '1.2.1' ],
41 silly audit   'raw-body': [ '2.5.2' ],
41 silly audit   'retry-as-promised': [ '7.0.4' ],
41 silly audit   'safe-buffer': [ '5.2.1' ],
41 silly audit   'safer-buffer': [ '2.1.2' ],
41 silly audit   semver: [ '7.6.3' ],
41 silly audit   send: [ '0.19.0' ],
41 silly audit   sequelize: [ '6.37.5' ],
41 silly audit   'sequelize-pool': [ '7.1.0' ],
41 silly audit   'serve-static': [ '1.16.2' ],
41 silly audit   'set-function-length': [ '1.2.2' ],
41 silly audit   setprototypeof: [ '1.2.0' ],
41 silly audit   'side-channel': [ '1.0.6' ],
41 silly audit   sift: [ '17.1.3' ],
41 silly audit   'sparse-bitfield': [ '3.0.3' ],
41 silly audit   statuses: [ '2.0.1' ],
41 silly audit   toidentifier: [ '1.0.1' ],
41 silly audit   'toposort-class': [ '1.0.1' ],
41 silly audit   tr46: [ '4.1.1' ],
41 silly audit   'type-is': [ '1.6.18' ],
41 silly audit   'undici-types': [ '6.19.8' ],
41 silly audit   unpipe: [ '1.0.0' ],
41 silly audit   'utils-merge': [ '1.0.1' ],
41 silly audit   uuid: [ '8.3.2' ],
41 silly audit   validator: [ '13.12.0' ],
41 silly audit   vary: [ '1.1.2' ],
41 silly audit   'webidl-conversions': [ '7.0.0' ],
41 silly audit   'whatwg-url': [ '13.0.0' ],
41 silly audit   wkx: [ '0.5.0' ],
41 silly audit   mariadb: [ '3.4.0' ],
41 silly audit   '@types/geojson': [ '7946.0.14' ],
41 silly audit   denque: [ '2.1.0' ],
41 silly audit   'lru-cache': [ '10.4.3' ]
41 silly audit }
42 silly tarball no local data for lru-cache@https://registry.npmjs.org/lru-cache/-/lru-cache-10.4.3.tgz. Extracting by manifest.
43 silly tarball no local data for denque@https://registry.npmjs.org/denque/-/denque-2.1.0.tgz. Extracting by manifest.
44 silly tarball no local data for @types/geojson@https://registry.npmjs.org/@types/geojson/-/geojson-7946.0.14.tgz. Extracting by manifest.
45 silly tarball no local data for mariadb@https://registry.npmjs.org/mariadb/-/mariadb-3.4.0.tgz. Extracting by manifest.
46 silly tarball no local data for iconv-lite@https://registry.npmjs.org/iconv-lite/-/iconv-lite-0.6.3.tgz. Extracting by manifest.
47 http fetch GET 200 https://registry.npmjs.org/@types/geojson/-/geojson-7946.0.14.tgz 87ms (cache miss)
48 http fetch GET 200 https://registry.npmjs.org/denque/-/denque-2.1.0.tgz 89ms (cache miss)
49 http fetch GET 200 https://registry.npmjs.org/lru-cache/-/lru-cache-10.4.3.tgz 104ms (cache miss)
50 http fetch GET 200 https://registry.npmjs.org/iconv-lite/-/iconv-lite-0.6.3.tgz 152ms (cache miss)
51 http fetch GET 200 https://registry.npmjs.org/mariadb/-/mariadb-3.4.0.tgz 168ms (cache miss)
52 http fetch POST 200 https://registry.npmjs.org/-/npm/v1/security/advisories/bulk 261ms
53 silly audit report {}
54 silly ADD node_modules/lru-cache
55 silly ADD node_modules/denque
56 silly ADD node_modules/@types/geojson
57 silly ADD node_modules/mariadb
58 silly ADD node_modules/mariadb/node_modules/iconv-lite
59 verbose cwd /home/app/monannonce
60 verbose os Linux 5.15.0-125-generic
61 verbose node v22.11.0
62 verbose npm  v10.9.0
63 verbose exit 0
64 info ok
