0 verbose cli /usr/local/bin/node /usr/local/bin/npm
1 info using npm@10.9.0
2 info using node@v22.11.0
3 silly config load:file:/usr/local/lib/node_modules/npm/npmrc
4 silly config load:file:/home/app/monannonce/.npmrc
5 silly config load:file:/home/app/.npmrc
6 silly config load:file:/usr/local/etc/npmrc
7 verbose title npm i bcryptjs
8 verbose argv "i" "bcryptjs"
9 verbose logfile logs-max:10 dir:/home/app/.npm/_logs/2024-11-21T14_38_12_420Z-
10 verbose logfile /home/app/.npm/_logs/2024-11-21T14_38_12_420Z-debug-0.log
11 silly logfile start cleaning logs, removing 1 files
12 silly packumentCache heap:4345298944 maxSize:1086324736 maxEntrySize:543162368
13 silly logfile done cleaning log files
14 silly idealTree buildDeps
15 silly fetch manifest bcryptjs@*
16 silly packumentCache full:https://registry.npmjs.org/bcryptjs cache-miss
17 http fetch GET 200 https://registry.npmjs.org/bcryptjs 651ms (cache miss)
18 silly packumentCache full:https://registry.npmjs.org/bcryptjs set size:undefined disposed:false
19 silly placeDep ROOT bcryptjs@2.4.3 OK for: monannonce@1.0.0 want: *
20 silly reify moves {}
21 silly audit bulk request {
21 silly audit   '@isaacs/cliui': [ '8.0.2' ],
21 silly audit   '@mapbox/node-pre-gyp': [ '1.0.11' ],
21 silly audit   abbrev: [ '1.1.1', '2.0.0', '1.1.0' ],
21 silly audit   nopt: [ '5.0.0', '7.2.1', '3.0.6', '4.0.1' ],
21 silly audit   '@mongodb-js/saslprep': [ '1.1.9' ],
21 silly audit   '@one-ini/wasm': [ '0.1.1' ],
21 silly audit   '@pkgjs/parseargs': [ '0.11.0' ],
21 silly audit   '@types/debug': [ '4.1.12' ],
21 silly audit   '@types/geojson': [ '7946.0.14' ],
21 silly audit   '@types/ms': [ '0.7.34' ],
21 silly audit   '@types/node': [ '22.9.0' ],
21 silly audit   '@types/validator': [ '13.12.2' ],
21 silly audit   '@types/webidl-conversions': [ '7.0.3' ],
21 silly audit   '@types/whatwg-url': [ '11.0.5' ],
21 silly audit   accepts: [ '1.3.8' ],
21 silly audit   'agent-base': [ '6.0.2', '4.1.0' ],
21 silly audit   debug: [ '4.3.7', '2.6.9', '2.6.8' ],
21 silly audit   ms: [ '2.1.3', '2.0.0' ],
21 silly audit   'ansi-regex': [ '6.1.0', '5.0.1', '3.0.0', '2.1.1' ],
21 silly audit   'ansi-styles': [ '6.2.1', '4.3.0', '3.2.1', '2.2.1' ],
21 silly audit   aproba: [ '2.0.0', '1.1.2' ],
21 silly audit   'are-we-there-yet': [ '2.0.0', '1.1.4' ],
21 silly audit   'array-flatten': [ '1.1.1' ],
21 silly audit   'at-least-node': [ '1.0.0' ],
21 silly audit   'balanced-match': [ '1.0.2', '1.0.0' ],
21 silly audit   bcrypt: [ '5.1.1' ],
21 silly audit   bluebird: [ '3.7.2', '3.5.0' ],
21 silly audit   'body-parser': [ '1.20.3' ],
21 silly audit   'brace-expansion': [ '2.0.1', '1.1.11', '1.1.8' ],
21 silly audit   bson: [ '6.10.0' ],
21 silly audit   'buffer-equal-constant-time': [ '1.0.1' ],
21 silly audit   bytes: [ '3.1.2' ],
21 silly audit   'call-bind': [ '1.0.7' ],
21 silly audit   chownr: [ '2.0.0', '1.0.1' ],
21 silly audit   'cli-color': [ '2.0.4' ],
21 silly audit   cliui: [ '7.0.4', '4.1.0' ],
21 silly audit   'emoji-regex': [ '8.0.0', '9.2.2' ],
21 silly audit   'string-width': [ '4.2.3', '5.1.2', '1.0.2', '2.1.0', '2.1.1' ],
21 silly audit   'strip-ansi': [ '6.0.1', '7.1.0', '3.0.1', '4.0.0' ],
21 silly audit   'wrap-ansi': [ '7.0.0', '8.1.0', '2.1.0' ],
21 silly audit   'color-convert': [ '2.0.1', '1.9.3' ],
21 silly audit   'color-name': [ '1.1.4', '1.1.3' ],
21 silly audit   'color-support': [ '1.1.3' ],
21 silly audit   commander: [ '10.0.1' ],
21 silly audit   'concat-map': [ '0.0.1' ],
21 silly audit   'config-chain': [ '1.1.13', '1.1.11' ],
21 silly audit   'console-control-strings': [ '1.1.0' ],
21 silly audit   'content-disposition': [ '0.5.4' ],
21 silly audit   'content-type': [ '1.0.5' ],
21 silly audit   cookie: [ '0.7.1' ],
21 silly audit   'cookie-signature': [ '1.0.6' ],
21 silly audit   'cross-spawn': [ '7.0.6', '5.1.0', '6.0.5' ],
21 silly audit   d: [ '1.0.2' ],
21 silly audit   daemon: [ '1.1.0' ],
21 silly audit   'define-data-property': [ '1.1.4' ],
21 silly audit   delegates: [ '1.0.0' ],
21 silly audit   denque: [ '2.1.0' ],
21 silly audit   depd: [ '2.0.0' ],
21 silly audit   destroy: [ '1.2.0' ],
21 silly audit   'detect-libc': [ '2.0.3' ],
21 silly audit   dotenv: [ '16.4.5', '5.0.1' ],
21 silly audit   dottie: [ '2.0.6' ],
21 silly audit   eastasianwidth: [ '0.2.0' ],
21 silly audit   'ecdsa-sig-formatter': [ '1.0.11' ],
21 silly audit   editorconfig: [ '1.0.4' ],
21 silly audit   'ee-first': [ '1.1.1' ],
21 silly audit   encodeurl: [ '2.0.0', '1.0.2' ],
21 silly audit   'es-define-property': [ '1.0.0' ],
21 silly audit   'es-errors': [ '1.3.0' ],
21 silly audit   'es5-ext': [ '0.10.64' ],
21 silly audit   'es6-iterator': [ '2.0.3' ],
21 silly audit   'es6-symbol': [ '3.1.4' ],
21 silly audit   'es6-weak-map': [ '2.0.3' ],
21 silly audit   escalade: [ '3.2.0' ],
21 silly audit   'escape-html': [ '1.0.3' ],
21 silly audit   esniff: [ '2.0.1' ],
21 silly audit   etag: [ '1.8.1' ],
21 silly audit   'event-emitter': [ '0.3.5' ],
21 silly audit   express: [ '4.21.1' ],
21 silly audit   'express-validator': [ '7.2.0' ],
21 silly audit   ext: [ '1.7.0' ],
21 silly audit   finalhandler: [ '1.3.1' ],
21 silly audit   'foreground-child': [ '3.3.0' ],
21 silly audit   forwarded: [ '0.2.0' ],
21 silly audit   fresh: [ '0.5.2' ],
21 silly audit   'fs-extra': [ '9.1.0' ],
21 silly audit   'fs-minipass': [ '2.1.0' ],
21 silly audit   minipass: [ '3.3.6', '7.1.2', '5.0.0' ],
21 silly audit   'fs.realpath': [ '1.0.0' ],
21 silly audit   'function-bind': [ '1.1.2' ],
21 silly audit   gauge: [ '3.0.2', '2.7.4' ],
21 silly audit   'signal-exit': [ '3.0.7', '4.1.0', '3.0.2' ],
21 silly audit   'get-caller-file': [ '2.0.5', '1.0.3' ],
21 silly audit   'get-intrinsic': [ '1.2.4' ],
21 silly audit   glob: [ '10.4.5', '7.2.3', '7.1.6', '7.1.2' ],
21 silly audit   minimatch: [ '9.0.5', '9.0.1', '3.1.2', '3.0.4' ],
21 silly audit   gopd: [ '1.0.1' ],
21 silly audit   'graceful-fs': [ '4.2.11', '4.2.3', '4.1.11' ],
21 silly audit   'has-property-descriptors': [ '1.0.2' ],
21 silly audit   'has-proto': [ '1.0.3' ],
21 silly audit   'has-symbols': [ '1.0.3' ],
21 silly audit   'has-unicode': [ '2.0.1' ],
21 silly audit   hasown: [ '2.0.2' ],
21 silly audit   'http-errors': [ '2.0.0' ],
21 silly audit   'https-proxy-agent': [ '5.0.1', '2.0.0' ],
21 silly audit   'iconv-lite': [ '0.4.24', '0.6.3', '0.4.18' ],
21 silly audit   inflection: [ '1.13.4' ],
21 silly audit   inflight: [ '1.0.6' ],
21 silly audit   inherits: [ '2.0.4', '2.0.3' ],
21 silly audit   ini: [ '1.3.8', '1.3.5', '1.3.4' ],
21 silly audit   init: [ '0.1.2' ],
21 silly audit   'ipaddr.js': [ '1.9.1' ],
21 silly audit   'is-core-module': [ '2.15.1' ],
21 silly audit   'is-fullwidth-code-point': [ '3.0.0', '2.0.0', '1.0.0' ],
21 silly audit   'is-promise': [ '2.2.2' ],
21 silly audit   isexe: [ '2.0.0' ],
21 silly audit   jackspeak: [ '3.4.3' ],
21 silly audit   'js-beautify': [ '1.15.1' ],
21 silly audit   'js-cookie': [ '3.0.5' ],
21 silly audit   jsonfile: [ '6.1.0' ],
21 silly audit   jsonwebtoken: [ '9.0.2' ],
21 silly audit   jwa: [ '1.4.1' ],
21 silly audit   jws: [ '3.2.2' ],
21 silly audit   kareem: [ '2.6.3' ],
21 silly audit   lodash: [ '4.17.21' ],
21 silly audit   'lodash.includes': [ '4.3.0' ],
21 silly audit   'lodash.isboolean': [ '3.0.3' ],
21 silly audit   'lodash.isinteger': [ '4.0.4' ],
21 silly audit   'lodash.isnumber': [ '3.0.3' ],
21 silly audit   'lodash.isplainobject': [ '4.0.6' ],
21 silly audit   'lodash.isstring': [ '4.0.1' ],
21 silly audit   'lodash.once': [ '4.1.1' ],
21 silly audit   'lru-cache': [ '10.4.3', '4.1.5', '4.1.1' ],
21 silly audit   'lru-queue': [ '0.1.0' ],
21 silly audit   'make-dir': [ '3.1.0', '1.3.0', '1.0.0' ],
21 silly audit   semver: [ '6.3.1', '7.6.3', '5.3.0', '5.7.1' ],
21 silly audit   mariadb: [ '3.4.0' ],
21 silly audit   'media-typer': [ '0.3.0' ],
21 silly audit   memoizee: [ '0.4.17' ],
21 silly audit   'memory-pager': [ '1.5.0' ],
21 silly audit   'merge-descriptors': [ '1.0.3' ],
21 silly audit   methods: [ '1.1.2' ],
21 silly audit   mime: [ '1.6.0' ],
21 silly audit   'mime-db': [ '1.52.0', '1.27.0' ],
21 silly audit   'mime-types': [ '2.1.35', '2.1.15' ],
21 silly audit   minizlib: [ '2.1.2' ],
21 silly audit   mkdirp: [ '1.0.4', '0.5.1' ],
21 silly audit   moment: [ '2.30.1' ],
21 silly audit   'moment-timezone': [ '0.5.46' ],
21 silly audit   mongodb: [ '6.10.0' ],
21 silly audit   'mongodb-connection-string-url': [ '3.0.1' ],
21 silly audit   mongoose: [ '8.8.2' ],
21 silly audit   mpath: [ '0.9.0' ],
21 silly audit   mquery: [ '5.0.0' ],
21 silly audit   negotiator: [ '0.6.3' ],
21 silly audit   'next-tick': [ '1.1.0' ],
21 silly audit   'node-addon-api': [ '5.1.0' ],
21 silly audit   'node-fetch': [ '2.7.0' ],
21 silly audit   tr46: [ '0.0.3', '4.1.1' ],
21 silly audit   'webidl-conversions': [ '3.0.1', '7.0.0' ],
21 silly audit   'whatwg-url': [ '5.0.0', '13.0.0' ],
21 silly audit   npmlog: [ '5.0.1', '4.1.2' ],
21 silly audit   npx: [ '10.2.2' ],
21 silly audit   'ansi-align': [ '2.0.0' ],
21 silly audit   boxen: [ '1.3.0', '1.1.0' ],
21 silly audit   builtins: [ '1.0.3' ],
21 silly audit   camelcase: [ '4.1.0' ],
21 silly audit   'capture-stack-trace': [ '1.0.1', '1.0.0' ],
21 silly audit   chalk: [ '2.4.2', '1.1.3' ],
21 silly audit   'cli-boxes': [ '1.0.0' ],
21 silly audit   'code-point-at': [ '1.1.0' ],
21 silly audit   configstore: [ '3.1.2', '3.1.0' ],
21 silly audit   'create-error-class': [ '3.0.2' ],
21 silly audit   'crypto-random-string': [ '1.0.0' ],
21 silly audit   'deep-extend': [ '0.6.0', '0.4.2' ],
21 silly audit   'dot-prop': [ '4.2.0', '4.1.1' ],
21 silly audit   duplexer3: [ '0.1.4' ],
21 silly audit   'end-of-stream': [ '1.4.4', '1.0.0', '1.4.0' ],
21 silly audit   'escape-string-regexp': [ '1.0.5' ],
21 silly audit   execa: [ '0.7.0', '0.4.0', '1.0.0' ],
21 silly audit   'get-stream': [ '3.0.0', '4.1.0' ],
21 silly audit   got: [ '6.7.1' ],
21 silly audit   'hosted-git-info': [ '2.8.5', '2.5.0' ],
21 silly audit   'import-lazy': [ '2.1.0' ],
21 silly audit   imurmurhash: [ '0.1.4' ],
21 silly audit   'is-npm': [ '1.0.0' ],
21 silly audit   'is-obj': [ '1.0.1' ],
21 silly audit   'is-redirect': [ '1.0.0' ],
21 silly audit   'is-retry-allowed': [ '1.2.0', '1.1.0' ],
21 silly audit   'is-stream': [ '1.1.0' ],
21 silly audit   'latest-version': [ '3.1.0' ],
21 silly audit   'lowercase-keys': [ '1.0.1', '1.0.0' ],
21 silly audit   minimist: [ '1.2.0', '0.0.8' ],
21 silly audit   'npm-package-arg': [ '5.1.2', '6.1.1' ],
21 silly audit   'npm-run-path': [ '1.0.0', '2.0.2' ],
21 silly audit   pseudomap: [ '1.0.2' ],
21 silly audit   yallist: [ '4.0.0', '2.1.2' ],
21 silly audit   y18n: [ '5.0.8', '3.2.1', '4.0.0' ],
21 silly audit   'proto-list': [ '1.2.4' ],
21 silly audit   'path-is-absolute': [ '1.0.1' ],
21 silly audit   once: [ '1.4.0', '1.3.3' ],
21 silly audit   pump: [ '1.0.2', '3.0.0' ],
21 silly audit   'object-assign': [ '4.1.1' ],
21 silly audit   'number-is-nan': [ '1.0.1' ],
21 silly audit   'wide-align': [ '1.1.5', '1.1.2' ],
21 silly audit   'set-blocking': [ '2.0.0' ],
21 silly audit   osenv: [ '0.1.4', '0.1.5' ],
21 silly audit   'os-homedir': [ '1.0.2' ],
21 silly audit   'os-tmpdir': [ '1.0.2' ],
21 silly audit   'path-is-inside': [ '1.0.2' ],
21 silly audit   'readable-stream': [ '3.6.2', '2.3.2', '1.1.14' ],
21 silly audit   string_decoder: [ '1.3.0', '1.0.3', '0.10.31' ],
21 silly audit   'util-deprecate': [ '1.0.2' ],
21 silly audit   qs: [ '6.13.0', '6.4.0' ],
21 silly audit   punycode: [ '2.3.1', '1.4.1' ],
21 silly audit   rimraf: [ '3.0.2', '2.6.1', '2.7.1' ],
21 silly audit   'safe-buffer': [ '5.2.1', '5.1.1', '5.2.0' ],
21 silly audit   tar: [ '6.2.1', '2.2.1' ],
21 silly audit   unpipe: [ '1.0.0' ],
21 silly audit   'update-notifier': [ '2.2.0', '2.5.0' ],
21 silly audit   'term-size': [ '0.1.1', '1.2.0' ],
21 silly audit   'path-key': [ '3.1.1', '1.0.0', '2.0.1' ],
21 silly audit   'strip-eof': [ '1.0.0' ],
21 silly audit   'widest-line': [ '1.0.0', '2.0.1' ],
21 silly audit   'supports-color': [ '2.0.0', '5.5.0' ],
21 silly audit   pify: [ '2.3.0', '3.0.0' ],
21 silly audit   'unique-string': [ '1.0.0' ],
21 silly audit   'package-json': [ '4.0.1' ],
21 silly audit   'timed-out': [ '4.0.1' ],
21 silly audit   'unzip-response': [ '2.0.1' ],
21 silly audit   'url-parse-lax': [ '1.0.0' ],
21 silly audit   'prepend-http': [ '1.0.4' ],
21 silly audit   'registry-auth-token': [ '3.3.1', '3.4.0' ],
21 silly audit   rc: [ '1.2.1', '1.2.8' ],
21 silly audit   'strip-json-comments': [ '2.0.1' ],
21 silly audit   'registry-url': [ '3.1.0' ],
21 silly audit   'semver-diff': [ '2.1.0' ],
21 silly audit   'xdg-basedir': [ '3.0.0' ],
21 silly audit   uuid: [ '8.3.2', '3.1.0' ],
21 silly audit   'validate-npm-package-name': [ '3.0.0' ],
21 silly audit   which: [ '2.0.2', '1.2.14', '1.3.1' ],
21 silly audit   wrappy: [ '1.0.2' ],
21 silly audit   'write-file-atomic': [ '2.1.0', '2.4.3' ],
21 silly audit   'require-directory': [ '2.1.1' ],
21 silly audit   'shebang-command': [ '2.0.0', '1.2.0' ],
21 silly audit   'shebang-regex': [ '3.0.0', '1.0.0' ],
21 silly audit   yargs: [ '16.2.0', '11.1.1' ],
21 silly audit   'yargs-parser': [ '20.2.9', '9.0.2' ],
21 silly audit   'object-inspect': [ '1.13.3' ],
21 silly audit   'on-finished': [ '2.4.1' ],
21 silly audit   'package-json-from-dist': [ '1.0.1' ],
21 silly audit   parseurl: [ '1.3.3' ],
21 silly audit   'path-parse': [ '1.0.7' ],
21 silly audit   'path-scurry': [ '1.11.1' ],
21 silly audit   'path-to-regexp': [ '0.1.10' ],
21 silly audit   'pg-connection-string': [ '2.7.0' ],
21 silly audit   'proxy-addr': [ '2.0.7' ],
21 silly audit   'range-parser': [ '1.2.1' ],
21 silly audit   'raw-body': [ '2.5.2' ],
21 silly audit   resolve: [ '1.22.8' ],
21 silly audit   'retry-as-promised': [ '7.0.4' ],
21 silly audit   'safer-buffer': [ '2.1.2' ],
21 silly audit   send: [ '0.19.0' ],
21 silly audit   sequelize: [ '6.37.5' ],
21 silly audit   'sequelize-cli': [ '6.6.2' ],
21 silly audit   'sequelize-pool': [ '7.1.0' ],
21 silly audit   'serve-static': [ '1.16.2' ],
21 silly audit   'set-function-length': [ '1.2.2' ],
21 silly audit   setprototypeof: [ '1.2.0' ],
21 silly audit   'side-channel': [ '1.0.6' ],
21 silly audit   sift: [ '17.1.3' ],
21 silly audit   'sparse-bitfield': [ '3.0.3' ],
21 silly audit   statuses: [ '2.0.1' ],
21 silly audit   'supports-preserve-symlinks-flag': [ '1.0.0' ],
21 silly audit   'timers-ext': [ '0.1.8' ],
21 silly audit   toidentifier: [ '1.0.1' ],
21 silly audit   'toposort-class': [ '1.0.1' ],
21 silly audit   type: [ '2.7.3' ],
21 silly audit   'type-is': [ '1.6.18' ],
21 silly audit   umzug: [ '2.3.0' ],
21 silly audit   'undici-types': [ '6.19.8' ],
21 silly audit   universalify: [ '2.0.1' ],
21 silly audit   'utils-merge': [ '1.0.1' ],
21 silly audit   validator: [ '13.12.0' ],
21 silly audit   vary: [ '1.1.2' ],
21 silly audit   wkx: [ '0.5.0' ],
21 silly audit   bcryptjs: [ '2.4.3' ],
21 silly audit   'ci-info': [ '1.6.0' ],
21 silly audit   decamelize: [ '1.2.0' ],
21 silly audit   'find-up': [ '2.1.0' ],
21 silly audit   'global-dirs': [ '0.1.1' ],
21 silly audit   'has-flag': [ '3.0.0' ],
21 silly audit   'invert-kv': [ '2.0.0' ],
21 silly audit   'is-ci': [ '1.2.1' ],
21 silly audit   'is-installed-globally': [ '0.1.0' ],
21 silly audit   'is-path-inside': [ '1.0.1' ],
21 silly audit   lcid: [ '2.0.0' ],
21 silly audit   libnpx: [ '10.2.2' ],
21 silly audit   'locate-path': [ '2.0.0' ],
21 silly audit   'map-age-cleaner': [ '0.1.3' ],
21 silly audit   mem: [ '4.3.0' ],
21 silly audit   'mimic-fn': [ '2.1.0' ],
21 silly audit   'nice-try': [ '1.0.5' ],
21 silly audit   npm: [ '5.1.0' ],
21 silly audit   ansicolors: [ '0.3.2' ],
21 silly audit   ansistyles: [ '0.1.3' ],
21 silly audit   archy: [ '1.0.0' ],
21 silly audit   cacache: [ '9.2.9' ],
21 silly audit   'call-limit': [ '1.1.0' ],
21 silly audit   'cmd-shim': [ '2.0.2' ],
21 silly audit   columnify: [ '1.5.4' ],
21 silly audit   wcwidth: [ '1.0.1' ],
21 silly audit   defaults: [ '1.0.3' ],
21 silly audit   clone: [ '1.0.2' ],
21 silly audit   debuglog: [ '1.0.1' ],
21 silly audit   'detect-indent': [ '5.0.0' ],
21 silly audit   dezalgo: [ '1.0.3' ],
21 silly audit   asap: [ '2.0.5' ],
21 silly audit   editor: [ '1.0.0' ],
21 silly audit   'fs-vacuum': [ '1.2.10' ],
21 silly audit   'fs-write-stream-atomic': [ '1.0.10' ],
21 silly audit   fstream: [ '1.0.11' ],
21 silly audit   'fstream-npm': [ '1.2.1' ],
21 silly audit   'fstream-ignore': [ '1.0.5' ],
21 silly audit   iferr: [ '0.1.5' ],
21 silly audit   'init-package-json': [ '1.10.1' ],
21 silly audit   promzard: [ '0.3.0' ],
21 silly audit   JSONStream: [ '1.3.1' ],
21 silly audit   jsonparse: [ '1.3.1' ],
21 silly audit   through: [ '2.3.8' ],
21 silly audit   'lazy-property': [ '1.0.0' ],
21 silly audit   lockfile: [ '1.0.3' ],
21 silly audit   'lodash._baseindexof': [ '3.1.0' ],
21 silly audit   'lodash._baseuniq': [ '4.6.0' ],
21 silly audit   'lodash._createset': [ '4.0.3' ],
21 silly audit   'lodash._root': [ '3.0.1' ],
21 silly audit   'lodash._bindcallback': [ '3.0.1' ],
21 silly audit   'lodash._cacheindexof': [ '3.0.2' ],
21 silly audit   'lodash._createcache': [ '3.1.2' ],
21 silly audit   'lodash._getnative': [ '3.9.1' ],
21 silly audit   'lodash.clonedeep': [ '4.5.0' ],
21 silly audit   'lodash.restparam': [ '3.6.1' ],
21 silly audit   'lodash.union': [ '4.6.0' ],
21 silly audit   'lodash.uniq': [ '4.5.0' ],
21 silly audit   'lodash.without': [ '4.4.0' ],
21 silly audit   mississippi: [ '1.3.0' ],
21 silly audit   'concat-stream': [ '1.6.0' ],
21 silly audit   typedarray: [ '0.0.6' ],
21 silly audit   duplexify: [ '3.5.0' ],
21 silly audit   'stream-shift': [ '1.0.0' ],
21 silly audit   'flush-write-stream': [ '1.0.2' ],
21 silly audit   from2: [ '2.3.0', '1.3.0' ],
21 silly audit   'parallel-transform': [ '1.1.0' ],
21 silly audit   cyclist: [ '0.2.2' ],
21 silly audit   pumpify: [ '1.3.5' ],
21 silly audit   'stream-each': [ '1.2.0' ],
21 silly audit   through2: [ '2.0.3' ],
21 silly audit   xtend: [ '4.0.1' ],
21 silly audit   'move-concurrently': [ '1.0.1' ],
21 silly audit   'copy-concurrently': [ '1.0.3' ],
21 silly audit   'run-queue': [ '1.0.3' ],
21 silly audit   'node-gyp': [ '3.6.2' ],
21 silly audit   'normalize-package-data': [ '2.4.0' ],
21 silly audit   'is-builtin-module': [ '1.0.0' ],
21 silly audit   'builtin-modules': [ '1.1.1' ],
21 silly audit   'npm-cache-filename': [ '1.0.2' ],
21 silly audit   'npm-install-checks': [ '3.0.0' ],
21 silly audit   'npm-registry-client': [ '8.4.0' ],
21 silly audit   'npm-user-validate': [ '1.0.0' ],
21 silly audit   opener: [ '1.4.3' ],
21 silly audit   pacote: [ '2.7.38' ],
21 silly audit   'make-fetch-happen': [ '2.4.13' ],
21 silly audit   agentkeepalive: [ '3.3.0' ],
21 silly audit   'humanize-ms': [ '1.2.1' ],
21 silly audit   'http-cache-semantics': [ '3.7.3' ],
21 silly audit   'http-proxy-agent': [ '2.0.0' ],
21 silly audit   'es6-promisify': [ '5.0.0' ],
21 silly audit   'es6-promise': [ '4.1.1' ],
21 silly audit   'node-fetch-npm': [ '2.0.1' ],
21 silly audit   encoding: [ '0.1.12' ],
21 silly audit   'json-parse-helpfulerror': [ '1.0.3' ],
21 silly audit   jju: [ '1.3.0' ],
21 silly audit   'socks-proxy-agent': [ '3.0.0' ],
21 silly audit   socks: [ '1.1.10' ],
21 silly audit   ip: [ '1.1.5' ],
21 silly audit   'smart-buffer': [ '1.1.15' ],
21 silly audit   'npm-pick-manifest': [ '1.0.4' ],
21 silly audit   'promise-retry': [ '1.1.1' ],
21 silly audit   'err-code': [ '1.1.2' ],
21 silly audit   protoduck: [ '4.0.0' ],
21 silly audit   genfun: [ '4.0.1' ],
21 silly audit   'tar-fs': [ '1.15.3' ],
21 silly audit   'tar-stream': [ '1.5.4' ],
21 silly audit   bl: [ '1.2.1' ],
21 silly audit   'promise-inflight': [ '1.0.1' ],
21 silly audit   read: [ '1.0.7' ],
21 silly audit   'mute-stream': [ '0.0.7' ],
21 silly audit   'read-cmd-shim': [ '1.0.1' ],
21 silly audit   'read-installed': [ '4.0.3' ],
21 silly audit   'util-extend': [ '1.0.3' ],
21 silly audit   'read-package-json': [ '2.0.9' ],
21 silly audit   'read-package-tree': [ '5.1.6' ],
21 silly audit   'core-util-is': [ '1.0.2' ],
21 silly audit   isarray: [ '1.0.0', '0.0.1' ],
21 silly audit   'process-nextick-args': [ '1.0.7' ],
21 silly audit   'readdir-scoped-modules': [ '1.0.2' ],
21 silly audit   request: [ '2.81.0' ],
21 silly audit   'aws-sign2': [ '0.6.0' ],
21 silly audit   aws4: [ '1.6.0' ],
21 silly audit   caseless: [ '0.12.0' ],
21 silly audit   'combined-stream': [ '1.0.5' ],
21 silly audit   'delayed-stream': [ '1.0.0' ],
21 silly audit   extend: [ '3.0.1' ],
21 silly audit   'forever-agent': [ '0.6.1' ],
21 silly audit   'form-data': [ '2.1.4' ],
21 silly audit   asynckit: [ '0.4.0' ],
21 silly audit   'har-validator': [ '4.2.1' ],
21 silly audit   ajv: [ '4.11.8' ],
21 silly audit   co: [ '4.6.0' ],
21 silly audit   'json-stable-stringify': [ '1.0.1' ],
21 silly audit   jsonify: [ '0.0.0' ],
21 silly audit   'har-schema': [ '1.0.5' ],
21 silly audit   hawk: [ '3.1.3' ],
21 silly audit   boom: [ '2.10.1' ],
21 silly audit   cryptiles: [ '2.0.5' ],
21 silly audit   hoek: [ '2.16.3' ],
21 silly audit   sntp: [ '1.0.9' ],
21 silly audit   'http-signature': [ '1.1.1' ],
21 silly audit   'assert-plus': [ '0.2.0', '1.0.0' ],
21 silly audit   jsprim: [ '1.4.0' ],
21 silly audit   extsprintf: [ '1.0.2' ],
21 silly audit   'json-schema': [ '0.2.3' ],
21 silly audit   verror: [ '1.3.6' ],
21 silly audit   sshpk: [ '1.13.1' ],
21 silly audit   asn1: [ '0.2.3' ],
21 silly audit   'bcrypt-pbkdf': [ '1.0.1' ],
21 silly audit   dashdash: [ '1.14.1' ],
21 silly audit   'ecc-jsbn': [ '0.1.1' ],
21 silly audit   getpass: [ '0.1.7' ],
21 silly audit   jsbn: [ '0.1.1' ],
21 silly audit   tweetnacl: [ '0.14.5' ],
21 silly audit   'is-typedarray': [ '1.0.0' ],
21 silly audit   isstream: [ '0.1.2' ],
21 silly audit   'json-stringify-safe': [ '5.0.1' ],
21 silly audit   'oauth-sign': [ '0.8.2' ],
21 silly audit   'performance-now': [ '0.2.0' ],
21 silly audit   stringstream: [ '0.0.5' ],
21 silly audit   'tough-cookie': [ '2.3.2' ],
21 silly audit   'tunnel-agent': [ '0.6.0' ],
21 silly audit   retry: [ '0.10.1' ],
21 silly audit   sha: [ '2.0.1' ],
21 silly audit   slide: [ '1.1.6' ],
21 silly audit   'sorted-object': [ '2.0.1' ],
21 silly audit   'sorted-union-stream': [ '2.1.3' ],
21 silly audit   'stream-iterate': [ '1.2.0' ],
21 silly audit   ssri: [ '4.1.6' ],
21 silly audit   'block-stream': [ '0.0.9' ],
21 silly audit   'text-table': [ '0.2.0' ],
21 silly audit   'uid-number': [ '0.0.6' ],
21 silly audit   umask: [ '1.1.0' ],
21 silly audit   'unique-filename': [ '1.1.0' ],
21 silly audit   'unique-slug': [ '2.0.0' ],
21 silly audit   'cross-spawn-async': [ '2.2.5' ],
21 silly audit   'has-ansi': [ '2.0.0' ],
21 silly audit   'validate-npm-package-license': [ '3.0.1' ],
21 silly audit   'spdx-correct': [ '1.0.2' ],
21 silly audit   'spdx-license-ids': [ '1.2.2' ],
21 silly audit   'spdx-expression-parse': [ '1.0.4' ],
21 silly audit   'worker-farm': [ '1.3.1' ],
21 silly audit   errno: [ '0.1.4' ],
21 silly audit   prr: [ '0.0.0' ],
21 silly audit   'os-locale': [ '3.1.0' ],
21 silly audit   'p-defer': [ '1.0.0' ],
21 silly audit   'p-finally': [ '1.0.0' ],
21 silly audit   'p-is-promise': [ '2.1.0' ],
21 silly audit   'p-limit': [ '1.3.0' ],
21 silly audit   'p-locate': [ '2.0.0' ],
21 silly audit   'p-try': [ '1.0.0' ],
21 silly audit   'path-exists': [ '3.0.0' ],
21 silly audit   'require-main-filename': [ '1.0.1' ],
21 silly audit   'which-module': [ '2.0.0' ]
21 silly audit }
22 silly tarball no local data for bcryptjs@https://registry.npmjs.org/bcryptjs/-/bcryptjs-2.4.3.tgz. Extracting by manifest.
23 http fetch POST 200 https://registry.npmjs.org/-/npm/v1/security/advisories/bulk 253ms
24 silly audit report {
24 silly audit report   debug: [
24 silly audit report     {
24 silly audit report       id: 1094457,
24 silly audit report       url: 'https://github.com/advisories/GHSA-9vvw-cc9w-f27h',
24 silly audit report       title: 'debug Inefficient Regular Expression Complexity vulnerability',
24 silly audit report       severity: 'high',
24 silly audit report       vulnerable_versions: '<2.6.9',
24 silly audit report       cwe: [Array],
24 silly audit report       cvss: [Object]
24 silly audit report     },
24 silly audit report     {
24 silly audit report       id: 1096795,
24 silly audit report       url: 'https://github.com/advisories/GHSA-gxpj-cx7g-858c',
24 silly audit report       title: 'Regular Expression Denial of Service in debug',
24 silly audit report       severity: 'low',
24 silly audit report       vulnerable_versions: '<2.6.9',
24 silly audit report       cwe: [Array],
24 silly audit report       cvss: [Object]
24 silly audit report     }
24 silly audit report   ],
24 silly audit report   'ansi-regex': [
24 silly audit report     {
24 silly audit report       id: 1094090,
24 silly audit report       url: 'https://github.com/advisories/GHSA-93q8-gq69-wqmw',
24 silly audit report       title: 'Inefficient Regular Expression Complexity in chalk/ansi-regex',
24 silly audit report       severity: 'high',
24 silly audit report       vulnerable_versions: '>=3.0.0 <3.0.1',
24 silly audit report       cwe: [Array],
24 silly audit report       cvss: [Object]
24 silly audit report     }
24 silly audit report   ],
24 silly audit report   chownr: [
24 silly audit report     {
24 silly audit report       id: 1091617,
24 silly audit report       url: 'https://github.com/advisories/GHSA-c6rq-rjc2-86v2',
24 silly audit report       title: 'Time-of-check Time-of-use (TOCTOU) Race Condition in chownr',
24 silly audit report       severity: 'low',
24 silly audit report       vulnerable_versions: '<1.1.0',
24 silly audit report       cwe: [Array],
24 silly audit report       cvss: [Object]
24 silly audit report     }
24 silly audit report   ],
24 silly audit report   'cross-spawn': [
24 silly audit report     {
24 silly audit report       id: 1100562,
24 silly audit report       url: 'https://github.com/advisories/GHSA-3xgq-45jj-v275',
24 silly audit report       title: 'Regular Expression Denial of Service (ReDoS) in cross-spawn',
24 silly audit report       severity: 'high',
24 silly audit report       vulnerable_versions: '<6.0.6',
24 silly audit report       cwe: [Array],
24 silly audit report       cvss: [Object]
24 silly audit report     }
24 silly audit report   ],
24 silly audit report   minimatch: [
24 silly audit report     {
24 silly audit report       id: 1096485,
24 silly audit report       url: 'https://github.com/advisories/GHSA-f8q6-p94x-37v3',
24 silly audit report       title: 'minimatch ReDoS vulnerability',
24 silly audit report       severity: 'high',
24 silly audit report       vulnerable_versions: '<3.0.5',
24 silly audit report       cwe: [Array],
24 silly audit report       cvss: [Object]
24 silly audit report     }
24 silly audit report   ],
24 silly audit report   'https-proxy-agent': [
24 silly audit report     {
24 silly audit report       id: 1087767,
24 silly audit report       url: 'https://github.com/advisories/GHSA-8g7p-74h8-hg48',
24 silly audit report       title: 'Denial of Service in https-proxy-agent',
24 silly audit report       severity: 'critical',
24 silly audit report       vulnerable_versions: '<2.2.0',
24 silly audit report       cwe: [Array],
24 silly audit report       cvss: [Object]
24 silly audit report     },
24 silly audit report     {
24 silly audit report       id: 1094488,
24 silly audit report       url: 'https://github.com/advisories/GHSA-pc5p-h8pf-mvwp',
24 silly audit report       title: 'Machine-In-The-Middle in https-proxy-agent',
24 silly audit report       severity: 'moderate',
24 silly audit report       vulnerable_versions: '<2.2.3',
24 silly audit report       cwe: [Array],
24 silly audit report       cvss: [Object]
24 silly audit report     }
24 silly audit report   ],
24 silly audit report   ini: [
24 silly audit report     {
24 silly audit report       id: 1093224,
24 silly audit report       url: 'https://github.com/advisories/GHSA-qqgx-2p2h-9c37',
24 silly audit report       title: 'ini before 1.3.6 vulnerable to Prototype Pollution via ini.parse',
24 silly audit report       severity: 'high',
24 silly audit report       vulnerable_versions: '<1.3.6',
24 silly audit report       cwe: [Array],
24 silly audit report       cvss: [Object]
24 silly audit report     }
24 silly audit report   ],
24 silly audit report   semver: [
24 silly audit report     {
24 silly audit report       id: 1098563,
24 silly audit report       url: 'https://github.com/advisories/GHSA-c2qf-rxjj-qqgw',
24 silly audit report       title: 'semver vulnerable to Regular Expression Denial of Service',
24 silly audit report       severity: 'high',
24 silly audit report       vulnerable_versions: '<5.7.2',
24 silly audit report       cwe: [Array],
24 silly audit report       cvss: [Object]
24 silly audit report     }
24 silly audit report   ],
24 silly audit report   'deep-extend': [
24 silly audit report     {
24 silly audit report       id: 1095031,
24 silly audit report       url: 'https://github.com/advisories/GHSA-hr2v-3952-633q',
24 silly audit report       title: 'Prototype Pollution in deep-extend',
24 silly audit report       severity: 'critical',
24 silly audit report       vulnerable_versions: '<0.5.1',
24 silly audit report       cwe: [Array],
24 silly audit report       cvss: [Object]
24 silly audit report     }
24 silly audit report   ],
24 silly audit report   'dot-prop': [
24 silly audit report     {
24 silly audit report       id: 1095026,
24 silly audit report       url: 'https://github.com/advisories/GHSA-ff7x-qrg7-qggm',
24 silly audit report       title: 'dot-prop Prototype Pollution vulnerability',
24 silly audit report       severity: 'high',
24 silly audit report       vulnerable_versions: '<4.2.1',
24 silly audit report       cwe: [Array],
24 silly audit report       cvss: [Object]
24 silly audit report     }
24 silly audit report   ],
24 silly audit report   got: [
24 silly audit report     {
24 silly audit report       id: 1088948,
24 silly audit report       url: 'https://github.com/advisories/GHSA-pfrx-2q88-qq97',
24 silly audit report       title: 'Got allows a redirect to a UNIX socket',
24 silly audit report       severity: 'moderate',
24 silly audit report       vulnerable_versions: '<11.8.5',
24 silly audit report       cwe: [],
24 silly audit report       cvss: [Object]
24 silly audit report     }
24 silly audit report   ],
24 silly audit report   'hosted-git-info': [
24 silly audit report     {
24 silly audit report       id: 1089809,
24 silly audit report       url: 'https://github.com/advisories/GHSA-43f8-2h32-f4cj',
24 silly audit report       title: 'Regular Expression Denial of Service in hosted-git-info',
24 silly audit report       severity: 'moderate',
24 silly audit report       vulnerable_versions: '<2.8.9',
24 silly audit report       cwe: [Array],
24 silly audit report       cvss: [Object]
24 silly audit report     }
24 silly audit report   ],
24 silly audit report   minimist: [
24 silly audit report     {
24 silly audit report       id: 1097677,
24 silly audit report       url: 'https://github.com/advisories/GHSA-xvch-5gv4-984h',
24 silly audit report       title: 'Prototype Pollution in minimist',
24 silly audit report       severity: 'critical',
24 silly audit report       vulnerable_versions: '<0.2.4',
24 silly audit report       cwe: [Array],
24 silly audit report       cvss: [Object]
24 silly audit report     },
24 silly audit report     {
24 silly audit report       id: 1097678,
24 silly audit report       url: 'https://github.com/advisories/GHSA-xvch-5gv4-984h',
24 silly audit report       title: 'Prototype Pollution in minimist',
24 silly audit report       severity: 'critical',
24 silly audit report       vulnerable_versions: '>=1.0.0 <1.2.6',
24 silly audit report       cwe: [Array],
24 silly audit report       cvss: [Object]
24 silly audit report     },
24 silly audit report     {
24 silly audit report       id: 1096465,
24 silly audit report       url: 'https://github.com/advisories/GHSA-vh95-rmgr-6w4m',
24 silly audit report       title: 'Prototype Pollution in minimist',
24 silly audit report       severity: 'moderate',
24 silly audit report       vulnerable_versions: '>=1.0.0 <1.2.3',
24 silly audit report       cwe: [Array],
24 silly audit report       cvss: [Object]
24 silly audit report     },
24 silly audit report     {
24 silly audit report       id: 1096466,
24 silly audit report       url: 'https://github.com/advisories/GHSA-vh95-rmgr-6w4m',
24 silly audit report       title: 'Prototype Pollution in minimist',
24 silly audit report       severity: 'moderate',
24 silly audit report       vulnerable_versions: '<0.2.1',
24 silly audit report       cwe: [Array],
24 silly audit report       cvss: [Object]
24 silly audit report     }
24 silly audit report   ],
24 silly audit report   y18n: [
24 silly audit report     {
24 silly audit report       id: 1095086,
24 silly audit report       url: 'https://github.com/advisories/GHSA-c4w7-xm78-47vh',
24 silly audit report       title: 'Prototype Pollution in y18n',
24 silly audit report       severity: 'high',
24 silly audit report       vulnerable_versions: '=4.0.0',
24 silly audit report       cwe: [Array],
24 silly audit report       cvss: [Object]
24 silly audit report     },
24 silly audit report     {
24 silly audit report       id: 1095087,
24 silly audit report       url: 'https://github.com/advisories/GHSA-c4w7-xm78-47vh',
24 silly audit report       title: 'Prototype Pollution in y18n',
24 silly audit report       severity: 'high',
24 silly audit report       vulnerable_versions: '<3.2.2',
24 silly audit report       cwe: [Array],
24 silly audit report       cvss: [Object]
24 silly audit report     }
24 silly audit report   ],
24 silly audit report   qs: [
24 silly audit report     {
24 silly audit report       id: 1096469,
24 silly audit report       url: 'https://github.com/advisories/GHSA-hrpp-h998-j3pp',
24 silly audit report       title: 'qs vulnerable to Prototype Pollution',
24 silly audit report       severity: 'high',
24 silly audit report       vulnerable_versions: '>=6.4.0 <6.4.1',
24 silly audit report       cwe: [Array],
24 silly audit report       cvss: [Object]
24 silly audit report     }
24 silly audit report   ],
24 silly audit report   tar: [
24 silly audit report     {
24 silly audit report       id: 1089685,
24 silly audit report       url: 'https://github.com/advisories/GHSA-3jfq-g458-7qm9',
24 silly audit report       title: 'Arbitrary File Creation/Overwrite due to insufficient absolute path sanitization',
24 silly audit report       severity: 'high',
24 silly audit report       vulnerable_versions: '<3.2.2',
24 silly audit report       cwe: [Array],
24 silly audit report       cvss: [Object]
24 silly audit report     },
24 silly audit report     {
24 silly audit report       id: 1095117,
24 silly audit report       url: 'https://github.com/advisories/GHSA-5955-9wpr-37jh',
24 silly audit report       title: 'Arbitrary File Creation/Overwrite on Windows via insufficient relative path sanitization',
24 silly audit report       severity: 'high',
24 silly audit report       vulnerable_versions: '<4.4.18',
24 silly audit report       cwe: [Array],
24 silly audit report       cvss: [Object]
24 silly audit report     },
24 silly audit report     {
24 silly audit report       id: 1097493,
24 silly audit report       url: 'https://github.com/advisories/GHSA-f5x3-32g6-xq36',
24 silly audit report       title: 'Denial of service while parsing a tar file due to lack of folders count validation',
24 silly audit report       severity: 'moderate',
24 silly audit report       vulnerable_versions: '<6.2.1',
24 silly audit report       cwe: [Array],
24 silly audit report       cvss: [Object]
24 silly audit report     },
24 silly audit report     {
24 silly audit report       id: 1095119,
24 silly audit report       url: 'https://github.com/advisories/GHSA-j44m-qm6p-hp7m',
24 silly audit report       title: 'Arbitrary File Overwrite in tar',
24 silly audit report       severity: 'high',
24 silly audit report       vulnerable_versions: '<2.2.2',
24 silly audit report       cwe: [Array],
24 silly audit report       cvss: [Object]
24 silly audit report     }
24 silly audit report   ],
24 silly audit report   'yargs-parser': [
24 silly audit report     {
24 silly audit report       id: 1088811,
24 silly audit report       url: 'https://github.com/advisories/GHSA-p9pc-299p-vxgp',
24 silly audit report       title: 'yargs-parser Vulnerable to Prototype Pollution',
24 silly audit report       severity: 'moderate',
24 silly audit report       vulnerable_versions: '>=6.0.0 <13.1.2',
24 silly audit report       cwe: [Array],
24 silly audit report       cvss: [Object]
24 silly audit report     }
24 silly audit report   ],
24 silly audit report   npm: [
24 silly audit report     {
24 silly audit report       id: 1089203,
24 silly audit report       url: 'https://github.com/advisories/GHSA-93f3-23rq-pjfp',
24 silly audit report       title: 'npm CLI exposing sensitive information through logs',
24 silly audit report       severity: 'moderate',
24 silly audit report       vulnerable_versions: '<6.14.6',
24 silly audit report       cwe: [Array],
24 silly audit report       cvss: [Object]
24 silly audit report     },
24 silly audit report     {
24 silly audit report       id: 1089206,
24 silly audit report       url: 'https://github.com/advisories/GHSA-4328-8hgf-7wjr',
24 silly audit report       title: 'npm Vulnerable to Global node_modules Binary Overwrite',
24 silly audit report       severity: 'high',
24 silly audit report       vulnerable_versions: '<6.13.4',
24 silly audit report       cwe: [Array],
24 silly audit report       cvss: [Object]
24 silly audit report     },
24 silly audit report     {
24 silly audit report       id: 1089207,
24 silly audit report       url: 'https://github.com/advisories/GHSA-x8qc-rrcw-4r46',
24 silly audit report       title: 'npm symlink reference outside of node_modules',
24 silly audit report       severity: 'high',
24 silly audit report       vulnerable_versions: '<6.13.3',
24 silly audit report       cwe: [Array],
24 silly audit report       cvss: [Object]
24 silly audit report     },
24 silly audit report     {
24 silly audit report       id: 1090086,
24 silly audit report       url: 'https://github.com/advisories/GHSA-m6cx-g6qm-p2cx',
24 silly audit report       title: 'Arbitrary File Write in npm',
24 silly audit report       severity: 'high',
24 silly audit report       vulnerable_versions: '<6.13.3',
24 silly audit report       cwe: [Array],
24 silly audit report       cvss: [Object]
24 silly audit report     },
24 silly audit report     {
24 silly audit report       id: 1088925,
24 silly audit report       url: 'https://github.com/advisories/GHSA-ph34-pc88-72gc',
24 silly audit report       title: 'Incorrect Permission Assignment for Critical Resource in NPM',
24 silly audit report       severity: 'high',
24 silly audit report       vulnerable_versions: '<5.7.1',
24 silly audit report       cwe: [Array],
24 silly audit report       cvss: [Object]
24 silly audit report     }
24 silly audit report   ],
24 silly audit report   fstream: [
24 silly audit report     {
24 silly audit report       id: 1095010,
24 silly audit report       url: 'https://github.com/advisories/GHSA-xf7w-r453-m56c',
24 silly audit report       title: 'Arbitrary File Overwrite in fstream',
24 silly audit report       severity: 'high',
24 silly audit report       vulnerable_versions: '<1.0.12',
24 silly audit report       cwe: [Array],
24 silly audit report       cvss: [Object]
24 silly audit report     }
24 silly audit report   ],
24 silly audit report   'npm-user-validate': [
24 silly audit report     {
24 silly audit report       id: 1086466,
24 silly audit report       url: 'https://github.com/advisories/GHSA-xgh6-85xh-479p',
24 silly audit report       title: 'Regular Expression Denial of Service in npm-user-validate',
24 silly audit report       severity: 'low',
24 silly audit report       vulnerable_versions: '<=1.0.0',
24 silly audit report       cwe: [],
24 silly audit report       cvss: [Object]
24 silly audit report     },
24 silly audit report     {
24 silly audit report       id: 1089876,
24 silly audit report       url: 'https://github.com/advisories/GHSA-pw54-mh39-w3hc',
24 silly audit report       title: 'Regular expression denial of service in npm-user-validate',
24 silly audit report       severity: 'high',
24 silly audit report       vulnerable_versions: '<1.0.1',
24 silly audit report       cwe: [Array],
24 silly audit report       cvss: [Object]
24 silly audit report     }
24 silly audit report   ],
24 silly audit report   'http-cache-semantics': [
24 silly audit report     {
24 silly audit report       id: 1092316,
24 silly audit report       url: 'https://github.com/advisories/GHSA-rc47-6667-2j5j',
24 silly audit report       title: 'http-cache-semantics vulnerable to Regular Expression Denial of Service',
24 silly audit report       severity: 'high',
24 silly audit report       vulnerable_versions: '<4.1.1',
24 silly audit report       cwe: [Array],
24 silly audit report       cvss: [Object]
24 silly audit report     }
24 silly audit report   ],
24 silly audit report   'http-proxy-agent': [
24 silly audit report     {
24 silly audit report       id: 1089973,
24 silly audit report       url: 'https://github.com/advisories/GHSA-86wf-436m-h424',
24 silly audit report       title: 'Resource Exhaustion Denial of Service in http-proxy-agent ',
24 silly audit report       severity: 'moderate',
24 silly audit report       vulnerable_versions: '<2.1.0',
24 silly audit report       cwe: [Array],
24 silly audit report       cvss: [Object]
24 silly audit report     },
24 silly audit report     {
24 silly audit report       id: 1091668,
24 silly audit report       url: 'https://github.com/advisories/GHSA-8w57-jfpm-945m',
24 silly audit report       title: 'Denial of Service in http-proxy-agent',
24 silly audit report       severity: 'high',
24 silly audit report       vulnerable_versions: '<2.1.0',
24 silly audit report       cwe: [Array],
24 silly audit report       cvss: [Object]
24 silly audit report     }
24 silly audit report   ],
24 silly audit report   ip: [
24 silly audit report     {
24 silly audit report       id: 1097720,
24 silly audit report       url: 'https://github.com/advisories/GHSA-78xj-cgh5-2h22',
24 silly audit report       title: 'NPM IP package incorrectly identifies some private IP addresses as public',
24 silly audit report       severity: 'low',
24 silly audit report       vulnerable_versions: '<1.1.9',
24 silly audit report       cwe: [Array],
24 silly audit report       cvss: [Object]
24 silly audit report     },
24 silly audit report     {
24 silly audit report       id: 1099357,
24 silly audit report       url: 'https://github.com/advisories/GHSA-2p57-rm9w-gvfp',
24 silly audit report       title: 'ip SSRF improper categorization in isPublic',
24 silly audit report       severity: 'high',
24 silly audit report       vulnerable_versions: '<=2.0.1',
24 silly audit report       cwe: [Array],
24 silly audit report       cvss: [Object]
24 silly audit report     }
24 silly audit report   ],
24 silly audit report   'tar-fs': [
24 silly audit report     {
24 silly audit report       id: 1089521,
24 silly audit report       url: 'https://github.com/advisories/GHSA-x2mc-8fgj-3wmr',
24 silly audit report       title: 'Improper Input Validation in tar-fs',
24 silly audit report       severity: 'high',
24 silly audit report       vulnerable_versions: '<1.16.2',
24 silly audit report       cwe: [Array],
24 silly audit report       cvss: [Object]
24 silly audit report     }
24 silly audit report   ],
24 silly audit report   bl: [
24 silly audit report     {
24 silly audit report       id: 1090072,
24 silly audit report       url: 'https://github.com/advisories/GHSA-pp7h-53gx-mx7r',
24 silly audit report       title: 'Remote Memory Exposure in bl',
24 silly audit report       severity: 'moderate',
24 silly audit report       vulnerable_versions: '<1.2.3',
24 silly audit report       cwe: [Array],
24 silly audit report       cvss: [Object]
24 silly audit report     }
24 silly audit report   ],
24 silly audit report   request: [
24 silly audit report     {
24 silly audit report       id: 1096727,
24 silly audit report       url: 'https://github.com/advisories/GHSA-p8p7-x288-28g6',
24 silly audit report       title: 'Server-Side Request Forgery in Request',
24 silly audit report       severity: 'moderate',
24 silly audit report       vulnerable_versions: '<=2.88.2',
24 silly audit report       cwe: [Array],
24 silly audit report       cvss: [Object]
24 silly audit report     }
24 silly audit report   ],
24 silly audit report   extend: [
24 silly audit report     {
24 silly audit report       id: 1087633,
24 silly audit report       url: 'https://github.com/advisories/GHSA-qrmc-fj45-qfc2',
24 silly audit report       title: 'Prototype Pollution in extend',
24 silly audit report       severity: 'moderate',
24 silly audit report       vulnerable_versions: '>=3.0.0 <3.0.2',
24 silly audit report       cwe: [Array],
24 silly audit report       cvss: [Object]
24 silly audit report     }
24 silly audit report   ],
24 silly audit report   ajv: [
24 silly audit report     {
24 silly audit report       id: 1097685,
24 silly audit report       url: 'https://github.com/advisories/GHSA-v88g-cgmw-v5xw',
24 silly audit report       title: 'Prototype Pollution in Ajv',
24 silly audit report       severity: 'moderate',
24 silly audit report       vulnerable_versions: '<6.12.3',
24 silly audit report       cwe: [Array],
24 silly audit report       cvss: [Object]
24 silly audit report     }
24 silly audit report   ],
24 silly audit report   hawk: [
24 silly audit report     {
24 silly audit report       id: 1095062,
24 silly audit report       url: 'https://github.com/advisories/GHSA-44pw-h2cw-w3vq',
24 silly audit report       title: 'Uncontrolled Resource Consumption in Hawk',
24 silly audit report       severity: 'high',
24 silly audit report       vulnerable_versions: '<9.0.1',
24 silly audit report       cwe: [Array],
24 silly audit report       cvss: [Object]
24 silly audit report     }
24 silly audit report   ],
24 silly audit report   hoek: [
24 silly audit report     {
24 silly audit report       id: 1093855,
24 silly audit report       url: 'https://github.com/advisories/GHSA-jp4x-w63m-7wgm',
24 silly audit report       title: 'Prototype Pollution in hoek',
24 silly audit report       severity: 'high',
24 silly audit report       vulnerable_versions: '<4.2.1',
24 silly audit report       cwe: [Array],
24 silly audit report       cvss: [Object]
24 silly audit report     },
24 silly audit report     {
24 silly audit report       id: 1096410,
24 silly audit report       url: 'https://github.com/advisories/GHSA-c429-5p7v-vgjp',
24 silly audit report       title: 'hoek subject to prototype pollution via the clone function.',
24 silly audit report       severity: 'high',
24 silly audit report       vulnerable_versions: '<=6.1.3',
24 silly audit report       cwe: [Array],
24 silly audit report       cvss: [Object]
24 silly audit report     }
24 silly audit report   ],
24 silly audit report   'json-schema': [
24 silly audit report     {
24 silly audit report       id: 1095057,
24 silly audit report       url: 'https://github.com/advisories/GHSA-896r-f27r-55mw',
24 silly audit report       title: 'json-schema is vulnerable to Prototype Pollution',
24 silly audit report       severity: 'critical',
24 silly audit report       vulnerable_versions: '<0.4.0',
24 silly audit report       cwe: [Array],
24 silly audit report       cvss: [Object]
24 silly audit report     }
24 silly audit report   ],
24 silly audit report   sshpk: [
24 silly audit report     {
24 silly audit report       id: 1089418,
24 silly audit report       url: 'https://github.com/advisories/GHSA-2m39-62fm-q8r3',
24 silly audit report       title: 'Regular Expression Denial of Service in sshpk',
24 silly audit report       severity: 'high',
24 silly audit report       vulnerable_versions: '<1.13.2',
24 silly audit report       cwe: [Array],
24 silly audit report       cvss: [Object]
24 silly audit report     }
24 silly audit report   ],
24 silly audit report   stringstream: [
24 silly audit report     {
24 silly audit report       id: 1090117,
24 silly audit report       url: 'https://github.com/advisories/GHSA-mf6x-7mm4-x2g7',
24 silly audit report       title: 'Out-of-bounds Read in stringstream',
24 silly audit report       severity: 'moderate',
24 silly audit report       vulnerable_versions: '<0.0.6',
24 silly audit report       cwe: [Array],
24 silly audit report       cvss: [Object]
24 silly audit report     }
24 silly audit report   ],
24 silly audit report   'tough-cookie': [
24 silly audit report     {
24 silly audit report       id: 1095103,
24 silly audit report       url: 'https://github.com/advisories/GHSA-g7q5-pjjr-gqvp',
24 silly audit report       title: 'Regular Expression Denial of Service in tough-cookie',
24 silly audit report       severity: 'high',
24 silly audit report       vulnerable_versions: '<2.3.3',
24 silly audit report       cwe: [Array],
24 silly audit report       cvss: [Object]
24 silly audit report     },
24 silly audit report     {
24 silly audit report       id: 1097682,
24 silly audit report       url: 'https://github.com/advisories/GHSA-72xf-g2v4-qvf3',
24 silly audit report       title: 'tough-cookie Prototype Pollution vulnerability',
24 silly audit report       severity: 'moderate',
24 silly audit report       vulnerable_versions: '<4.1.3',
24 silly audit report       cwe: [Array],
24 silly audit report       cvss: [Object]
24 silly audit report     }
24 silly audit report   ],
24 silly audit report   ssri: [
24 silly audit report     {
24 silly audit report       id: 1090997,
24 silly audit report       url: 'https://github.com/advisories/GHSA-325j-24f4-qv5x',
24 silly audit report       title: 'Regular Expression Denial of Service in ssri',
24 silly audit report       severity: 'moderate',
24 silly audit report       vulnerable_versions: '<5.2.2',
24 silly audit report       cwe: [Array],
24 silly audit report       cvss: [Object]
24 silly audit report     }
24 silly audit report   ]
24 silly audit report }
25 silly packumentCache corgi:https://registry.npmjs.org/debug cache-miss
26 silly packumentCache corgi:https://registry.npmjs.org/ansi-regex cache-miss
27 silly packumentCache corgi:https://registry.npmjs.org/chownr cache-miss
28 silly packumentCache corgi:https://registry.npmjs.org/cross-spawn cache-miss
29 silly packumentCache corgi:https://registry.npmjs.org/minimatch cache-miss
30 silly packumentCache corgi:https://registry.npmjs.org/https-proxy-agent cache-miss
31 silly packumentCache corgi:https://registry.npmjs.org/ini cache-miss
32 silly packumentCache corgi:https://registry.npmjs.org/semver cache-miss
33 silly packumentCache corgi:https://registry.npmjs.org/deep-extend cache-miss
34 silly packumentCache corgi:https://registry.npmjs.org/dot-prop cache-miss
35 silly packumentCache corgi:https://registry.npmjs.org/got cache-miss
36 silly packumentCache corgi:https://registry.npmjs.org/hosted-git-info cache-miss
37 silly packumentCache corgi:https://registry.npmjs.org/minimist cache-miss
38 silly packumentCache corgi:https://registry.npmjs.org/y18n cache-miss
39 silly packumentCache corgi:https://registry.npmjs.org/qs cache-miss
40 silly packumentCache corgi:https://registry.npmjs.org/tar cache-miss
41 silly packumentCache corgi:https://registry.npmjs.org/yargs-parser cache-miss
42 silly packumentCache corgi:https://registry.npmjs.org/npm cache-miss
43 silly packumentCache corgi:https://registry.npmjs.org/fstream cache-miss
44 silly packumentCache corgi:https://registry.npmjs.org/npm-user-validate cache-miss
45 silly packumentCache corgi:https://registry.npmjs.org/http-cache-semantics cache-miss
46 silly packumentCache corgi:https://registry.npmjs.org/http-proxy-agent cache-miss
47 silly packumentCache corgi:https://registry.npmjs.org/ip cache-miss
48 silly packumentCache corgi:https://registry.npmjs.org/tar-fs cache-miss
49 silly packumentCache corgi:https://registry.npmjs.org/bl cache-miss
50 silly packumentCache corgi:https://registry.npmjs.org/request cache-miss
51 silly packumentCache corgi:https://registry.npmjs.org/extend cache-miss
52 silly packumentCache corgi:https://registry.npmjs.org/ajv cache-miss
53 silly packumentCache corgi:https://registry.npmjs.org/hawk cache-miss
54 silly packumentCache corgi:https://registry.npmjs.org/hoek cache-miss
55 silly packumentCache corgi:https://registry.npmjs.org/json-schema cache-miss
56 silly packumentCache corgi:https://registry.npmjs.org/sshpk cache-miss
57 silly packumentCache corgi:https://registry.npmjs.org/stringstream cache-miss
58 silly packumentCache corgi:https://registry.npmjs.org/tough-cookie cache-miss
59 silly packumentCache corgi:https://registry.npmjs.org/ssri cache-miss
60 http fetch GET 200 https://registry.npmjs.org/chownr 95ms (cache hit)
61 silly packumentCache corgi:https://registry.npmjs.org/chownr set size:11768 disposed:false
62 http fetch GET 200 https://registry.npmjs.org/ansi-regex 97ms (cache hit)
63 silly packumentCache corgi:https://registry.npmjs.org/ansi-regex set size:17900 disposed:false
64 http fetch GET 200 https://registry.npmjs.org/debug 99ms (cache hit)
65 silly packumentCache corgi:https://registry.npmjs.org/debug set size:72932 disposed:false
66 http fetch GET 200 https://registry.npmjs.org/cross-spawn 101ms (cache hit)
67 silly packumentCache corgi:https://registry.npmjs.org/cross-spawn set size:44626 disposed:false
68 http fetch GET 200 https://registry.npmjs.org/https-proxy-agent 101ms (cache hit)
69 silly packumentCache corgi:https://registry.npmjs.org/https-proxy-agent set size:33763 disposed:false
70 http fetch GET 200 https://registry.npmjs.org/semver 100ms (cache hit)
71 silly packumentCache corgi:https://registry.npmjs.org/semver set size:92294 disposed:false
72 http fetch GET 200 https://registry.npmjs.org/deep-extend 102ms (cache hit)
73 silly packumentCache corgi:https://registry.npmjs.org/deep-extend set size:13806 disposed:false
74 http fetch GET 200 https://registry.npmjs.org/minimatch 105ms (cache hit)
75 silly packumentCache corgi:https://registry.npmjs.org/minimatch set size:142111 disposed:false
76 http fetch GET 200 https://registry.npmjs.org/hosted-git-info 104ms (cache hit)
77 silly packumentCache corgi:https://registry.npmjs.org/hosted-git-info set size:71813 disposed:false
78 http fetch GET 200 https://registry.npmjs.org/dot-prop 105ms (cache hit)
79 silly packumentCache corgi:https://registry.npmjs.org/dot-prop set size:31578 disposed:false
80 http fetch GET 200 https://registry.npmjs.org/qs 104ms (cache hit)
81 silly packumentCache corgi:https://registry.npmjs.org/qs set size:108486 disposed:false
82 http fetch GET 200 https://registry.npmjs.org/y18n 107ms (cache hit)
83 silly packumentCache corgi:https://registry.npmjs.org/y18n set size:28451 disposed:false
84 http fetch GET 200 https://registry.npmjs.org/ini 113ms (cache hit)
85 silly packumentCache corgi:https://registry.npmjs.org/ini set size:24884 disposed:false
86 http fetch GET 200 https://registry.npmjs.org/tar 110ms (cache hit)
87 silly packumentCache corgi:https://registry.npmjs.org/tar set size:156578 disposed:false
88 http fetch GET 200 https://registry.npmjs.org/fstream 112ms (cache hit)
89 silly packumentCache corgi:https://registry.npmjs.org/fstream set size:31968 disposed:false
90 http fetch GET 200 https://registry.npmjs.org/yargs-parser 114ms (cache hit)
91 silly packumentCache corgi:https://registry.npmjs.org/yargs-parser set size:112987 disposed:false
92 http fetch GET 200 https://registry.npmjs.org/minimist 119ms (cache hit)
93 silly packumentCache corgi:https://registry.npmjs.org/minimist set size:29263 disposed:false
94 http fetch GET 200 https://registry.npmjs.org/npm-user-validate 116ms (cache hit)
95 silly packumentCache corgi:https://registry.npmjs.org/npm-user-validate set size:10855 disposed:false
96 http fetch GET 200 https://registry.npmjs.org/got 121ms (cache hit)
97 silly packumentCache corgi:https://registry.npmjs.org/got set size:325628 disposed:false
98 http fetch GET 200 https://registry.npmjs.org/http-cache-semantics 122ms (cache hit)
99 silly packumentCache corgi:https://registry.npmjs.org/http-cache-semantics set size:21479 disposed:false
100 http fetch GET 200 https://registry.npmjs.org/tar-fs 121ms (cache hit)
101 silly packumentCache corgi:https://registry.npmjs.org/tar-fs set size:45848 disposed:false
102 http fetch GET 200 https://registry.npmjs.org/http-proxy-agent 124ms (cache hit)
103 silly packumentCache corgi:https://registry.npmjs.org/http-proxy-agent set size:22735 disposed:false
104 http fetch GET 200 https://registry.npmjs.org/ip 123ms (cache hit)
105 silly packumentCache corgi:https://registry.npmjs.org/ip set size:17316 disposed:false
106 http fetch GET 200 https://registry.npmjs.org/extend 122ms (cache hit)
107 silly packumentCache corgi:https://registry.npmjs.org/extend set size:9055 disposed:false
108 http fetch GET 200 https://registry.npmjs.org/bl 123ms (cache hit)
109 silly packumentCache corgi:https://registry.npmjs.org/bl set size:57560 disposed:false
110 http fetch GET 200 https://registry.npmjs.org/request 124ms (cache hit)
111 silly packumentCache corgi:https://registry.npmjs.org/request set size:129997 disposed:false
112 http fetch GET 200 https://registry.npmjs.org/hoek 126ms (cache hit)
113 silly packumentCache corgi:https://registry.npmjs.org/hoek set size:108254 disposed:false
114 http fetch GET 200 https://registry.npmjs.org/json-schema 128ms (cache hit)
115 silly packumentCache corgi:https://registry.npmjs.org/json-schema set size:7667 disposed:false
116 http fetch GET 200 https://registry.npmjs.org/sshpk 128ms (cache hit)
117 silly packumentCache corgi:https://registry.npmjs.org/sshpk set size:52578 disposed:false
118 http fetch GET 200 https://registry.npmjs.org/hawk 130ms (cache hit)
119 silly packumentCache corgi:https://registry.npmjs.org/hawk set size:76484 disposed:false
120 http fetch GET 200 https://registry.npmjs.org/ajv 137ms (cache hit)
121 silly packumentCache corgi:https://registry.npmjs.org/ajv set size:461470 disposed:false
122 http fetch GET 200 https://registry.npmjs.org/npm 155ms (cache hit)
123 silly packumentCache corgi:https://registry.npmjs.org/npm set size:2247452 disposed:false
124 http fetch GET 200 https://registry.npmjs.org/ssri 176ms (cache hit)
125 silly packumentCache corgi:https://registry.npmjs.org/ssri set size:41983 disposed:false
126 http fetch GET 200 https://registry.npmjs.org/tough-cookie 177ms (cache hit)
127 silly packumentCache corgi:https://registry.npmjs.org/tough-cookie set size:45590 disposed:false
128 http fetch GET 200 https://registry.npmjs.org/stringstream 179ms (cache hit)
129 silly packumentCache corgi:https://registry.npmjs.org/stringstream set size:5875 disposed:false
130 silly packumentCache corgi:https://registry.npmjs.org/strip-ansi cache-miss
131 http fetch GET 200 https://registry.npmjs.org/strip-ansi 11ms (cache hit)
132 silly packumentCache corgi:https://registry.npmjs.org/strip-ansi set size:17904 disposed:false
133 silly packumentCache corgi:https://registry.npmjs.org/cacache cache-miss
134 http fetch GET 200 https://registry.npmjs.org/cacache 15ms (cache hit)
135 silly packumentCache corgi:https://registry.npmjs.org/cacache set size:151389 disposed:false
136 silly packumentCache corgi:https://registry.npmjs.org/execa cache-miss
137 http fetch GET 200 https://registry.npmjs.org/execa 8ms (cache hit)
138 silly packumentCache corgi:https://registry.npmjs.org/execa set size:83988 disposed:false
139 silly packumentCache corgi:https://registry.npmjs.org/glob cache-miss
140 silly packumentCache corgi:https://registry.npmjs.org/fstream-ignore cache-miss
141 silly packumentCache corgi:https://registry.npmjs.org/node-gyp cache-miss
142 silly packumentCache corgi:https://registry.npmjs.org/pacote cache-miss
143 http fetch GET 200 https://registry.npmjs.org/bcryptjs/-/bcryptjs-2.4.3.tgz 494ms (cache miss)
144 http fetch GET 200 https://registry.npmjs.org/glob 305ms (cache hit)
145 silly packumentCache corgi:https://registry.npmjs.org/glob set size:152948 disposed:false
146 http fetch GET 200 https://registry.npmjs.org/fstream-ignore 307ms (cache hit)
147 silly packumentCache corgi:https://registry.npmjs.org/fstream-ignore set size:10884 disposed:false
148 http fetch GET 200 https://registry.npmjs.org/node-gyp 308ms (cache hit)
149 silly packumentCache corgi:https://registry.npmjs.org/node-gyp set size:142915 disposed:false
150 http fetch GET 200 https://registry.npmjs.org/pacote 311ms (cache hit)
151 silly packumentCache corgi:https://registry.npmjs.org/pacote set size:381612 disposed:false
152 silly packumentCache corgi:https://registry.npmjs.org/make-fetch-happen cache-miss
153 http fetch GET 200 https://registry.npmjs.org/make-fetch-happen 3ms (cache hit)
154 silly packumentCache corgi:https://registry.npmjs.org/make-fetch-happen set size:177116 disposed:false
155 silly packumentCache corgi:https://registry.npmjs.org/global-dirs cache-miss
156 silly packumentCache corgi:https://registry.npmjs.org/rc cache-miss
157 silly packumentCache corgi:https://registry.npmjs.org/config-chain cache-miss
158 http fetch GET 200 https://registry.npmjs.org/global-dirs 11ms (cache hit)
159 silly packumentCache corgi:https://registry.npmjs.org/global-dirs set size:11802 disposed:false
160 http fetch GET 200 https://registry.npmjs.org/rc 12ms (cache hit)
161 silly packumentCache corgi:https://registry.npmjs.org/rc set size:29081 disposed:false
162 http fetch GET 200 https://registry.npmjs.org/config-chain 13ms (cache hit)
163 silly packumentCache corgi:https://registry.npmjs.org/config-chain set size:15538 disposed:false
164 silly packumentCache corgi:https://registry.npmjs.org/init-package-json cache-miss
165 silly packumentCache corgi:https://registry.npmjs.org/normalize-package-data cache-miss
166 silly packumentCache corgi:https://registry.npmjs.org/npm-install-checks cache-miss
167 silly packumentCache corgi:https://registry.npmjs.org/npm-package-arg cache-miss
168 silly packumentCache corgi:https://registry.npmjs.org/npm-registry-client cache-miss
169 silly packumentCache corgi:https://registry.npmjs.org/npm-pick-manifest cache-miss
170 silly packumentCache corgi:https://registry.npmjs.org/read-installed cache-miss
171 silly packumentCache corgi:https://registry.npmjs.org/package-json cache-miss
172 silly packumentCache corgi:https://registry.npmjs.org/semver-diff cache-miss
173 http fetch GET 200 https://registry.npmjs.org/npm-install-checks 21ms (cache hit)
174 silly packumentCache corgi:https://registry.npmjs.org/npm-install-checks set size:22722 disposed:false
175 http fetch GET 200 https://registry.npmjs.org/init-package-json 24ms (cache hit)
176 silly packumentCache corgi:https://registry.npmjs.org/init-package-json set size:63722 disposed:false
177 http fetch GET 200 https://registry.npmjs.org/normalize-package-data 25ms (cache hit)
178 silly packumentCache corgi:https://registry.npmjs.org/normalize-package-data set size:52534 disposed:false
179 http fetch GET 200 https://registry.npmjs.org/npm-registry-client 26ms (cache hit)
180 silly packumentCache corgi:https://registry.npmjs.org/npm-registry-client set size:141565 disposed:false
181 http fetch GET 200 https://registry.npmjs.org/npm-pick-manifest 30ms (cache hit)
182 silly packumentCache corgi:https://registry.npmjs.org/npm-pick-manifest set size:39367 disposed:false
183 http fetch GET 200 https://registry.npmjs.org/read-installed 31ms (cache hit)
184 silly packumentCache corgi:https://registry.npmjs.org/read-installed set size:24250 disposed:false
185 http fetch GET 200 https://registry.npmjs.org/package-json 31ms (cache hit)
186 silly packumentCache corgi:https://registry.npmjs.org/package-json set size:33596 disposed:false
187 http fetch GET 200 https://registry.npmjs.org/semver-diff 32ms (cache hit)
188 silly packumentCache corgi:https://registry.npmjs.org/semver-diff set size:8657 disposed:false
189 http fetch GET 200 https://registry.npmjs.org/npm-package-arg 35ms (cache hit)
190 silly packumentCache corgi:https://registry.npmjs.org/npm-package-arg set size:53499 disposed:false
191 silly packumentCache corgi:https://registry.npmjs.org/configstore cache-miss
192 http fetch GET 200 https://registry.npmjs.org/configstore 2ms (cache hit)
193 silly packumentCache corgi:https://registry.npmjs.org/configstore set size:31180 disposed:false
194 silly packumentCache corgi:https://registry.npmjs.org/mkdirp cache-miss
195 http fetch GET 200 https://registry.npmjs.org/mkdirp 2ms (cache hit)
196 silly packumentCache corgi:https://registry.npmjs.org/mkdirp set size:49417 disposed:false
197 silly packumentCache corgi:https://registry.npmjs.org/libnpx cache-miss
198 http fetch GET 200 https://registry.npmjs.org/libnpx 2ms (cache hit)
199 silly packumentCache corgi:https://registry.npmjs.org/libnpx set size:37961 disposed:false
200 silly packumentCache corgi:https://registry.npmjs.org/yargs cache-miss
201 http fetch GET 200 https://registry.npmjs.org/yargs 6ms (cache hit)
202 silly packumentCache corgi:https://registry.npmjs.org/yargs set size:328890 disposed:false
203 silly packumentCache corgi:https://registry.npmjs.org/npx cache-miss
204 http fetch GET 200 https://registry.npmjs.org/npx 2ms (cache hit)
205 silly packumentCache corgi:https://registry.npmjs.org/npx set size:54272 disposed:false
206 silly packumentCache corgi:https://registry.npmjs.org/socks cache-miss
207 http fetch GET 200 https://registry.npmjs.org/socks 2ms (cache hit)
208 silly packumentCache corgi:https://registry.npmjs.org/socks set size:61736 disposed:false
209 silly packumentCache corgi:https://registry.npmjs.org/tar-stream cache-miss
210 http fetch GET 200 https://registry.npmjs.org/tar-stream 1ms (cache hit)
211 silly packumentCache corgi:https://registry.npmjs.org/tar-stream set size:56421 disposed:false
212 silly packumentCache corgi:https://registry.npmjs.org/har-validator cache-miss
213 http fetch GET 200 https://registry.npmjs.org/har-validator 1ms (cache hit)
214 silly packumentCache corgi:https://registry.npmjs.org/har-validator set size:49284 disposed:false
215 silly packumentCache corgi:https://registry.npmjs.org/boom cache-miss
216 silly packumentCache corgi:https://registry.npmjs.org/sntp cache-miss
217 http fetch GET 200 https://registry.npmjs.org/sntp 3ms (cache hit)
218 silly packumentCache corgi:https://registry.npmjs.org/sntp set size:23314 disposed:false
219 http fetch GET 200 https://registry.npmjs.org/boom 3ms (cache hit)
220 silly packumentCache corgi:https://registry.npmjs.org/boom set size:64049 disposed:false
221 silly packumentCache corgi:https://registry.npmjs.org/jsprim cache-miss
222 http fetch GET 200 https://registry.npmjs.org/jsprim 4ms (cache hit)
223 silly packumentCache corgi:https://registry.npmjs.org/jsprim set size:18472 disposed:false
224 silly packumentCache corgi:https://registry.npmjs.org/http-signature cache-miss
225 http fetch GET 200 https://registry.npmjs.org/http-signature 2ms (cache hit)
226 silly packumentCache corgi:https://registry.npmjs.org/http-signature set size:25024 disposed:false
227 silly packumentCache corgi:https://registry.npmjs.org/term-size cache-miss
228 http fetch GET 200 https://registry.npmjs.org/term-size 3ms (cache hit)
229 silly packumentCache corgi:https://registry.npmjs.org/term-size set size:16458 disposed:false
230 silly packumentCache corgi:https://registry.npmjs.org/registry-auth-token cache-miss
231 silly packumentCache corgi:https://registry.npmjs.org/registry-url cache-miss
232 http fetch GET 200 https://registry.npmjs.org/registry-auth-token 3ms (cache hit)
233 silly packumentCache corgi:https://registry.npmjs.org/registry-auth-token set size:26580 disposed:false
234 http fetch GET 200 https://registry.npmjs.org/registry-url 4ms (cache hit)
235 silly packumentCache corgi:https://registry.npmjs.org/registry-url set size:14057 disposed:false
236 silly packumentCache corgi:https://registry.npmjs.org/latest-version cache-miss
237 http fetch GET 200 https://registry.npmjs.org/latest-version 2ms (cache hit)
238 silly packumentCache corgi:https://registry.npmjs.org/latest-version set size:15360 disposed:false
239 silly packumentCache corgi:https://registry.npmjs.org/cmd-shim cache-miss
240 silly packumentCache corgi:https://registry.npmjs.org/move-concurrently cache-miss
241 silly packumentCache corgi:https://registry.npmjs.org/copy-concurrently cache-miss
242 http fetch GET 200 https://registry.npmjs.org/cmd-shim 8ms (cache hit)
243 silly packumentCache corgi:https://registry.npmjs.org/cmd-shim set size:26182 disposed:false
244 http fetch GET 200 https://registry.npmjs.org/move-concurrently 9ms (cache hit)
245 silly packumentCache corgi:https://registry.npmjs.org/move-concurrently set size:1722 disposed:false
246 http fetch GET 200 https://registry.npmjs.org/copy-concurrently 8ms (cache hit)
247 silly packumentCache corgi:https://registry.npmjs.org/copy-concurrently set size:4874 disposed:false
248 silly packumentCache corgi:https://registry.npmjs.org/cryptiles cache-miss
249 http fetch GET 200 https://registry.npmjs.org/cryptiles 3ms (cache hit)
250 silly packumentCache corgi:https://registry.npmjs.org/cryptiles set size:33327 disposed:false
251 silly packumentCache corgi:https://registry.npmjs.org/boxen cache-miss
252 http fetch GET 200 https://registry.npmjs.org/boxen 1ms (cache hit)
253 silly packumentCache corgi:https://registry.npmjs.org/boxen set size:47703 disposed:false
254 silly packumentCache corgi:https://registry.npmjs.org/update-notifier cache-miss
255 http fetch GET 200 https://registry.npmjs.org/update-notifier 1ms (cache hit)
256 silly packumentCache corgi:https://registry.npmjs.org/update-notifier set size:56608 disposed:false
257 silly ADD node_modules/bcryptjs
258 verbose cwd /home/app/monannonce
259 verbose os Linux 5.15.0-125-generic
260 verbose node v22.11.0
261 verbose npm  v10.9.0
262 verbose exit 0
263 info ok
