0 verbose cli /usr/local/bin/node /usr/local/bin/npm
1 info using npm@10.9.0
2 info using node@v22.11.0
3 silly config load:file:/usr/local/lib/node_modules/npm/npmrc
4 silly config load:file:/home/app/monannonce/.npmrc
5 silly config load:file:/home/app/.npmrc
6 silly config load:file:/usr/local/etc/npmrc
7 verbose title npm i
8 verbose argv "i"
9 verbose logfile logs-max:10 dir:/home/app/.npm/_logs/2024-11-21T13_30_32_712Z-
10 verbose logfile /home/app/.npm/_logs/2024-11-21T13_30_32_712Z-debug-0.log
11 silly logfile start cleaning logs, removing 2 files
12 silly packumentCache heap:4345298944 maxSize:1086324736 maxEntrySize:543162368
13 silly logfile done cleaning log files
14 silly idealTree buildDeps
15 verbose shrinkwrap failed to load node_modules/.package-lock.json out of date, updated: node_modules
16 silly reify moves {}
17 silly audit bulk request {
17 silly audit   '@isaacs/cliui': [ '8.0.2' ],
17 silly audit   '@mongodb-js/saslprep': [ '1.1.9' ],
17 silly audit   '@one-ini/wasm': [ '0.1.1' ],
17 silly audit   '@pkgjs/parseargs': [ '0.11.0' ],
17 silly audit   '@types/debug': [ '4.1.12' ],
17 silly audit   '@types/geojson': [ '7946.0.14' ],
17 silly audit   '@types/ms': [ '0.7.34' ],
17 silly audit   '@types/node': [ '22.9.0' ],
17 silly audit   '@types/validator': [ '13.12.2' ],
17 silly audit   '@types/webidl-conversions': [ '7.0.3' ],
17 silly audit   '@types/whatwg-url': [ '11.0.5' ],
17 silly audit   abbrev: [ '2.0.0', '1.1.0' ],
17 silly audit   accepts: [ '1.3.8' ],
17 silly audit   'ansi-regex': [ '6.1.0', '5.0.1', '3.0.0', '2.1.1' ],
17 silly audit   'ansi-styles': [ '6.2.1', '4.3.0', '3.2.1', '2.2.1' ],
17 silly audit   'array-flatten': [ '1.1.1' ],
17 silly audit   'at-least-node': [ '1.0.0' ],
17 silly audit   'balanced-match': [ '1.0.2', '1.0.0' ],
17 silly audit   bluebird: [ '3.7.2', '3.5.0' ],
17 silly audit   'body-parser': [ '1.20.3' ],
17 silly audit   'brace-expansion': [ '2.0.1', '1.1.11', '1.1.8' ],
17 silly audit   bson: [ '6.10.0' ],
17 silly audit   bytes: [ '3.1.2' ],
17 silly audit   'call-bind': [ '1.0.7' ],
17 silly audit   'cli-color': [ '2.0.4' ],
17 silly audit   cliui: [ '7.0.4', '4.1.0' ],
17 silly audit   'emoji-regex': [ '8.0.0', '9.2.2' ],
17 silly audit   'string-width': [ '4.2.3', '5.1.2', '1.0.2', '2.1.0', '2.1.1' ],
17 silly audit   'strip-ansi': [ '6.0.1', '7.1.0', '3.0.1', '4.0.0' ],
17 silly audit   'wrap-ansi': [ '7.0.0', '8.1.0', '2.1.0' ],
17 silly audit   'color-convert': [ '2.0.1', '1.9.3' ],
17 silly audit   'color-name': [ '1.1.4', '1.1.3' ],
17 silly audit   commander: [ '10.0.1' ],
17 silly audit   'config-chain': [ '1.1.13', '1.1.11' ],
17 silly audit   'content-disposition': [ '0.5.4' ],
17 silly audit   'content-type': [ '1.0.5' ],
17 silly audit   cookie: [ '0.7.1' ],
17 silly audit   'cookie-signature': [ '1.0.6' ],
17 silly audit   'cross-spawn': [ '7.0.6', '5.1.0', '6.0.5' ],
17 silly audit   d: [ '1.0.2' ],
17 silly audit   daemon: [ '1.1.0' ],
17 silly audit   debug: [ '2.6.9', '4.3.7', '2.6.8' ],
17 silly audit   'define-data-property': [ '1.1.4' ],
17 silly audit   denque: [ '2.1.0' ],
17 silly audit   depd: [ '2.0.0' ],
17 silly audit   destroy: [ '1.2.0' ],
17 silly audit   dotenv: [ '16.4.5', '5.0.1' ],
17 silly audit   dottie: [ '2.0.6' ],
17 silly audit   eastasianwidth: [ '0.2.0' ],
17 silly audit   editorconfig: [ '1.0.4' ],
17 silly audit   'ee-first': [ '1.1.1' ],
17 silly audit   encodeurl: [ '2.0.0', '1.0.2' ],
17 silly audit   'es-define-property': [ '1.0.0' ],
17 silly audit   'es-errors': [ '1.3.0' ],
17 silly audit   'es5-ext': [ '0.10.64' ],
17 silly audit   'es6-iterator': [ '2.0.3' ],
17 silly audit   'es6-symbol': [ '3.1.4' ],
17 silly audit   'es6-weak-map': [ '2.0.3' ],
17 silly audit   escalade: [ '3.2.0' ],
17 silly audit   'escape-html': [ '1.0.3' ],
17 silly audit   esniff: [ '2.0.1' ],
17 silly audit   etag: [ '1.8.1' ],
17 silly audit   'event-emitter': [ '0.3.5' ],
17 silly audit   express: [ '4.21.1' ],
17 silly audit   'express-validator': [ '7.2.0' ],
17 silly audit   ext: [ '1.7.0' ],
17 silly audit   finalhandler: [ '1.3.1' ],
17 silly audit   'foreground-child': [ '3.3.0' ],
17 silly audit   forwarded: [ '0.2.0' ],
17 silly audit   fresh: [ '0.5.2' ],
17 silly audit   'fs-extra': [ '9.1.0' ],
17 silly audit   'function-bind': [ '1.1.2' ],
17 silly audit   'get-caller-file': [ '2.0.5', '1.0.3' ],
17 silly audit   'get-intrinsic': [ '1.2.4' ],
17 silly audit   glob: [ '10.4.5', '7.1.6', '7.1.2' ],
17 silly audit   minimatch: [ '9.0.5', '9.0.1', '3.0.4' ],
17 silly audit   gopd: [ '1.0.1' ],
17 silly audit   'graceful-fs': [ '4.2.11', '4.2.3', '4.1.11' ],
17 silly audit   'has-property-descriptors': [ '1.0.2' ],
17 silly audit   'has-proto': [ '1.0.3' ],
17 silly audit   'has-symbols': [ '1.0.3' ],
17 silly audit   hasown: [ '2.0.2' ],
17 silly audit   'http-errors': [ '2.0.0' ],
17 silly audit   'iconv-lite': [ '0.4.24', '0.6.3', '0.4.18' ],
17 silly audit   inflection: [ '1.13.4' ],
17 silly audit   inherits: [ '2.0.4', '2.0.3' ],
17 silly audit   ini: [ '1.3.8', '1.3.5', '1.3.4' ],
17 silly audit   init: [ '0.1.2' ],
17 silly audit   'ipaddr.js': [ '1.9.1' ],
17 silly audit   'is-core-module': [ '2.15.1' ],
17 silly audit   'is-fullwidth-code-point': [ '3.0.0', '2.0.0', '1.0.0' ],
17 silly audit   'is-promise': [ '2.2.2' ],
17 silly audit   isexe: [ '2.0.0' ],
17 silly audit   jackspeak: [ '3.4.3' ],
17 silly audit   'js-beautify': [ '1.15.1' ],
17 silly audit   'js-cookie': [ '3.0.5' ],
17 silly audit   jsonfile: [ '6.1.0' ],
17 silly audit   kareem: [ '2.6.3' ],
17 silly audit   lodash: [ '4.17.21' ],
17 silly audit   'lru-cache': [ '10.4.3', '4.1.5', '4.1.1' ],
17 silly audit   'lru-queue': [ '0.1.0' ],
17 silly audit   mariadb: [ '3.4.0' ],
17 silly audit   'media-typer': [ '0.3.0' ],
17 silly audit   memoizee: [ '0.4.17' ],
17 silly audit   'memory-pager': [ '1.5.0' ],
17 silly audit   'merge-descriptors': [ '1.0.3' ],
17 silly audit   methods: [ '1.1.2' ],
17 silly audit   mime: [ '1.6.0' ],
17 silly audit   'mime-db': [ '1.52.0', '1.27.0' ],
17 silly audit   'mime-types': [ '2.1.35', '2.1.15' ],
17 silly audit   minipass: [ '7.1.2' ],
17 silly audit   moment: [ '2.30.1' ],
17 silly audit   'moment-timezone': [ '0.5.46' ],
17 silly audit   mongodb: [ '6.10.0' ],
17 silly audit   'mongodb-connection-string-url': [ '3.0.1' ],
17 silly audit   mongoose: [ '8.8.2' ],
17 silly audit   ms: [ '2.1.3', '2.0.0' ],
17 silly audit   mpath: [ '0.9.0' ],
17 silly audit   mquery: [ '5.0.0' ],
17 silly audit   negotiator: [ '0.6.3' ],
17 silly audit   'next-tick': [ '1.1.0' ],
17 silly audit   nopt: [ '7.2.1', '3.0.6', '4.0.1' ],
17 silly audit   npx: [ '10.2.2' ],
17 silly audit   'ansi-align': [ '2.0.0' ],
17 silly audit   boxen: [ '1.3.0', '1.1.0' ],
17 silly audit   builtins: [ '1.0.3' ],
17 silly audit   camelcase: [ '4.1.0' ],
17 silly audit   'capture-stack-trace': [ '1.0.1', '1.0.0' ],
17 silly audit   chalk: [ '2.4.2', '1.1.3' ],
17 silly audit   'cli-boxes': [ '1.0.0' ],
17 silly audit   'code-point-at': [ '1.1.0' ],
17 silly audit   'concat-map': [ '0.0.1' ],
17 silly audit   configstore: [ '3.1.2', '3.1.0' ],
17 silly audit   'create-error-class': [ '3.0.2' ],
17 silly audit   'crypto-random-string': [ '1.0.0' ],
17 silly audit   'deep-extend': [ '0.6.0', '0.4.2' ],
17 silly audit   'dot-prop': [ '4.2.0', '4.1.1' ],
17 silly audit   duplexer3: [ '0.1.4' ],
17 silly audit   'end-of-stream': [ '1.4.4', '1.0.0', '1.4.0' ],
17 silly audit   'escape-string-regexp': [ '1.0.5' ],
17 silly audit   execa: [ '0.7.0', '0.4.0', '1.0.0' ],
17 silly audit   'fs.realpath': [ '1.0.0' ],
17 silly audit   'get-stream': [ '3.0.0', '4.1.0' ],
17 silly audit   got: [ '6.7.1' ],
17 silly audit   'hosted-git-info': [ '2.8.5', '2.5.0' ],
17 silly audit   'import-lazy': [ '2.1.0' ],
17 silly audit   imurmurhash: [ '0.1.4' ],
17 silly audit   inflight: [ '1.0.6' ],
17 silly audit   'is-npm': [ '1.0.0' ],
17 silly audit   'is-obj': [ '1.0.1' ],
17 silly audit   'is-redirect': [ '1.0.0' ],
17 silly audit   'is-retry-allowed': [ '1.2.0', '1.1.0' ],
17 silly audit   'is-stream': [ '1.1.0' ],
17 silly audit   'latest-version': [ '3.1.0' ],
17 silly audit   'lowercase-keys': [ '1.0.1', '1.0.0' ],
17 silly audit   'make-dir': [ '1.3.0', '1.0.0' ],
17 silly audit   minimist: [ '1.2.0', '0.0.8' ],
17 silly audit   'npm-package-arg': [ '6.1.1', '5.1.2' ],
17 silly audit   'npm-run-path': [ '2.0.2', '1.0.0' ],
17 silly audit   pseudomap: [ '1.0.2' ],
17 silly audit   yallist: [ '2.1.2' ],
17 silly audit   y18n: [ '5.0.8', '3.2.1', '4.0.0' ],
17 silly audit   'proto-list': [ '1.2.4' ],
17 silly audit   'path-is-absolute': [ '1.0.1' ],
17 silly audit   once: [ '1.3.3', '1.4.0' ],
17 silly audit   pump: [ '1.0.2', '3.0.0' ],
17 silly audit   'signal-exit': [ '4.1.0', '3.0.2' ],
17 silly audit   'number-is-nan': [ '1.0.1' ],
17 silly audit   'set-blocking': [ '2.0.0' ],
17 silly audit   osenv: [ '0.1.4', '0.1.5' ],
17 silly audit   'os-homedir': [ '1.0.2' ],
17 silly audit   'os-tmpdir': [ '1.0.2' ],
17 silly audit   'path-is-inside': [ '1.0.2' ],
17 silly audit   qs: [ '6.13.0', '6.4.0' ],
17 silly audit   punycode: [ '2.3.1', '1.4.1' ],
17 silly audit   rimraf: [ '2.6.1', '2.7.1' ],
17 silly audit   'safe-buffer': [ '5.2.1', '5.1.1', '5.2.0' ],
17 silly audit   semver: [ '7.6.3', '5.3.0', '5.7.1' ],
17 silly audit   unpipe: [ '1.0.0' ],
17 silly audit   'update-notifier': [ '2.2.0', '2.5.0' ],
17 silly audit   'term-size': [ '0.1.1', '1.2.0' ],
17 silly audit   'path-key': [ '3.1.1', '1.0.0', '2.0.1' ],
17 silly audit   'strip-eof': [ '1.0.0' ],
17 silly audit   'widest-line': [ '1.0.0', '2.0.1' ],
17 silly audit   'supports-color': [ '2.0.0', '5.5.0' ],
17 silly audit   pify: [ '2.3.0', '3.0.0' ],
17 silly audit   'unique-string': [ '1.0.0' ],
17 silly audit   'package-json': [ '4.0.1' ],
17 silly audit   'timed-out': [ '4.0.1' ],
17 silly audit   'unzip-response': [ '2.0.1' ],
17 silly audit   'url-parse-lax': [ '1.0.0' ],
17 silly audit   'prepend-http': [ '1.0.4' ],
17 silly audit   'registry-auth-token': [ '3.3.1', '3.4.0' ],
17 silly audit   rc: [ '1.2.1', '1.2.8' ],
17 silly audit   'strip-json-comments': [ '2.0.1' ],
17 silly audit   'registry-url': [ '3.1.0' ],
17 silly audit   'semver-diff': [ '2.1.0' ],
17 silly audit   'xdg-basedir': [ '3.0.0' ],
17 silly audit   uuid: [ '8.3.2', '3.1.0' ],
17 silly audit   'validate-npm-package-name': [ '3.0.0' ],
17 silly audit   which: [ '2.0.2', '1.2.14', '1.3.1' ],
17 silly audit   wrappy: [ '1.0.2' ],
17 silly audit   'write-file-atomic': [ '2.1.0', '2.4.3' ],
17 silly audit   'require-directory': [ '2.1.1' ],
17 silly audit   'shebang-command': [ '2.0.0', '1.2.0' ],
17 silly audit   'shebang-regex': [ '3.0.0', '1.0.0' ],
17 silly audit   yargs: [ '16.2.0', '11.1.1' ],
17 silly audit   'yargs-parser': [ '20.2.9', '9.0.2' ],
17 silly audit   'object-inspect': [ '1.13.3' ],
17 silly audit   'on-finished': [ '2.4.1' ],
17 silly audit   'package-json-from-dist': [ '1.0.1' ],
17 silly audit   parseurl: [ '1.3.3' ],
17 silly audit   'path-parse': [ '1.0.7' ],
17 silly audit   'path-scurry': [ '1.11.1' ],
17 silly audit   'path-to-regexp': [ '0.1.10' ],
17 silly audit   'pg-connection-string': [ '2.7.0' ],
17 silly audit   'proxy-addr': [ '2.0.7' ],
17 silly audit   'range-parser': [ '1.2.1' ],
17 silly audit   'raw-body': [ '2.5.2' ],
17 silly audit   resolve: [ '1.22.8' ],
17 silly audit   'retry-as-promised': [ '7.0.4' ],
17 silly audit   'safer-buffer': [ '2.1.2' ],
17 silly audit   send: [ '0.19.0' ],
17 silly audit   sequelize: [ '6.37.5' ],
17 silly audit   'sequelize-cli': [ '6.6.2' ],
17 silly audit   'sequelize-pool': [ '7.1.0' ],
17 silly audit   'serve-static': [ '1.16.2' ],
17 silly audit   'set-function-length': [ '1.2.2' ],
17 silly audit   setprototypeof: [ '1.2.0' ],
17 silly audit   'side-channel': [ '1.0.6' ],
17 silly audit   sift: [ '17.1.3' ],
17 silly audit   'sparse-bitfield': [ '3.0.3' ],
17 silly audit   statuses: [ '2.0.1' ],
17 silly audit   'supports-preserve-symlinks-flag': [ '1.0.0' ],
17 silly audit   'timers-ext': [ '0.1.8' ],
17 silly audit   toidentifier: [ '1.0.1' ],
17 silly audit   'toposort-class': [ '1.0.1' ],
17 silly audit   tr46: [ '4.1.1' ],
17 silly audit   type: [ '2.7.3' ],
17 silly audit   'type-is': [ '1.6.18' ],
17 silly audit   umzug: [ '2.3.0' ],
17 silly audit   'undici-types': [ '6.19.8' ],
17 silly audit   universalify: [ '2.0.1' ],
17 silly audit   'utils-merge': [ '1.0.1' ],
17 silly audit   validator: [ '13.12.0' ],
17 silly audit   vary: [ '1.1.2' ],
17 silly audit   'webidl-conversions': [ '7.0.0' ],
17 silly audit   'whatwg-url': [ '13.0.0' ],
17 silly audit   wkx: [ '0.5.0' ],
17 silly audit   'ci-info': [ '1.6.0' ],
17 silly audit   decamelize: [ '1.2.0' ],
17 silly audit   'find-up': [ '2.1.0' ],
17 silly audit   'global-dirs': [ '0.1.1' ],
17 silly audit   'has-flag': [ '3.0.0' ],
17 silly audit   'invert-kv': [ '2.0.0' ],
17 silly audit   'is-ci': [ '1.2.1' ],
17 silly audit   'is-installed-globally': [ '0.1.0' ],
17 silly audit   'is-path-inside': [ '1.0.1' ],
17 silly audit   lcid: [ '2.0.0' ],
17 silly audit   libnpx: [ '10.2.2' ],
17 silly audit   'locate-path': [ '2.0.0' ],
17 silly audit   'map-age-cleaner': [ '0.1.3' ],
17 silly audit   mem: [ '4.3.0' ],
17 silly audit   'mimic-fn': [ '2.1.0' ],
17 silly audit   'nice-try': [ '1.0.5' ],
17 silly audit   npm: [ '5.1.0' ],
17 silly audit   JSONStream: [ '1.3.1' ],
17 silly audit   jsonparse: [ '1.3.1' ],
17 silly audit   through: [ '2.3.8' ],
17 silly audit   ansicolors: [ '0.3.2' ],
17 silly audit   ansistyles: [ '0.1.3' ],
17 silly audit   aproba: [ '1.1.2' ],
17 silly audit   archy: [ '1.0.0' ],
17 silly audit   cacache: [ '9.2.9' ],
17 silly audit   'call-limit': [ '1.1.0' ],
17 silly audit   chownr: [ '1.0.1' ],
17 silly audit   'cmd-shim': [ '2.0.2' ],
17 silly audit   columnify: [ '1.5.4' ],
17 silly audit   wcwidth: [ '1.0.1' ],
17 silly audit   defaults: [ '1.0.3' ],
17 silly audit   clone: [ '1.0.2' ],
17 silly audit   debuglog: [ '1.0.1' ],
17 silly audit   'detect-indent': [ '5.0.0' ],
17 silly audit   dezalgo: [ '1.0.3' ],
17 silly audit   asap: [ '2.0.5' ],
17 silly audit   editor: [ '1.0.0' ],
17 silly audit   'fs-vacuum': [ '1.2.10' ],
17 silly audit   'fs-write-stream-atomic': [ '1.0.10' ],
17 silly audit   fstream: [ '1.0.11' ],
17 silly audit   'fstream-npm': [ '1.2.1' ],
17 silly audit   'fstream-ignore': [ '1.0.5' ],
17 silly audit   'has-unicode': [ '2.0.1' ],
17 silly audit   iferr: [ '0.1.5' ],
17 silly audit   'init-package-json': [ '1.10.1' ],
17 silly audit   promzard: [ '0.3.0' ],
17 silly audit   'lazy-property': [ '1.0.0' ],
17 silly audit   lockfile: [ '1.0.3' ],
17 silly audit   'lodash._baseindexof': [ '3.1.0' ],
17 silly audit   'lodash._baseuniq': [ '4.6.0' ],
17 silly audit   'lodash._createset': [ '4.0.3' ],
17 silly audit   'lodash._root': [ '3.0.1' ],
17 silly audit   'lodash._bindcallback': [ '3.0.1' ],
17 silly audit   'lodash._cacheindexof': [ '3.0.2' ],
17 silly audit   'lodash._createcache': [ '3.1.2' ],
17 silly audit   'lodash._getnative': [ '3.9.1' ],
17 silly audit   'lodash.clonedeep': [ '4.5.0' ],
17 silly audit   'lodash.restparam': [ '3.6.1' ],
17 silly audit   'lodash.union': [ '4.6.0' ],
17 silly audit   'lodash.uniq': [ '4.5.0' ],
17 silly audit   'lodash.without': [ '4.4.0' ],
17 silly audit   mississippi: [ '1.3.0' ],
17 silly audit   'concat-stream': [ '1.6.0' ],
17 silly audit   typedarray: [ '0.0.6' ],
17 silly audit   duplexify: [ '3.5.0' ],
17 silly audit   'stream-shift': [ '1.0.0' ],
17 silly audit   'flush-write-stream': [ '1.0.2' ],
17 silly audit   from2: [ '2.3.0', '1.3.0' ],
17 silly audit   'parallel-transform': [ '1.1.0' ],
17 silly audit   cyclist: [ '0.2.2' ],
17 silly audit   pumpify: [ '1.3.5' ],
17 silly audit   'stream-each': [ '1.2.0' ],
17 silly audit   through2: [ '2.0.3' ],
17 silly audit   xtend: [ '4.0.1' ],
17 silly audit   mkdirp: [ '0.5.1' ],
17 silly audit   'move-concurrently': [ '1.0.1' ],
17 silly audit   'copy-concurrently': [ '1.0.3' ],
17 silly audit   'run-queue': [ '1.0.3' ],
17 silly audit   'node-gyp': [ '3.6.2' ],
17 silly audit   'normalize-package-data': [ '2.4.0' ],
17 silly audit   'is-builtin-module': [ '1.0.0' ],
17 silly audit   'builtin-modules': [ '1.1.1' ],
17 silly audit   'npm-cache-filename': [ '1.0.2' ],
17 silly audit   'npm-install-checks': [ '3.0.0' ],
17 silly audit   'npm-registry-client': [ '8.4.0' ],
17 silly audit   'npm-user-validate': [ '1.0.0' ],
17 silly audit   npmlog: [ '4.1.2' ],
17 silly audit   'are-we-there-yet': [ '1.1.4' ],
17 silly audit   delegates: [ '1.0.0' ],
17 silly audit   'console-control-strings': [ '1.1.0' ],
17 silly audit   gauge: [ '2.7.4' ],
17 silly audit   'object-assign': [ '4.1.1' ],
17 silly audit   'wide-align': [ '1.1.2' ],
17 silly audit   opener: [ '1.4.3' ],
17 silly audit   pacote: [ '2.7.38' ],
17 silly audit   'make-fetch-happen': [ '2.4.13' ],
17 silly audit   agentkeepalive: [ '3.3.0' ],
17 silly audit   'humanize-ms': [ '1.2.1' ],
17 silly audit   'http-cache-semantics': [ '3.7.3' ],
17 silly audit   'http-proxy-agent': [ '2.0.0' ],
17 silly audit   'agent-base': [ '4.1.0' ],
17 silly audit   'es6-promisify': [ '5.0.0' ],
17 silly audit   'es6-promise': [ '4.1.1' ],
17 silly audit   'https-proxy-agent': [ '2.0.0' ],
17 silly audit   'node-fetch-npm': [ '2.0.1' ],
17 silly audit   encoding: [ '0.1.12' ],
17 silly audit   'json-parse-helpfulerror': [ '1.0.3' ],
17 silly audit   jju: [ '1.3.0' ],
17 silly audit   'socks-proxy-agent': [ '3.0.0' ],
17 silly audit   socks: [ '1.1.10' ],
17 silly audit   ip: [ '1.1.5' ],
17 silly audit   'smart-buffer': [ '1.1.15' ],
17 silly audit   'npm-pick-manifest': [ '1.0.4' ],
17 silly audit   'promise-retry': [ '1.1.1' ],
17 silly audit   'err-code': [ '1.1.2' ],
17 silly audit   protoduck: [ '4.0.0' ],
17 silly audit   genfun: [ '4.0.1' ],
17 silly audit   'tar-fs': [ '1.15.3' ],
17 silly audit   'tar-stream': [ '1.5.4' ],
17 silly audit   bl: [ '1.2.1' ],
17 silly audit   'promise-inflight': [ '1.0.1' ],
17 silly audit   read: [ '1.0.7' ],
17 silly audit   'mute-stream': [ '0.0.7' ],
17 silly audit   'read-cmd-shim': [ '1.0.1' ],
17 silly audit   'read-installed': [ '4.0.3' ],
17 silly audit   'util-extend': [ '1.0.3' ],
17 silly audit   'read-package-json': [ '2.0.9' ],
17 silly audit   'read-package-tree': [ '5.1.6' ],
17 silly audit   'readable-stream': [ '2.3.2', '1.1.14' ],
17 silly audit   'core-util-is': [ '1.0.2' ],
17 silly audit   isarray: [ '1.0.0', '0.0.1' ],
17 silly audit   'process-nextick-args': [ '1.0.7' ],
17 silly audit   string_decoder: [ '1.0.3', '0.10.31' ],
17 silly audit   'util-deprecate': [ '1.0.2' ],
17 silly audit   'readdir-scoped-modules': [ '1.0.2' ],
17 silly audit   request: [ '2.81.0' ],
17 silly audit   'aws-sign2': [ '0.6.0' ],
17 silly audit   aws4: [ '1.6.0' ],
17 silly audit   caseless: [ '0.12.0' ],
17 silly audit   'combined-stream': [ '1.0.5' ],
17 silly audit   'delayed-stream': [ '1.0.0' ],
17 silly audit   extend: [ '3.0.1' ],
17 silly audit   'forever-agent': [ '0.6.1' ],
17 silly audit   'form-data': [ '2.1.4' ],
17 silly audit   asynckit: [ '0.4.0' ],
17 silly audit   'har-validator': [ '4.2.1' ],
17 silly audit   ajv: [ '4.11.8' ],
17 silly audit   co: [ '4.6.0' ],
17 silly audit   'json-stable-stringify': [ '1.0.1' ],
17 silly audit   jsonify: [ '0.0.0' ],
17 silly audit   'har-schema': [ '1.0.5' ],
17 silly audit   hawk: [ '3.1.3' ],
17 silly audit   boom: [ '2.10.1' ],
17 silly audit   cryptiles: [ '2.0.5' ],
17 silly audit   hoek: [ '2.16.3' ],
17 silly audit   sntp: [ '1.0.9' ],
17 silly audit   'http-signature': [ '1.1.1' ],
17 silly audit   'assert-plus': [ '0.2.0', '1.0.0' ],
17 silly audit   jsprim: [ '1.4.0' ],
17 silly audit   extsprintf: [ '1.0.2' ],
17 silly audit   'json-schema': [ '0.2.3' ],
17 silly audit   verror: [ '1.3.6' ],
17 silly audit   sshpk: [ '1.13.1' ],
17 silly audit   asn1: [ '0.2.3' ],
17 silly audit   'bcrypt-pbkdf': [ '1.0.1' ],
17 silly audit   dashdash: [ '1.14.1' ],
17 silly audit   'ecc-jsbn': [ '0.1.1' ],
17 silly audit   getpass: [ '0.1.7' ],
17 silly audit   jsbn: [ '0.1.1' ],
17 silly audit   tweetnacl: [ '0.14.5' ],
17 silly audit   'is-typedarray': [ '1.0.0' ],
17 silly audit   isstream: [ '0.1.2' ],
17 silly audit   'json-stringify-safe': [ '5.0.1' ],
17 silly audit   'oauth-sign': [ '0.8.2' ],
17 silly audit   'performance-now': [ '0.2.0' ],
17 silly audit   stringstream: [ '0.0.5' ],
17 silly audit   'tough-cookie': [ '2.3.2' ],
17 silly audit   'tunnel-agent': [ '0.6.0' ],
17 silly audit   retry: [ '0.10.1' ],
17 silly audit   sha: [ '2.0.1' ],
17 silly audit   slide: [ '1.1.6' ],
17 silly audit   'sorted-object': [ '2.0.1' ],
17 silly audit   'sorted-union-stream': [ '2.1.3' ],
17 silly audit   'stream-iterate': [ '1.2.0' ],
17 silly audit   ssri: [ '4.1.6' ],
17 silly audit   tar: [ '2.2.1' ],
17 silly audit   'block-stream': [ '0.0.9' ],
17 silly audit   'text-table': [ '0.2.0' ],
17 silly audit   'uid-number': [ '0.0.6' ],
17 silly audit   umask: [ '1.1.0' ],
17 silly audit   'unique-filename': [ '1.1.0' ],
17 silly audit   'unique-slug': [ '2.0.0' ],
17 silly audit   'cross-spawn-async': [ '2.2.5' ],
17 silly audit   'has-ansi': [ '2.0.0' ],
17 silly audit   'validate-npm-package-license': [ '3.0.1' ],
17 silly audit   'spdx-correct': [ '1.0.2' ],
17 silly audit   'spdx-license-ids': [ '1.2.2' ],
17 silly audit   'spdx-expression-parse': [ '1.0.4' ],
17 silly audit   'worker-farm': [ '1.3.1' ],
17 silly audit   errno: [ '0.1.4' ],
17 silly audit   prr: [ '0.0.0' ],
17 silly audit   'os-locale': [ '3.1.0' ],
17 silly audit   'p-defer': [ '1.0.0' ],
17 silly audit   'p-finally': [ '1.0.0' ],
17 silly audit   'p-is-promise': [ '2.1.0' ],
17 silly audit   'p-limit': [ '1.3.0' ],
17 silly audit   'p-locate': [ '2.0.0' ],
17 silly audit   'p-try': [ '1.0.0' ],
17 silly audit   'path-exists': [ '3.0.0' ],
17 silly audit   'require-main-filename': [ '1.0.1' ],
17 silly audit   'which-module': [ '2.0.0' ]
17 silly audit }
18 http fetch POST 200 https://registry.npmjs.org/-/npm/v1/security/advisories/bulk 599ms
19 silly audit report {
19 silly audit report   'ansi-regex': [
19 silly audit report     {
19 silly audit report       id: 1094090,
19 silly audit report       url: 'https://github.com/advisories/GHSA-93q8-gq69-wqmw',
19 silly audit report       title: 'Inefficient Regular Expression Complexity in chalk/ansi-regex',
19 silly audit report       severity: 'high',
19 silly audit report       vulnerable_versions: '>=3.0.0 <3.0.1',
19 silly audit report       cwe: [Array],
19 silly audit report       cvss: [Object]
19 silly audit report     }
19 silly audit report   ],
19 silly audit report   'cross-spawn': [
19 silly audit report     {
19 silly audit report       id: 1100562,
19 silly audit report       url: 'https://github.com/advisories/GHSA-3xgq-45jj-v275',
19 silly audit report       title: 'Regular Expression Denial of Service (ReDoS) in cross-spawn',
19 silly audit report       severity: 'high',
19 silly audit report       vulnerable_versions: '<6.0.6',
19 silly audit report       cwe: [Array],
19 silly audit report       cvss: [Object]
19 silly audit report     }
19 silly audit report   ],
19 silly audit report   debug: [
19 silly audit report     {
19 silly audit report       id: 1094457,
19 silly audit report       url: 'https://github.com/advisories/GHSA-9vvw-cc9w-f27h',
19 silly audit report       title: 'debug Inefficient Regular Expression Complexity vulnerability',
19 silly audit report       severity: 'high',
19 silly audit report       vulnerable_versions: '<2.6.9',
19 silly audit report       cwe: [Array],
19 silly audit report       cvss: [Object]
19 silly audit report     },
19 silly audit report     {
19 silly audit report       id: 1096795,
19 silly audit report       url: 'https://github.com/advisories/GHSA-gxpj-cx7g-858c',
19 silly audit report       title: 'Regular Expression Denial of Service in debug',
19 silly audit report       severity: 'low',
19 silly audit report       vulnerable_versions: '<2.6.9',
19 silly audit report       cwe: [Array],
19 silly audit report       cvss: [Object]
19 silly audit report     }
19 silly audit report   ],
19 silly audit report   minimatch: [
19 silly audit report     {
19 silly audit report       id: 1096485,
19 silly audit report       url: 'https://github.com/advisories/GHSA-f8q6-p94x-37v3',
19 silly audit report       title: 'minimatch ReDoS vulnerability',
19 silly audit report       severity: 'high',
19 silly audit report       vulnerable_versions: '<3.0.5',
19 silly audit report       cwe: [Array],
19 silly audit report       cvss: [Object]
19 silly audit report     }
19 silly audit report   ],
19 silly audit report   ini: [
19 silly audit report     {
19 silly audit report       id: 1093224,
19 silly audit report       url: 'https://github.com/advisories/GHSA-qqgx-2p2h-9c37',
19 silly audit report       title: 'ini before 1.3.6 vulnerable to Prototype Pollution via ini.parse',
19 silly audit report       severity: 'high',
19 silly audit report       vulnerable_versions: '<1.3.6',
19 silly audit report       cwe: [Array],
19 silly audit report       cvss: [Object]
19 silly audit report     }
19 silly audit report   ],
19 silly audit report   'deep-extend': [
19 silly audit report     {
19 silly audit report       id: 1095031,
19 silly audit report       url: 'https://github.com/advisories/GHSA-hr2v-3952-633q',
19 silly audit report       title: 'Prototype Pollution in deep-extend',
19 silly audit report       severity: 'critical',
19 silly audit report       vulnerable_versions: '<0.5.1',
19 silly audit report       cwe: [Array],
19 silly audit report       cvss: [Object]
19 silly audit report     }
19 silly audit report   ],
19 silly audit report   'dot-prop': [
19 silly audit report     {
19 silly audit report       id: 1095026,
19 silly audit report       url: 'https://github.com/advisories/GHSA-ff7x-qrg7-qggm',
19 silly audit report       title: 'dot-prop Prototype Pollution vulnerability',
19 silly audit report       severity: 'high',
19 silly audit report       vulnerable_versions: '<4.2.1',
19 silly audit report       cwe: [Array],
19 silly audit report       cvss: [Object]
19 silly audit report     }
19 silly audit report   ],
19 silly audit report   got: [
19 silly audit report     {
19 silly audit report       id: 1088948,
19 silly audit report       url: 'https://github.com/advisories/GHSA-pfrx-2q88-qq97',
19 silly audit report       title: 'Got allows a redirect to a UNIX socket',
19 silly audit report       severity: 'moderate',
19 silly audit report       vulnerable_versions: '<11.8.5',
19 silly audit report       cwe: [],
19 silly audit report       cvss: [Object]
19 silly audit report     }
19 silly audit report   ],
19 silly audit report   'hosted-git-info': [
19 silly audit report     {
19 silly audit report       id: 1089809,
19 silly audit report       url: 'https://github.com/advisories/GHSA-43f8-2h32-f4cj',
19 silly audit report       title: 'Regular Expression Denial of Service in hosted-git-info',
19 silly audit report       severity: 'moderate',
19 silly audit report       vulnerable_versions: '<2.8.9',
19 silly audit report       cwe: [Array],
19 silly audit report       cvss: [Object]
19 silly audit report     }
19 silly audit report   ],
19 silly audit report   minimist: [
19 silly audit report     {
19 silly audit report       id: 1097677,
19 silly audit report       url: 'https://github.com/advisories/GHSA-xvch-5gv4-984h',
19 silly audit report       title: 'Prototype Pollution in minimist',
19 silly audit report       severity: 'critical',
19 silly audit report       vulnerable_versions: '<0.2.4',
19 silly audit report       cwe: [Array],
19 silly audit report       cvss: [Object]
19 silly audit report     },
19 silly audit report     {
19 silly audit report       id: 1097678,
19 silly audit report       url: 'https://github.com/advisories/GHSA-xvch-5gv4-984h',
19 silly audit report       title: 'Prototype Pollution in minimist',
19 silly audit report       severity: 'critical',
19 silly audit report       vulnerable_versions: '>=1.0.0 <1.2.6',
19 silly audit report       cwe: [Array],
19 silly audit report       cvss: [Object]
19 silly audit report     },
19 silly audit report     {
19 silly audit report       id: 1096465,
19 silly audit report       url: 'https://github.com/advisories/GHSA-vh95-rmgr-6w4m',
19 silly audit report       title: 'Prototype Pollution in minimist',
19 silly audit report       severity: 'moderate',
19 silly audit report       vulnerable_versions: '>=1.0.0 <1.2.3',
19 silly audit report       cwe: [Array],
19 silly audit report       cvss: [Object]
19 silly audit report     },
19 silly audit report     {
19 silly audit report       id: 1096466,
19 silly audit report       url: 'https://github.com/advisories/GHSA-vh95-rmgr-6w4m',
19 silly audit report       title: 'Prototype Pollution in minimist',
19 silly audit report       severity: 'moderate',
19 silly audit report       vulnerable_versions: '<0.2.1',
19 silly audit report       cwe: [Array],
19 silly audit report       cvss: [Object]
19 silly audit report     }
19 silly audit report   ],
19 silly audit report   y18n: [
19 silly audit report     {
19 silly audit report       id: 1095086,
19 silly audit report       url: 'https://github.com/advisories/GHSA-c4w7-xm78-47vh',
19 silly audit report       title: 'Prototype Pollution in y18n',
19 silly audit report       severity: 'high',
19 silly audit report       vulnerable_versions: '=4.0.0',
19 silly audit report       cwe: [Array],
19 silly audit report       cvss: [Object]
19 silly audit report     },
19 silly audit report     {
19 silly audit report       id: 1095087,
19 silly audit report       url: 'https://github.com/advisories/GHSA-c4w7-xm78-47vh',
19 silly audit report       title: 'Prototype Pollution in y18n',
19 silly audit report       severity: 'high',
19 silly audit report       vulnerable_versions: '<3.2.2',
19 silly audit report       cwe: [Array],
19 silly audit report       cvss: [Object]
19 silly audit report     }
19 silly audit report   ],
19 silly audit report   qs: [
19 silly audit report     {
19 silly audit report       id: 1096469,
19 silly audit report       url: 'https://github.com/advisories/GHSA-hrpp-h998-j3pp',
19 silly audit report       title: 'qs vulnerable to Prototype Pollution',
19 silly audit report       severity: 'high',
19 silly audit report       vulnerable_versions: '>=6.4.0 <6.4.1',
19 silly audit report       cwe: [Array],
19 silly audit report       cvss: [Object]
19 silly audit report     }
19 silly audit report   ],
19 silly audit report   semver: [
19 silly audit report     {
19 silly audit report       id: 1098563,
19 silly audit report       url: 'https://github.com/advisories/GHSA-c2qf-rxjj-qqgw',
19 silly audit report       title: 'semver vulnerable to Regular Expression Denial of Service',
19 silly audit report       severity: 'high',
19 silly audit report       vulnerable_versions: '<5.7.2',
19 silly audit report       cwe: [Array],
19 silly audit report       cvss: [Object]
19 silly audit report     }
19 silly audit report   ],
19 silly audit report   'yargs-parser': [
19 silly audit report     {
19 silly audit report       id: 1088811,
19 silly audit report       url: 'https://github.com/advisories/GHSA-p9pc-299p-vxgp',
19 silly audit report       title: 'yargs-parser Vulnerable to Prototype Pollution',
19 silly audit report       severity: 'moderate',
19 silly audit report       vulnerable_versions: '>=6.0.0 <13.1.2',
19 silly audit report       cwe: [Array],
19 silly audit report       cvss: [Object]
19 silly audit report     }
19 silly audit report   ],
19 silly audit report   npm: [
19 silly audit report     {
19 silly audit report       id: 1089203,
19 silly audit report       url: 'https://github.com/advisories/GHSA-93f3-23rq-pjfp',
19 silly audit report       title: 'npm CLI exposing sensitive information through logs',
19 silly audit report       severity: 'moderate',
19 silly audit report       vulnerable_versions: '<6.14.6',
19 silly audit report       cwe: [Array],
19 silly audit report       cvss: [Object]
19 silly audit report     },
19 silly audit report     {
19 silly audit report       id: 1089206,
19 silly audit report       url: 'https://github.com/advisories/GHSA-4328-8hgf-7wjr',
19 silly audit report       title: 'npm Vulnerable to Global node_modules Binary Overwrite',
19 silly audit report       severity: 'high',
19 silly audit report       vulnerable_versions: '<6.13.4',
19 silly audit report       cwe: [Array],
19 silly audit report       cvss: [Object]
19 silly audit report     },
19 silly audit report     {
19 silly audit report       id: 1089207,
19 silly audit report       url: 'https://github.com/advisories/GHSA-x8qc-rrcw-4r46',
19 silly audit report       title: 'npm symlink reference outside of node_modules',
19 silly audit report       severity: 'high',
19 silly audit report       vulnerable_versions: '<6.13.3',
19 silly audit report       cwe: [Array],
19 silly audit report       cvss: [Object]
19 silly audit report     },
19 silly audit report     {
19 silly audit report       id: 1090086,
19 silly audit report       url: 'https://github.com/advisories/GHSA-m6cx-g6qm-p2cx',
19 silly audit report       title: 'Arbitrary File Write in npm',
19 silly audit report       severity: 'high',
19 silly audit report       vulnerable_versions: '<6.13.3',
19 silly audit report       cwe: [Array],
19 silly audit report       cvss: [Object]
19 silly audit report     },
19 silly audit report     {
19 silly audit report       id: 1088925,
19 silly audit report       url: 'https://github.com/advisories/GHSA-ph34-pc88-72gc',
19 silly audit report       title: 'Incorrect Permission Assignment for Critical Resource in NPM',
19 silly audit report       severity: 'high',
19 silly audit report       vulnerable_versions: '<5.7.1',
19 silly audit report       cwe: [Array],
19 silly audit report       cvss: [Object]
19 silly audit report     }
19 silly audit report   ],
19 silly audit report   chownr: [
19 silly audit report     {
19 silly audit report       id: 1091617,
19 silly audit report       url: 'https://github.com/advisories/GHSA-c6rq-rjc2-86v2',
19 silly audit report       title: 'Time-of-check Time-of-use (TOCTOU) Race Condition in chownr',
19 silly audit report       severity: 'low',
19 silly audit report       vulnerable_versions: '<1.1.0',
19 silly audit report       cwe: [Array],
19 silly audit report       cvss: [Object]
19 silly audit report     }
19 silly audit report   ],
19 silly audit report   fstream: [
19 silly audit report     {
19 silly audit report       id: 1095010,
19 silly audit report       url: 'https://github.com/advisories/GHSA-xf7w-r453-m56c',
19 silly audit report       title: 'Arbitrary File Overwrite in fstream',
19 silly audit report       severity: 'high',
19 silly audit report       vulnerable_versions: '<1.0.12',
19 silly audit report       cwe: [Array],
19 silly audit report       cvss: [Object]
19 silly audit report     }
19 silly audit report   ],
19 silly audit report   'npm-user-validate': [
19 silly audit report     {
19 silly audit report       id: 1086466,
19 silly audit report       url: 'https://github.com/advisories/GHSA-xgh6-85xh-479p',
19 silly audit report       title: 'Regular Expression Denial of Service in npm-user-validate',
19 silly audit report       severity: 'low',
19 silly audit report       vulnerable_versions: '<=1.0.0',
19 silly audit report       cwe: [],
19 silly audit report       cvss: [Object]
19 silly audit report     },
19 silly audit report     {
19 silly audit report       id: 1089876,
19 silly audit report       url: 'https://github.com/advisories/GHSA-pw54-mh39-w3hc',
19 silly audit report       title: 'Regular expression denial of service in npm-user-validate',
19 silly audit report       severity: 'high',
19 silly audit report       vulnerable_versions: '<1.0.1',
19 silly audit report       cwe: [Array],
19 silly audit report       cvss: [Object]
19 silly audit report     }
19 silly audit report   ],
19 silly audit report   'http-cache-semantics': [
19 silly audit report     {
19 silly audit report       id: 1092316,
19 silly audit report       url: 'https://github.com/advisories/GHSA-rc47-6667-2j5j',
19 silly audit report       title: 'http-cache-semantics vulnerable to Regular Expression Denial of Service',
19 silly audit report       severity: 'high',
19 silly audit report       vulnerable_versions: '<4.1.1',
19 silly audit report       cwe: [Array],
19 silly audit report       cvss: [Object]
19 silly audit report     }
19 silly audit report   ],
19 silly audit report   'http-proxy-agent': [
19 silly audit report     {
19 silly audit report       id: 1089973,
19 silly audit report       url: 'https://github.com/advisories/GHSA-86wf-436m-h424',
19 silly audit report       title: 'Resource Exhaustion Denial of Service in http-proxy-agent ',
19 silly audit report       severity: 'moderate',
19 silly audit report       vulnerable_versions: '<2.1.0',
19 silly audit report       cwe: [Array],
19 silly audit report       cvss: [Object]
19 silly audit report     },
19 silly audit report     {
19 silly audit report       id: 1091668,
19 silly audit report       url: 'https://github.com/advisories/GHSA-8w57-jfpm-945m',
19 silly audit report       title: 'Denial of Service in http-proxy-agent',
19 silly audit report       severity: 'high',
19 silly audit report       vulnerable_versions: '<2.1.0',
19 silly audit report       cwe: [Array],
19 silly audit report       cvss: [Object]
19 silly audit report     }
19 silly audit report   ],
19 silly audit report   'https-proxy-agent': [
19 silly audit report     {
19 silly audit report       id: 1087767,
19 silly audit report       url: 'https://github.com/advisories/GHSA-8g7p-74h8-hg48',
19 silly audit report       title: 'Denial of Service in https-proxy-agent',
19 silly audit report       severity: 'critical',
19 silly audit report       vulnerable_versions: '<2.2.0',
19 silly audit report       cwe: [Array],
19 silly audit report       cvss: [Object]
19 silly audit report     },
19 silly audit report     {
19 silly audit report       id: 1094488,
19 silly audit report       url: 'https://github.com/advisories/GHSA-pc5p-h8pf-mvwp',
19 silly audit report       title: 'Machine-In-The-Middle in https-proxy-agent',
19 silly audit report       severity: 'moderate',
19 silly audit report       vulnerable_versions: '<2.2.3',
19 silly audit report       cwe: [Array],
19 silly audit report       cvss: [Object]
19 silly audit report     }
19 silly audit report   ],
19 silly audit report   ip: [
19 silly audit report     {
19 silly audit report       id: 1097720,
19 silly audit report       url: 'https://github.com/advisories/GHSA-78xj-cgh5-2h22',
19 silly audit report       title: 'NPM IP package incorrectly identifies some private IP addresses as public',
19 silly audit report       severity: 'low',
19 silly audit report       vulnerable_versions: '<1.1.9',
19 silly audit report       cwe: [Array],
19 silly audit report       cvss: [Object]
19 silly audit report     },
19 silly audit report     {
19 silly audit report       id: 1099357,
19 silly audit report       url: 'https://github.com/advisories/GHSA-2p57-rm9w-gvfp',
19 silly audit report       title: 'ip SSRF improper categorization in isPublic',
19 silly audit report       severity: 'high',
19 silly audit report       vulnerable_versions: '<=2.0.1',
19 silly audit report       cwe: [Array],
19 silly audit report       cvss: [Object]
19 silly audit report     }
19 silly audit report   ],
19 silly audit report   'tar-fs': [
19 silly audit report     {
19 silly audit report       id: 1089521,
19 silly audit report       url: 'https://github.com/advisories/GHSA-x2mc-8fgj-3wmr',
19 silly audit report       title: 'Improper Input Validation in tar-fs',
19 silly audit report       severity: 'high',
19 silly audit report       vulnerable_versions: '<1.16.2',
19 silly audit report       cwe: [Array],
19 silly audit report       cvss: [Object]
19 silly audit report     }
19 silly audit report   ],
19 silly audit report   bl: [
19 silly audit report     {
19 silly audit report       id: 1090072,
19 silly audit report       url: 'https://github.com/advisories/GHSA-pp7h-53gx-mx7r',
19 silly audit report       title: 'Remote Memory Exposure in bl',
19 silly audit report       severity: 'moderate',
19 silly audit report       vulnerable_versions: '<1.2.3',
19 silly audit report       cwe: [Array],
19 silly audit report       cvss: [Object]
19 silly audit report     }
19 silly audit report   ],
19 silly audit report   request: [
19 silly audit report     {
19 silly audit report       id: 1096727,
19 silly audit report       url: 'https://github.com/advisories/GHSA-p8p7-x288-28g6',
19 silly audit report       title: 'Server-Side Request Forgery in Request',
19 silly audit report       severity: 'moderate',
19 silly audit report       vulnerable_versions: '<=2.88.2',
19 silly audit report       cwe: [Array],
19 silly audit report       cvss: [Object]
19 silly audit report     }
19 silly audit report   ],
19 silly audit report   extend: [
19 silly audit report     {
19 silly audit report       id: 1087633,
19 silly audit report       url: 'https://github.com/advisories/GHSA-qrmc-fj45-qfc2',
19 silly audit report       title: 'Prototype Pollution in extend',
19 silly audit report       severity: 'moderate',
19 silly audit report       vulnerable_versions: '>=3.0.0 <3.0.2',
19 silly audit report       cwe: [Array],
19 silly audit report       cvss: [Object]
19 silly audit report     }
19 silly audit report   ],
19 silly audit report   ajv: [
19 silly audit report     {
19 silly audit report       id: 1097685,
19 silly audit report       url: 'https://github.com/advisories/GHSA-v88g-cgmw-v5xw',
19 silly audit report       title: 'Prototype Pollution in Ajv',
19 silly audit report       severity: 'moderate',
19 silly audit report       vulnerable_versions: '<6.12.3',
19 silly audit report       cwe: [Array],
19 silly audit report       cvss: [Object]
19 silly audit report     }
19 silly audit report   ],
19 silly audit report   hawk: [
19 silly audit report     {
19 silly audit report       id: 1095062,
19 silly audit report       url: 'https://github.com/advisories/GHSA-44pw-h2cw-w3vq',
19 silly audit report       title: 'Uncontrolled Resource Consumption in Hawk',
19 silly audit report       severity: 'high',
19 silly audit report       vulnerable_versions: '<9.0.1',
19 silly audit report       cwe: [Array],
19 silly audit report       cvss: [Object]
19 silly audit report     }
19 silly audit report   ],
19 silly audit report   hoek: [
19 silly audit report     {
19 silly audit report       id: 1093855,
19 silly audit report       url: 'https://github.com/advisories/GHSA-jp4x-w63m-7wgm',
19 silly audit report       title: 'Prototype Pollution in hoek',
19 silly audit report       severity: 'high',
19 silly audit report       vulnerable_versions: '<4.2.1',
19 silly audit report       cwe: [Array],
19 silly audit report       cvss: [Object]
19 silly audit report     },
19 silly audit report     {
19 silly audit report       id: 1096410,
19 silly audit report       url: 'https://github.com/advisories/GHSA-c429-5p7v-vgjp',
19 silly audit report       title: 'hoek subject to prototype pollution via the clone function.',
19 silly audit report       severity: 'high',
19 silly audit report       vulnerable_versions: '<=6.1.3',
19 silly audit report       cwe: [Array],
19 silly audit report       cvss: [Object]
19 silly audit report     }
19 silly audit report   ],
19 silly audit report   'json-schema': [
19 silly audit report     {
19 silly audit report       id: 1095057,
19 silly audit report       url: 'https://github.com/advisories/GHSA-896r-f27r-55mw',
19 silly audit report       title: 'json-schema is vulnerable to Prototype Pollution',
19 silly audit report       severity: 'critical',
19 silly audit report       vulnerable_versions: '<0.4.0',
19 silly audit report       cwe: [Array],
19 silly audit report       cvss: [Object]
19 silly audit report     }
19 silly audit report   ],
19 silly audit report   sshpk: [
19 silly audit report     {
19 silly audit report       id: 1089418,
19 silly audit report       url: 'https://github.com/advisories/GHSA-2m39-62fm-q8r3',
19 silly audit report       title: 'Regular Expression Denial of Service in sshpk',
19 silly audit report       severity: 'high',
19 silly audit report       vulnerable_versions: '<1.13.2',
19 silly audit report       cwe: [Array],
19 silly audit report       cvss: [Object]
19 silly audit report     }
19 silly audit report   ],
19 silly audit report   stringstream: [
19 silly audit report     {
19 silly audit report       id: 1090117,
19 silly audit report       url: 'https://github.com/advisories/GHSA-mf6x-7mm4-x2g7',
19 silly audit report       title: 'Out-of-bounds Read in stringstream',
19 silly audit report       severity: 'moderate',
19 silly audit report       vulnerable_versions: '<0.0.6',
19 silly audit report       cwe: [Array],
19 silly audit report       cvss: [Object]
19 silly audit report     }
19 silly audit report   ],
19 silly audit report   'tough-cookie': [
19 silly audit report     {
19 silly audit report       id: 1095103,
19 silly audit report       url: 'https://github.com/advisories/GHSA-g7q5-pjjr-gqvp',
19 silly audit report       title: 'Regular Expression Denial of Service in tough-cookie',
19 silly audit report       severity: 'high',
19 silly audit report       vulnerable_versions: '<2.3.3',
19 silly audit report       cwe: [Array],
19 silly audit report       cvss: [Object]
19 silly audit report     },
19 silly audit report     {
19 silly audit report       id: 1097682,
19 silly audit report       url: 'https://github.com/advisories/GHSA-72xf-g2v4-qvf3',
19 silly audit report       title: 'tough-cookie Prototype Pollution vulnerability',
19 silly audit report       severity: 'moderate',
19 silly audit report       vulnerable_versions: '<4.1.3',
19 silly audit report       cwe: [Array],
19 silly audit report       cvss: [Object]
19 silly audit report     }
19 silly audit report   ],
19 silly audit report   ssri: [
19 silly audit report     {
19 silly audit report       id: 1090997,
19 silly audit report       url: 'https://github.com/advisories/GHSA-325j-24f4-qv5x',
19 silly audit report       title: 'Regular Expression Denial of Service in ssri',
19 silly audit report       severity: 'moderate',
19 silly audit report       vulnerable_versions: '<5.2.2',
19 silly audit report       cwe: [Array],
19 silly audit report       cvss: [Object]
19 silly audit report     }
19 silly audit report   ],
19 silly audit report   tar: [
19 silly audit report     {
19 silly audit report       id: 1089685,
19 silly audit report       url: 'https://github.com/advisories/GHSA-3jfq-g458-7qm9',
19 silly audit report       title: 'Arbitrary File Creation/Overwrite due to insufficient absolute path sanitization',
19 silly audit report       severity: 'high',
19 silly audit report       vulnerable_versions: '<3.2.2',
19 silly audit report       cwe: [Array],
19 silly audit report       cvss: [Object]
19 silly audit report     },
19 silly audit report     {
19 silly audit report       id: 1095117,
19 silly audit report       url: 'https://github.com/advisories/GHSA-5955-9wpr-37jh',
19 silly audit report       title: 'Arbitrary File Creation/Overwrite on Windows via insufficient relative path sanitization',
19 silly audit report       severity: 'high',
19 silly audit report       vulnerable_versions: '<4.4.18',
19 silly audit report       cwe: [Array],
19 silly audit report       cvss: [Object]
19 silly audit report     },
19 silly audit report     {
19 silly audit report       id: 1097493,
19 silly audit report       url: 'https://github.com/advisories/GHSA-f5x3-32g6-xq36',
19 silly audit report       title: 'Denial of service while parsing a tar file due to lack of folders count validation',
19 silly audit report       severity: 'moderate',
19 silly audit report       vulnerable_versions: '<6.2.1',
19 silly audit report       cwe: [Array],
19 silly audit report       cvss: [Object]
19 silly audit report     },
19 silly audit report     {
19 silly audit report       id: 1095119,
19 silly audit report       url: 'https://github.com/advisories/GHSA-j44m-qm6p-hp7m',
19 silly audit report       title: 'Arbitrary File Overwrite in tar',
19 silly audit report       severity: 'high',
19 silly audit report       vulnerable_versions: '<2.2.2',
19 silly audit report       cwe: [Array],
19 silly audit report       cvss: [Object]
19 silly audit report     }
19 silly audit report   ]
19 silly audit report }
20 silly packumentCache corgi:https://registry.npmjs.org/ansi-regex cache-miss
21 silly packumentCache corgi:https://registry.npmjs.org/cross-spawn cache-miss
22 silly packumentCache corgi:https://registry.npmjs.org/debug cache-miss
23 silly packumentCache corgi:https://registry.npmjs.org/minimatch cache-miss
24 silly packumentCache corgi:https://registry.npmjs.org/ini cache-miss
25 silly packumentCache corgi:https://registry.npmjs.org/deep-extend cache-miss
26 silly packumentCache corgi:https://registry.npmjs.org/dot-prop cache-miss
27 silly packumentCache corgi:https://registry.npmjs.org/got cache-miss
28 silly packumentCache corgi:https://registry.npmjs.org/hosted-git-info cache-miss
29 silly packumentCache corgi:https://registry.npmjs.org/minimist cache-miss
30 silly packumentCache corgi:https://registry.npmjs.org/y18n cache-miss
31 silly packumentCache corgi:https://registry.npmjs.org/qs cache-miss
32 silly packumentCache corgi:https://registry.npmjs.org/semver cache-miss
33 silly packumentCache corgi:https://registry.npmjs.org/yargs-parser cache-miss
34 silly packumentCache corgi:https://registry.npmjs.org/npm cache-miss
35 silly packumentCache corgi:https://registry.npmjs.org/chownr cache-miss
36 silly packumentCache corgi:https://registry.npmjs.org/fstream cache-miss
37 silly packumentCache corgi:https://registry.npmjs.org/npm-user-validate cache-miss
38 silly packumentCache corgi:https://registry.npmjs.org/http-cache-semantics cache-miss
39 silly packumentCache corgi:https://registry.npmjs.org/http-proxy-agent cache-miss
40 silly packumentCache corgi:https://registry.npmjs.org/https-proxy-agent cache-miss
41 silly packumentCache corgi:https://registry.npmjs.org/ip cache-miss
42 silly packumentCache corgi:https://registry.npmjs.org/tar-fs cache-miss
43 silly packumentCache corgi:https://registry.npmjs.org/bl cache-miss
44 silly packumentCache corgi:https://registry.npmjs.org/request cache-miss
45 silly packumentCache corgi:https://registry.npmjs.org/extend cache-miss
46 silly packumentCache corgi:https://registry.npmjs.org/ajv cache-miss
47 silly packumentCache corgi:https://registry.npmjs.org/hawk cache-miss
48 silly packumentCache corgi:https://registry.npmjs.org/hoek cache-miss
49 silly packumentCache corgi:https://registry.npmjs.org/json-schema cache-miss
50 silly packumentCache corgi:https://registry.npmjs.org/sshpk cache-miss
51 silly packumentCache corgi:https://registry.npmjs.org/stringstream cache-miss
52 silly packumentCache corgi:https://registry.npmjs.org/tough-cookie cache-miss
53 silly packumentCache corgi:https://registry.npmjs.org/ssri cache-miss
54 silly packumentCache corgi:https://registry.npmjs.org/tar cache-miss
55 http fetch GET 200 https://registry.npmjs.org/ansi-regex 199ms (cache revalidated)
56 silly packumentCache corgi:https://registry.npmjs.org/ansi-regex set size:17900 disposed:false
57 http fetch GET 200 https://registry.npmjs.org/npm 329ms (cache revalidated)
58 silly packumentCache corgi:https://registry.npmjs.org/npm set size:2247452 disposed:false
59 http fetch GET 200 https://registry.npmjs.org/fstream 400ms (cache revalidated)
60 silly packumentCache corgi:https://registry.npmjs.org/fstream set size:31968 disposed:false
61 http fetch GET 200 https://registry.npmjs.org/debug 408ms (cache revalidated)
62 silly packumentCache corgi:https://registry.npmjs.org/debug set size:72932 disposed:false
63 http fetch GET 200 https://registry.npmjs.org/deep-extend 412ms (cache revalidated)
64 silly packumentCache corgi:https://registry.npmjs.org/deep-extend set size:13806 disposed:false
65 http fetch GET 200 https://registry.npmjs.org/cross-spawn 463ms (cache revalidated)
66 silly packumentCache corgi:https://registry.npmjs.org/cross-spawn set size:44626 disposed:false
67 http fetch GET 200 https://registry.npmjs.org/dot-prop 485ms (cache revalidated)
68 silly packumentCache corgi:https://registry.npmjs.org/dot-prop set size:31578 disposed:false
69 http fetch GET 200 https://registry.npmjs.org/chownr 484ms (cache revalidated)
70 silly packumentCache corgi:https://registry.npmjs.org/chownr set size:11768 disposed:false
71 http fetch GET 200 https://registry.npmjs.org/qs 486ms (cache revalidated)
72 silly packumentCache corgi:https://registry.npmjs.org/qs set size:108486 disposed:false
73 http fetch GET 200 https://registry.npmjs.org/hosted-git-info 491ms (cache revalidated)
74 silly packumentCache corgi:https://registry.npmjs.org/hosted-git-info set size:71813 disposed:false
75 http fetch GET 200 https://registry.npmjs.org/semver 492ms (cache revalidated)
76 silly packumentCache corgi:https://registry.npmjs.org/semver set size:92294 disposed:false
77 http fetch GET 200 https://registry.npmjs.org/minimatch 504ms (cache revalidated)
78 silly packumentCache corgi:https://registry.npmjs.org/minimatch set size:142111 disposed:false
79 http fetch GET 200 https://registry.npmjs.org/yargs-parser 502ms (cache revalidated)
80 silly packumentCache corgi:https://registry.npmjs.org/yargs-parser set size:112987 disposed:false
81 http fetch GET 200 https://registry.npmjs.org/ini 507ms (cache revalidated)
82 silly packumentCache corgi:https://registry.npmjs.org/ini set size:24884 disposed:false
83 http fetch GET 200 https://registry.npmjs.org/http-cache-semantics 503ms (cache revalidated)
84 silly packumentCache corgi:https://registry.npmjs.org/http-cache-semantics set size:21479 disposed:false
85 http fetch GET 200 https://registry.npmjs.org/y18n 505ms (cache revalidated)
86 silly packumentCache corgi:https://registry.npmjs.org/y18n set size:28451 disposed:false
87 http fetch GET 200 https://registry.npmjs.org/npm-user-validate 504ms (cache revalidated)
88 silly packumentCache corgi:https://registry.npmjs.org/npm-user-validate set size:10855 disposed:false
89 http fetch GET 200 https://registry.npmjs.org/ip 503ms (cache revalidated)
90 silly packumentCache corgi:https://registry.npmjs.org/ip set size:17316 disposed:false
91 http fetch GET 200 https://registry.npmjs.org/minimist 510ms (cache revalidated)
92 silly packumentCache corgi:https://registry.npmjs.org/minimist set size:29263 disposed:false
93 http fetch GET 200 https://registry.npmjs.org/got 513ms (cache revalidated)
94 silly packumentCache corgi:https://registry.npmjs.org/got set size:325628 disposed:false
95 http fetch GET 200 https://registry.npmjs.org/http-proxy-agent 554ms (cache revalidated)
96 silly packumentCache corgi:https://registry.npmjs.org/http-proxy-agent set size:22735 disposed:false
97 http fetch GET 200 https://registry.npmjs.org/https-proxy-agent 567ms (cache revalidated)
98 silly packumentCache corgi:https://registry.npmjs.org/https-proxy-agent set size:33763 disposed:false
99 http fetch GET 200 https://registry.npmjs.org/bl 567ms (cache revalidated)
100 silly packumentCache corgi:https://registry.npmjs.org/bl set size:57560 disposed:false
101 http fetch GET 200 https://registry.npmjs.org/tar-fs 570ms (cache revalidated)
102 silly packumentCache corgi:https://registry.npmjs.org/tar-fs set size:45848 disposed:false
103 http fetch GET 200 https://registry.npmjs.org/request 572ms (cache revalidated)
104 silly packumentCache corgi:https://registry.npmjs.org/request set size:129997 disposed:false
105 http fetch GET 200 https://registry.npmjs.org/extend 579ms (cache revalidated)
106 silly packumentCache corgi:https://registry.npmjs.org/extend set size:9055 disposed:false
107 http fetch GET 200 https://registry.npmjs.org/hoek 580ms (cache revalidated)
108 silly packumentCache corgi:https://registry.npmjs.org/hoek set size:108254 disposed:false
109 http fetch GET 200 https://registry.npmjs.org/ajv 582ms (cache revalidated)
110 silly packumentCache corgi:https://registry.npmjs.org/ajv set size:461470 disposed:false
111 http fetch GET 200 https://registry.npmjs.org/stringstream 594ms (cache revalidated)
112 silly packumentCache corgi:https://registry.npmjs.org/stringstream set size:5875 disposed:false
113 http fetch GET 200 https://registry.npmjs.org/json-schema 594ms (cache revalidated)
114 silly packumentCache corgi:https://registry.npmjs.org/json-schema set size:7667 disposed:false
115 http fetch GET 200 https://registry.npmjs.org/ssri 594ms (cache revalidated)
116 silly packumentCache corgi:https://registry.npmjs.org/ssri set size:41983 disposed:false
117 http fetch GET 200 https://registry.npmjs.org/tar 594ms (cache revalidated)
118 silly packumentCache corgi:https://registry.npmjs.org/tar set size:156578 disposed:false
119 http fetch GET 200 https://registry.npmjs.org/sshpk 598ms (cache revalidated)
120 silly packumentCache corgi:https://registry.npmjs.org/sshpk set size:52578 disposed:false
121 http fetch GET 200 https://registry.npmjs.org/tough-cookie 604ms (cache revalidated)
122 silly packumentCache corgi:https://registry.npmjs.org/tough-cookie set size:45590 disposed:false
123 http fetch GET 200 https://registry.npmjs.org/hawk 606ms (cache revalidated)
124 silly packumentCache corgi:https://registry.npmjs.org/hawk set size:76484 disposed:false
125 silly packumentCache corgi:https://registry.npmjs.org/strip-ansi cache-miss
126 http fetch GET 200 https://registry.npmjs.org/strip-ansi 113ms (cache revalidated)
127 silly packumentCache corgi:https://registry.npmjs.org/strip-ansi set size:17904 disposed:false
128 silly packumentCache corgi:https://registry.npmjs.org/execa cache-miss
129 http fetch GET 200 https://registry.npmjs.org/execa 72ms (cache revalidated)
130 silly packumentCache corgi:https://registry.npmjs.org/execa set size:83988 disposed:false
131 silly packumentCache corgi:https://registry.npmjs.org/glob cache-miss
132 silly packumentCache corgi:https://registry.npmjs.org/fstream-ignore cache-miss
133 silly packumentCache corgi:https://registry.npmjs.org/node-gyp cache-miss
134 silly packumentCache corgi:https://registry.npmjs.org/pacote cache-miss
135 http fetch GET 200 https://registry.npmjs.org/fstream-ignore 72ms (cache revalidated)
136 silly packumentCache corgi:https://registry.npmjs.org/fstream-ignore set size:10884 disposed:false
137 http fetch GET 200 https://registry.npmjs.org/glob 76ms (cache revalidated)
138 silly packumentCache corgi:https://registry.npmjs.org/glob set size:152948 disposed:false
139 http fetch GET 200 https://registry.npmjs.org/pacote 79ms (cache revalidated)
140 silly packumentCache corgi:https://registry.npmjs.org/pacote set size:381612 disposed:false
141 http fetch GET 200 https://registry.npmjs.org/node-gyp 94ms (cache revalidated)
142 silly packumentCache corgi:https://registry.npmjs.org/node-gyp set size:142915 disposed:false
143 silly packumentCache corgi:https://registry.npmjs.org/global-dirs cache-miss
144 silly packumentCache corgi:https://registry.npmjs.org/rc cache-miss
145 silly packumentCache corgi:https://registry.npmjs.org/config-chain cache-miss
146 http fetch GET 200 https://registry.npmjs.org/config-chain 56ms (cache revalidated)
147 silly packumentCache corgi:https://registry.npmjs.org/config-chain set size:15538 disposed:false
148 http fetch GET 200 https://registry.npmjs.org/global-dirs 62ms (cache revalidated)
149 silly packumentCache corgi:https://registry.npmjs.org/global-dirs set size:11802 disposed:false
150 http fetch GET 200 https://registry.npmjs.org/rc 63ms (cache revalidated)
151 silly packumentCache corgi:https://registry.npmjs.org/rc set size:29081 disposed:false
152 silly packumentCache corgi:https://registry.npmjs.org/configstore cache-miss
153 http fetch GET 200 https://registry.npmjs.org/configstore 54ms (cache revalidated)
154 silly packumentCache corgi:https://registry.npmjs.org/configstore set size:31180 disposed:false
155 silly packumentCache corgi:https://registry.npmjs.org/package-json cache-miss
156 http fetch GET 200 https://registry.npmjs.org/package-json 56ms (cache revalidated)
157 silly packumentCache corgi:https://registry.npmjs.org/package-json set size:33596 disposed:false
158 silly packumentCache corgi:https://registry.npmjs.org/npm-package-arg cache-miss
159 silly packumentCache corgi:https://registry.npmjs.org/normalize-package-data cache-miss
160 http fetch GET 200 https://registry.npmjs.org/normalize-package-data 63ms (cache revalidated)
161 silly packumentCache corgi:https://registry.npmjs.org/normalize-package-data set size:52534 disposed:false
162 http fetch GET 200 https://registry.npmjs.org/npm-package-arg 73ms (cache revalidated)
163 silly packumentCache corgi:https://registry.npmjs.org/npm-package-arg set size:53499 disposed:false
164 silly packumentCache corgi:https://registry.npmjs.org/mkdirp cache-miss
165 http fetch GET 200 https://registry.npmjs.org/mkdirp 53ms (cache revalidated)
166 silly packumentCache corgi:https://registry.npmjs.org/mkdirp set size:49417 disposed:false
167 silly packumentCache corgi:https://registry.npmjs.org/libnpx cache-miss
168 http fetch GET 200 https://registry.npmjs.org/libnpx 46ms (cache revalidated)
169 silly packumentCache corgi:https://registry.npmjs.org/libnpx set size:37961 disposed:false
170 silly packumentCache corgi:https://registry.npmjs.org/cacache cache-miss
171 silly packumentCache corgi:https://registry.npmjs.org/yargs cache-miss
172 http fetch GET 200 https://registry.npmjs.org/cacache 39ms (cache revalidated)
173 silly packumentCache corgi:https://registry.npmjs.org/cacache set size:151389 disposed:false
174 http fetch GET 200 https://registry.npmjs.org/yargs 43ms (cache revalidated)
175 silly packumentCache corgi:https://registry.npmjs.org/yargs set size:328890 disposed:false
176 silly packumentCache corgi:https://registry.npmjs.org/init-package-json cache-miss
177 silly packumentCache corgi:https://registry.npmjs.org/npm-install-checks cache-miss
178 silly packumentCache corgi:https://registry.npmjs.org/npm-registry-client cache-miss
179 silly packumentCache corgi:https://registry.npmjs.org/npm-pick-manifest cache-miss
180 silly packumentCache corgi:https://registry.npmjs.org/read-installed cache-miss
181 silly packumentCache corgi:https://registry.npmjs.org/semver-diff cache-miss
182 http fetch GET 200 https://registry.npmjs.org/npm-pick-manifest 49ms (cache revalidated)
183 silly packumentCache corgi:https://registry.npmjs.org/npm-pick-manifest set size:39367 disposed:false
184 http fetch GET 200 https://registry.npmjs.org/semver-diff 51ms (cache revalidated)
185 silly packumentCache corgi:https://registry.npmjs.org/semver-diff set size:8657 disposed:false
186 http fetch GET 200 https://registry.npmjs.org/read-installed 52ms (cache revalidated)
187 silly packumentCache corgi:https://registry.npmjs.org/read-installed set size:24250 disposed:false
188 http fetch GET 200 https://registry.npmjs.org/npm-install-checks 58ms (cache revalidated)
189 silly packumentCache corgi:https://registry.npmjs.org/npm-install-checks set size:22722 disposed:false
190 http fetch GET 200 https://registry.npmjs.org/init-package-json 61ms (cache revalidated)
191 silly packumentCache corgi:https://registry.npmjs.org/init-package-json set size:63722 disposed:false
192 http fetch GET 200 https://registry.npmjs.org/npm-registry-client 66ms (cache revalidated)
193 silly packumentCache corgi:https://registry.npmjs.org/npm-registry-client set size:141565 disposed:false
194 silly packumentCache corgi:https://registry.npmjs.org/npx cache-miss
195 http fetch GET 200 https://registry.npmjs.org/npx 59ms (cache revalidated)
196 silly packumentCache corgi:https://registry.npmjs.org/npx set size:54272 disposed:false
197 silly packumentCache corgi:https://registry.npmjs.org/make-fetch-happen cache-miss
198 http fetch GET 200 https://registry.npmjs.org/make-fetch-happen 36ms (cache revalidated)
199 silly packumentCache corgi:https://registry.npmjs.org/make-fetch-happen set size:177116 disposed:false
200 silly packumentCache corgi:https://registry.npmjs.org/socks cache-miss
201 http fetch GET 200 https://registry.npmjs.org/socks 36ms (cache revalidated)
202 silly packumentCache corgi:https://registry.npmjs.org/socks set size:61736 disposed:false
203 silly packumentCache corgi:https://registry.npmjs.org/tar-stream cache-miss
204 http fetch GET 200 https://registry.npmjs.org/tar-stream 50ms (cache revalidated)
205 silly packumentCache corgi:https://registry.npmjs.org/tar-stream set size:56421 disposed:false
206 silly packumentCache corgi:https://registry.npmjs.org/har-validator cache-miss
207 http fetch GET 200 https://registry.npmjs.org/har-validator 53ms (cache revalidated)
208 silly packumentCache corgi:https://registry.npmjs.org/har-validator set size:49284 disposed:false
209 silly packumentCache corgi:https://registry.npmjs.org/boom cache-miss
210 silly packumentCache corgi:https://registry.npmjs.org/sntp cache-miss
211 http fetch GET 200 https://registry.npmjs.org/sntp 46ms (cache revalidated)
212 silly packumentCache corgi:https://registry.npmjs.org/sntp set size:23314 disposed:false
213 http fetch GET 200 https://registry.npmjs.org/boom 48ms (cache revalidated)
214 silly packumentCache corgi:https://registry.npmjs.org/boom set size:64049 disposed:false
215 silly packumentCache corgi:https://registry.npmjs.org/jsprim cache-miss
216 http fetch GET 200 https://registry.npmjs.org/jsprim 40ms (cache revalidated)
217 silly packumentCache corgi:https://registry.npmjs.org/jsprim set size:18472 disposed:false
218 silly packumentCache corgi:https://registry.npmjs.org/http-signature cache-miss
219 http fetch GET 200 https://registry.npmjs.org/http-signature 54ms (cache revalidated)
220 silly packumentCache corgi:https://registry.npmjs.org/http-signature set size:25024 disposed:false
221 silly packumentCache corgi:https://registry.npmjs.org/term-size cache-miss
222 http fetch GET 200 https://registry.npmjs.org/term-size 45ms (cache revalidated)
223 silly packumentCache corgi:https://registry.npmjs.org/term-size set size:16458 disposed:false
224 silly packumentCache corgi:https://registry.npmjs.org/registry-auth-token cache-miss
225 silly packumentCache corgi:https://registry.npmjs.org/registry-url cache-miss
226 http fetch GET 200 https://registry.npmjs.org/registry-url 48ms (cache revalidated)
227 silly packumentCache corgi:https://registry.npmjs.org/registry-url set size:14057 disposed:false
228 http fetch GET 200 https://registry.npmjs.org/registry-auth-token 54ms (cache revalidated)
229 silly packumentCache corgi:https://registry.npmjs.org/registry-auth-token set size:26580 disposed:false
230 silly packumentCache corgi:https://registry.npmjs.org/latest-version cache-miss
231 http fetch GET 200 https://registry.npmjs.org/latest-version 51ms (cache revalidated)
232 silly packumentCache corgi:https://registry.npmjs.org/latest-version set size:15360 disposed:false
233 silly packumentCache corgi:https://registry.npmjs.org/cmd-shim cache-miss
234 silly packumentCache corgi:https://registry.npmjs.org/move-concurrently cache-miss
235 silly packumentCache corgi:https://registry.npmjs.org/copy-concurrently cache-miss
236 http fetch GET 200 https://registry.npmjs.org/move-concurrently 65ms (cache revalidated)
237 silly packumentCache corgi:https://registry.npmjs.org/move-concurrently set size:1722 disposed:false
238 http fetch GET 200 https://registry.npmjs.org/copy-concurrently 96ms (cache revalidated)
239 silly packumentCache corgi:https://registry.npmjs.org/copy-concurrently set size:4874 disposed:false
240 http fetch GET 200 https://registry.npmjs.org/cmd-shim 568ms (cache revalidated)
241 silly packumentCache corgi:https://registry.npmjs.org/cmd-shim set size:26182 disposed:false
242 silly packumentCache corgi:https://registry.npmjs.org/cryptiles cache-miss
243 http fetch GET 200 https://registry.npmjs.org/cryptiles 36ms (cache revalidated)
244 silly packumentCache corgi:https://registry.npmjs.org/cryptiles set size:33327 disposed:false
245 silly packumentCache corgi:https://registry.npmjs.org/boxen cache-miss
246 http fetch GET 200 https://registry.npmjs.org/boxen 43ms (cache revalidated)
247 silly packumentCache corgi:https://registry.npmjs.org/boxen set size:47703 disposed:false
248 silly packumentCache corgi:https://registry.npmjs.org/update-notifier cache-miss
249 http fetch GET 200 https://registry.npmjs.org/update-notifier 47ms (cache revalidated)
250 silly packumentCache corgi:https://registry.npmjs.org/update-notifier set size:56608 disposed:false
251 verbose cwd /home/app/monannonce
252 verbose os Linux 5.15.0-125-generic
253 verbose node v22.11.0
254 verbose npm  v10.9.0
255 verbose exit 0
256 info ok
