0 verbose cli /usr/local/bin/node /usr/local/bin/npm
1 info using npm@10.9.0
2 info using node@v22.11.0
3 silly config load:file:/usr/local/lib/node_modules/npm/npmrc
4 silly config load:file:/home/app/monannonce/.npmrc
5 silly config load:file:/home/app/.npmrc
6 silly config load:file:/usr/local/etc/npmrc
7 verbose title npm init
8 verbose argv "init"
9 verbose logfile logs-max:10 dir:/home/app/.npm/_logs/2024-11-19T15_17_00_650Z-
10 verbose logfile /home/app/.npm/_logs/2024-11-19T15_17_00_650Z-debug-0.log
11 silly logfile start cleaning logs, removing 1 files
12 silly logfile done cleaning log files
13 silly package data {
13 silly package data   dependencies: { express: '^4.21.1', sequelize: '^6.37.5' },
13 silly package data   name: 'monannonce',
13 silly package data   version: '1.0.0',
13 silly package data   main: 'app.js',
13 silly package data   devDependencies: {},
13 silly package data   scripts: { test: 'echo "Error: no test specified" && exit 1' },
13 silly package data   author: '',
13 silly package data   license: 'ISC',
13 silly package data   description: '',
13 silly package data   [Symbol(newline)]: '\n',
13 silly package data   [Symbol(indent)]: '  '
13 silly package data }
14 verbose cwd /home/app/monannonce
15 verbose os Linux 5.15.0-125-generic
16 verbose node v22.11.0
17 verbose npm  v10.9.0
18 verbose exit 0
19 info ok
