0 verbose cli /usr/local/bin/node /usr/local/bin/npm
1 info using npm@10.9.0
2 info using node@v22.11.0
3 silly config load:file:/usr/local/lib/node_modules/npm/npmrc
4 silly config load:file:/home/app/monannonce/.npmrc
5 silly config load:file:/home/app/.npmrc
6 silly config load:file:/usr/local/etc/npmrc
7 verbose title npm i express
8 verbose argv "i" "express"
9 verbose logfile logs-max:10 dir:/home/app/.npm/_logs/2024-11-19T14_35_40_488Z-
10 verbose logfile /home/app/.npm/_logs/2024-11-19T14_35_40_488Z-debug-0.log
11 silly logfile done cleaning log files
12 silly packumentCache heap:4345298944 maxSize:1086324736 maxEntrySize:543162368
13 silly idealTree buildDeps
14 silly fetch manifest express@*
15 silly packumentCache full:https://registry.npmjs.org/express cache-miss
16 http fetch GET 200 https://registry.npmjs.org/express 205ms (cache miss)
17 silly packumentCache full:https://registry.npmjs.org/express set size:undefined disposed:false
18 silly placeDep ROOT express@4.21.1 OK for:  want: *
19 silly fetch manifest qs@6.13.0
20 silly packumentCache full:https://registry.npmjs.org/qs cache-miss
21 silly fetch manifest depd@2.0.0
22 silly packumentCache full:https://registry.npmjs.org/depd cache-miss
23 silly fetch manifest etag@~1.8.1
24 silly packumentCache full:https://registry.npmjs.org/etag cache-miss
25 silly fetch manifest send@0.19.0
26 silly packumentCache full:https://registry.npmjs.org/send cache-miss
27 silly fetch manifest vary@~1.1.2
28 silly packumentCache full:https://registry.npmjs.org/vary cache-miss
29 silly fetch manifest debug@2.6.9
30 silly packumentCache full:https://registry.npmjs.org/debug cache-miss
31 silly fetch manifest fresh@0.5.2
32 silly packumentCache full:https://registry.npmjs.org/fresh cache-miss
33 http fetch GET 200 https://registry.npmjs.org/qs 76ms (cache miss)
34 silly packumentCache full:https://registry.npmjs.org/qs set size:undefined disposed:false
35 silly fetch manifest cookie@0.7.1
36 silly packumentCache full:https://registry.npmjs.org/cookie cache-miss
37 http fetch GET 200 https://registry.npmjs.org/etag 148ms (cache miss)
38 silly packumentCache full:https://registry.npmjs.org/etag set size:undefined disposed:false
39 silly fetch manifest accepts@~1.3.8
40 silly packumentCache full:https://registry.npmjs.org/accepts cache-miss
41 http fetch GET 200 https://registry.npmjs.org/fresh 150ms (cache miss)
42 silly packumentCache full:https://registry.npmjs.org/fresh set size:undefined disposed:false
43 silly fetch manifest methods@~1.1.2
44 silly packumentCache full:https://registry.npmjs.org/methods cache-miss
45 http fetch GET 200 https://registry.npmjs.org/depd 153ms (cache miss)
46 silly packumentCache full:https://registry.npmjs.org/depd set size:undefined disposed:false
47 silly fetch manifest type-is@~1.6.18
48 silly packumentCache full:https://registry.npmjs.org/type-is cache-miss
49 http fetch GET 200 https://registry.npmjs.org/cookie 77ms (cache miss)
50 silly packumentCache full:https://registry.npmjs.org/cookie set size:undefined disposed:false
51 silly fetch manifest parseurl@~1.3.3
52 silly packumentCache full:https://registry.npmjs.org/parseurl cache-miss
53 http fetch GET 200 https://registry.npmjs.org/send 162ms (cache miss)
54 silly packumentCache full:https://registry.npmjs.org/send set size:undefined disposed:false
55 silly fetch manifest statuses@2.0.1
56 silly packumentCache full:https://registry.npmjs.org/statuses cache-miss
57 http fetch GET 200 https://registry.npmjs.org/vary 166ms (cache miss)
58 silly packumentCache full:https://registry.npmjs.org/vary set size:undefined disposed:false
59 silly fetch manifest encodeurl@~2.0.0
60 silly packumentCache full:https://registry.npmjs.org/encodeurl cache-miss
61 http fetch GET 200 https://registry.npmjs.org/debug 168ms (cache miss)
62 silly packumentCache full:https://registry.npmjs.org/debug set size:undefined disposed:false
63 silly fetch manifest proxy-addr@~2.0.7
64 silly packumentCache full:https://registry.npmjs.org/proxy-addr cache-miss
65 http fetch GET 200 https://registry.npmjs.org/methods 75ms (cache miss)
66 silly packumentCache full:https://registry.npmjs.org/methods set size:undefined disposed:false
67 silly fetch manifest body-parser@1.20.3
68 silly packumentCache full:https://registry.npmjs.org/body-parser cache-miss
69 http fetch GET 200 https://registry.npmjs.org/statuses 64ms (cache miss)
70 silly packumentCache full:https://registry.npmjs.org/statuses set size:undefined disposed:false
71 silly fetch manifest escape-html@~1.0.3
72 silly packumentCache full:https://registry.npmjs.org/escape-html cache-miss
73 http fetch GET 200 https://registry.npmjs.org/parseurl 73ms (cache miss)
74 silly packumentCache full:https://registry.npmjs.org/parseurl set size:undefined disposed:false
75 silly fetch manifest http-errors@2.0.0
76 silly packumentCache full:https://registry.npmjs.org/http-errors cache-miss
77 http fetch GET 200 https://registry.npmjs.org/encodeurl 67ms (cache miss)
78 silly packumentCache full:https://registry.npmjs.org/encodeurl set size:undefined disposed:false
79 silly fetch manifest on-finished@2.4.1
80 silly packumentCache full:https://registry.npmjs.org/on-finished cache-miss
81 http fetch GET 200 https://registry.npmjs.org/accepts 86ms (cache miss)
82 silly packumentCache full:https://registry.npmjs.org/accepts set size:undefined disposed:false
83 silly fetch manifest safe-buffer@5.2.1
84 silly packumentCache full:https://registry.npmjs.org/safe-buffer cache-miss
85 http fetch GET 200 https://registry.npmjs.org/type-is 86ms (cache miss)
86 silly packumentCache full:https://registry.npmjs.org/type-is set size:undefined disposed:false
87 silly fetch manifest utils-merge@1.0.1
88 silly packumentCache full:https://registry.npmjs.org/utils-merge cache-miss
89 http fetch GET 200 https://registry.npmjs.org/proxy-addr 72ms (cache miss)
90 silly packumentCache full:https://registry.npmjs.org/proxy-addr set size:undefined disposed:false
91 silly fetch manifest content-type@~1.0.4
92 silly packumentCache full:https://registry.npmjs.org/content-type cache-miss
93 http fetch GET 200 https://registry.npmjs.org/escape-html 56ms (cache miss)
94 silly packumentCache full:https://registry.npmjs.org/escape-html set size:undefined disposed:false
95 silly fetch manifest finalhandler@1.3.1
96 silly packumentCache full:https://registry.npmjs.org/finalhandler cache-miss
97 http fetch GET 200 https://registry.npmjs.org/http-errors 69ms (cache miss)
98 silly packumentCache full:https://registry.npmjs.org/http-errors set size:undefined disposed:false
99 silly fetch manifest range-parser@~1.2.1
100 silly packumentCache full:https://registry.npmjs.org/range-parser cache-miss
101 http fetch GET 200 https://registry.npmjs.org/on-finished 66ms (cache miss)
102 silly packumentCache full:https://registry.npmjs.org/on-finished set size:undefined disposed:false
103 silly fetch manifest serve-static@1.16.2
104 silly packumentCache full:https://registry.npmjs.org/serve-static cache-miss
105 http fetch GET 200 https://registry.npmjs.org/body-parser 80ms (cache miss)
106 silly packumentCache full:https://registry.npmjs.org/body-parser set size:undefined disposed:false
107 silly fetch manifest array-flatten@1.1.1
108 silly packumentCache full:https://registry.npmjs.org/array-flatten cache-miss
109 http fetch GET 200 https://registry.npmjs.org/safe-buffer 76ms (cache miss)
110 silly packumentCache full:https://registry.npmjs.org/safe-buffer set size:undefined disposed:false
111 silly fetch manifest path-to-regexp@0.1.10
112 silly packumentCache full:https://registry.npmjs.org/path-to-regexp cache-miss
113 http fetch GET 200 https://registry.npmjs.org/utils-merge 74ms (cache miss)
114 silly packumentCache full:https://registry.npmjs.org/utils-merge set size:undefined disposed:false
115 silly fetch manifest setprototypeof@1.2.0
116 silly packumentCache full:https://registry.npmjs.org/setprototypeof cache-miss
117 http fetch GET 200 https://registry.npmjs.org/content-type 71ms (cache miss)
118 silly packumentCache full:https://registry.npmjs.org/content-type set size:undefined disposed:false
119 silly fetch manifest cookie-signature@1.0.6
120 silly packumentCache full:https://registry.npmjs.org/cookie-signature cache-miss
121 http fetch GET 200 https://registry.npmjs.org/finalhandler 52ms (cache miss)
122 silly packumentCache full:https://registry.npmjs.org/finalhandler set size:undefined disposed:false
123 silly fetch manifest merge-descriptors@1.0.3
124 silly packumentCache full:https://registry.npmjs.org/merge-descriptors cache-miss
125 http fetch GET 200 https://registry.npmjs.org/serve-static 47ms (cache miss)
126 silly packumentCache full:https://registry.npmjs.org/serve-static set size:undefined disposed:false
127 silly fetch manifest content-disposition@0.5.4
128 silly packumentCache full:https://registry.npmjs.org/content-disposition cache-miss
129 http fetch GET 200 https://registry.npmjs.org/range-parser 62ms (cache miss)
130 silly packumentCache full:https://registry.npmjs.org/range-parser set size:undefined disposed:false
131 http fetch GET 200 https://registry.npmjs.org/setprototypeof 46ms (cache miss)
132 silly packumentCache full:https://registry.npmjs.org/setprototypeof set size:undefined disposed:false
133 http fetch GET 200 https://registry.npmjs.org/array-flatten 58ms (cache miss)
134 silly packumentCache full:https://registry.npmjs.org/array-flatten set size:undefined disposed:false
135 http fetch GET 200 https://registry.npmjs.org/cookie-signature 56ms (cache miss)
136 silly packumentCache full:https://registry.npmjs.org/cookie-signature set size:undefined disposed:false
137 http fetch GET 200 https://registry.npmjs.org/path-to-regexp 67ms (cache miss)
138 silly packumentCache full:https://registry.npmjs.org/path-to-regexp set size:undefined disposed:false
139 http fetch GET 200 https://registry.npmjs.org/content-disposition 42ms (cache miss)
140 silly packumentCache full:https://registry.npmjs.org/content-disposition set size:undefined disposed:false
141 http fetch GET 200 https://registry.npmjs.org/merge-descriptors 55ms (cache miss)
142 silly packumentCache full:https://registry.npmjs.org/merge-descriptors set size:undefined disposed:false
143 silly placeDep ROOT accepts@1.3.8 OK for: express@4.21.1 want: ~1.3.8
144 silly placeDep ROOT array-flatten@1.1.1 OK for: express@4.21.1 want: 1.1.1
145 silly placeDep ROOT body-parser@1.20.3 OK for: express@4.21.1 want: 1.20.3
146 silly placeDep ROOT content-disposition@0.5.4 OK for: express@4.21.1 want: 0.5.4
147 silly placeDep ROOT content-type@1.0.5 OK for: express@4.21.1 want: ~1.0.4
148 silly placeDep ROOT cookie@0.7.1 OK for: express@4.21.1 want: 0.7.1
149 silly placeDep ROOT cookie-signature@1.0.6 OK for: express@4.21.1 want: 1.0.6
150 silly placeDep ROOT debug@2.6.9 OK for: express@4.21.1 want: 2.6.9
151 silly placeDep ROOT depd@2.0.0 OK for: express@4.21.1 want: 2.0.0
152 silly placeDep ROOT encodeurl@2.0.0 OK for: express@4.21.1 want: ~2.0.0
153 silly placeDep ROOT escape-html@1.0.3 OK for: express@4.21.1 want: ~1.0.3
154 silly placeDep ROOT etag@1.8.1 OK for: express@4.21.1 want: ~1.8.1
155 silly placeDep ROOT finalhandler@1.3.1 OK for: express@4.21.1 want: 1.3.1
156 silly placeDep ROOT fresh@0.5.2 OK for: express@4.21.1 want: 0.5.2
157 silly placeDep ROOT http-errors@2.0.0 OK for: express@4.21.1 want: 2.0.0
158 silly placeDep ROOT merge-descriptors@1.0.3 OK for: express@4.21.1 want: 1.0.3
159 silly placeDep ROOT methods@1.1.2 OK for: express@4.21.1 want: ~1.1.2
160 silly placeDep ROOT on-finished@2.4.1 OK for: express@4.21.1 want: 2.4.1
161 silly placeDep ROOT parseurl@1.3.3 OK for: express@4.21.1 want: ~1.3.3
162 silly placeDep ROOT path-to-regexp@0.1.10 OK for: express@4.21.1 want: 0.1.10
163 silly placeDep ROOT proxy-addr@2.0.7 OK for: express@4.21.1 want: ~2.0.7
164 silly placeDep ROOT qs@6.13.0 OK for: express@4.21.1 want: 6.13.0
165 silly placeDep ROOT range-parser@1.2.1 OK for: express@4.21.1 want: ~1.2.1
166 silly placeDep ROOT safe-buffer@5.2.1 OK for: express@4.21.1 want: 5.2.1
167 silly placeDep ROOT send@0.19.0 OK for: express@4.21.1 want: 0.19.0
168 silly placeDep ROOT serve-static@1.16.2 OK for: express@4.21.1 want: 1.16.2
169 silly placeDep ROOT setprototypeof@1.2.0 OK for: express@4.21.1 want: 1.2.0
170 silly placeDep ROOT statuses@2.0.1 OK for: express@4.21.1 want: 2.0.1
171 silly placeDep ROOT type-is@1.6.18 OK for: express@4.21.1 want: ~1.6.18
172 silly placeDep ROOT utils-merge@1.0.1 OK for: express@4.21.1 want: 1.0.1
173 silly placeDep ROOT vary@1.1.2 OK for: express@4.21.1 want: ~1.1.2
174 silly fetch manifest mime-types@~2.1.34
175 silly packumentCache full:https://registry.npmjs.org/mime-types cache-miss
176 silly fetch manifest negotiator@0.6.3
177 silly packumentCache full:https://registry.npmjs.org/negotiator cache-miss
178 silly fetch manifest bytes@3.1.2
179 silly packumentCache full:https://registry.npmjs.org/bytes cache-miss
180 silly fetch manifest unpipe@1.0.0
181 silly packumentCache full:https://registry.npmjs.org/unpipe cache-miss
182 silly fetch manifest destroy@1.2.0
183 silly packumentCache full:https://registry.npmjs.org/destroy cache-miss
184 silly fetch manifest raw-body@2.5.2
185 silly packumentCache full:https://registry.npmjs.org/raw-body cache-miss
186 silly fetch manifest iconv-lite@0.4.24
187 silly packumentCache full:https://registry.npmjs.org/iconv-lite cache-miss
188 http fetch GET 200 https://registry.npmjs.org/unpipe 79ms (cache miss)
189 silly packumentCache full:https://registry.npmjs.org/unpipe set size:undefined disposed:false
190 silly fetch manifest content-type@~1.0.5
191 silly packumentCache full:https://registry.npmjs.org/content-type cache-miss
192 http fetch GET 200 https://registry.npmjs.org/destroy 81ms (cache miss)
193 silly packumentCache full:https://registry.npmjs.org/destroy set size:undefined disposed:false
194 silly fetch manifest ms@2.0.0
195 silly packumentCache full:https://registry.npmjs.org/ms cache-miss
196 http fetch GET 200 https://registry.npmjs.org/negotiator 83ms (cache miss)
197 silly packumentCache full:https://registry.npmjs.org/negotiator set size:undefined disposed:false
198 silly fetch manifest unpipe@~1.0.0
199 silly packumentCache full:https://registry.npmjs.org/unpipe cache-miss
200 http fetch GET 200 https://registry.npmjs.org/bytes 86ms (cache miss)
201 silly packumentCache full:https://registry.npmjs.org/bytes set size:undefined disposed:false
202 silly fetch manifest inherits@2.0.4
203 silly packumentCache full:https://registry.npmjs.org/inherits cache-miss
204 http fetch GET 200 https://registry.npmjs.org/iconv-lite 90ms (cache miss)
205 silly packumentCache full:https://registry.npmjs.org/iconv-lite set size:undefined disposed:false
206 silly fetch manifest toidentifier@1.0.1
207 silly packumentCache full:https://registry.npmjs.org/toidentifier cache-miss
208 http fetch GET 200 https://registry.npmjs.org/mime-types 99ms (cache miss)
209 silly packumentCache full:https://registry.npmjs.org/mime-types set size:undefined disposed:false
210 silly fetch manifest ee-first@1.1.1
211 silly packumentCache full:https://registry.npmjs.org/ee-first cache-miss
212 http fetch GET 200 https://registry.npmjs.org/content-type 22ms (cache hit)
213 silly packumentCache full:https://registry.npmjs.org/content-type set size:17251 disposed:false
214 silly fetch manifest forwarded@0.2.0
215 silly packumentCache full:https://registry.npmjs.org/forwarded cache-miss
216 http fetch GET 200 https://registry.npmjs.org/unpipe 20ms (cache hit)
217 silly packumentCache full:https://registry.npmjs.org/unpipe set size:3537 disposed:false
218 silly fetch manifest ipaddr.js@1.9.1
219 silly packumentCache full:https://registry.npmjs.org/ipaddr.js cache-miss
220 http fetch GET 200 https://registry.npmjs.org/raw-body 106ms (cache miss)
221 silly packumentCache full:https://registry.npmjs.org/raw-body set size:undefined disposed:false
222 silly fetch manifest side-channel@^1.0.6
223 silly packumentCache full:https://registry.npmjs.org/side-channel cache-miss
224 http fetch GET 200 https://registry.npmjs.org/ms 50ms (cache miss)
225 silly packumentCache full:https://registry.npmjs.org/ms set size:undefined disposed:false
226 silly fetch manifest ms@2.1.3
227 silly packumentCache full:https://registry.npmjs.org/ms cache-miss
228 http fetch GET 200 https://registry.npmjs.org/ms 3ms (cache hit)
229 silly packumentCache full:https://registry.npmjs.org/ms set size:84885 disposed:false
230 silly fetch manifest mime@1.6.0
231 silly packumentCache full:https://registry.npmjs.org/mime cache-miss
232 http fetch GET 200 https://registry.npmjs.org/ee-first 48ms (cache miss)
233 silly packumentCache full:https://registry.npmjs.org/ee-first set size:undefined disposed:false
234 silly fetch manifest encodeurl@~1.0.2
235 silly packumentCache full:https://registry.npmjs.org/encodeurl cache-miss
236 http fetch GET 200 https://registry.npmjs.org/inherits 63ms (cache miss)
237 silly packumentCache full:https://registry.npmjs.org/inherits set size:undefined disposed:false
238 silly fetch manifest mime-types@~2.1.24
239 silly packumentCache full:https://registry.npmjs.org/mime-types cache-miss
240 http fetch GET 200 https://registry.npmjs.org/toidentifier 59ms (cache miss)
241 silly packumentCache full:https://registry.npmjs.org/toidentifier set size:undefined disposed:false
242 silly fetch manifest media-typer@0.3.0
243 silly packumentCache full:https://registry.npmjs.org/media-typer cache-miss
244 http fetch GET 200 https://registry.npmjs.org/encodeurl 8ms (cache hit)
245 silly packumentCache full:https://registry.npmjs.org/encodeurl set size:12296 disposed:false
246 http fetch GET 200 https://registry.npmjs.org/mime-types 7ms (cache hit)
247 silly packumentCache full:https://registry.npmjs.org/mime-types set size:129792 disposed:false
248 http fetch GET 200 https://registry.npmjs.org/forwarded 57ms (cache miss)
249 silly packumentCache full:https://registry.npmjs.org/forwarded set size:undefined disposed:false
250 http fetch GET 200 https://registry.npmjs.org/ipaddr.js 59ms (cache miss)
251 silly packumentCache full:https://registry.npmjs.org/ipaddr.js set size:undefined disposed:false
252 http fetch GET 200 https://registry.npmjs.org/mime 57ms (cache miss)
253 silly packumentCache full:https://registry.npmjs.org/mime set size:undefined disposed:false
254 http fetch GET 200 https://registry.npmjs.org/media-typer 47ms (cache miss)
255 silly packumentCache full:https://registry.npmjs.org/media-typer set size:undefined disposed:false
256 http fetch GET 200 https://registry.npmjs.org/side-channel 164ms (cache miss)
257 silly packumentCache full:https://registry.npmjs.org/side-channel set size:undefined disposed:false
258 silly placeDep ROOT mime-types@2.1.35 OK for: accepts@1.3.8 want: ~2.1.34
259 silly placeDep ROOT negotiator@0.6.3 OK for: accepts@1.3.8 want: 0.6.3
260 silly fetch manifest mime-db@1.52.0
261 silly packumentCache full:https://registry.npmjs.org/mime-db cache-miss
262 http fetch GET 200 https://registry.npmjs.org/mime-db 78ms (cache miss)
263 silly packumentCache full:https://registry.npmjs.org/mime-db set size:undefined disposed:false
264 silly placeDep ROOT bytes@3.1.2 OK for: body-parser@1.20.3 want: 3.1.2
265 silly placeDep ROOT destroy@1.2.0 OK for: body-parser@1.20.3 want: 1.2.0
266 silly placeDep ROOT iconv-lite@0.4.24 OK for: body-parser@1.20.3 want: 0.4.24
267 silly placeDep ROOT raw-body@2.5.2 OK for: body-parser@1.20.3 want: 2.5.2
268 silly placeDep ROOT unpipe@1.0.0 OK for: body-parser@1.20.3 want: 1.0.0
269 silly fetch manifest safer-buffer@>= 2.1.2 < 3
270 silly packumentCache full:https://registry.npmjs.org/safer-buffer cache-miss
271 http fetch GET 200 https://registry.npmjs.org/safer-buffer 50ms (cache miss)
272 silly packumentCache full:https://registry.npmjs.org/safer-buffer set size:undefined disposed:false
273 silly placeDep ROOT ms@2.0.0 OK for: debug@2.6.9 want: 2.0.0
274 silly placeDep ROOT inherits@2.0.4 OK for: http-errors@2.0.0 want: 2.0.4
275 silly placeDep ROOT toidentifier@1.0.1 OK for: http-errors@2.0.0 want: 1.0.1
276 silly placeDep ROOT safer-buffer@2.1.2 OK for: iconv-lite@0.4.24 want: >= 2.1.2 < 3
277 silly placeDep ROOT mime-db@1.52.0 OK for: mime-types@2.1.35 want: 1.52.0
278 silly placeDep ROOT ee-first@1.1.1 OK for: on-finished@2.4.1 want: 1.1.1
279 silly placeDep ROOT forwarded@0.2.0 OK for: proxy-addr@2.0.7 want: 0.2.0
280 silly placeDep ROOT ipaddr.js@1.9.1 OK for: proxy-addr@2.0.7 want: 1.9.1
281 silly placeDep ROOT side-channel@1.0.6 OK for: qs@6.13.0 want: ^1.0.6
282 silly fetch manifest call-bind@^1.0.7
283 silly packumentCache full:https://registry.npmjs.org/call-bind cache-miss
284 silly fetch manifest es-errors@^1.3.0
285 silly packumentCache full:https://registry.npmjs.org/es-errors cache-miss
286 silly fetch manifest get-intrinsic@^1.2.4
287 silly packumentCache full:https://registry.npmjs.org/get-intrinsic cache-miss
288 silly fetch manifest object-inspect@^1.13.1
289 silly packumentCache full:https://registry.npmjs.org/object-inspect cache-miss
290 http fetch GET 200 https://registry.npmjs.org/get-intrinsic 45ms (cache miss)
291 silly packumentCache full:https://registry.npmjs.org/get-intrinsic set size:undefined disposed:false
292 http fetch GET 200 https://registry.npmjs.org/call-bind 51ms (cache miss)
293 silly packumentCache full:https://registry.npmjs.org/call-bind set size:undefined disposed:false
294 http fetch GET 200 https://registry.npmjs.org/es-errors 52ms (cache miss)
295 silly packumentCache full:https://registry.npmjs.org/es-errors set size:undefined disposed:false
296 http fetch GET 200 https://registry.npmjs.org/object-inspect 62ms (cache miss)
297 silly packumentCache full:https://registry.npmjs.org/object-inspect set size:undefined disposed:false
298 silly placeDep node_modules/send encodeurl@1.0.2 OK for: send@0.19.0 want: ~1.0.2
299 silly placeDep ROOT mime@1.6.0 OK for: send@0.19.0 want: 1.6.0
300 silly placeDep node_modules/send ms@2.1.3 OK for: send@0.19.0 want: 2.1.3
301 silly placeDep ROOT call-bind@1.0.7 OK for: side-channel@1.0.6 want: ^1.0.7
302 silly placeDep ROOT es-errors@1.3.0 OK for: side-channel@1.0.6 want: ^1.3.0
303 silly placeDep ROOT get-intrinsic@1.2.4 OK for: side-channel@1.0.6 want: ^1.2.4
304 silly placeDep ROOT object-inspect@1.13.3 OK for: side-channel@1.0.6 want: ^1.13.1
305 silly fetch manifest es-define-property@^1.0.0
306 silly packumentCache full:https://registry.npmjs.org/es-define-property cache-miss
307 silly fetch manifest function-bind@^1.1.2
308 silly packumentCache full:https://registry.npmjs.org/function-bind cache-miss
309 silly fetch manifest set-function-length@^1.2.1
310 silly packumentCache full:https://registry.npmjs.org/set-function-length cache-miss
311 silly fetch manifest function-bind@^1.1.2
312 silly packumentCache full:https://registry.npmjs.org/function-bind cache-miss
313 silly fetch manifest has-proto@^1.0.1
314 silly packumentCache full:https://registry.npmjs.org/has-proto cache-miss
315 silly fetch manifest has-symbols@^1.0.3
316 silly packumentCache full:https://registry.npmjs.org/has-symbols cache-miss
317 silly fetch manifest hasown@^2.0.0
318 silly packumentCache full:https://registry.npmjs.org/hasown cache-miss
319 http fetch GET 200 https://registry.npmjs.org/es-define-property 44ms (cache miss)
320 silly packumentCache full:https://registry.npmjs.org/es-define-property set size:undefined disposed:false
321 http fetch GET 200 https://registry.npmjs.org/hasown 49ms (cache miss)
322 silly packumentCache full:https://registry.npmjs.org/hasown set size:undefined disposed:false
323 http fetch GET 200 https://registry.npmjs.org/has-symbols 54ms (cache miss)
324 silly packumentCache full:https://registry.npmjs.org/has-symbols set size:undefined disposed:false
325 http fetch GET 200 https://registry.npmjs.org/set-function-length 58ms (cache miss)
326 silly packumentCache full:https://registry.npmjs.org/set-function-length set size:undefined disposed:false
327 http fetch GET 200 https://registry.npmjs.org/has-proto 58ms (cache miss)
328 silly packumentCache full:https://registry.npmjs.org/has-proto set size:undefined disposed:false
329 http fetch GET 200 https://registry.npmjs.org/function-bind 60ms (cache miss)
330 silly packumentCache full:https://registry.npmjs.org/function-bind set size:undefined disposed:false
331 http fetch GET 200 https://registry.npmjs.org/function-bind 61ms (cache miss)
332 silly packumentCache full:https://registry.npmjs.org/function-bind set size:undefined disposed:false
333 silly placeDep ROOT es-define-property@1.0.0 OK for: call-bind@1.0.7 want: ^1.0.0
334 silly placeDep ROOT function-bind@1.1.2 OK for: call-bind@1.0.7 want: ^1.1.2
335 silly placeDep ROOT set-function-length@1.2.2 OK for: call-bind@1.0.7 want: ^1.2.1
336 silly fetch manifest define-data-property@^1.1.4
337 silly packumentCache full:https://registry.npmjs.org/define-data-property cache-miss
338 silly fetch manifest gopd@^1.0.1
339 silly packumentCache full:https://registry.npmjs.org/gopd cache-miss
340 silly fetch manifest has-property-descriptors@^1.0.2
341 silly packumentCache full:https://registry.npmjs.org/has-property-descriptors cache-miss
342 http fetch GET 200 https://registry.npmjs.org/define-data-property 47ms (cache miss)
343 silly packumentCache full:https://registry.npmjs.org/define-data-property set size:undefined disposed:false
344 http fetch GET 200 https://registry.npmjs.org/gopd 53ms (cache miss)
345 silly packumentCache full:https://registry.npmjs.org/gopd set size:undefined disposed:false
346 http fetch GET 200 https://registry.npmjs.org/has-property-descriptors 58ms (cache miss)
347 silly packumentCache full:https://registry.npmjs.org/has-property-descriptors set size:undefined disposed:false
348 silly placeDep ROOT has-proto@1.0.3 OK for: get-intrinsic@1.2.4 want: ^1.0.1
349 silly placeDep ROOT has-symbols@1.0.3 OK for: get-intrinsic@1.2.4 want: ^1.0.3
350 silly placeDep ROOT hasown@2.0.2 OK for: get-intrinsic@1.2.4 want: ^2.0.0
351 silly placeDep ROOT define-data-property@1.1.4 OK for: set-function-length@1.2.2 want: ^1.1.4
352 silly placeDep ROOT gopd@1.0.1 OK for: set-function-length@1.2.2 want: ^1.0.1
353 silly placeDep ROOT has-property-descriptors@1.0.2 OK for: set-function-length@1.2.2 want: ^1.0.2
354 silly placeDep ROOT media-typer@0.3.0 OK for: type-is@1.6.18 want: 0.3.0
355 silly reify moves {}
356 silly tarball no local data for media-typer@https://registry.npmjs.org/media-typer/-/media-typer-0.3.0.tgz. Extracting by manifest.
357 silly tarball no local data for has-property-descriptors@https://registry.npmjs.org/has-property-descriptors/-/has-property-descriptors-1.0.2.tgz. Extracting by manifest.
358 silly tarball no local data for define-data-property@https://registry.npmjs.org/define-data-property/-/define-data-property-1.1.4.tgz. Extracting by manifest.
359 silly tarball no local data for gopd@https://registry.npmjs.org/gopd/-/gopd-1.0.1.tgz. Extracting by manifest.
360 silly tarball no local data for has-symbols@https://registry.npmjs.org/has-symbols/-/has-symbols-1.0.3.tgz. Extracting by manifest.
361 silly tarball no local data for set-function-length@https://registry.npmjs.org/set-function-length/-/set-function-length-1.2.2.tgz. Extracting by manifest.
362 silly tarball no local data for has-proto@https://registry.npmjs.org/has-proto/-/has-proto-1.0.3.tgz. Extracting by manifest.
363 silly tarball no local data for hasown@https://registry.npmjs.org/hasown/-/hasown-2.0.2.tgz. Extracting by manifest.
364 silly tarball no local data for function-bind@https://registry.npmjs.org/function-bind/-/function-bind-1.1.2.tgz. Extracting by manifest.
365 silly tarball no local data for es-define-property@https://registry.npmjs.org/es-define-property/-/es-define-property-1.0.0.tgz. Extracting by manifest.
366 silly tarball no local data for get-intrinsic@https://registry.npmjs.org/get-intrinsic/-/get-intrinsic-1.2.4.tgz. Extracting by manifest.
367 silly tarball no local data for object-inspect@https://registry.npmjs.org/object-inspect/-/object-inspect-1.13.3.tgz. Extracting by manifest.
368 silly tarball no local data for es-errors@https://registry.npmjs.org/es-errors/-/es-errors-1.3.0.tgz. Extracting by manifest.
369 silly tarball no local data for call-bind@https://registry.npmjs.org/call-bind/-/call-bind-1.0.7.tgz. Extracting by manifest.
370 silly tarball no local data for mime@https://registry.npmjs.org/mime/-/mime-1.6.0.tgz. Extracting by manifest.
371 silly tarball no local data for ipaddr.js@https://registry.npmjs.org/ipaddr.js/-/ipaddr.js-1.9.1.tgz. Extracting by manifest.
372 silly tarball no local data for forwarded@https://registry.npmjs.org/forwarded/-/forwarded-0.2.0.tgz. Extracting by manifest.
373 silly tarball no local data for side-channel@https://registry.npmjs.org/side-channel/-/side-channel-1.0.6.tgz. Extracting by manifest.
374 silly tarball no local data for ee-first@https://registry.npmjs.org/ee-first/-/ee-first-1.1.1.tgz. Extracting by manifest.
375 silly tarball no local data for mime-db@https://registry.npmjs.org/mime-db/-/mime-db-1.52.0.tgz. Extracting by manifest.
376 silly tarball no local data for safer-buffer@https://registry.npmjs.org/safer-buffer/-/safer-buffer-2.1.2.tgz. Extracting by manifest.
377 silly tarball no local data for toidentifier@https://registry.npmjs.org/toidentifier/-/toidentifier-1.0.1.tgz. Extracting by manifest.
378 silly tarball no local data for inherits@https://registry.npmjs.org/inherits/-/inherits-2.0.4.tgz. Extracting by manifest.
379 silly tarball no local data for unpipe@https://registry.npmjs.org/unpipe/-/unpipe-1.0.0.tgz. Extracting by manifest.
380 silly tarball no local data for raw-body@https://registry.npmjs.org/raw-body/-/raw-body-2.5.2.tgz. Extracting by manifest.
381 silly tarball no local data for ms@https://registry.npmjs.org/ms/-/ms-2.0.0.tgz. Extracting by manifest.
382 silly tarball no local data for iconv-lite@https://registry.npmjs.org/iconv-lite/-/iconv-lite-0.4.24.tgz. Extracting by manifest.
383 silly tarball no local data for destroy@https://registry.npmjs.org/destroy/-/destroy-1.2.0.tgz. Extracting by manifest.
384 silly tarball no local data for negotiator@https://registry.npmjs.org/negotiator/-/negotiator-0.6.3.tgz. Extracting by manifest.
385 silly tarball no local data for bytes@https://registry.npmjs.org/bytes/-/bytes-3.1.2.tgz. Extracting by manifest.
386 silly tarball no local data for mime-types@https://registry.npmjs.org/mime-types/-/mime-types-2.1.35.tgz. Extracting by manifest.
387 silly tarball no local data for vary@https://registry.npmjs.org/vary/-/vary-1.1.2.tgz. Extracting by manifest.
388 silly tarball no local data for type-is@https://registry.npmjs.org/type-is/-/type-is-1.6.18.tgz. Extracting by manifest.
389 silly tarball no local data for utils-merge@https://registry.npmjs.org/utils-merge/-/utils-merge-1.0.1.tgz. Extracting by manifest.
390 silly tarball no local data for statuses@https://registry.npmjs.org/statuses/-/statuses-2.0.1.tgz. Extracting by manifest.
391 silly tarball no local data for setprototypeof@https://registry.npmjs.org/setprototypeof/-/setprototypeof-1.2.0.tgz. Extracting by manifest.
392 silly tarball no local data for send@https://registry.npmjs.org/send/-/send-0.19.0.tgz. Extracting by manifest.
393 silly tarball no local data for safe-buffer@https://registry.npmjs.org/safe-buffer/-/safe-buffer-5.2.1.tgz. Extracting by manifest.
394 silly tarball no local data for serve-static@https://registry.npmjs.org/serve-static/-/serve-static-1.16.2.tgz. Extracting by manifest.
395 silly tarball no local data for range-parser@https://registry.npmjs.org/range-parser/-/range-parser-1.2.1.tgz. Extracting by manifest.
396 silly tarball no local data for qs@https://registry.npmjs.org/qs/-/qs-6.13.0.tgz. Extracting by manifest.
397 silly tarball no local data for path-to-regexp@https://registry.npmjs.org/path-to-regexp/-/path-to-regexp-0.1.10.tgz. Extracting by manifest.
398 silly tarball no local data for proxy-addr@https://registry.npmjs.org/proxy-addr/-/proxy-addr-2.0.7.tgz. Extracting by manifest.
399 silly tarball no local data for parseurl@https://registry.npmjs.org/parseurl/-/parseurl-1.3.3.tgz. Extracting by manifest.
400 silly tarball no local data for on-finished@https://registry.npmjs.org/on-finished/-/on-finished-2.4.1.tgz. Extracting by manifest.
401 silly tarball no local data for merge-descriptors@https://registry.npmjs.org/merge-descriptors/-/merge-descriptors-1.0.3.tgz. Extracting by manifest.
402 silly tarball no local data for http-errors@https://registry.npmjs.org/http-errors/-/http-errors-2.0.0.tgz. Extracting by manifest.
403 silly tarball no local data for methods@https://registry.npmjs.org/methods/-/methods-1.1.2.tgz. Extracting by manifest.
404 silly tarball no local data for fresh@https://registry.npmjs.org/fresh/-/fresh-0.5.2.tgz. Extracting by manifest.
405 silly tarball no local data for finalhandler@https://registry.npmjs.org/finalhandler/-/finalhandler-1.3.1.tgz. Extracting by manifest.
406 silly tarball no local data for escape-html@https://registry.npmjs.org/escape-html/-/escape-html-1.0.3.tgz. Extracting by manifest.
407 silly tarball no local data for etag@https://registry.npmjs.org/etag/-/etag-1.8.1.tgz. Extracting by manifest.
408 silly tarball no local data for encodeurl@https://registry.npmjs.org/encodeurl/-/encodeurl-2.0.0.tgz. Extracting by manifest.
409 silly tarball no local data for depd@https://registry.npmjs.org/depd/-/depd-2.0.0.tgz. Extracting by manifest.
410 silly tarball no local data for cookie-signature@https://registry.npmjs.org/cookie-signature/-/cookie-signature-1.0.6.tgz. Extracting by manifest.
411 silly tarball no local data for cookie@https://registry.npmjs.org/cookie/-/cookie-0.7.1.tgz. Extracting by manifest.
412 silly tarball no local data for debug@https://registry.npmjs.org/debug/-/debug-2.6.9.tgz. Extracting by manifest.
413 silly tarball no local data for content-type@https://registry.npmjs.org/content-type/-/content-type-1.0.5.tgz. Extracting by manifest.
414 silly tarball no local data for content-disposition@https://registry.npmjs.org/content-disposition/-/content-disposition-0.5.4.tgz. Extracting by manifest.
415 silly tarball no local data for body-parser@https://registry.npmjs.org/body-parser/-/body-parser-1.20.3.tgz. Extracting by manifest.
416 silly tarball no local data for array-flatten@https://registry.npmjs.org/array-flatten/-/array-flatten-1.1.1.tgz. Extracting by manifest.
417 silly tarball no local data for accepts@https://registry.npmjs.org/accepts/-/accepts-1.3.8.tgz. Extracting by manifest.
418 silly tarball no local data for ms@https://registry.npmjs.org/ms/-/ms-2.1.3.tgz. Extracting by manifest.
419 silly tarball no local data for express@https://registry.npmjs.org/express/-/express-4.21.1.tgz. Extracting by manifest.
420 silly tarball no local data for encodeurl@https://registry.npmjs.org/encodeurl/-/encodeurl-1.0.2.tgz. Extracting by manifest.
421 http fetch GET 200 https://registry.npmjs.org/gopd/-/gopd-1.0.1.tgz 179ms (cache miss)
422 http fetch GET 200 https://registry.npmjs.org/define-data-property/-/define-data-property-1.1.4.tgz 192ms (cache miss)
423 http fetch GET 200 https://registry.npmjs.org/media-typer/-/media-typer-0.3.0.tgz 194ms (cache miss)
424 http fetch GET 200 https://registry.npmjs.org/has-symbols/-/has-symbols-1.0.3.tgz 226ms (cache miss)
425 http fetch GET 200 https://registry.npmjs.org/has-proto/-/has-proto-1.0.3.tgz 239ms (cache miss)
426 http fetch GET 200 https://registry.npmjs.org/has-property-descriptors/-/has-property-descriptors-1.0.2.tgz 244ms (cache miss)
427 http fetch GET 200 https://registry.npmjs.org/set-function-length/-/set-function-length-1.2.2.tgz 243ms (cache miss)
428 http fetch GET 200 https://registry.npmjs.org/ipaddr.js/-/ipaddr.js-1.9.1.tgz 242ms (cache miss)
429 http fetch GET 200 https://registry.npmjs.org/forwarded/-/forwarded-0.2.0.tgz 248ms (cache miss)
430 http fetch GET 200 https://registry.npmjs.org/side-channel/-/side-channel-1.0.6.tgz 247ms (cache miss)
431 http fetch GET 200 https://registry.npmjs.org/ee-first/-/ee-first-1.1.1.tgz 326ms (cache miss)
432 http fetch GET 200 https://registry.npmjs.org/inherits/-/inherits-2.0.4.tgz 373ms (cache miss)
433 http fetch GET 200 https://registry.npmjs.org/safer-buffer/-/safer-buffer-2.1.2.tgz 373ms (cache miss)
434 http fetch GET 200 https://registry.npmjs.org/unpipe/-/unpipe-1.0.0.tgz 378ms (cache miss)
435 http fetch GET 200 https://registry.npmjs.org/destroy/-/destroy-1.2.0.tgz 381ms (cache miss)
436 http fetch GET 200 https://registry.npmjs.org/raw-body/-/raw-body-2.5.2.tgz 393ms (cache miss)
437 http fetch GET 200 https://registry.npmjs.org/hasown/-/hasown-2.0.2.tgz 401ms (cache miss)
438 http fetch GET 200 https://registry.npmjs.org/es-define-property/-/es-define-property-1.0.0.tgz 403ms (cache miss)
439 http fetch GET 200 https://registry.npmjs.org/setprototypeof/-/setprototypeof-1.2.0.tgz 394ms (cache miss)
440 http fetch GET 200 https://registry.npmjs.org/ms/-/ms-2.0.0.tgz 400ms (cache miss)
441 http fetch GET 200 https://registry.npmjs.org/mime-types/-/mime-types-2.1.35.tgz 398ms (cache miss)
442 http fetch GET 200 https://registry.npmjs.org/toidentifier/-/toidentifier-1.0.1.tgz 402ms (cache miss)
443 http fetch GET 200 https://registry.npmjs.org/bytes/-/bytes-3.1.2.tgz 403ms (cache miss)
444 http fetch GET 200 https://registry.npmjs.org/utils-merge/-/utils-merge-1.0.1.tgz 402ms (cache miss)
445 http fetch GET 200 https://registry.npmjs.org/range-parser/-/range-parser-1.2.1.tgz 402ms (cache miss)
446 http fetch GET 200 https://registry.npmjs.org/type-is/-/type-is-1.6.18.tgz 404ms (cache miss)
447 http fetch GET 200 https://registry.npmjs.org/proxy-addr/-/proxy-addr-2.0.7.tgz 402ms (cache miss)
448 http fetch GET 200 https://registry.npmjs.org/es-errors/-/es-errors-1.3.0.tgz 415ms (cache miss)
449 http fetch GET 200 https://registry.npmjs.org/vary/-/vary-1.1.2.tgz 411ms (cache miss)
450 http fetch GET 200 https://registry.npmjs.org/mime-db/-/mime-db-1.52.0.tgz 416ms (cache miss)
451 http fetch GET 200 https://registry.npmjs.org/statuses/-/statuses-2.0.1.tgz 410ms (cache miss)
452 http fetch GET 200 https://registry.npmjs.org/encodeurl/-/encodeurl-2.0.0.tgz 407ms (cache miss)
453 http fetch GET 200 https://registry.npmjs.org/on-finished/-/on-finished-2.4.1.tgz 411ms (cache miss)
454 http fetch GET 200 https://registry.npmjs.org/negotiator/-/negotiator-0.6.3.tgz 419ms (cache miss)
455 http fetch GET 200 https://registry.npmjs.org/parseurl/-/parseurl-1.3.3.tgz 414ms (cache miss)
456 http fetch GET 200 https://registry.npmjs.org/path-to-regexp/-/path-to-regexp-0.1.10.tgz 416ms (cache miss)
457 http fetch GET 200 https://registry.npmjs.org/merge-descriptors/-/merge-descriptors-1.0.3.tgz 415ms (cache miss)
458 http fetch GET 200 https://registry.npmjs.org/http-errors/-/http-errors-2.0.0.tgz 417ms (cache miss)
459 http fetch GET 200 https://registry.npmjs.org/fresh/-/fresh-0.5.2.tgz 417ms (cache miss)
460 http fetch GET 200 https://registry.npmjs.org/methods/-/methods-1.1.2.tgz 417ms (cache miss)
461 http fetch GET 200 https://registry.npmjs.org/call-bind/-/call-bind-1.0.7.tgz 432ms (cache miss)
462 http fetch GET 200 https://registry.npmjs.org/safe-buffer/-/safe-buffer-5.2.1.tgz 423ms (cache miss)
463 http fetch GET 200 https://registry.npmjs.org/cookie/-/cookie-0.7.1.tgz 419ms (cache miss)
464 http fetch GET 200 https://registry.npmjs.org/cookie-signature/-/cookie-signature-1.0.6.tgz 420ms (cache miss)
465 http fetch GET 200 https://registry.npmjs.org/ms/-/ms-2.1.3.tgz 418ms (cache miss)
466 http fetch GET 200 https://registry.npmjs.org/escape-html/-/escape-html-1.0.3.tgz 423ms (cache miss)
467 http fetch GET 200 https://registry.npmjs.org/finalhandler/-/finalhandler-1.3.1.tgz 424ms (cache miss)
468 http fetch GET 200 https://registry.npmjs.org/etag/-/etag-1.8.1.tgz 423ms (cache miss)
469 http fetch GET 200 https://registry.npmjs.org/content-disposition/-/content-disposition-0.5.4.tgz 424ms (cache miss)
470 http fetch GET 200 https://registry.npmjs.org/array-flatten/-/array-flatten-1.1.1.tgz 423ms (cache miss)
471 http fetch GET 200 https://registry.npmjs.org/serve-static/-/serve-static-1.16.2.tgz 432ms (cache miss)
472 http fetch GET 200 https://registry.npmjs.org/content-type/-/content-type-1.0.5.tgz 427ms (cache miss)
473 http fetch GET 200 https://registry.npmjs.org/accepts/-/accepts-1.3.8.tgz 427ms (cache miss)
474 http fetch GET 200 https://registry.npmjs.org/depd/-/depd-2.0.0.tgz 430ms (cache miss)
475 http fetch GET 200 https://registry.npmjs.org/get-intrinsic/-/get-intrinsic-1.2.4.tgz 447ms (cache miss)
476 http fetch GET 200 https://registry.npmjs.org/send/-/send-0.19.0.tgz 436ms (cache miss)
477 http fetch GET 200 https://registry.npmjs.org/encodeurl/-/encodeurl-1.0.2.tgz 429ms (cache miss)
478 http fetch GET 200 https://registry.npmjs.org/mime/-/mime-1.6.0.tgz 446ms (cache miss)
479 http fetch GET 200 https://registry.npmjs.org/function-bind/-/function-bind-1.1.2.tgz 450ms (cache miss)
480 http fetch GET 200 https://registry.npmjs.org/body-parser/-/body-parser-1.20.3.tgz 433ms (cache miss)
481 http fetch GET 200 https://registry.npmjs.org/debug/-/debug-2.6.9.tgz 446ms (cache miss)
482 http fetch GET 200 https://registry.npmjs.org/qs/-/qs-6.13.0.tgz 458ms (cache miss)
483 http fetch GET 200 https://registry.npmjs.org/object-inspect/-/object-inspect-1.13.3.tgz 472ms (cache miss)
484 http fetch GET 200 https://registry.npmjs.org/express/-/express-4.21.1.tgz 460ms (cache miss)
485 http fetch GET 200 https://registry.npmjs.org/iconv-lite/-/iconv-lite-0.4.24.tgz 478ms (cache miss)
486 silly ADD node_modules/media-typer
487 silly ADD node_modules/has-property-descriptors
488 silly ADD node_modules/gopd
489 silly ADD node_modules/define-data-property
490 silly ADD node_modules/hasown
491 silly ADD node_modules/has-symbols
492 silly ADD node_modules/has-proto
493 silly ADD node_modules/set-function-length
494 silly ADD node_modules/function-bind
495 silly ADD node_modules/es-define-property
496 silly ADD node_modules/object-inspect
497 silly ADD node_modules/get-intrinsic
498 silly ADD node_modules/es-errors
499 silly ADD node_modules/call-bind
500 silly ADD node_modules/mime
501 silly ADD node_modules/side-channel
502 silly ADD node_modules/ipaddr.js
503 silly ADD node_modules/forwarded
504 silly ADD node_modules/ee-first
505 silly ADD node_modules/mime-db
506 silly ADD node_modules/safer-buffer
507 silly ADD node_modules/toidentifier
508 silly ADD node_modules/inherits
509 silly ADD node_modules/ms
510 silly ADD node_modules/unpipe
511 silly ADD node_modules/raw-body
512 silly ADD node_modules/iconv-lite
513 silly ADD node_modules/destroy
514 silly ADD node_modules/bytes
515 silly ADD node_modules/negotiator
516 silly ADD node_modules/mime-types
517 silly ADD node_modules/vary
518 silly ADD node_modules/utils-merge
519 silly ADD node_modules/type-is
520 silly ADD node_modules/statuses
521 silly ADD node_modules/setprototypeof
522 silly ADD node_modules/serve-static
523 silly ADD node_modules/send
524 silly ADD node_modules/send/node_modules/ms
525 silly ADD node_modules/send/node_modules/encodeurl
526 silly ADD node_modules/safe-buffer
527 silly ADD node_modules/range-parser
528 silly ADD node_modules/qs
529 silly ADD node_modules/proxy-addr
530 silly ADD node_modules/path-to-regexp
531 silly ADD node_modules/parseurl
532 silly ADD node_modules/on-finished
533 silly ADD node_modules/methods
534 silly ADD node_modules/merge-descriptors
535 silly ADD node_modules/http-errors
536 silly ADD node_modules/fresh
537 silly ADD node_modules/finalhandler
538 silly ADD node_modules/etag
539 silly ADD node_modules/escape-html
540 silly ADD node_modules/encodeurl
541 silly ADD node_modules/depd
542 silly ADD node_modules/debug
543 silly ADD node_modules/cookie-signature
544 silly ADD node_modules/cookie
545 silly ADD node_modules/content-type
546 silly ADD node_modules/content-disposition
547 silly ADD node_modules/body-parser
548 silly ADD node_modules/array-flatten
549 silly ADD node_modules/accepts
550 silly ADD node_modules/express
551 verbose cwd /home/app/monannonce
552 verbose os Linux 5.15.0-125-generic
553 verbose node v22.11.0
554 verbose npm  v10.9.0
555 verbose exit 0
556 info ok
