0 verbose cli /usr/local/bin/node /usr/local/bin/npm
1 info using npm@10.9.0
2 info using node@v22.11.0
3 silly config load:file:/usr/local/lib/node_modules/npm/npmrc
4 silly config load:file:/home/app/monannonce/.npmrc
5 silly config load:file:/home/app/.npmrc
6 silly config load:file:/usr/local/etc/npmrc
7 verbose title npm i Sequelize
8 verbose argv "i" "Sequelize"
9 verbose logfile logs-max:10 dir:/home/app/.npm/_logs/2024-11-19T14_46_01_115Z-
10 verbose logfile /home/app/.npm/_logs/2024-11-19T14_46_01_115Z-debug-0.log
11 silly logfile done cleaning log files
12 silly packumentCache heap:4345298944 maxSize:1086324736 maxEntrySize:543162368
13 silly idealTree buildDeps
14 silly fetch manifest Sequelize@*
15 silly packumentCache full:https://registry.npmjs.org/Sequelize cache-miss
16 http fetch GET 404 https://registry.npmjs.org/Sequelize 948ms (cache skip)
17 silly placeDep ROOT Sequelize@ OK for:  want: *
18 verbose stack HttpErrorGeneral: 404 Not Found - GET https://registry.npmjs.org/Sequelize - Not found
18 verbose stack     at /usr/local/lib/node_modules/npm/node_modules/npm-registry-fetch/lib/check-response.js:95:15
18 verbose stack     at process.processTicksAndRejections (node:internal/process/task_queues:105:5)
18 verbose stack     at async RegistryFetcher.packument (/usr/local/lib/node_modules/npm/node_modules/pacote/lib/registry.js:90:19)
18 verbose stack     at async RegistryFetcher.manifest (/usr/local/lib/node_modules/npm/node_modules/pacote/lib/registry.js:128:23)
18 verbose stack     at async #fetchManifest (/usr/local/lib/node_modules/npm/node_modules/@npmcli/arborist/lib/arborist/build-ideal-tree.js:1202:20)
18 verbose stack     at async #nodeFromEdge (/usr/local/lib/node_modules/npm/node_modules/@npmcli/arborist/lib/arborist/build-ideal-tree.js:1040:19)
18 verbose stack     at async #buildDepStep (/usr/local/lib/node_modules/npm/node_modules/@npmcli/arborist/lib/arborist/build-ideal-tree.js:904:11)
18 verbose stack     at async Arborist.buildIdealTree (/usr/local/lib/node_modules/npm/node_modules/@npmcli/arborist/lib/arborist/build-ideal-tree.js:181:7)
18 verbose stack     at async Promise.all (index 1)
18 verbose stack     at async Arborist.reify (/usr/local/lib/node_modules/npm/node_modules/@npmcli/arborist/lib/arborist/reify.js:131:5)
19 verbose statusCode 404
20 verbose pkgid Sequelize@*
21 error code E404
22 error 404 Not Found - GET https://registry.npmjs.org/Sequelize - Not found
23 error 404
24 error 404  'Sequelize@*' is not in this registry.
25 error 404 This package name is not valid, because 
26 error 404  1. name can no longer contain capital letters
27 error 404
28 error 404 Note that you can also install from a
29 error 404 tarball, folder, http url, or git url.
30 silly unfinished npm timer reify 1732027561473
31 silly unfinished npm timer reify:loadTrees 1732027561473
32 verbose cwd /home/app/monannonce
33 verbose os Linux 5.15.0-125-generic
34 verbose node v22.11.0
35 verbose npm  v10.9.0
36 verbose exit 1
37 verbose code 1
38 error A complete log of this run can be found in: /home/app/.npm/_logs/2024-11-19T14_46_01_115Z-debug-0.log
