0 verbose cli /usr/local/bin/node /usr/local/bin/npm
1 info using npm@10.9.0
2 info using node@v22.11.0
3 silly config load:file:/usr/local/lib/node_modules/npm/npmrc
4 silly config load:file:/home/app/monannonce/.npmrc
5 silly config load:file:/home/app/.npmrc
6 silly config load:file:/usr/local/etc/npmrc
7 verbose title npm i
8 verbose argv "i"
9 verbose logfile logs-max:10 dir:/home/app/.npm/_logs/2024-11-20T13_14_20_550Z-
10 verbose logfile /home/app/.npm/_logs/2024-11-20T13_14_20_550Z-debug-0.log
11 silly logfile start cleaning logs, removing 1 files
12 silly packumentCache heap:2197815296 maxSize:549453824 maxEntrySize:274726912
13 silly logfile done cleaning log files
14 silly idealTree buildDeps
15 verbose shrinkwrap failed to load node_modules/.package-lock.json out of date, updated: node_modules
16 silly reify moves {}
17 silly audit bulk request {
17 silly audit   '@mongodb-js/saslprep': [ '1.1.9' ],
17 silly audit   '@types/debug': [ '4.1.12' ],
17 silly audit   '@types/ms': [ '0.7.34' ],
17 silly audit   '@types/node': [ '22.9.0' ],
17 silly audit   '@types/validator': [ '13.12.2' ],
17 silly audit   '@types/webidl-conversions': [ '7.0.3' ],
17 silly audit   '@types/whatwg-url': [ '11.0.5' ],
17 silly audit   accepts: [ '1.3.8' ],
17 silly audit   'array-flatten': [ '1.1.1' ],
17 silly audit   'body-parser': [ '1.20.3' ],
17 silly audit   bson: [ '6.10.0' ],
17 silly audit   bytes: [ '3.1.2' ],
17 silly audit   'call-bind': [ '1.0.7' ],
17 silly audit   'content-disposition': [ '0.5.4' ],
17 silly audit   'content-type': [ '1.0.5' ],
17 silly audit   cookie: [ '0.7.1' ],
17 silly audit   'cookie-signature': [ '1.0.6' ],
17 silly audit   debug: [ '2.6.9', '4.3.7' ],
17 silly audit   'define-data-property': [ '1.1.4' ],
17 silly audit   depd: [ '2.0.0' ],
17 silly audit   destroy: [ '1.2.0' ],
17 silly audit   dottie: [ '2.0.6' ],
17 silly audit   'ee-first': [ '1.1.1' ],
17 silly audit   encodeurl: [ '2.0.0', '1.0.2' ],
17 silly audit   'es-define-property': [ '1.0.0' ],
17 silly audit   'es-errors': [ '1.3.0' ],
17 silly audit   'escape-html': [ '1.0.3' ],
17 silly audit   etag: [ '1.8.1' ],
17 silly audit   express: [ '4.21.1' ],
17 silly audit   'express-validator': [ '7.2.0' ],
17 silly audit   finalhandler: [ '1.3.1' ],
17 silly audit   forwarded: [ '0.2.0' ],
17 silly audit   fresh: [ '0.5.2' ],
17 silly audit   'function-bind': [ '1.1.2' ],
17 silly audit   'get-intrinsic': [ '1.2.4' ],
17 silly audit   gopd: [ '1.0.1' ],
17 silly audit   'has-property-descriptors': [ '1.0.2' ],
17 silly audit   'has-proto': [ '1.0.3' ],
17 silly audit   'has-symbols': [ '1.0.3' ],
17 silly audit   hasown: [ '2.0.2' ],
17 silly audit   'http-errors': [ '2.0.0' ],
17 silly audit   'iconv-lite': [ '0.4.24' ],
17 silly audit   inflection: [ '1.13.4' ],
17 silly audit   inherits: [ '2.0.4' ],
17 silly audit   'ipaddr.js': [ '1.9.1' ],
17 silly audit   kareem: [ '2.6.3' ],
17 silly audit   lodash: [ '4.17.21' ],
17 silly audit   'media-typer': [ '0.3.0' ],
17 silly audit   'memory-pager': [ '1.5.0' ],
17 silly audit   'merge-descriptors': [ '1.0.3' ],
17 silly audit   methods: [ '1.1.2' ],
17 silly audit   mime: [ '1.6.0' ],
17 silly audit   'mime-db': [ '1.52.0' ],
17 silly audit   'mime-types': [ '2.1.35' ],
17 silly audit   moment: [ '2.30.1' ],
17 silly audit   'moment-timezone': [ '0.5.46' ],
17 silly audit   mongodb: [ '6.10.0' ],
17 silly audit   'mongodb-connection-string-url': [ '3.0.1' ],
17 silly audit   mongoose: [ '8.8.2' ],
17 silly audit   ms: [ '2.1.3', '2.0.0' ],
17 silly audit   mpath: [ '0.9.0' ],
17 silly audit   mquery: [ '5.0.0' ],
17 silly audit   negotiator: [ '0.6.3' ],
17 silly audit   'object-inspect': [ '1.13.3' ],
17 silly audit   'on-finished': [ '2.4.1' ],
17 silly audit   parseurl: [ '1.3.3' ],
17 silly audit   'path-to-regexp': [ '0.1.10' ],
17 silly audit   'pg-connection-string': [ '2.7.0' ],
17 silly audit   'proxy-addr': [ '2.0.7' ],
17 silly audit   punycode: [ '2.3.1' ],
17 silly audit   qs: [ '6.13.0' ],
17 silly audit   'range-parser': [ '1.2.1' ],
17 silly audit   'raw-body': [ '2.5.2' ],
17 silly audit   'retry-as-promised': [ '7.0.4' ],
17 silly audit   'safe-buffer': [ '5.2.1' ],
17 silly audit   'safer-buffer': [ '2.1.2' ],
17 silly audit   semver: [ '7.6.3' ],
17 silly audit   send: [ '0.19.0' ],
17 silly audit   sequelize: [ '6.37.5' ],
17 silly audit   'sequelize-pool': [ '7.1.0' ],
17 silly audit   'serve-static': [ '1.16.2' ],
17 silly audit   'set-function-length': [ '1.2.2' ],
17 silly audit   setprototypeof: [ '1.2.0' ],
17 silly audit   'side-channel': [ '1.0.6' ],
17 silly audit   sift: [ '17.1.3' ],
17 silly audit   'sparse-bitfield': [ '3.0.3' ],
17 silly audit   statuses: [ '2.0.1' ],
17 silly audit   toidentifier: [ '1.0.1' ],
17 silly audit   'toposort-class': [ '1.0.1' ],
17 silly audit   tr46: [ '4.1.1' ],
17 silly audit   'type-is': [ '1.6.18' ],
17 silly audit   'undici-types': [ '6.19.8' ],
17 silly audit   unpipe: [ '1.0.0' ],
17 silly audit   'utils-merge': [ '1.0.1' ],
17 silly audit   uuid: [ '8.3.2' ],
17 silly audit   validator: [ '13.12.0' ],
17 silly audit   vary: [ '1.1.2' ],
17 silly audit   'webidl-conversions': [ '7.0.0' ],
17 silly audit   'whatwg-url': [ '13.0.0' ],
17 silly audit   wkx: [ '0.5.0' ]
17 silly audit }
18 http fetch POST 200 https://registry.npmjs.org/-/npm/v1/security/advisories/bulk 439ms
19 silly audit report {}
20 verbose cwd /home/app/monannonce
21 verbose os Linux 5.15.167.4-microsoft-standard-WSL2
22 verbose node v22.11.0
23 verbose npm  v10.9.0
24 verbose exit 0
25 info ok
