0 verbose cli /usr/local/bin/node /usr/local/bin/npm
1 info using npm@10.9.0
2 info using node@v22.11.0
3 silly config load:file:/usr/local/lib/node_modules/npm/npmrc
4 silly config load:file:/home/app/monannonce/.npmrc
5 silly config load:file:/home/app/.npmrc
6 silly config load:file:/usr/local/etc/npmrc
7 verbose title npm i jsonwebtoken
8 verbose argv "i" "jsonwebtoken"
9 verbose logfile logs-max:10 dir:/home/app/.npm/_logs/2024-11-21T14_35_36_858Z-
10 verbose logfile /home/app/.npm/_logs/2024-11-21T14_35_36_858Z-debug-0.log
11 silly logfile start cleaning logs, removing 1 files
12 silly packumentCache heap:4345298944 maxSize:1086324736 maxEntrySize:543162368
13 silly logfile done cleaning log files
14 silly idealTree buildDeps
15 silly fetch manifest jsonwebtoken@*
16 silly packumentCache full:https://registry.npmjs.org/jsonwebtoken cache-miss
17 http fetch GET 200 https://registry.npmjs.org/jsonwebtoken 276ms (cache miss)
18 silly packumentCache full:https://registry.npmjs.org/jsonwebtoken set size:undefined disposed:false
19 silly placeDep ROOT jsonwebtoken@9.0.2 OK for: monannonce@1.0.0 want: *
20 silly fetch manifest jws@^3.2.2
21 silly packumentCache full:https://registry.npmjs.org/jws cache-miss
22 silly fetch manifest lodash.includes@^4.3.0
23 silly packumentCache full:https://registry.npmjs.org/lodash.includes cache-miss
24 silly fetch manifest lodash.isboolean@^3.0.3
25 silly packumentCache full:https://registry.npmjs.org/lodash.isboolean cache-miss
26 silly fetch manifest lodash.isinteger@^4.0.4
27 silly packumentCache full:https://registry.npmjs.org/lodash.isinteger cache-miss
28 silly fetch manifest lodash.isnumber@^3.0.3
29 silly packumentCache full:https://registry.npmjs.org/lodash.isnumber cache-miss
30 silly fetch manifest lodash.isplainobject@^4.0.6
31 silly packumentCache full:https://registry.npmjs.org/lodash.isplainobject cache-miss
32 silly fetch manifest lodash.isstring@^4.0.1
33 silly packumentCache full:https://registry.npmjs.org/lodash.isstring cache-miss
34 http fetch GET 200 https://registry.npmjs.org/jws 89ms (cache miss)
35 silly packumentCache full:https://registry.npmjs.org/jws set size:undefined disposed:false
36 silly fetch manifest lodash.once@^4.0.0
37 silly packumentCache full:https://registry.npmjs.org/lodash.once cache-miss
38 http fetch GET 200 https://registry.npmjs.org/lodash.isnumber 121ms (cache miss)
39 silly packumentCache full:https://registry.npmjs.org/lodash.isnumber set size:undefined disposed:false
40 silly fetch manifest ms@^2.1.1
41 silly packumentCache full:https://registry.npmjs.org/ms cache-miss
42 http fetch GET 200 https://registry.npmjs.org/lodash.includes 123ms (cache miss)
43 silly packumentCache full:https://registry.npmjs.org/lodash.includes set size:undefined disposed:false
44 http fetch GET 200 https://registry.npmjs.org/ms 7ms (cache hit)
45 silly packumentCache full:https://registry.npmjs.org/ms set size:84885 disposed:false
46 http fetch GET 200 https://registry.npmjs.org/lodash.once 45ms (cache miss)
47 silly packumentCache full:https://registry.npmjs.org/lodash.once set size:undefined disposed:false
48 http fetch GET 200 https://registry.npmjs.org/lodash.isboolean 136ms (cache miss)
49 silly packumentCache full:https://registry.npmjs.org/lodash.isboolean set size:undefined disposed:false
50 http fetch GET 200 https://registry.npmjs.org/lodash.isinteger 139ms (cache miss)
51 silly packumentCache full:https://registry.npmjs.org/lodash.isinteger set size:undefined disposed:false
52 http fetch GET 200 https://registry.npmjs.org/lodash.isstring 144ms (cache miss)
53 silly packumentCache full:https://registry.npmjs.org/lodash.isstring set size:undefined disposed:false
54 http fetch GET 200 https://registry.npmjs.org/lodash.isplainobject 149ms (cache miss)
55 silly packumentCache full:https://registry.npmjs.org/lodash.isplainobject set size:undefined disposed:false
56 silly placeDep ROOT jws@3.2.2 OK for: jsonwebtoken@9.0.2 want: ^3.2.2
57 silly placeDep ROOT lodash.includes@4.3.0 OK for: jsonwebtoken@9.0.2 want: ^4.3.0
58 silly placeDep ROOT lodash.isboolean@3.0.3 OK for: jsonwebtoken@9.0.2 want: ^3.0.3
59 silly placeDep ROOT lodash.isinteger@4.0.4 OK for: jsonwebtoken@9.0.2 want: ^4.0.4
60 silly placeDep ROOT lodash.isnumber@3.0.3 OK for: jsonwebtoken@9.0.2 want: ^3.0.3
61 silly placeDep ROOT lodash.isplainobject@4.0.6 OK for: jsonwebtoken@9.0.2 want: ^4.0.6
62 silly placeDep ROOT lodash.isstring@4.0.1 OK for: jsonwebtoken@9.0.2 want: ^4.0.1
63 silly placeDep ROOT lodash.once@4.1.1 OK for: jsonwebtoken@9.0.2 want: ^4.0.0
64 silly placeDep node_modules/jsonwebtoken ms@2.1.3 OK for: jsonwebtoken@9.0.2 want: ^2.1.1
65 silly fetch manifest jwa@^1.4.1
66 silly packumentCache full:https://registry.npmjs.org/jwa cache-miss
67 http fetch GET 200 https://registry.npmjs.org/jwa 78ms (cache miss)
68 silly packumentCache full:https://registry.npmjs.org/jwa set size:undefined disposed:false
69 silly placeDep ROOT jwa@1.4.1 OK for: jws@3.2.2 want: ^1.4.1
70 silly fetch manifest buffer-equal-constant-time@1.0.1
71 silly packumentCache full:https://registry.npmjs.org/buffer-equal-constant-time cache-miss
72 silly fetch manifest ecdsa-sig-formatter@1.0.11
73 silly packumentCache full:https://registry.npmjs.org/ecdsa-sig-formatter cache-miss
74 http fetch GET 200 https://registry.npmjs.org/buffer-equal-constant-time 63ms (cache miss)
75 silly packumentCache full:https://registry.npmjs.org/buffer-equal-constant-time set size:undefined disposed:false
76 http fetch GET 200 https://registry.npmjs.org/ecdsa-sig-formatter 65ms (cache miss)
77 silly packumentCache full:https://registry.npmjs.org/ecdsa-sig-formatter set size:undefined disposed:false
78 silly placeDep ROOT buffer-equal-constant-time@1.0.1 OK for: jwa@1.4.1 want: 1.0.1
79 silly placeDep ROOT ecdsa-sig-formatter@1.0.11 OK for: jwa@1.4.1 want: 1.0.11
80 silly reify moves {}
81 silly audit bulk request {
81 silly audit   '@isaacs/cliui': [ '8.0.2' ],
81 silly audit   '@mapbox/node-pre-gyp': [ '1.0.11' ],
81 silly audit   abbrev: [ '1.1.1', '2.0.0', '1.1.0' ],
81 silly audit   nopt: [ '5.0.0', '7.2.1', '3.0.6', '4.0.1' ],
81 silly audit   '@mongodb-js/saslprep': [ '1.1.9' ],
81 silly audit   '@one-ini/wasm': [ '0.1.1' ],
81 silly audit   '@pkgjs/parseargs': [ '0.11.0' ],
81 silly audit   '@types/debug': [ '4.1.12' ],
81 silly audit   '@types/geojson': [ '7946.0.14' ],
81 silly audit   '@types/ms': [ '0.7.34' ],
81 silly audit   '@types/node': [ '22.9.0' ],
81 silly audit   '@types/validator': [ '13.12.2' ],
81 silly audit   '@types/webidl-conversions': [ '7.0.3' ],
81 silly audit   '@types/whatwg-url': [ '11.0.5' ],
81 silly audit   accepts: [ '1.3.8' ],
81 silly audit   'agent-base': [ '6.0.2', '4.1.0' ],
81 silly audit   debug: [ '4.3.7', '2.6.9', '2.6.8' ],
81 silly audit   ms: [ '2.1.3', '2.0.0' ],
81 silly audit   'ansi-regex': [ '6.1.0', '5.0.1', '3.0.0', '2.1.1' ],
81 silly audit   'ansi-styles': [ '6.2.1', '4.3.0', '3.2.1', '2.2.1' ],
81 silly audit   aproba: [ '2.0.0', '1.1.2' ],
81 silly audit   'are-we-there-yet': [ '2.0.0', '1.1.4' ],
81 silly audit   'array-flatten': [ '1.1.1' ],
81 silly audit   'at-least-node': [ '1.0.0' ],
81 silly audit   'balanced-match': [ '1.0.2', '1.0.0' ],
81 silly audit   bcrypt: [ '5.1.1' ],
81 silly audit   bluebird: [ '3.7.2', '3.5.0' ],
81 silly audit   'body-parser': [ '1.20.3' ],
81 silly audit   'brace-expansion': [ '2.0.1', '1.1.11', '1.1.8' ],
81 silly audit   bson: [ '6.10.0' ],
81 silly audit   bytes: [ '3.1.2' ],
81 silly audit   'call-bind': [ '1.0.7' ],
81 silly audit   chownr: [ '2.0.0', '1.0.1' ],
81 silly audit   'cli-color': [ '2.0.4' ],
81 silly audit   cliui: [ '7.0.4', '4.1.0' ],
81 silly audit   'emoji-regex': [ '8.0.0', '9.2.2' ],
81 silly audit   'string-width': [ '4.2.3', '5.1.2', '1.0.2', '2.1.0', '2.1.1' ],
81 silly audit   'strip-ansi': [ '6.0.1', '7.1.0', '3.0.1', '4.0.0' ],
81 silly audit   'wrap-ansi': [ '7.0.0', '8.1.0', '2.1.0' ],
81 silly audit   'color-convert': [ '2.0.1', '1.9.3' ],
81 silly audit   'color-name': [ '1.1.4', '1.1.3' ],
81 silly audit   'color-support': [ '1.1.3' ],
81 silly audit   commander: [ '10.0.1' ],
81 silly audit   'concat-map': [ '0.0.1' ],
81 silly audit   'config-chain': [ '1.1.13', '1.1.11' ],
81 silly audit   'console-control-strings': [ '1.1.0' ],
81 silly audit   'content-disposition': [ '0.5.4' ],
81 silly audit   'content-type': [ '1.0.5' ],
81 silly audit   cookie: [ '0.7.1' ],
81 silly audit   'cookie-signature': [ '1.0.6' ],
81 silly audit   'cross-spawn': [ '7.0.6', '5.1.0', '6.0.5' ],
81 silly audit   d: [ '1.0.2' ],
81 silly audit   daemon: [ '1.1.0' ],
81 silly audit   'define-data-property': [ '1.1.4' ],
81 silly audit   delegates: [ '1.0.0' ],
81 silly audit   denque: [ '2.1.0' ],
81 silly audit   depd: [ '2.0.0' ],
81 silly audit   destroy: [ '1.2.0' ],
81 silly audit   'detect-libc': [ '2.0.3' ],
81 silly audit   dotenv: [ '16.4.5', '5.0.1' ],
81 silly audit   dottie: [ '2.0.6' ],
81 silly audit   eastasianwidth: [ '0.2.0' ],
81 silly audit   editorconfig: [ '1.0.4' ],
81 silly audit   'ee-first': [ '1.1.1' ],
81 silly audit   encodeurl: [ '2.0.0', '1.0.2' ],
81 silly audit   'es-define-property': [ '1.0.0' ],
81 silly audit   'es-errors': [ '1.3.0' ],
81 silly audit   'es5-ext': [ '0.10.64' ],
81 silly audit   'es6-iterator': [ '2.0.3' ],
81 silly audit   'es6-symbol': [ '3.1.4' ],
81 silly audit   'es6-weak-map': [ '2.0.3' ],
81 silly audit   escalade: [ '3.2.0' ],
81 silly audit   'escape-html': [ '1.0.3' ],
81 silly audit   esniff: [ '2.0.1' ],
81 silly audit   etag: [ '1.8.1' ],
81 silly audit   'event-emitter': [ '0.3.5' ],
81 silly audit   express: [ '4.21.1' ],
81 silly audit   'express-validator': [ '7.2.0' ],
81 silly audit   ext: [ '1.7.0' ],
81 silly audit   finalhandler: [ '1.3.1' ],
81 silly audit   'foreground-child': [ '3.3.0' ],
81 silly audit   forwarded: [ '0.2.0' ],
81 silly audit   fresh: [ '0.5.2' ],
81 silly audit   'fs-extra': [ '9.1.0' ],
81 silly audit   'fs-minipass': [ '2.1.0' ],
81 silly audit   minipass: [ '3.3.6', '7.1.2', '5.0.0' ],
81 silly audit   'fs.realpath': [ '1.0.0' ],
81 silly audit   'function-bind': [ '1.1.2' ],
81 silly audit   gauge: [ '3.0.2', '2.7.4' ],
81 silly audit   'signal-exit': [ '3.0.7', '4.1.0', '3.0.2' ],
81 silly audit   'get-caller-file': [ '2.0.5', '1.0.3' ],
81 silly audit   'get-intrinsic': [ '1.2.4' ],
81 silly audit   glob: [ '10.4.5', '7.2.3', '7.1.6', '7.1.2' ],
81 silly audit   minimatch: [ '9.0.5', '9.0.1', '3.1.2', '3.0.4' ],
81 silly audit   gopd: [ '1.0.1' ],
81 silly audit   'graceful-fs': [ '4.2.11', '4.2.3', '4.1.11' ],
81 silly audit   'has-property-descriptors': [ '1.0.2' ],
81 silly audit   'has-proto': [ '1.0.3' ],
81 silly audit   'has-symbols': [ '1.0.3' ],
81 silly audit   'has-unicode': [ '2.0.1' ],
81 silly audit   hasown: [ '2.0.2' ],
81 silly audit   'http-errors': [ '2.0.0' ],
81 silly audit   'https-proxy-agent': [ '5.0.1', '2.0.0' ],
81 silly audit   'iconv-lite': [ '0.4.24', '0.6.3', '0.4.18' ],
81 silly audit   inflection: [ '1.13.4' ],
81 silly audit   inflight: [ '1.0.6' ],
81 silly audit   inherits: [ '2.0.4', '2.0.3' ],
81 silly audit   ini: [ '1.3.8', '1.3.5', '1.3.4' ],
81 silly audit   init: [ '0.1.2' ],
81 silly audit   'ipaddr.js': [ '1.9.1' ],
81 silly audit   'is-core-module': [ '2.15.1' ],
81 silly audit   'is-fullwidth-code-point': [ '3.0.0', '2.0.0', '1.0.0' ],
81 silly audit   'is-promise': [ '2.2.2' ],
81 silly audit   isexe: [ '2.0.0' ],
81 silly audit   jackspeak: [ '3.4.3' ],
81 silly audit   'js-beautify': [ '1.15.1' ],
81 silly audit   'js-cookie': [ '3.0.5' ],
81 silly audit   jsonfile: [ '6.1.0' ],
81 silly audit   kareem: [ '2.6.3' ],
81 silly audit   lodash: [ '4.17.21' ],
81 silly audit   'lru-cache': [ '10.4.3', '4.1.5', '4.1.1' ],
81 silly audit   'lru-queue': [ '0.1.0' ],
81 silly audit   'make-dir': [ '3.1.0', '1.3.0', '1.0.0' ],
81 silly audit   semver: [ '6.3.1', '7.6.3', '5.3.0', '5.7.1' ],
81 silly audit   mariadb: [ '3.4.0' ],
81 silly audit   'media-typer': [ '0.3.0' ],
81 silly audit   memoizee: [ '0.4.17' ],
81 silly audit   'memory-pager': [ '1.5.0' ],
81 silly audit   'merge-descriptors': [ '1.0.3' ],
81 silly audit   methods: [ '1.1.2' ],
81 silly audit   mime: [ '1.6.0' ],
81 silly audit   'mime-db': [ '1.52.0', '1.27.0' ],
81 silly audit   'mime-types': [ '2.1.35', '2.1.15' ],
81 silly audit   minizlib: [ '2.1.2' ],
81 silly audit   mkdirp: [ '1.0.4', '0.5.1' ],
81 silly audit   moment: [ '2.30.1' ],
81 silly audit   'moment-timezone': [ '0.5.46' ],
81 silly audit   mongodb: [ '6.10.0' ],
81 silly audit   'mongodb-connection-string-url': [ '3.0.1' ],
81 silly audit   mongoose: [ '8.8.2' ],
81 silly audit   mpath: [ '0.9.0' ],
81 silly audit   mquery: [ '5.0.0' ],
81 silly audit   negotiator: [ '0.6.3' ],
81 silly audit   'next-tick': [ '1.1.0' ],
81 silly audit   'node-addon-api': [ '5.1.0' ],
81 silly audit   'node-fetch': [ '2.7.0' ],
81 silly audit   tr46: [ '0.0.3', '4.1.1' ],
81 silly audit   'webidl-conversions': [ '3.0.1', '7.0.0' ],
81 silly audit   'whatwg-url': [ '5.0.0', '13.0.0' ],
81 silly audit   npmlog: [ '5.0.1', '4.1.2' ],
81 silly audit   npx: [ '10.2.2' ],
81 silly audit   'ansi-align': [ '2.0.0' ],
81 silly audit   boxen: [ '1.3.0', '1.1.0' ],
81 silly audit   builtins: [ '1.0.3' ],
81 silly audit   camelcase: [ '4.1.0' ],
81 silly audit   'capture-stack-trace': [ '1.0.1', '1.0.0' ],
81 silly audit   chalk: [ '2.4.2', '1.1.3' ],
81 silly audit   'cli-boxes': [ '1.0.0' ],
81 silly audit   'code-point-at': [ '1.1.0' ],
81 silly audit   configstore: [ '3.1.2', '3.1.0' ],
81 silly audit   'create-error-class': [ '3.0.2' ],
81 silly audit   'crypto-random-string': [ '1.0.0' ],
81 silly audit   'deep-extend': [ '0.6.0', '0.4.2' ],
81 silly audit   'dot-prop': [ '4.2.0', '4.1.1' ],
81 silly audit   duplexer3: [ '0.1.4' ],
81 silly audit   'end-of-stream': [ '1.4.4', '1.0.0', '1.4.0' ],
81 silly audit   'escape-string-regexp': [ '1.0.5' ],
81 silly audit   execa: [ '0.7.0', '0.4.0', '1.0.0' ],
81 silly audit   'get-stream': [ '3.0.0', '4.1.0' ],
81 silly audit   got: [ '6.7.1' ],
81 silly audit   'hosted-git-info': [ '2.8.5', '2.5.0' ],
81 silly audit   'import-lazy': [ '2.1.0' ],
81 silly audit   imurmurhash: [ '0.1.4' ],
81 silly audit   'is-npm': [ '1.0.0' ],
81 silly audit   'is-obj': [ '1.0.1' ],
81 silly audit   'is-redirect': [ '1.0.0' ],
81 silly audit   'is-retry-allowed': [ '1.2.0', '1.1.0' ],
81 silly audit   'is-stream': [ '1.1.0' ],
81 silly audit   'latest-version': [ '3.1.0' ],
81 silly audit   'lowercase-keys': [ '1.0.1', '1.0.0' ],
81 silly audit   minimist: [ '1.2.0', '0.0.8' ],
81 silly audit   'npm-package-arg': [ '5.1.2', '6.1.1' ],
81 silly audit   'npm-run-path': [ '1.0.0', '2.0.2' ],
81 silly audit   pseudomap: [ '1.0.2' ],
81 silly audit   yallist: [ '4.0.0', '2.1.2' ],
81 silly audit   y18n: [ '5.0.8', '3.2.1', '4.0.0' ],
81 silly audit   'proto-list': [ '1.2.4' ],
81 silly audit   'path-is-absolute': [ '1.0.1' ],
81 silly audit   once: [ '1.4.0', '1.3.3' ],
81 silly audit   pump: [ '1.0.2', '3.0.0' ],
81 silly audit   'object-assign': [ '4.1.1' ],
81 silly audit   'number-is-nan': [ '1.0.1' ],
81 silly audit   'wide-align': [ '1.1.5', '1.1.2' ],
81 silly audit   'set-blocking': [ '2.0.0' ],
81 silly audit   osenv: [ '0.1.4', '0.1.5' ],
81 silly audit   'os-homedir': [ '1.0.2' ],
81 silly audit   'os-tmpdir': [ '1.0.2' ],
81 silly audit   'path-is-inside': [ '1.0.2' ],
81 silly audit   'readable-stream': [ '3.6.2', '2.3.2', '1.1.14' ],
81 silly audit   string_decoder: [ '1.3.0', '1.0.3', '0.10.31' ],
81 silly audit   'util-deprecate': [ '1.0.2' ],
81 silly audit   qs: [ '6.13.0', '6.4.0' ],
81 silly audit   punycode: [ '2.3.1', '1.4.1' ],
81 silly audit   rimraf: [ '3.0.2', '2.6.1', '2.7.1' ],
81 silly audit   'safe-buffer': [ '5.2.1', '5.1.1', '5.2.0' ],
81 silly audit   tar: [ '6.2.1', '2.2.1' ],
81 silly audit   unpipe: [ '1.0.0' ],
81 silly audit   'update-notifier': [ '2.2.0', '2.5.0' ],
81 silly audit   'term-size': [ '0.1.1', '1.2.0' ],
81 silly audit   'path-key': [ '3.1.1', '1.0.0', '2.0.1' ],
81 silly audit   'strip-eof': [ '1.0.0' ],
81 silly audit   'widest-line': [ '1.0.0', '2.0.1' ],
81 silly audit   'supports-color': [ '2.0.0', '5.5.0' ],
81 silly audit   pify: [ '2.3.0', '3.0.0' ],
81 silly audit   'unique-string': [ '1.0.0' ],
81 silly audit   'package-json': [ '4.0.1' ],
81 silly audit   'timed-out': [ '4.0.1' ],
81 silly audit   'unzip-response': [ '2.0.1' ],
81 silly audit   'url-parse-lax': [ '1.0.0' ],
81 silly audit   'prepend-http': [ '1.0.4' ],
81 silly audit   'registry-auth-token': [ '3.3.1', '3.4.0' ],
81 silly audit   rc: [ '1.2.1', '1.2.8' ],
81 silly audit   'strip-json-comments': [ '2.0.1' ],
81 silly audit   'registry-url': [ '3.1.0' ],
81 silly audit   'semver-diff': [ '2.1.0' ],
81 silly audit   'xdg-basedir': [ '3.0.0' ],
81 silly audit   uuid: [ '8.3.2', '3.1.0' ],
81 silly audit   'validate-npm-package-name': [ '3.0.0' ],
81 silly audit   which: [ '2.0.2', '1.2.14', '1.3.1' ],
81 silly audit   wrappy: [ '1.0.2' ],
81 silly audit   'write-file-atomic': [ '2.1.0', '2.4.3' ],
81 silly audit   'require-directory': [ '2.1.1' ],
81 silly audit   'shebang-command': [ '2.0.0', '1.2.0' ],
81 silly audit   'shebang-regex': [ '3.0.0', '1.0.0' ],
81 silly audit   yargs: [ '16.2.0', '11.1.1' ],
81 silly audit   'yargs-parser': [ '20.2.9', '9.0.2' ],
81 silly audit   'object-inspect': [ '1.13.3' ],
81 silly audit   'on-finished': [ '2.4.1' ],
81 silly audit   'package-json-from-dist': [ '1.0.1' ],
81 silly audit   parseurl: [ '1.3.3' ],
81 silly audit   'path-parse': [ '1.0.7' ],
81 silly audit   'path-scurry': [ '1.11.1' ],
81 silly audit   'path-to-regexp': [ '0.1.10' ],
81 silly audit   'pg-connection-string': [ '2.7.0' ],
81 silly audit   'proxy-addr': [ '2.0.7' ],
81 silly audit   'range-parser': [ '1.2.1' ],
81 silly audit   'raw-body': [ '2.5.2' ],
81 silly audit   resolve: [ '1.22.8' ],
81 silly audit   'retry-as-promised': [ '7.0.4' ],
81 silly audit   'safer-buffer': [ '2.1.2' ],
81 silly audit   send: [ '0.19.0' ],
81 silly audit   sequelize: [ '6.37.5' ],
81 silly audit   'sequelize-cli': [ '6.6.2' ],
81 silly audit   'sequelize-pool': [ '7.1.0' ],
81 silly audit   'serve-static': [ '1.16.2' ],
81 silly audit   'set-function-length': [ '1.2.2' ],
81 silly audit   setprototypeof: [ '1.2.0' ],
81 silly audit   'side-channel': [ '1.0.6' ],
81 silly audit   sift: [ '17.1.3' ],
81 silly audit   'sparse-bitfield': [ '3.0.3' ],
81 silly audit   statuses: [ '2.0.1' ],
81 silly audit   'supports-preserve-symlinks-flag': [ '1.0.0' ],
81 silly audit   'timers-ext': [ '0.1.8' ],
81 silly audit   toidentifier: [ '1.0.1' ],
81 silly audit   'toposort-class': [ '1.0.1' ],
81 silly audit   type: [ '2.7.3' ],
81 silly audit   'type-is': [ '1.6.18' ],
81 silly audit   umzug: [ '2.3.0' ],
81 silly audit   'undici-types': [ '6.19.8' ],
81 silly audit   universalify: [ '2.0.1' ],
81 silly audit   'utils-merge': [ '1.0.1' ],
81 silly audit   validator: [ '13.12.0' ],
81 silly audit   vary: [ '1.1.2' ],
81 silly audit   wkx: [ '0.5.0' ],
81 silly audit   jsonwebtoken: [ '9.0.2' ],
81 silly audit   jws: [ '3.2.2' ],
81 silly audit   'lodash.includes': [ '4.3.0' ],
81 silly audit   'lodash.isboolean': [ '3.0.3' ],
81 silly audit   'lodash.isinteger': [ '4.0.4' ],
81 silly audit   'lodash.isnumber': [ '3.0.3' ],
81 silly audit   'lodash.isplainobject': [ '4.0.6' ],
81 silly audit   'lodash.isstring': [ '4.0.1' ],
81 silly audit   'lodash.once': [ '4.1.1' ],
81 silly audit   jwa: [ '1.4.1' ],
81 silly audit   'buffer-equal-constant-time': [ '1.0.1' ],
81 silly audit   'ecdsa-sig-formatter': [ '1.0.11' ],
81 silly audit   'ci-info': [ '1.6.0' ],
81 silly audit   decamelize: [ '1.2.0' ],
81 silly audit   'find-up': [ '2.1.0' ],
81 silly audit   'global-dirs': [ '0.1.1' ],
81 silly audit   'has-flag': [ '3.0.0' ],
81 silly audit   'invert-kv': [ '2.0.0' ],
81 silly audit   'is-ci': [ '1.2.1' ],
81 silly audit   'is-installed-globally': [ '0.1.0' ],
81 silly audit   'is-path-inside': [ '1.0.1' ],
81 silly audit   lcid: [ '2.0.0' ],
81 silly audit   libnpx: [ '10.2.2' ],
81 silly audit   'locate-path': [ '2.0.0' ],
81 silly audit   'map-age-cleaner': [ '0.1.3' ],
81 silly audit   mem: [ '4.3.0' ],
81 silly audit   'mimic-fn': [ '2.1.0' ],
81 silly audit   'nice-try': [ '1.0.5' ],
81 silly audit   npm: [ '5.1.0' ],
81 silly audit   ansicolors: [ '0.3.2' ],
81 silly audit   ansistyles: [ '0.1.3' ],
81 silly audit   archy: [ '1.0.0' ],
81 silly audit   cacache: [ '9.2.9' ],
81 silly audit   'call-limit': [ '1.1.0' ],
81 silly audit   'cmd-shim': [ '2.0.2' ],
81 silly audit   columnify: [ '1.5.4' ],
81 silly audit   wcwidth: [ '1.0.1' ],
81 silly audit   defaults: [ '1.0.3' ],
81 silly audit   clone: [ '1.0.2' ],
81 silly audit   debuglog: [ '1.0.1' ],
81 silly audit   'detect-indent': [ '5.0.0' ],
81 silly audit   dezalgo: [ '1.0.3' ],
81 silly audit   asap: [ '2.0.5' ],
81 silly audit   editor: [ '1.0.0' ],
81 silly audit   'fs-vacuum': [ '1.2.10' ],
81 silly audit   'fs-write-stream-atomic': [ '1.0.10' ],
81 silly audit   fstream: [ '1.0.11' ],
81 silly audit   'fstream-npm': [ '1.2.1' ],
81 silly audit   'fstream-ignore': [ '1.0.5' ],
81 silly audit   iferr: [ '0.1.5' ],
81 silly audit   'init-package-json': [ '1.10.1' ],
81 silly audit   promzard: [ '0.3.0' ],
81 silly audit   JSONStream: [ '1.3.1' ],
81 silly audit   jsonparse: [ '1.3.1' ],
81 silly audit   through: [ '2.3.8' ],
81 silly audit   'lazy-property': [ '1.0.0' ],
81 silly audit   lockfile: [ '1.0.3' ],
81 silly audit   'lodash._baseindexof': [ '3.1.0' ],
81 silly audit   'lodash._baseuniq': [ '4.6.0' ],
81 silly audit   'lodash._createset': [ '4.0.3' ],
81 silly audit   'lodash._root': [ '3.0.1' ],
81 silly audit   'lodash._bindcallback': [ '3.0.1' ],
81 silly audit   'lodash._cacheindexof': [ '3.0.2' ],
81 silly audit   'lodash._createcache': [ '3.1.2' ],
81 silly audit   'lodash._getnative': [ '3.9.1' ],
81 silly audit   'lodash.clonedeep': [ '4.5.0' ],
81 silly audit   'lodash.restparam': [ '3.6.1' ],
81 silly audit   'lodash.union': [ '4.6.0' ],
81 silly audit   'lodash.uniq': [ '4.5.0' ],
81 silly audit   'lodash.without': [ '4.4.0' ],
81 silly audit   mississippi: [ '1.3.0' ],
81 silly audit   'concat-stream': [ '1.6.0' ],
81 silly audit   typedarray: [ '0.0.6' ],
81 silly audit   duplexify: [ '3.5.0' ],
81 silly audit   'stream-shift': [ '1.0.0' ],
81 silly audit   'flush-write-stream': [ '1.0.2' ],
81 silly audit   from2: [ '2.3.0', '1.3.0' ],
81 silly audit   'parallel-transform': [ '1.1.0' ],
81 silly audit   cyclist: [ '0.2.2' ],
81 silly audit   pumpify: [ '1.3.5' ],
81 silly audit   'stream-each': [ '1.2.0' ],
81 silly audit   through2: [ '2.0.3' ],
81 silly audit   xtend: [ '4.0.1' ],
81 silly audit   'move-concurrently': [ '1.0.1' ],
81 silly audit   'copy-concurrently': [ '1.0.3' ],
81 silly audit   'run-queue': [ '1.0.3' ],
81 silly audit   'node-gyp': [ '3.6.2' ],
81 silly audit   'normalize-package-data': [ '2.4.0' ],
81 silly audit   'is-builtin-module': [ '1.0.0' ],
81 silly audit   'builtin-modules': [ '1.1.1' ],
81 silly audit   'npm-cache-filename': [ '1.0.2' ],
81 silly audit   'npm-install-checks': [ '3.0.0' ],
81 silly audit   'npm-registry-client': [ '8.4.0' ],
81 silly audit   'npm-user-validate': [ '1.0.0' ],
81 silly audit   opener: [ '1.4.3' ],
81 silly audit   pacote: [ '2.7.38' ],
81 silly audit   'make-fetch-happen': [ '2.4.13' ],
81 silly audit   agentkeepalive: [ '3.3.0' ],
81 silly audit   'humanize-ms': [ '1.2.1' ],
81 silly audit   'http-cache-semantics': [ '3.7.3' ],
81 silly audit   'http-proxy-agent': [ '2.0.0' ],
81 silly audit   'es6-promisify': [ '5.0.0' ],
81 silly audit   'es6-promise': [ '4.1.1' ],
81 silly audit   'node-fetch-npm': [ '2.0.1' ],
81 silly audit   encoding: [ '0.1.12' ],
81 silly audit   'json-parse-helpfulerror': [ '1.0.3' ],
81 silly audit   jju: [ '1.3.0' ],
81 silly audit   'socks-proxy-agent': [ '3.0.0' ],
81 silly audit   socks: [ '1.1.10' ],
81 silly audit   ip: [ '1.1.5' ],
81 silly audit   'smart-buffer': [ '1.1.15' ],
81 silly audit   'npm-pick-manifest': [ '1.0.4' ],
81 silly audit   'promise-retry': [ '1.1.1' ],
81 silly audit   'err-code': [ '1.1.2' ],
81 silly audit   protoduck: [ '4.0.0' ],
81 silly audit   genfun: [ '4.0.1' ],
81 silly audit   'tar-fs': [ '1.15.3' ],
81 silly audit   'tar-stream': [ '1.5.4' ],
81 silly audit   bl: [ '1.2.1' ],
81 silly audit   'promise-inflight': [ '1.0.1' ],
81 silly audit   read: [ '1.0.7' ],
81 silly audit   'mute-stream': [ '0.0.7' ],
81 silly audit   'read-cmd-shim': [ '1.0.1' ],
81 silly audit   'read-installed': [ '4.0.3' ],
81 silly audit   'util-extend': [ '1.0.3' ],
81 silly audit   'read-package-json': [ '2.0.9' ],
81 silly audit   'read-package-tree': [ '5.1.6' ],
81 silly audit   'core-util-is': [ '1.0.2' ],
81 silly audit   isarray: [ '1.0.0', '0.0.1' ],
81 silly audit   'process-nextick-args': [ '1.0.7' ],
81 silly audit   'readdir-scoped-modules': [ '1.0.2' ],
81 silly audit   request: [ '2.81.0' ],
81 silly audit   'aws-sign2': [ '0.6.0' ],
81 silly audit   aws4: [ '1.6.0' ],
81 silly audit   caseless: [ '0.12.0' ],
81 silly audit   'combined-stream': [ '1.0.5' ],
81 silly audit   'delayed-stream': [ '1.0.0' ],
81 silly audit   extend: [ '3.0.1' ],
81 silly audit   'forever-agent': [ '0.6.1' ],
81 silly audit   'form-data': [ '2.1.4' ],
81 silly audit   asynckit: [ '0.4.0' ],
81 silly audit   'har-validator': [ '4.2.1' ],
81 silly audit   ajv: [ '4.11.8' ],
81 silly audit   co: [ '4.6.0' ],
81 silly audit   'json-stable-stringify': [ '1.0.1' ],
81 silly audit   jsonify: [ '0.0.0' ],
81 silly audit   'har-schema': [ '1.0.5' ],
81 silly audit   hawk: [ '3.1.3' ],
81 silly audit   boom: [ '2.10.1' ],
81 silly audit   cryptiles: [ '2.0.5' ],
81 silly audit   hoek: [ '2.16.3' ],
81 silly audit   sntp: [ '1.0.9' ],
81 silly audit   'http-signature': [ '1.1.1' ],
81 silly audit   'assert-plus': [ '0.2.0', '1.0.0' ],
81 silly audit   jsprim: [ '1.4.0' ],
81 silly audit   extsprintf: [ '1.0.2' ],
81 silly audit   'json-schema': [ '0.2.3' ],
81 silly audit   verror: [ '1.3.6' ],
81 silly audit   sshpk: [ '1.13.1' ],
81 silly audit   asn1: [ '0.2.3' ],
81 silly audit   'bcrypt-pbkdf': [ '1.0.1' ],
81 silly audit   dashdash: [ '1.14.1' ],
81 silly audit   'ecc-jsbn': [ '0.1.1' ],
81 silly audit   getpass: [ '0.1.7' ],
81 silly audit   jsbn: [ '0.1.1' ],
81 silly audit   tweetnacl: [ '0.14.5' ],
81 silly audit   'is-typedarray': [ '1.0.0' ],
81 silly audit   isstream: [ '0.1.2' ],
81 silly audit   'json-stringify-safe': [ '5.0.1' ],
81 silly audit   'oauth-sign': [ '0.8.2' ],
81 silly audit   'performance-now': [ '0.2.0' ],
81 silly audit   stringstream: [ '0.0.5' ],
81 silly audit   'tough-cookie': [ '2.3.2' ],
81 silly audit   'tunnel-agent': [ '0.6.0' ],
81 silly audit   retry: [ '0.10.1' ],
81 silly audit   sha: [ '2.0.1' ],
81 silly audit   slide: [ '1.1.6' ],
81 silly audit   'sorted-object': [ '2.0.1' ],
81 silly audit   'sorted-union-stream': [ '2.1.3' ],
81 silly audit   'stream-iterate': [ '1.2.0' ],
81 silly audit   ssri: [ '4.1.6' ],
81 silly audit   'block-stream': [ '0.0.9' ],
81 silly audit   'text-table': [ '0.2.0' ],
81 silly audit   'uid-number': [ '0.0.6' ],
81 silly audit   umask: [ '1.1.0' ],
81 silly audit   'unique-filename': [ '1.1.0' ],
81 silly audit   'unique-slug': [ '2.0.0' ],
81 silly audit   'cross-spawn-async': [ '2.2.5' ],
81 silly audit   'has-ansi': [ '2.0.0' ],
81 silly audit   'validate-npm-package-license': [ '3.0.1' ],
81 silly audit   'spdx-correct': [ '1.0.2' ],
81 silly audit   'spdx-license-ids': [ '1.2.2' ],
81 silly audit   'spdx-expression-parse': [ '1.0.4' ],
81 silly audit   'worker-farm': [ '1.3.1' ],
81 silly audit   errno: [ '0.1.4' ],
81 silly audit   prr: [ '0.0.0' ],
81 silly audit   'os-locale': [ '3.1.0' ],
81 silly audit   'p-defer': [ '1.0.0' ],
81 silly audit   'p-finally': [ '1.0.0' ],
81 silly audit   'p-is-promise': [ '2.1.0' ],
81 silly audit   'p-limit': [ '1.3.0' ],
81 silly audit   'p-locate': [ '2.0.0' ],
81 silly audit   'p-try': [ '1.0.0' ],
81 silly audit   'path-exists': [ '3.0.0' ],
81 silly audit   'require-main-filename': [ '1.0.1' ],
81 silly audit   'which-module': [ '2.0.0' ]
81 silly audit }
82 silly tarball no local data for ecdsa-sig-formatter@https://registry.npmjs.org/ecdsa-sig-formatter/-/ecdsa-sig-formatter-1.0.11.tgz. Extracting by manifest.
83 silly tarball no local data for buffer-equal-constant-time@https://registry.npmjs.org/buffer-equal-constant-time/-/buffer-equal-constant-time-1.0.1.tgz. Extracting by manifest.
84 silly tarball no local data for jwa@https://registry.npmjs.org/jwa/-/jwa-1.4.1.tgz. Extracting by manifest.
85 silly tarball no local data for lodash.once@https://registry.npmjs.org/lodash.once/-/lodash.once-4.1.1.tgz. Extracting by manifest.
86 silly tarball no local data for lodash.isstring@https://registry.npmjs.org/lodash.isstring/-/lodash.isstring-4.0.1.tgz. Extracting by manifest.
87 silly tarball no local data for lodash.isnumber@https://registry.npmjs.org/lodash.isnumber/-/lodash.isnumber-3.0.3.tgz. Extracting by manifest.
88 silly tarball no local data for lodash.isplainobject@https://registry.npmjs.org/lodash.isplainobject/-/lodash.isplainobject-4.0.6.tgz. Extracting by manifest.
89 silly tarball no local data for lodash.isinteger@https://registry.npmjs.org/lodash.isinteger/-/lodash.isinteger-4.0.4.tgz. Extracting by manifest.
90 silly tarball no local data for lodash.isboolean@https://registry.npmjs.org/lodash.isboolean/-/lodash.isboolean-3.0.3.tgz. Extracting by manifest.
91 silly tarball no local data for lodash.includes@https://registry.npmjs.org/lodash.includes/-/lodash.includes-4.3.0.tgz. Extracting by manifest.
92 silly tarball no local data for jws@https://registry.npmjs.org/jws/-/jws-3.2.2.tgz. Extracting by manifest.
93 silly tarball no local data for jsonwebtoken@https://registry.npmjs.org/jsonwebtoken/-/jsonwebtoken-9.0.2.tgz. Extracting by manifest.
94 http fetch GET 200 https://registry.npmjs.org/lodash.isnumber/-/lodash.isnumber-3.0.3.tgz 108ms (cache miss)
95 http fetch GET 200 https://registry.npmjs.org/lodash.isstring/-/lodash.isstring-4.0.1.tgz 110ms (cache miss)
96 http fetch GET 200 https://registry.npmjs.org/buffer-equal-constant-time/-/buffer-equal-constant-time-1.0.1.tgz 113ms (cache miss)
97 http fetch GET 200 https://registry.npmjs.org/ecdsa-sig-formatter/-/ecdsa-sig-formatter-1.0.11.tgz 115ms (cache miss)
98 http fetch GET 200 https://registry.npmjs.org/jwa/-/jwa-1.4.1.tgz 113ms (cache miss)
99 http fetch GET 200 https://registry.npmjs.org/lodash.once/-/lodash.once-4.1.1.tgz 112ms (cache miss)
100 http fetch GET 200 https://registry.npmjs.org/lodash.isplainobject/-/lodash.isplainobject-4.0.6.tgz 139ms (cache miss)
101 http fetch GET 200 https://registry.npmjs.org/lodash.isinteger/-/lodash.isinteger-4.0.4.tgz 137ms (cache miss)
102 http fetch GET 200 https://registry.npmjs.org/jws/-/jws-3.2.2.tgz 137ms (cache miss)
103 http fetch GET 200 https://registry.npmjs.org/lodash.isboolean/-/lodash.isboolean-3.0.3.tgz 146ms (cache miss)
104 http fetch GET 200 https://registry.npmjs.org/lodash.includes/-/lodash.includes-4.3.0.tgz 147ms (cache miss)
105 http fetch GET 200 https://registry.npmjs.org/jsonwebtoken/-/jsonwebtoken-9.0.2.tgz 147ms (cache miss)
106 http fetch POST 200 https://registry.npmjs.org/-/npm/v1/security/advisories/bulk 416ms
107 silly audit report {
107 silly audit report   debug: [
107 silly audit report     {
107 silly audit report       id: 1094457,
107 silly audit report       url: 'https://github.com/advisories/GHSA-9vvw-cc9w-f27h',
107 silly audit report       title: 'debug Inefficient Regular Expression Complexity vulnerability',
107 silly audit report       severity: 'high',
107 silly audit report       vulnerable_versions: '<2.6.9',
107 silly audit report       cwe: [Array],
107 silly audit report       cvss: [Object]
107 silly audit report     },
107 silly audit report     {
107 silly audit report       id: 1096795,
107 silly audit report       url: 'https://github.com/advisories/GHSA-gxpj-cx7g-858c',
107 silly audit report       title: 'Regular Expression Denial of Service in debug',
107 silly audit report       severity: 'low',
107 silly audit report       vulnerable_versions: '<2.6.9',
107 silly audit report       cwe: [Array],
107 silly audit report       cvss: [Object]
107 silly audit report     }
107 silly audit report   ],
107 silly audit report   'ansi-regex': [
107 silly audit report     {
107 silly audit report       id: 1094090,
107 silly audit report       url: 'https://github.com/advisories/GHSA-93q8-gq69-wqmw',
107 silly audit report       title: 'Inefficient Regular Expression Complexity in chalk/ansi-regex',
107 silly audit report       severity: 'high',
107 silly audit report       vulnerable_versions: '>=3.0.0 <3.0.1',
107 silly audit report       cwe: [Array],
107 silly audit report       cvss: [Object]
107 silly audit report     }
107 silly audit report   ],
107 silly audit report   chownr: [
107 silly audit report     {
107 silly audit report       id: 1091617,
107 silly audit report       url: 'https://github.com/advisories/GHSA-c6rq-rjc2-86v2',
107 silly audit report       title: 'Time-of-check Time-of-use (TOCTOU) Race Condition in chownr',
107 silly audit report       severity: 'low',
107 silly audit report       vulnerable_versions: '<1.1.0',
107 silly audit report       cwe: [Array],
107 silly audit report       cvss: [Object]
107 silly audit report     }
107 silly audit report   ],
107 silly audit report   'cross-spawn': [
107 silly audit report     {
107 silly audit report       id: 1100562,
107 silly audit report       url: 'https://github.com/advisories/GHSA-3xgq-45jj-v275',
107 silly audit report       title: 'Regular Expression Denial of Service (ReDoS) in cross-spawn',
107 silly audit report       severity: 'high',
107 silly audit report       vulnerable_versions: '<6.0.6',
107 silly audit report       cwe: [Array],
107 silly audit report       cvss: [Object]
107 silly audit report     }
107 silly audit report   ],
107 silly audit report   minimatch: [
107 silly audit report     {
107 silly audit report       id: 1096485,
107 silly audit report       url: 'https://github.com/advisories/GHSA-f8q6-p94x-37v3',
107 silly audit report       title: 'minimatch ReDoS vulnerability',
107 silly audit report       severity: 'high',
107 silly audit report       vulnerable_versions: '<3.0.5',
107 silly audit report       cwe: [Array],
107 silly audit report       cvss: [Object]
107 silly audit report     }
107 silly audit report   ],
107 silly audit report   'https-proxy-agent': [
107 silly audit report     {
107 silly audit report       id: 1087767,
107 silly audit report       url: 'https://github.com/advisories/GHSA-8g7p-74h8-hg48',
107 silly audit report       title: 'Denial of Service in https-proxy-agent',
107 silly audit report       severity: 'critical',
107 silly audit report       vulnerable_versions: '<2.2.0',
107 silly audit report       cwe: [Array],
107 silly audit report       cvss: [Object]
107 silly audit report     },
107 silly audit report     {
107 silly audit report       id: 1094488,
107 silly audit report       url: 'https://github.com/advisories/GHSA-pc5p-h8pf-mvwp',
107 silly audit report       title: 'Machine-In-The-Middle in https-proxy-agent',
107 silly audit report       severity: 'moderate',
107 silly audit report       vulnerable_versions: '<2.2.3',
107 silly audit report       cwe: [Array],
107 silly audit report       cvss: [Object]
107 silly audit report     }
107 silly audit report   ],
107 silly audit report   ini: [
107 silly audit report     {
107 silly audit report       id: 1093224,
107 silly audit report       url: 'https://github.com/advisories/GHSA-qqgx-2p2h-9c37',
107 silly audit report       title: 'ini before 1.3.6 vulnerable to Prototype Pollution via ini.parse',
107 silly audit report       severity: 'high',
107 silly audit report       vulnerable_versions: '<1.3.6',
107 silly audit report       cwe: [Array],
107 silly audit report       cvss: [Object]
107 silly audit report     }
107 silly audit report   ],
107 silly audit report   semver: [
107 silly audit report     {
107 silly audit report       id: 1098563,
107 silly audit report       url: 'https://github.com/advisories/GHSA-c2qf-rxjj-qqgw',
107 silly audit report       title: 'semver vulnerable to Regular Expression Denial of Service',
107 silly audit report       severity: 'high',
107 silly audit report       vulnerable_versions: '<5.7.2',
107 silly audit report       cwe: [Array],
107 silly audit report       cvss: [Object]
107 silly audit report     }
107 silly audit report   ],
107 silly audit report   'deep-extend': [
107 silly audit report     {
107 silly audit report       id: 1095031,
107 silly audit report       url: 'https://github.com/advisories/GHSA-hr2v-3952-633q',
107 silly audit report       title: 'Prototype Pollution in deep-extend',
107 silly audit report       severity: 'critical',
107 silly audit report       vulnerable_versions: '<0.5.1',
107 silly audit report       cwe: [Array],
107 silly audit report       cvss: [Object]
107 silly audit report     }
107 silly audit report   ],
107 silly audit report   'dot-prop': [
107 silly audit report     {
107 silly audit report       id: 1095026,
107 silly audit report       url: 'https://github.com/advisories/GHSA-ff7x-qrg7-qggm',
107 silly audit report       title: 'dot-prop Prototype Pollution vulnerability',
107 silly audit report       severity: 'high',
107 silly audit report       vulnerable_versions: '<4.2.1',
107 silly audit report       cwe: [Array],
107 silly audit report       cvss: [Object]
107 silly audit report     }
107 silly audit report   ],
107 silly audit report   got: [
107 silly audit report     {
107 silly audit report       id: 1088948,
107 silly audit report       url: 'https://github.com/advisories/GHSA-pfrx-2q88-qq97',
107 silly audit report       title: 'Got allows a redirect to a UNIX socket',
107 silly audit report       severity: 'moderate',
107 silly audit report       vulnerable_versions: '<11.8.5',
107 silly audit report       cwe: [],
107 silly audit report       cvss: [Object]
107 silly audit report     }
107 silly audit report   ],
107 silly audit report   'hosted-git-info': [
107 silly audit report     {
107 silly audit report       id: 1089809,
107 silly audit report       url: 'https://github.com/advisories/GHSA-43f8-2h32-f4cj',
107 silly audit report       title: 'Regular Expression Denial of Service in hosted-git-info',
107 silly audit report       severity: 'moderate',
107 silly audit report       vulnerable_versions: '<2.8.9',
107 silly audit report       cwe: [Array],
107 silly audit report       cvss: [Object]
107 silly audit report     }
107 silly audit report   ],
107 silly audit report   minimist: [
107 silly audit report     {
107 silly audit report       id: 1097677,
107 silly audit report       url: 'https://github.com/advisories/GHSA-xvch-5gv4-984h',
107 silly audit report       title: 'Prototype Pollution in minimist',
107 silly audit report       severity: 'critical',
107 silly audit report       vulnerable_versions: '<0.2.4',
107 silly audit report       cwe: [Array],
107 silly audit report       cvss: [Object]
107 silly audit report     },
107 silly audit report     {
107 silly audit report       id: 1097678,
107 silly audit report       url: 'https://github.com/advisories/GHSA-xvch-5gv4-984h',
107 silly audit report       title: 'Prototype Pollution in minimist',
107 silly audit report       severity: 'critical',
107 silly audit report       vulnerable_versions: '>=1.0.0 <1.2.6',
107 silly audit report       cwe: [Array],
107 silly audit report       cvss: [Object]
107 silly audit report     },
107 silly audit report     {
107 silly audit report       id: 1096465,
107 silly audit report       url: 'https://github.com/advisories/GHSA-vh95-rmgr-6w4m',
107 silly audit report       title: 'Prototype Pollution in minimist',
107 silly audit report       severity: 'moderate',
107 silly audit report       vulnerable_versions: '>=1.0.0 <1.2.3',
107 silly audit report       cwe: [Array],
107 silly audit report       cvss: [Object]
107 silly audit report     },
107 silly audit report     {
107 silly audit report       id: 1096466,
107 silly audit report       url: 'https://github.com/advisories/GHSA-vh95-rmgr-6w4m',
107 silly audit report       title: 'Prototype Pollution in minimist',
107 silly audit report       severity: 'moderate',
107 silly audit report       vulnerable_versions: '<0.2.1',
107 silly audit report       cwe: [Array],
107 silly audit report       cvss: [Object]
107 silly audit report     }
107 silly audit report   ],
107 silly audit report   y18n: [
107 silly audit report     {
107 silly audit report       id: 1095086,
107 silly audit report       url: 'https://github.com/advisories/GHSA-c4w7-xm78-47vh',
107 silly audit report       title: 'Prototype Pollution in y18n',
107 silly audit report       severity: 'high',
107 silly audit report       vulnerable_versions: '=4.0.0',
107 silly audit report       cwe: [Array],
107 silly audit report       cvss: [Object]
107 silly audit report     },
107 silly audit report     {
107 silly audit report       id: 1095087,
107 silly audit report       url: 'https://github.com/advisories/GHSA-c4w7-xm78-47vh',
107 silly audit report       title: 'Prototype Pollution in y18n',
107 silly audit report       severity: 'high',
107 silly audit report       vulnerable_versions: '<3.2.2',
107 silly audit report       cwe: [Array],
107 silly audit report       cvss: [Object]
107 silly audit report     }
107 silly audit report   ],
107 silly audit report   qs: [
107 silly audit report     {
107 silly audit report       id: 1096469,
107 silly audit report       url: 'https://github.com/advisories/GHSA-hrpp-h998-j3pp',
107 silly audit report       title: 'qs vulnerable to Prototype Pollution',
107 silly audit report       severity: 'high',
107 silly audit report       vulnerable_versions: '>=6.4.0 <6.4.1',
107 silly audit report       cwe: [Array],
107 silly audit report       cvss: [Object]
107 silly audit report     }
107 silly audit report   ],
107 silly audit report   tar: [
107 silly audit report     {
107 silly audit report       id: 1089685,
107 silly audit report       url: 'https://github.com/advisories/GHSA-3jfq-g458-7qm9',
107 silly audit report       title: 'Arbitrary File Creation/Overwrite due to insufficient absolute path sanitization',
107 silly audit report       severity: 'high',
107 silly audit report       vulnerable_versions: '<3.2.2',
107 silly audit report       cwe: [Array],
107 silly audit report       cvss: [Object]
107 silly audit report     },
107 silly audit report     {
107 silly audit report       id: 1095117,
107 silly audit report       url: 'https://github.com/advisories/GHSA-5955-9wpr-37jh',
107 silly audit report       title: 'Arbitrary File Creation/Overwrite on Windows via insufficient relative path sanitization',
107 silly audit report       severity: 'high',
107 silly audit report       vulnerable_versions: '<4.4.18',
107 silly audit report       cwe: [Array],
107 silly audit report       cvss: [Object]
107 silly audit report     },
107 silly audit report     {
107 silly audit report       id: 1097493,
107 silly audit report       url: 'https://github.com/advisories/GHSA-f5x3-32g6-xq36',
107 silly audit report       title: 'Denial of service while parsing a tar file due to lack of folders count validation',
107 silly audit report       severity: 'moderate',
107 silly audit report       vulnerable_versions: '<6.2.1',
107 silly audit report       cwe: [Array],
107 silly audit report       cvss: [Object]
107 silly audit report     },
107 silly audit report     {
107 silly audit report       id: 1095119,
107 silly audit report       url: 'https://github.com/advisories/GHSA-j44m-qm6p-hp7m',
107 silly audit report       title: 'Arbitrary File Overwrite in tar',
107 silly audit report       severity: 'high',
107 silly audit report       vulnerable_versions: '<2.2.2',
107 silly audit report       cwe: [Array],
107 silly audit report       cvss: [Object]
107 silly audit report     }
107 silly audit report   ],
107 silly audit report   'yargs-parser': [
107 silly audit report     {
107 silly audit report       id: 1088811,
107 silly audit report       url: 'https://github.com/advisories/GHSA-p9pc-299p-vxgp',
107 silly audit report       title: 'yargs-parser Vulnerable to Prototype Pollution',
107 silly audit report       severity: 'moderate',
107 silly audit report       vulnerable_versions: '>=6.0.0 <13.1.2',
107 silly audit report       cwe: [Array],
107 silly audit report       cvss: [Object]
107 silly audit report     }
107 silly audit report   ],
107 silly audit report   npm: [
107 silly audit report     {
107 silly audit report       id: 1089203,
107 silly audit report       url: 'https://github.com/advisories/GHSA-93f3-23rq-pjfp',
107 silly audit report       title: 'npm CLI exposing sensitive information through logs',
107 silly audit report       severity: 'moderate',
107 silly audit report       vulnerable_versions: '<6.14.6',
107 silly audit report       cwe: [Array],
107 silly audit report       cvss: [Object]
107 silly audit report     },
107 silly audit report     {
107 silly audit report       id: 1089206,
107 silly audit report       url: 'https://github.com/advisories/GHSA-4328-8hgf-7wjr',
107 silly audit report       title: 'npm Vulnerable to Global node_modules Binary Overwrite',
107 silly audit report       severity: 'high',
107 silly audit report       vulnerable_versions: '<6.13.4',
107 silly audit report       cwe: [Array],
107 silly audit report       cvss: [Object]
107 silly audit report     },
107 silly audit report     {
107 silly audit report       id: 1089207,
107 silly audit report       url: 'https://github.com/advisories/GHSA-x8qc-rrcw-4r46',
107 silly audit report       title: 'npm symlink reference outside of node_modules',
107 silly audit report       severity: 'high',
107 silly audit report       vulnerable_versions: '<6.13.3',
107 silly audit report       cwe: [Array],
107 silly audit report       cvss: [Object]
107 silly audit report     },
107 silly audit report     {
107 silly audit report       id: 1090086,
107 silly audit report       url: 'https://github.com/advisories/GHSA-m6cx-g6qm-p2cx',
107 silly audit report       title: 'Arbitrary File Write in npm',
107 silly audit report       severity: 'high',
107 silly audit report       vulnerable_versions: '<6.13.3',
107 silly audit report       cwe: [Array],
107 silly audit report       cvss: [Object]
107 silly audit report     },
107 silly audit report     {
107 silly audit report       id: 1088925,
107 silly audit report       url: 'https://github.com/advisories/GHSA-ph34-pc88-72gc',
107 silly audit report       title: 'Incorrect Permission Assignment for Critical Resource in NPM',
107 silly audit report       severity: 'high',
107 silly audit report       vulnerable_versions: '<5.7.1',
107 silly audit report       cwe: [Array],
107 silly audit report       cvss: [Object]
107 silly audit report     }
107 silly audit report   ],
107 silly audit report   fstream: [
107 silly audit report     {
107 silly audit report       id: 1095010,
107 silly audit report       url: 'https://github.com/advisories/GHSA-xf7w-r453-m56c',
107 silly audit report       title: 'Arbitrary File Overwrite in fstream',
107 silly audit report       severity: 'high',
107 silly audit report       vulnerable_versions: '<1.0.12',
107 silly audit report       cwe: [Array],
107 silly audit report       cvss: [Object]
107 silly audit report     }
107 silly audit report   ],
107 silly audit report   'npm-user-validate': [
107 silly audit report     {
107 silly audit report       id: 1086466,
107 silly audit report       url: 'https://github.com/advisories/GHSA-xgh6-85xh-479p',
107 silly audit report       title: 'Regular Expression Denial of Service in npm-user-validate',
107 silly audit report       severity: 'low',
107 silly audit report       vulnerable_versions: '<=1.0.0',
107 silly audit report       cwe: [],
107 silly audit report       cvss: [Object]
107 silly audit report     },
107 silly audit report     {
107 silly audit report       id: 1089876,
107 silly audit report       url: 'https://github.com/advisories/GHSA-pw54-mh39-w3hc',
107 silly audit report       title: 'Regular expression denial of service in npm-user-validate',
107 silly audit report       severity: 'high',
107 silly audit report       vulnerable_versions: '<1.0.1',
107 silly audit report       cwe: [Array],
107 silly audit report       cvss: [Object]
107 silly audit report     }
107 silly audit report   ],
107 silly audit report   'http-cache-semantics': [
107 silly audit report     {
107 silly audit report       id: 1092316,
107 silly audit report       url: 'https://github.com/advisories/GHSA-rc47-6667-2j5j',
107 silly audit report       title: 'http-cache-semantics vulnerable to Regular Expression Denial of Service',
107 silly audit report       severity: 'high',
107 silly audit report       vulnerable_versions: '<4.1.1',
107 silly audit report       cwe: [Array],
107 silly audit report       cvss: [Object]
107 silly audit report     }
107 silly audit report   ],
107 silly audit report   'http-proxy-agent': [
107 silly audit report     {
107 silly audit report       id: 1089973,
107 silly audit report       url: 'https://github.com/advisories/GHSA-86wf-436m-h424',
107 silly audit report       title: 'Resource Exhaustion Denial of Service in http-proxy-agent ',
107 silly audit report       severity: 'moderate',
107 silly audit report       vulnerable_versions: '<2.1.0',
107 silly audit report       cwe: [Array],
107 silly audit report       cvss: [Object]
107 silly audit report     },
107 silly audit report     {
107 silly audit report       id: 1091668,
107 silly audit report       url: 'https://github.com/advisories/GHSA-8w57-jfpm-945m',
107 silly audit report       title: 'Denial of Service in http-proxy-agent',
107 silly audit report       severity: 'high',
107 silly audit report       vulnerable_versions: '<2.1.0',
107 silly audit report       cwe: [Array],
107 silly audit report       cvss: [Object]
107 silly audit report     }
107 silly audit report   ],
107 silly audit report   ip: [
107 silly audit report     {
107 silly audit report       id: 1097720,
107 silly audit report       url: 'https://github.com/advisories/GHSA-78xj-cgh5-2h22',
107 silly audit report       title: 'NPM IP package incorrectly identifies some private IP addresses as public',
107 silly audit report       severity: 'low',
107 silly audit report       vulnerable_versions: '<1.1.9',
107 silly audit report       cwe: [Array],
107 silly audit report       cvss: [Object]
107 silly audit report     },
107 silly audit report     {
107 silly audit report       id: 1099357,
107 silly audit report       url: 'https://github.com/advisories/GHSA-2p57-rm9w-gvfp',
107 silly audit report       title: 'ip SSRF improper categorization in isPublic',
107 silly audit report       severity: 'high',
107 silly audit report       vulnerable_versions: '<=2.0.1',
107 silly audit report       cwe: [Array],
107 silly audit report       cvss: [Object]
107 silly audit report     }
107 silly audit report   ],
107 silly audit report   'tar-fs': [
107 silly audit report     {
107 silly audit report       id: 1089521,
107 silly audit report       url: 'https://github.com/advisories/GHSA-x2mc-8fgj-3wmr',
107 silly audit report       title: 'Improper Input Validation in tar-fs',
107 silly audit report       severity: 'high',
107 silly audit report       vulnerable_versions: '<1.16.2',
107 silly audit report       cwe: [Array],
107 silly audit report       cvss: [Object]
107 silly audit report     }
107 silly audit report   ],
107 silly audit report   bl: [
107 silly audit report     {
107 silly audit report       id: 1090072,
107 silly audit report       url: 'https://github.com/advisories/GHSA-pp7h-53gx-mx7r',
107 silly audit report       title: 'Remote Memory Exposure in bl',
107 silly audit report       severity: 'moderate',
107 silly audit report       vulnerable_versions: '<1.2.3',
107 silly audit report       cwe: [Array],
107 silly audit report       cvss: [Object]
107 silly audit report     }
107 silly audit report   ],
107 silly audit report   request: [
107 silly audit report     {
107 silly audit report       id: 1096727,
107 silly audit report       url: 'https://github.com/advisories/GHSA-p8p7-x288-28g6',
107 silly audit report       title: 'Server-Side Request Forgery in Request',
107 silly audit report       severity: 'moderate',
107 silly audit report       vulnerable_versions: '<=2.88.2',
107 silly audit report       cwe: [Array],
107 silly audit report       cvss: [Object]
107 silly audit report     }
107 silly audit report   ],
107 silly audit report   extend: [
107 silly audit report     {
107 silly audit report       id: 1087633,
107 silly audit report       url: 'https://github.com/advisories/GHSA-qrmc-fj45-qfc2',
107 silly audit report       title: 'Prototype Pollution in extend',
107 silly audit report       severity: 'moderate',
107 silly audit report       vulnerable_versions: '>=3.0.0 <3.0.2',
107 silly audit report       cwe: [Array],
107 silly audit report       cvss: [Object]
107 silly audit report     }
107 silly audit report   ],
107 silly audit report   ajv: [
107 silly audit report     {
107 silly audit report       id: 1097685,
107 silly audit report       url: 'https://github.com/advisories/GHSA-v88g-cgmw-v5xw',
107 silly audit report       title: 'Prototype Pollution in Ajv',
107 silly audit report       severity: 'moderate',
107 silly audit report       vulnerable_versions: '<6.12.3',
107 silly audit report       cwe: [Array],
107 silly audit report       cvss: [Object]
107 silly audit report     }
107 silly audit report   ],
107 silly audit report   hawk: [
107 silly audit report     {
107 silly audit report       id: 1095062,
107 silly audit report       url: 'https://github.com/advisories/GHSA-44pw-h2cw-w3vq',
107 silly audit report       title: 'Uncontrolled Resource Consumption in Hawk',
107 silly audit report       severity: 'high',
107 silly audit report       vulnerable_versions: '<9.0.1',
107 silly audit report       cwe: [Array],
107 silly audit report       cvss: [Object]
107 silly audit report     }
107 silly audit report   ],
107 silly audit report   hoek: [
107 silly audit report     {
107 silly audit report       id: 1093855,
107 silly audit report       url: 'https://github.com/advisories/GHSA-jp4x-w63m-7wgm',
107 silly audit report       title: 'Prototype Pollution in hoek',
107 silly audit report       severity: 'high',
107 silly audit report       vulnerable_versions: '<4.2.1',
107 silly audit report       cwe: [Array],
107 silly audit report       cvss: [Object]
107 silly audit report     },
107 silly audit report     {
107 silly audit report       id: 1096410,
107 silly audit report       url: 'https://github.com/advisories/GHSA-c429-5p7v-vgjp',
107 silly audit report       title: 'hoek subject to prototype pollution via the clone function.',
107 silly audit report       severity: 'high',
107 silly audit report       vulnerable_versions: '<=6.1.3',
107 silly audit report       cwe: [Array],
107 silly audit report       cvss: [Object]
107 silly audit report     }
107 silly audit report   ],
107 silly audit report   'json-schema': [
107 silly audit report     {
107 silly audit report       id: 1095057,
107 silly audit report       url: 'https://github.com/advisories/GHSA-896r-f27r-55mw',
107 silly audit report       title: 'json-schema is vulnerable to Prototype Pollution',
107 silly audit report       severity: 'critical',
107 silly audit report       vulnerable_versions: '<0.4.0',
107 silly audit report       cwe: [Array],
107 silly audit report       cvss: [Object]
107 silly audit report     }
107 silly audit report   ],
107 silly audit report   sshpk: [
107 silly audit report     {
107 silly audit report       id: 1089418,
107 silly audit report       url: 'https://github.com/advisories/GHSA-2m39-62fm-q8r3',
107 silly audit report       title: 'Regular Expression Denial of Service in sshpk',
107 silly audit report       severity: 'high',
107 silly audit report       vulnerable_versions: '<1.13.2',
107 silly audit report       cwe: [Array],
107 silly audit report       cvss: [Object]
107 silly audit report     }
107 silly audit report   ],
107 silly audit report   stringstream: [
107 silly audit report     {
107 silly audit report       id: 1090117,
107 silly audit report       url: 'https://github.com/advisories/GHSA-mf6x-7mm4-x2g7',
107 silly audit report       title: 'Out-of-bounds Read in stringstream',
107 silly audit report       severity: 'moderate',
107 silly audit report       vulnerable_versions: '<0.0.6',
107 silly audit report       cwe: [Array],
107 silly audit report       cvss: [Object]
107 silly audit report     }
107 silly audit report   ],
107 silly audit report   'tough-cookie': [
107 silly audit report     {
107 silly audit report       id: 1095103,
107 silly audit report       url: 'https://github.com/advisories/GHSA-g7q5-pjjr-gqvp',
107 silly audit report       title: 'Regular Expression Denial of Service in tough-cookie',
107 silly audit report       severity: 'high',
107 silly audit report       vulnerable_versions: '<2.3.3',
107 silly audit report       cwe: [Array],
107 silly audit report       cvss: [Object]
107 silly audit report     },
107 silly audit report     {
107 silly audit report       id: 1097682,
107 silly audit report       url: 'https://github.com/advisories/GHSA-72xf-g2v4-qvf3',
107 silly audit report       title: 'tough-cookie Prototype Pollution vulnerability',
107 silly audit report       severity: 'moderate',
107 silly audit report       vulnerable_versions: '<4.1.3',
107 silly audit report       cwe: [Array],
107 silly audit report       cvss: [Object]
107 silly audit report     }
107 silly audit report   ],
107 silly audit report   ssri: [
107 silly audit report     {
107 silly audit report       id: 1090997,
107 silly audit report       url: 'https://github.com/advisories/GHSA-325j-24f4-qv5x',
107 silly audit report       title: 'Regular Expression Denial of Service in ssri',
107 silly audit report       severity: 'moderate',
107 silly audit report       vulnerable_versions: '<5.2.2',
107 silly audit report       cwe: [Array],
107 silly audit report       cvss: [Object]
107 silly audit report     }
107 silly audit report   ]
107 silly audit report }
108 silly packumentCache corgi:https://registry.npmjs.org/debug cache-miss
109 silly packumentCache corgi:https://registry.npmjs.org/ansi-regex cache-miss
110 silly packumentCache corgi:https://registry.npmjs.org/chownr cache-miss
111 silly packumentCache corgi:https://registry.npmjs.org/cross-spawn cache-miss
112 silly packumentCache corgi:https://registry.npmjs.org/minimatch cache-miss
113 silly packumentCache corgi:https://registry.npmjs.org/https-proxy-agent cache-miss
114 silly packumentCache corgi:https://registry.npmjs.org/ini cache-miss
115 silly packumentCache corgi:https://registry.npmjs.org/semver cache-miss
116 silly packumentCache corgi:https://registry.npmjs.org/deep-extend cache-miss
117 silly packumentCache corgi:https://registry.npmjs.org/dot-prop cache-miss
118 silly packumentCache corgi:https://registry.npmjs.org/got cache-miss
119 silly packumentCache corgi:https://registry.npmjs.org/hosted-git-info cache-miss
120 silly packumentCache corgi:https://registry.npmjs.org/minimist cache-miss
121 silly packumentCache corgi:https://registry.npmjs.org/y18n cache-miss
122 silly packumentCache corgi:https://registry.npmjs.org/qs cache-miss
123 silly packumentCache corgi:https://registry.npmjs.org/tar cache-miss
124 silly packumentCache corgi:https://registry.npmjs.org/yargs-parser cache-miss
125 silly packumentCache corgi:https://registry.npmjs.org/npm cache-miss
126 silly packumentCache corgi:https://registry.npmjs.org/fstream cache-miss
127 silly packumentCache corgi:https://registry.npmjs.org/npm-user-validate cache-miss
128 silly packumentCache corgi:https://registry.npmjs.org/http-cache-semantics cache-miss
129 silly packumentCache corgi:https://registry.npmjs.org/http-proxy-agent cache-miss
130 silly packumentCache corgi:https://registry.npmjs.org/ip cache-miss
131 silly packumentCache corgi:https://registry.npmjs.org/tar-fs cache-miss
132 silly packumentCache corgi:https://registry.npmjs.org/bl cache-miss
133 silly packumentCache corgi:https://registry.npmjs.org/request cache-miss
134 silly packumentCache corgi:https://registry.npmjs.org/extend cache-miss
135 silly packumentCache corgi:https://registry.npmjs.org/ajv cache-miss
136 silly packumentCache corgi:https://registry.npmjs.org/hawk cache-miss
137 silly packumentCache corgi:https://registry.npmjs.org/hoek cache-miss
138 silly packumentCache corgi:https://registry.npmjs.org/json-schema cache-miss
139 silly packumentCache corgi:https://registry.npmjs.org/sshpk cache-miss
140 silly packumentCache corgi:https://registry.npmjs.org/stringstream cache-miss
141 silly packumentCache corgi:https://registry.npmjs.org/tough-cookie cache-miss
142 silly packumentCache corgi:https://registry.npmjs.org/ssri cache-miss
143 http fetch GET 200 https://registry.npmjs.org/debug 119ms (cache hit)
144 silly packumentCache corgi:https://registry.npmjs.org/debug set size:72932 disposed:false
145 http fetch GET 200 https://registry.npmjs.org/minimatch 120ms (cache hit)
146 silly packumentCache corgi:https://registry.npmjs.org/minimatch set size:142111 disposed:false
147 http fetch GET 200 https://registry.npmjs.org/https-proxy-agent 121ms (cache hit)
148 silly packumentCache corgi:https://registry.npmjs.org/https-proxy-agent set size:33763 disposed:false
149 http fetch GET 200 https://registry.npmjs.org/dot-prop 121ms (cache hit)
150 silly packumentCache corgi:https://registry.npmjs.org/dot-prop set size:31578 disposed:false
151 http fetch GET 200 https://registry.npmjs.org/chownr 124ms (cache hit)
152 silly packumentCache corgi:https://registry.npmjs.org/chownr set size:11768 disposed:false
153 http fetch GET 200 https://registry.npmjs.org/semver 122ms (cache hit)
154 silly packumentCache corgi:https://registry.npmjs.org/semver set size:92294 disposed:false
155 http fetch GET 200 https://registry.npmjs.org/hosted-git-info 123ms (cache hit)
156 silly packumentCache corgi:https://registry.npmjs.org/hosted-git-info set size:71813 disposed:false
157 http fetch GET 200 https://registry.npmjs.org/deep-extend 124ms (cache hit)
158 silly packumentCache corgi:https://registry.npmjs.org/deep-extend set size:13806 disposed:false
159 http fetch GET 200 https://registry.npmjs.org/y18n 124ms (cache hit)
160 silly packumentCache corgi:https://registry.npmjs.org/y18n set size:28451 disposed:false
161 http fetch GET 200 https://registry.npmjs.org/ini 127ms (cache hit)
162 silly packumentCache corgi:https://registry.npmjs.org/ini set size:24884 disposed:false
163 http fetch GET 200 https://registry.npmjs.org/minimist 126ms (cache hit)
164 silly packumentCache corgi:https://registry.npmjs.org/minimist set size:29263 disposed:false
165 http fetch GET 200 https://registry.npmjs.org/qs 127ms (cache hit)
166 silly packumentCache corgi:https://registry.npmjs.org/qs set size:108486 disposed:false
167 http fetch GET 200 https://registry.npmjs.org/tar 129ms (cache hit)
168 silly packumentCache corgi:https://registry.npmjs.org/tar set size:156578 disposed:false
169 http fetch GET 200 https://registry.npmjs.org/fstream 132ms (cache hit)
170 silly packumentCache corgi:https://registry.npmjs.org/fstream set size:31968 disposed:false
171 http fetch GET 200 https://registry.npmjs.org/npm-user-validate 133ms (cache hit)
172 silly packumentCache corgi:https://registry.npmjs.org/npm-user-validate set size:10855 disposed:false
173 http fetch GET 200 https://registry.npmjs.org/yargs-parser 135ms (cache hit)
174 silly packumentCache corgi:https://registry.npmjs.org/yargs-parser set size:112987 disposed:false
175 http fetch GET 200 https://registry.npmjs.org/http-cache-semantics 135ms (cache hit)
176 silly packumentCache corgi:https://registry.npmjs.org/http-cache-semantics set size:21479 disposed:false
177 http fetch GET 200 https://registry.npmjs.org/http-proxy-agent 136ms (cache hit)
178 silly packumentCache corgi:https://registry.npmjs.org/http-proxy-agent set size:22735 disposed:false
179 http fetch GET 200 https://registry.npmjs.org/ip 136ms (cache hit)
180 silly packumentCache corgi:https://registry.npmjs.org/ip set size:17316 disposed:false
181 http fetch GET 200 https://registry.npmjs.org/got 140ms (cache hit)
182 silly packumentCache corgi:https://registry.npmjs.org/got set size:325628 disposed:false
183 http fetch GET 200 https://registry.npmjs.org/tar-fs 141ms (cache hit)
184 silly packumentCache corgi:https://registry.npmjs.org/tar-fs set size:45848 disposed:false
185 http fetch GET 200 https://registry.npmjs.org/extend 142ms (cache hit)
186 silly packumentCache corgi:https://registry.npmjs.org/extend set size:9055 disposed:false
187 http fetch GET 200 https://registry.npmjs.org/bl 142ms (cache hit)
188 silly packumentCache corgi:https://registry.npmjs.org/bl set size:57560 disposed:false
189 http fetch GET 200 https://registry.npmjs.org/request 143ms (cache hit)
190 silly packumentCache corgi:https://registry.npmjs.org/request set size:129997 disposed:false
191 http fetch GET 200 https://registry.npmjs.org/hawk 147ms (cache hit)
192 silly packumentCache corgi:https://registry.npmjs.org/hawk set size:76484 disposed:false
193 http fetch GET 200 https://registry.npmjs.org/json-schema 149ms (cache hit)
194 silly packumentCache corgi:https://registry.npmjs.org/json-schema set size:7667 disposed:false
195 http fetch GET 200 https://registry.npmjs.org/stringstream 148ms (cache hit)
196 silly packumentCache corgi:https://registry.npmjs.org/stringstream set size:5875 disposed:false
197 http fetch GET 200 https://registry.npmjs.org/hoek 150ms (cache hit)
198 silly packumentCache corgi:https://registry.npmjs.org/hoek set size:108254 disposed:false
199 http fetch GET 200 https://registry.npmjs.org/sshpk 151ms (cache hit)
200 silly packumentCache corgi:https://registry.npmjs.org/sshpk set size:52578 disposed:false
201 http fetch GET 200 https://registry.npmjs.org/ansi-regex 160ms (cache hit)
202 silly packumentCache corgi:https://registry.npmjs.org/ansi-regex set size:17900 disposed:false
203 http fetch GET 200 https://registry.npmjs.org/tough-cookie 152ms (cache hit)
204 silly packumentCache corgi:https://registry.npmjs.org/tough-cookie set size:45590 disposed:false
205 http fetch GET 200 https://registry.npmjs.org/cross-spawn 161ms (cache hit)
206 silly packumentCache corgi:https://registry.npmjs.org/cross-spawn set size:44626 disposed:false
207 http fetch GET 200 https://registry.npmjs.org/ajv 155ms (cache hit)
208 silly packumentCache corgi:https://registry.npmjs.org/ajv set size:461470 disposed:false
209 http fetch GET 200 https://registry.npmjs.org/npm 167ms (cache hit)
210 silly packumentCache corgi:https://registry.npmjs.org/npm set size:2247452 disposed:false
211 http fetch GET 200 https://registry.npmjs.org/ssri 196ms (cache hit)
212 silly packumentCache corgi:https://registry.npmjs.org/ssri set size:41983 disposed:false
213 silly packumentCache corgi:https://registry.npmjs.org/strip-ansi cache-miss
214 http fetch GET 200 https://registry.npmjs.org/strip-ansi 11ms (cache hit)
215 silly packumentCache corgi:https://registry.npmjs.org/strip-ansi set size:17904 disposed:false
216 silly packumentCache corgi:https://registry.npmjs.org/cacache cache-miss
217 http fetch GET 200 https://registry.npmjs.org/cacache 7ms (cache hit)
218 silly packumentCache corgi:https://registry.npmjs.org/cacache set size:151389 disposed:false
219 silly packumentCache corgi:https://registry.npmjs.org/execa cache-miss
220 http fetch GET 200 https://registry.npmjs.org/execa 3ms (cache hit)
221 silly packumentCache corgi:https://registry.npmjs.org/execa set size:83988 disposed:false
222 silly packumentCache corgi:https://registry.npmjs.org/glob cache-miss
223 silly packumentCache corgi:https://registry.npmjs.org/fstream-ignore cache-miss
224 silly packumentCache corgi:https://registry.npmjs.org/node-gyp cache-miss
225 silly packumentCache corgi:https://registry.npmjs.org/pacote cache-miss
226 http fetch GET 200 https://registry.npmjs.org/glob 5ms (cache hit)
227 silly packumentCache corgi:https://registry.npmjs.org/glob set size:152948 disposed:false
228 http fetch GET 200 https://registry.npmjs.org/fstream-ignore 7ms (cache hit)
229 silly packumentCache corgi:https://registry.npmjs.org/fstream-ignore set size:10884 disposed:false
230 http fetch GET 200 https://registry.npmjs.org/node-gyp 8ms (cache hit)
231 silly packumentCache corgi:https://registry.npmjs.org/node-gyp set size:142915 disposed:false
232 http fetch GET 200 https://registry.npmjs.org/pacote 10ms (cache hit)
233 silly packumentCache corgi:https://registry.npmjs.org/pacote set size:381612 disposed:false
234 silly packumentCache corgi:https://registry.npmjs.org/make-fetch-happen cache-miss
235 http fetch GET 200 https://registry.npmjs.org/make-fetch-happen 3ms (cache hit)
236 silly packumentCache corgi:https://registry.npmjs.org/make-fetch-happen set size:177116 disposed:false
237 silly packumentCache corgi:https://registry.npmjs.org/global-dirs cache-miss
238 silly packumentCache corgi:https://registry.npmjs.org/rc cache-miss
239 silly packumentCache corgi:https://registry.npmjs.org/config-chain cache-miss
240 http fetch GET 200 https://registry.npmjs.org/rc 6ms (cache hit)
241 silly packumentCache corgi:https://registry.npmjs.org/rc set size:29081 disposed:false
242 http fetch GET 200 https://registry.npmjs.org/global-dirs 7ms (cache hit)
243 silly packumentCache corgi:https://registry.npmjs.org/global-dirs set size:11802 disposed:false
244 http fetch GET 200 https://registry.npmjs.org/config-chain 6ms (cache hit)
245 silly packumentCache corgi:https://registry.npmjs.org/config-chain set size:15538 disposed:false
246 silly packumentCache corgi:https://registry.npmjs.org/init-package-json cache-miss
247 silly packumentCache corgi:https://registry.npmjs.org/normalize-package-data cache-miss
248 silly packumentCache corgi:https://registry.npmjs.org/npm-install-checks cache-miss
249 silly packumentCache corgi:https://registry.npmjs.org/npm-package-arg cache-miss
250 silly packumentCache corgi:https://registry.npmjs.org/npm-registry-client cache-miss
251 silly packumentCache corgi:https://registry.npmjs.org/npm-pick-manifest cache-miss
252 silly packumentCache corgi:https://registry.npmjs.org/read-installed cache-miss
253 silly packumentCache corgi:https://registry.npmjs.org/package-json cache-miss
254 silly packumentCache corgi:https://registry.npmjs.org/semver-diff cache-miss
255 http fetch GET 200 https://registry.npmjs.org/normalize-package-data 18ms (cache hit)
256 silly packumentCache corgi:https://registry.npmjs.org/normalize-package-data set size:52534 disposed:false
257 http fetch GET 200 https://registry.npmjs.org/npm-registry-client 19ms (cache hit)
258 silly packumentCache corgi:https://registry.npmjs.org/npm-registry-client set size:141565 disposed:false
259 http fetch GET 200 https://registry.npmjs.org/init-package-json 22ms (cache hit)
260 silly packumentCache corgi:https://registry.npmjs.org/init-package-json set size:63722 disposed:false
261 http fetch GET 200 https://registry.npmjs.org/npm-pick-manifest 23ms (cache hit)
262 silly packumentCache corgi:https://registry.npmjs.org/npm-pick-manifest set size:39367 disposed:false
263 http fetch GET 200 https://registry.npmjs.org/semver-diff 22ms (cache hit)
264 silly packumentCache corgi:https://registry.npmjs.org/semver-diff set size:8657 disposed:false
265 http fetch GET 200 https://registry.npmjs.org/npm-install-checks 24ms (cache hit)
266 silly packumentCache corgi:https://registry.npmjs.org/npm-install-checks set size:22722 disposed:false
267 http fetch GET 200 https://registry.npmjs.org/read-installed 24ms (cache hit)
268 silly packumentCache corgi:https://registry.npmjs.org/read-installed set size:24250 disposed:false
269 http fetch GET 200 https://registry.npmjs.org/npm-package-arg 25ms (cache hit)
270 silly packumentCache corgi:https://registry.npmjs.org/npm-package-arg set size:53499 disposed:false
271 http fetch GET 200 https://registry.npmjs.org/package-json 25ms (cache hit)
272 silly packumentCache corgi:https://registry.npmjs.org/package-json set size:33596 disposed:false
273 silly packumentCache corgi:https://registry.npmjs.org/configstore cache-miss
274 http fetch GET 200 https://registry.npmjs.org/configstore 1ms (cache hit)
275 silly packumentCache corgi:https://registry.npmjs.org/configstore set size:31180 disposed:false
276 silly packumentCache corgi:https://registry.npmjs.org/mkdirp cache-miss
277 http fetch GET 200 https://registry.npmjs.org/mkdirp 2ms (cache hit)
278 silly packumentCache corgi:https://registry.npmjs.org/mkdirp set size:49417 disposed:false
279 silly packumentCache corgi:https://registry.npmjs.org/libnpx cache-miss
280 http fetch GET 200 https://registry.npmjs.org/libnpx 1ms (cache hit)
281 silly packumentCache corgi:https://registry.npmjs.org/libnpx set size:37961 disposed:false
282 silly packumentCache corgi:https://registry.npmjs.org/yargs cache-miss
283 http fetch GET 200 https://registry.npmjs.org/yargs 3ms (cache hit)
284 silly packumentCache corgi:https://registry.npmjs.org/yargs set size:328890 disposed:false
285 silly packumentCache corgi:https://registry.npmjs.org/npx cache-miss
286 http fetch GET 200 https://registry.npmjs.org/npx 3ms (cache hit)
287 silly packumentCache corgi:https://registry.npmjs.org/npx set size:54272 disposed:false
288 silly packumentCache corgi:https://registry.npmjs.org/socks cache-miss
289 http fetch GET 200 https://registry.npmjs.org/socks 1ms (cache hit)
290 silly packumentCache corgi:https://registry.npmjs.org/socks set size:61736 disposed:false
291 silly packumentCache corgi:https://registry.npmjs.org/tar-stream cache-miss
292 http fetch GET 200 https://registry.npmjs.org/tar-stream 2ms (cache hit)
293 silly packumentCache corgi:https://registry.npmjs.org/tar-stream set size:56421 disposed:false
294 silly packumentCache corgi:https://registry.npmjs.org/har-validator cache-miss
295 http fetch GET 200 https://registry.npmjs.org/har-validator 2ms (cache hit)
296 silly packumentCache corgi:https://registry.npmjs.org/har-validator set size:49284 disposed:false
297 silly packumentCache corgi:https://registry.npmjs.org/boom cache-miss
298 silly packumentCache corgi:https://registry.npmjs.org/sntp cache-miss
299 http fetch GET 200 https://registry.npmjs.org/sntp 2ms (cache hit)
300 silly packumentCache corgi:https://registry.npmjs.org/sntp set size:23314 disposed:false
301 http fetch GET 200 https://registry.npmjs.org/boom 3ms (cache hit)
302 silly packumentCache corgi:https://registry.npmjs.org/boom set size:64049 disposed:false
303 silly packumentCache corgi:https://registry.npmjs.org/jsprim cache-miss
304 http fetch GET 200 https://registry.npmjs.org/jsprim 1ms (cache hit)
305 silly packumentCache corgi:https://registry.npmjs.org/jsprim set size:18472 disposed:false
306 silly packumentCache corgi:https://registry.npmjs.org/http-signature cache-miss
307 http fetch GET 200 https://registry.npmjs.org/http-signature 1ms (cache hit)
308 silly packumentCache corgi:https://registry.npmjs.org/http-signature set size:25024 disposed:false
309 silly packumentCache corgi:https://registry.npmjs.org/term-size cache-miss
310 http fetch GET 200 https://registry.npmjs.org/term-size 1ms (cache hit)
311 silly packumentCache corgi:https://registry.npmjs.org/term-size set size:16458 disposed:false
312 silly packumentCache corgi:https://registry.npmjs.org/registry-auth-token cache-miss
313 silly packumentCache corgi:https://registry.npmjs.org/registry-url cache-miss
314 http fetch GET 200 https://registry.npmjs.org/registry-auth-token 4ms (cache hit)
315 silly packumentCache corgi:https://registry.npmjs.org/registry-auth-token set size:26580 disposed:false
316 http fetch GET 200 https://registry.npmjs.org/registry-url 4ms (cache hit)
317 silly packumentCache corgi:https://registry.npmjs.org/registry-url set size:14057 disposed:false
318 silly packumentCache corgi:https://registry.npmjs.org/latest-version cache-miss
319 http fetch GET 200 https://registry.npmjs.org/latest-version 2ms (cache hit)
320 silly packumentCache corgi:https://registry.npmjs.org/latest-version set size:15360 disposed:false
321 silly packumentCache corgi:https://registry.npmjs.org/cmd-shim cache-miss
322 silly packumentCache corgi:https://registry.npmjs.org/move-concurrently cache-miss
323 silly packumentCache corgi:https://registry.npmjs.org/copy-concurrently cache-miss
324 http fetch GET 200 https://registry.npmjs.org/cmd-shim 8ms (cache hit)
325 silly packumentCache corgi:https://registry.npmjs.org/cmd-shim set size:26182 disposed:false
326 http fetch GET 200 https://registry.npmjs.org/copy-concurrently 7ms (cache hit)
327 silly packumentCache corgi:https://registry.npmjs.org/copy-concurrently set size:4874 disposed:false
328 http fetch GET 200 https://registry.npmjs.org/move-concurrently 8ms (cache hit)
329 silly packumentCache corgi:https://registry.npmjs.org/move-concurrently set size:1722 disposed:false
330 silly packumentCache corgi:https://registry.npmjs.org/cryptiles cache-miss
331 http fetch GET 200 https://registry.npmjs.org/cryptiles 2ms (cache hit)
332 silly packumentCache corgi:https://registry.npmjs.org/cryptiles set size:33327 disposed:false
333 silly packumentCache corgi:https://registry.npmjs.org/boxen cache-miss
334 http fetch GET 200 https://registry.npmjs.org/boxen 2ms (cache hit)
335 silly packumentCache corgi:https://registry.npmjs.org/boxen set size:47703 disposed:false
336 silly packumentCache corgi:https://registry.npmjs.org/update-notifier cache-miss
337 http fetch GET 200 https://registry.npmjs.org/update-notifier 1ms (cache hit)
338 silly packumentCache corgi:https://registry.npmjs.org/update-notifier set size:56608 disposed:false
339 silly ADD node_modules/ecdsa-sig-formatter
340 silly ADD node_modules/buffer-equal-constant-time
341 silly ADD node_modules/jwa
342 silly ADD node_modules/lodash.once
343 silly ADD node_modules/lodash.isstring
344 silly ADD node_modules/lodash.isplainobject
345 silly ADD node_modules/lodash.isnumber
346 silly ADD node_modules/lodash.isinteger
347 silly ADD node_modules/lodash.isboolean
348 silly ADD node_modules/lodash.includes
349 silly ADD node_modules/jws
350 silly ADD node_modules/jsonwebtoken
351 silly ADD node_modules/jsonwebtoken/node_modules/ms
352 verbose cwd /home/app/monannonce
353 verbose os Linux 5.15.0-125-generic
354 verbose node v22.11.0
355 verbose npm  v10.9.0
356 verbose exit 0
357 info ok
