0 verbose cli /usr/local/bin/node /usr/local/bin/npm
1 info using npm@10.9.0
2 info using node@v22.11.0
3 silly config load:file:/usr/local/lib/node_modules/npm/npmrc
4 silly config load:file:/home/app/monannonce/.npmrc
5 silly config load:file:/home/app/.npmrc
6 silly config load:file:/usr/local/etc/npmrc
7 verbose title npm i jsontoken
8 verbose argv "i" "jsontoken"
9 verbose logfile logs-max:10 dir:/home/app/.npm/_logs/2024-11-21T14_35_11_421Z-
10 verbose logfile /home/app/.npm/_logs/2024-11-21T14_35_11_421Z-debug-0.log
11 silly logfile start cleaning logs, removing 1 files
12 silly packumentCache heap:4345298944 maxSize:1086324736 maxEntrySize:543162368
13 silly logfile done cleaning log files
14 silly idealTree buildDeps
15 silly fetch manifest jsontoken@*
16 silly packumentCache full:https://registry.npmjs.org/jsontoken cache-miss
17 http fetch GET 404 https://registry.npmjs.org/jsontoken 979ms (cache skip)
18 silly placeDep ROOT jsontoken@ OK for: monannonce@1.0.0 want: *
19 verbose stack HttpErrorGeneral: 404 Not Found - GET https://registry.npmjs.org/jsontoken - Not found
19 verbose stack     at /usr/local/lib/node_modules/npm/node_modules/npm-registry-fetch/lib/check-response.js:95:15
19 verbose stack     at process.processTicksAndRejections (node:internal/process/task_queues:105:5)
19 verbose stack     at async RegistryFetcher.packument (/usr/local/lib/node_modules/npm/node_modules/pacote/lib/registry.js:90:19)
19 verbose stack     at async RegistryFetcher.manifest (/usr/local/lib/node_modules/npm/node_modules/pacote/lib/registry.js:128:23)
19 verbose stack     at async #fetchManifest (/usr/local/lib/node_modules/npm/node_modules/@npmcli/arborist/lib/arborist/build-ideal-tree.js:1202:20)
19 verbose stack     at async #nodeFromEdge (/usr/local/lib/node_modules/npm/node_modules/@npmcli/arborist/lib/arborist/build-ideal-tree.js:1040:19)
19 verbose stack     at async #buildDepStep (/usr/local/lib/node_modules/npm/node_modules/@npmcli/arborist/lib/arborist/build-ideal-tree.js:904:11)
19 verbose stack     at async Arborist.buildIdealTree (/usr/local/lib/node_modules/npm/node_modules/@npmcli/arborist/lib/arborist/build-ideal-tree.js:181:7)
19 verbose stack     at async Promise.all (index 1)
19 verbose stack     at async Arborist.reify (/usr/local/lib/node_modules/npm/node_modules/@npmcli/arborist/lib/arborist/reify.js:131:5)
20 verbose statusCode 404
21 verbose pkgid jsontoken@*
22 error code E404
23 error 404 Not Found - GET https://registry.npmjs.org/jsontoken - Not found
24 error 404
25 error 404  'jsontoken@*' is not in this registry.
26 error 404
27 error 404 Note that you can also install from a
28 error 404 tarball, folder, http url, or git url.
29 silly unfinished npm timer reify 1732199711747
30 silly unfinished npm timer reify:loadTrees 1732199711750
31 verbose cwd /home/app/monannonce
32 verbose os Linux 5.15.0-125-generic
33 verbose node v22.11.0
34 verbose npm  v10.9.0
35 verbose exit 1
36 verbose code 1
37 error A complete log of this run can be found in: /home/app/.npm/_logs/2024-11-21T14_35_11_421Z-debug-0.log
