0 verbose cli /usr/local/bin/node /usr/local/bin/npm
1 info using npm@10.9.0
2 info using node@v22.11.0
3 silly config load:file:/usr/local/lib/node_modules/npm/npmrc
4 silly config load:file:/home/app/monannonce/.npmrc
5 silly config load:file:/home/app/.npmrc
6 silly config load:file:/usr/local/etc/npmrc
7 verbose title npm i mongoose
8 verbose argv "i" "mongoose"
9 verbose logfile logs-max:10 dir:/home/app/.npm/_logs/2024-11-20T09_25_54_606Z-
10 verbose logfile /home/app/.npm/_logs/2024-11-20T09_25_54_606Z-debug-0.log
11 silly logfile start cleaning logs, removing 1 files
12 silly packumentCache heap:4345298944 maxSize:1086324736 maxEntrySize:543162368
13 silly logfile done cleaning log files
14 silly idealTree buildDeps
15 silly fetch manifest mongoose@*
16 silly packumentCache full:https://registry.npmjs.org/mongoose cache-miss
17 http fetch GET 200 https://registry.npmjs.org/mongoose 222ms (cache miss)
18 silly packumentCache full:https://registry.npmjs.org/mongoose set size:undefined disposed:false
19 silly placeDep ROOT mongoose@8.8.2 OK for: monannonce@1.0.0 want: *
20 silly fetch manifest bson@^6.7.0
21 silly packumentCache full:https://registry.npmjs.org/bson cache-miss
22 silly fetch manifest kareem@2.6.3
23 silly packumentCache full:https://registry.npmjs.org/kareem cache-miss
24 silly fetch manifest mongodb@~6.10.0
25 silly packumentCache full:https://registry.npmjs.org/mongodb cache-miss
26 silly fetch manifest mpath@0.9.0
27 silly packumentCache full:https://registry.npmjs.org/mpath cache-miss
28 silly fetch manifest mquery@5.0.0
29 silly packumentCache full:https://registry.npmjs.org/mquery cache-miss
30 silly fetch manifest ms@2.1.3
31 silly packumentCache full:https://registry.npmjs.org/ms cache-miss
32 silly fetch manifest sift@17.1.3
33 silly packumentCache full:https://registry.npmjs.org/sift cache-miss
34 http fetch GET 200 https://registry.npmjs.org/bson 90ms (cache miss)
35 silly packumentCache full:https://registry.npmjs.org/bson set size:undefined disposed:false
36 http fetch GET 200 https://registry.npmjs.org/ms 106ms (cache revalidated)
37 silly packumentCache full:https://registry.npmjs.org/ms set size:84885 disposed:false
38 http fetch GET 200 https://registry.npmjs.org/kareem 117ms (cache miss)
39 silly packumentCache full:https://registry.npmjs.org/kareem set size:undefined disposed:false
40 http fetch GET 200 https://registry.npmjs.org/mquery 129ms (cache miss)
41 silly packumentCache full:https://registry.npmjs.org/mquery set size:undefined disposed:false
42 http fetch GET 200 https://registry.npmjs.org/sift 176ms (cache miss)
43 silly packumentCache full:https://registry.npmjs.org/sift set size:undefined disposed:false
44 http fetch GET 200 https://registry.npmjs.org/mongodb 218ms (cache miss)
45 silly packumentCache full:https://registry.npmjs.org/mongodb set size:undefined disposed:false
46 http fetch GET 200 https://registry.npmjs.org/mpath 489ms (cache miss)
47 silly packumentCache full:https://registry.npmjs.org/mpath set size:undefined disposed:false
48 silly fetch manifest @aws-sdk/credential-providers@^3.188.0
49 silly packumentCache full:https://registry.npmjs.org/@aws-sdk%2fcredential-providers cache-miss
50 http fetch GET 200 https://registry.npmjs.org/@aws-sdk%2fcredential-providers 104ms (cache miss)
51 silly packumentCache full:https://registry.npmjs.org/@aws-sdk%2fcredential-providers set size:undefined disposed:false
52 silly fetch manifest @mongodb-js/zstd@^1.1.0
53 silly packumentCache full:https://registry.npmjs.org/@mongodb-js%2fzstd cache-miss
54 http fetch GET 200 https://registry.npmjs.org/@mongodb-js%2fzstd 73ms (cache miss)
55 silly packumentCache full:https://registry.npmjs.org/@mongodb-js%2fzstd set size:undefined disposed:false
56 silly fetch manifest gcp-metadata@^5.2.0
57 silly packumentCache full:https://registry.npmjs.org/gcp-metadata cache-miss
58 http fetch GET 200 https://registry.npmjs.org/gcp-metadata 64ms (cache miss)
59 silly packumentCache full:https://registry.npmjs.org/gcp-metadata set size:undefined disposed:false
60 silly fetch manifest kerberos@^2.0.1
61 silly packumentCache full:https://registry.npmjs.org/kerberos cache-miss
62 http fetch GET 200 https://registry.npmjs.org/kerberos 40ms (cache miss)
63 silly packumentCache full:https://registry.npmjs.org/kerberos set size:undefined disposed:false
64 silly fetch manifest mongodb-client-encryption@>=6.0.0 <7
65 silly packumentCache full:https://registry.npmjs.org/mongodb-client-encryption cache-miss
66 http fetch GET 200 https://registry.npmjs.org/mongodb-client-encryption 44ms (cache miss)
67 silly packumentCache full:https://registry.npmjs.org/mongodb-client-encryption set size:undefined disposed:false
68 silly fetch manifest snappy@^7.2.2
69 silly packumentCache full:https://registry.npmjs.org/snappy cache-miss
70 http fetch GET 200 https://registry.npmjs.org/snappy 43ms (cache miss)
71 silly packumentCache full:https://registry.npmjs.org/snappy set size:undefined disposed:false
72 silly fetch manifest socks@^2.7.1
73 silly packumentCache full:https://registry.npmjs.org/socks cache-miss
74 http fetch GET 200 https://registry.npmjs.org/socks 46ms (cache miss)
75 silly packumentCache full:https://registry.npmjs.org/socks set size:undefined disposed:false
76 silly placeDep ROOT bson@6.10.0 OK for: mongoose@8.8.2 want: ^6.7.0
77 silly placeDep ROOT kareem@2.6.3 OK for: mongoose@8.8.2 want: 2.6.3
78 silly placeDep ROOT mongodb@6.10.0 OK for: mongoose@8.8.2 want: ~6.10.0
79 silly placeDep ROOT mpath@0.9.0 OK for: mongoose@8.8.2 want: 0.9.0
80 silly placeDep ROOT mquery@5.0.0 OK for: mongoose@8.8.2 want: 5.0.0
81 silly placeDep node_modules/mongoose ms@2.1.3 OK for: mongoose@8.8.2 want: 2.1.3
82 silly placeDep ROOT sift@17.1.3 OK for: mongoose@8.8.2 want: 17.1.3
83 silly fetch manifest @mongodb-js/saslprep@^1.1.5
84 silly packumentCache full:https://registry.npmjs.org/@mongodb-js%2fsaslprep cache-miss
85 silly fetch manifest mongodb-connection-string-url@^3.0.0
86 silly packumentCache full:https://registry.npmjs.org/mongodb-connection-string-url cache-miss
87 silly fetch manifest debug@4.x
88 silly packumentCache full:https://registry.npmjs.org/debug cache-miss
89 http fetch GET 200 https://registry.npmjs.org/mongodb-connection-string-url 46ms (cache miss)
90 silly packumentCache full:https://registry.npmjs.org/mongodb-connection-string-url set size:undefined disposed:false
91 http fetch GET 200 https://registry.npmjs.org/debug 49ms (cache revalidated)
92 silly packumentCache full:https://registry.npmjs.org/debug set size:188929 disposed:false
93 http fetch GET 200 https://registry.npmjs.org/@mongodb-js%2fsaslprep 76ms (cache miss)
94 silly packumentCache full:https://registry.npmjs.org/@mongodb-js%2fsaslprep set size:undefined disposed:false
95 silly placeDep ROOT @mongodb-js/saslprep@1.1.9 OK for: mongodb@6.10.0 want: ^1.1.5
96 silly placeDep ROOT mongodb-connection-string-url@3.0.1 OK for: mongodb@6.10.0 want: ^3.0.0
97 silly fetch manifest sparse-bitfield@^3.0.3
98 silly packumentCache full:https://registry.npmjs.org/sparse-bitfield cache-miss
99 silly fetch manifest whatwg-url@^13.0.0
100 silly packumentCache full:https://registry.npmjs.org/whatwg-url cache-miss
101 silly fetch manifest @types/whatwg-url@^11.0.2
102 silly packumentCache full:https://registry.npmjs.org/@types%2fwhatwg-url cache-miss
103 http fetch GET 200 https://registry.npmjs.org/whatwg-url 40ms (cache miss)
104 silly packumentCache full:https://registry.npmjs.org/whatwg-url set size:undefined disposed:false
105 http fetch GET 200 https://registry.npmjs.org/sparse-bitfield 44ms (cache miss)
106 silly packumentCache full:https://registry.npmjs.org/sparse-bitfield set size:undefined disposed:false
107 http fetch GET 200 https://registry.npmjs.org/@types%2fwhatwg-url 52ms (cache miss)
108 silly packumentCache full:https://registry.npmjs.org/@types%2fwhatwg-url set size:undefined disposed:false
109 silly placeDep ROOT sparse-bitfield@3.0.3 OK for: @mongodb-js/saslprep@1.1.9 want: ^3.0.3
110 silly fetch manifest memory-pager@^1.0.2
111 silly packumentCache full:https://registry.npmjs.org/memory-pager cache-miss
112 http fetch GET 200 https://registry.npmjs.org/memory-pager 37ms (cache miss)
113 silly packumentCache full:https://registry.npmjs.org/memory-pager set size:undefined disposed:false
114 silly placeDep ROOT @types/whatwg-url@11.0.5 OK for: mongodb-connection-string-url@3.0.1 want: ^11.0.2
115 silly placeDep ROOT whatwg-url@13.0.0 OK for: mongodb-connection-string-url@3.0.1 want: ^13.0.0
116 silly fetch manifest @types/webidl-conversions@*
117 silly packumentCache full:https://registry.npmjs.org/@types%2fwebidl-conversions cache-miss
118 silly fetch manifest tr46@^4.1.1
119 silly packumentCache full:https://registry.npmjs.org/tr46 cache-miss
120 silly fetch manifest webidl-conversions@^7.0.0
121 silly packumentCache full:https://registry.npmjs.org/webidl-conversions cache-miss
122 http fetch GET 200 https://registry.npmjs.org/webidl-conversions 37ms (cache miss)
123 silly packumentCache full:https://registry.npmjs.org/webidl-conversions set size:undefined disposed:false
124 http fetch GET 200 https://registry.npmjs.org/tr46 38ms (cache miss)
125 silly packumentCache full:https://registry.npmjs.org/tr46 set size:undefined disposed:false
126 http fetch GET 200 https://registry.npmjs.org/@types%2fwebidl-conversions 565ms (cache miss)
127 silly packumentCache full:https://registry.npmjs.org/@types%2fwebidl-conversions set size:undefined disposed:false
128 silly placeDep ROOT @types/webidl-conversions@7.0.3 OK for: @types/whatwg-url@11.0.5 want: *
129 silly placeDep node_modules/mquery debug@4.3.7 OK for: mquery@5.0.0 want: 4.x
130 silly fetch manifest ms@^2.1.3
131 silly packumentCache full:https://registry.npmjs.org/ms cache-hit
132 silly placeDep ROOT memory-pager@1.5.0 OK for: sparse-bitfield@3.0.3 want: ^1.0.2
133 silly placeDep ROOT tr46@4.1.1 OK for: whatwg-url@13.0.0 want: ^4.1.1
134 silly placeDep ROOT webidl-conversions@7.0.0 OK for: whatwg-url@13.0.0 want: ^7.0.0
135 silly fetch manifest punycode@^2.3.0
136 silly packumentCache full:https://registry.npmjs.org/punycode cache-miss
137 http fetch GET 200 https://registry.npmjs.org/punycode 53ms (cache miss)
138 silly packumentCache full:https://registry.npmjs.org/punycode set size:undefined disposed:false
139 silly placeDep ROOT punycode@2.3.1 OK for: tr46@4.1.1 want: ^2.3.0
140 silly placeDep node_modules/mquery ms@2.1.3 OK for: debug@4.3.7 want: ^2.1.3
141 silly reify moves {}
142 silly audit bulk request {
142 silly audit   '@types/debug': [ '4.1.12' ],
142 silly audit   '@types/ms': [ '0.7.34' ],
142 silly audit   '@types/node': [ '22.9.0' ],
142 silly audit   '@types/validator': [ '13.12.2' ],
142 silly audit   accepts: [ '1.3.8' ],
142 silly audit   'array-flatten': [ '1.1.1' ],
142 silly audit   'body-parser': [ '1.20.3' ],
142 silly audit   bytes: [ '3.1.2' ],
142 silly audit   'call-bind': [ '1.0.7' ],
142 silly audit   'content-disposition': [ '0.5.4' ],
142 silly audit   'content-type': [ '1.0.5' ],
142 silly audit   cookie: [ '0.7.1' ],
142 silly audit   'cookie-signature': [ '1.0.6' ],
142 silly audit   debug: [ '2.6.9', '4.3.7' ],
142 silly audit   'define-data-property': [ '1.1.4' ],
142 silly audit   depd: [ '2.0.0' ],
142 silly audit   destroy: [ '1.2.0' ],
142 silly audit   dottie: [ '2.0.6' ],
142 silly audit   'ee-first': [ '1.1.1' ],
142 silly audit   encodeurl: [ '2.0.0', '1.0.2' ],
142 silly audit   'es-define-property': [ '1.0.0' ],
142 silly audit   'es-errors': [ '1.3.0' ],
142 silly audit   'escape-html': [ '1.0.3' ],
142 silly audit   etag: [ '1.8.1' ],
142 silly audit   express: [ '4.21.1' ],
142 silly audit   finalhandler: [ '1.3.1' ],
142 silly audit   forwarded: [ '0.2.0' ],
142 silly audit   fresh: [ '0.5.2' ],
142 silly audit   'function-bind': [ '1.1.2' ],
142 silly audit   'get-intrinsic': [ '1.2.4' ],
142 silly audit   gopd: [ '1.0.1' ],
142 silly audit   'has-property-descriptors': [ '1.0.2' ],
142 silly audit   'has-proto': [ '1.0.3' ],
142 silly audit   'has-symbols': [ '1.0.3' ],
142 silly audit   hasown: [ '2.0.2' ],
142 silly audit   'http-errors': [ '2.0.0' ],
142 silly audit   'iconv-lite': [ '0.4.24' ],
142 silly audit   inflection: [ '1.13.4' ],
142 silly audit   inherits: [ '2.0.4' ],
142 silly audit   'ipaddr.js': [ '1.9.1' ],
142 silly audit   lodash: [ '4.17.21' ],
142 silly audit   'media-typer': [ '0.3.0' ],
142 silly audit   'merge-descriptors': [ '1.0.3' ],
142 silly audit   methods: [ '1.1.2' ],
142 silly audit   mime: [ '1.6.0' ],
142 silly audit   'mime-db': [ '1.52.0' ],
142 silly audit   'mime-types': [ '2.1.35' ],
142 silly audit   moment: [ '2.30.1' ],
142 silly audit   'moment-timezone': [ '0.5.46' ],
142 silly audit   ms: [ '2.0.0', '2.1.3' ],
142 silly audit   negotiator: [ '0.6.3' ],
142 silly audit   'object-inspect': [ '1.13.3' ],
142 silly audit   'on-finished': [ '2.4.1' ],
142 silly audit   parseurl: [ '1.3.3' ],
142 silly audit   'path-to-regexp': [ '0.1.10' ],
142 silly audit   'pg-connection-string': [ '2.7.0' ],
142 silly audit   'proxy-addr': [ '2.0.7' ],
142 silly audit   qs: [ '6.13.0' ],
142 silly audit   'range-parser': [ '1.2.1' ],
142 silly audit   'raw-body': [ '2.5.2' ],
142 silly audit   'retry-as-promised': [ '7.0.4' ],
142 silly audit   'safe-buffer': [ '5.2.1' ],
142 silly audit   'safer-buffer': [ '2.1.2' ],
142 silly audit   semver: [ '7.6.3' ],
142 silly audit   send: [ '0.19.0' ],
142 silly audit   sequelize: [ '6.37.5' ],
142 silly audit   'sequelize-pool': [ '7.1.0' ],
142 silly audit   'serve-static': [ '1.16.2' ],
142 silly audit   'set-function-length': [ '1.2.2' ],
142 silly audit   setprototypeof: [ '1.2.0' ],
142 silly audit   'side-channel': [ '1.0.6' ],
142 silly audit   statuses: [ '2.0.1' ],
142 silly audit   toidentifier: [ '1.0.1' ],
142 silly audit   'toposort-class': [ '1.0.1' ],
142 silly audit   'type-is': [ '1.6.18' ],
142 silly audit   'undici-types': [ '6.19.8' ],
142 silly audit   unpipe: [ '1.0.0' ],
142 silly audit   'utils-merge': [ '1.0.1' ],
142 silly audit   uuid: [ '8.3.2' ],
142 silly audit   validator: [ '13.12.0' ],
142 silly audit   vary: [ '1.1.2' ],
142 silly audit   wkx: [ '0.5.0' ],
142 silly audit   mongoose: [ '8.8.2' ],
142 silly audit   bson: [ '6.10.0' ],
142 silly audit   kareem: [ '2.6.3' ],
142 silly audit   mongodb: [ '6.10.0' ],
142 silly audit   mpath: [ '0.9.0' ],
142 silly audit   mquery: [ '5.0.0' ],
142 silly audit   sift: [ '17.1.3' ],
142 silly audit   '@mongodb-js/saslprep': [ '1.1.9' ],
142 silly audit   'mongodb-connection-string-url': [ '3.0.1' ],
142 silly audit   'sparse-bitfield': [ '3.0.3' ],
142 silly audit   '@types/whatwg-url': [ '11.0.5' ],
142 silly audit   'whatwg-url': [ '13.0.0' ],
142 silly audit   '@types/webidl-conversions': [ '7.0.3' ],
142 silly audit   'memory-pager': [ '1.5.0' ],
142 silly audit   tr46: [ '4.1.1' ],
142 silly audit   'webidl-conversions': [ '7.0.0' ],
142 silly audit   punycode: [ '2.3.1' ]
142 silly audit }
143 silly tarball no local data for punycode@https://registry.npmjs.org/punycode/-/punycode-2.3.1.tgz. Extracting by manifest.
144 silly tarball no local data for webidl-conversions@https://registry.npmjs.org/webidl-conversions/-/webidl-conversions-7.0.0.tgz. Extracting by manifest.
145 silly tarball no local data for tr46@https://registry.npmjs.org/tr46/-/tr46-4.1.1.tgz. Extracting by manifest.
146 silly tarball no local data for @types/webidl-conversions@https://registry.npmjs.org/@types/webidl-conversions/-/webidl-conversions-7.0.3.tgz. Extracting by manifest.
147 silly tarball no local data for whatwg-url@https://registry.npmjs.org/whatwg-url/-/whatwg-url-13.0.0.tgz. Extracting by manifest.
148 silly tarball no local data for memory-pager@https://registry.npmjs.org/memory-pager/-/memory-pager-1.5.0.tgz. Extracting by manifest.
149 silly tarball no local data for sparse-bitfield@https://registry.npmjs.org/sparse-bitfield/-/sparse-bitfield-3.0.3.tgz. Extracting by manifest.
150 silly tarball no local data for @types/whatwg-url@https://registry.npmjs.org/@types/whatwg-url/-/whatwg-url-11.0.5.tgz. Extracting by manifest.
151 silly tarball no local data for mongodb-connection-string-url@https://registry.npmjs.org/mongodb-connection-string-url/-/mongodb-connection-string-url-3.0.1.tgz. Extracting by manifest.
152 silly tarball no local data for @mongodb-js/saslprep@https://registry.npmjs.org/@mongodb-js/saslprep/-/saslprep-1.1.9.tgz. Extracting by manifest.
153 silly tarball no local data for mquery@https://registry.npmjs.org/mquery/-/mquery-5.0.0.tgz. Extracting by manifest.
154 silly tarball no local data for sift@https://registry.npmjs.org/sift/-/sift-17.1.3.tgz. Extracting by manifest.
155 silly tarball no local data for mongodb@https://registry.npmjs.org/mongodb/-/mongodb-6.10.0.tgz. Extracting by manifest.
156 silly tarball no local data for mpath@https://registry.npmjs.org/mpath/-/mpath-0.9.0.tgz. Extracting by manifest.
157 silly tarball no local data for kareem@https://registry.npmjs.org/kareem/-/kareem-2.6.3.tgz. Extracting by manifest.
158 silly tarball no local data for bson@https://registry.npmjs.org/bson/-/bson-6.10.0.tgz. Extracting by manifest.
159 silly tarball no local data for mongoose@https://registry.npmjs.org/mongoose/-/mongoose-8.8.2.tgz. Extracting by manifest.
160 http fetch GET 200 https://registry.npmjs.org/webidl-conversions/-/webidl-conversions-7.0.0.tgz 44ms (cache miss)
161 http fetch GET 200 https://registry.npmjs.org/memory-pager/-/memory-pager-1.5.0.tgz 112ms (cache miss)
162 http fetch GET 200 https://registry.npmjs.org/punycode/-/punycode-2.3.1.tgz 114ms (cache miss)
163 http fetch GET 200 https://registry.npmjs.org/@types/webidl-conversions/-/webidl-conversions-7.0.3.tgz 113ms (cache miss)
164 http fetch GET 200 https://registry.npmjs.org/tr46/-/tr46-4.1.1.tgz 118ms (cache miss)
165 http fetch GET 200 https://registry.npmjs.org/kareem/-/kareem-2.6.3.tgz 116ms (cache miss)
166 http fetch GET 200 https://registry.npmjs.org/whatwg-url/-/whatwg-url-13.0.0.tgz 124ms (cache miss)
167 http fetch GET 200 https://registry.npmjs.org/@types/whatwg-url/-/whatwg-url-11.0.5.tgz 169ms (cache miss)
168 http fetch GET 200 https://registry.npmjs.org/sparse-bitfield/-/sparse-bitfield-3.0.3.tgz 170ms (cache miss)
169 http fetch POST 200 https://registry.npmjs.org/-/npm/v1/security/advisories/bulk 194ms
170 silly audit report {}
171 http fetch GET 200 https://registry.npmjs.org/mongodb-connection-string-url/-/mongodb-connection-string-url-3.0.1.tgz 182ms (cache miss)
172 http fetch GET 200 https://registry.npmjs.org/mpath/-/mpath-0.9.0.tgz 186ms (cache miss)
173 http fetch GET 200 https://registry.npmjs.org/mquery/-/mquery-5.0.0.tgz 202ms (cache miss)
174 http fetch GET 200 https://registry.npmjs.org/sift/-/sift-17.1.3.tgz 221ms (cache miss)
175 http fetch GET 200 https://registry.npmjs.org/@mongodb-js/saslprep/-/saslprep-1.1.9.tgz 229ms (cache miss)
176 http fetch GET 200 https://registry.npmjs.org/bson/-/bson-6.10.0.tgz 253ms (cache miss)
177 http fetch GET 200 https://registry.npmjs.org/mongoose/-/mongoose-8.8.2.tgz 330ms (cache miss)
178 http fetch GET 200 https://registry.npmjs.org/mongodb/-/mongodb-6.10.0.tgz 360ms (cache miss)
179 silly ADD node_modules/punycode
180 silly ADD node_modules/webidl-conversions
181 silly ADD node_modules/tr46
182 silly ADD node_modules/memory-pager
183 silly ADD node_modules/@types/webidl-conversions
184 silly ADD node_modules/whatwg-url
185 silly ADD node_modules/@types/whatwg-url
186 silly ADD node_modules/sparse-bitfield
187 silly ADD node_modules/mongodb-connection-string-url
188 silly ADD node_modules/@mongodb-js/saslprep
189 silly ADD node_modules/sift
190 silly ADD node_modules/mquery
191 silly ADD node_modules/mquery/node_modules/ms
192 silly ADD node_modules/mquery/node_modules/debug
193 silly ADD node_modules/mpath
194 silly ADD node_modules/mongodb
195 silly ADD node_modules/kareem
196 silly ADD node_modules/bson
197 silly ADD node_modules/mongoose
198 silly ADD node_modules/mongoose/node_modules/ms
199 verbose cwd /home/app/monannonce
200 verbose os Linux 5.15.0-125-generic
201 verbose node v22.11.0
202 verbose npm  v10.9.0
203 verbose exit 0
204 info ok
