0 verbose cli /usr/local/bin/node /usr/local/bin/npm
1 info using npm@10.9.0
2 info using node@v22.11.0
3 silly config load:file:/usr/local/lib/node_modules/npm/npmrc
4 silly config load:file:/home/app/monannonce/.npmrc
5 silly config load:file:/home/app/.npmrc
6 silly config load:file:/usr/local/etc/npmrc
7 verbose title npm i
8 verbose argv "i"
9 verbose logfile logs-max:10 dir:/home/app/.npm/_logs/2025-01-19T19_16_04_000Z-
10 verbose logfile /home/app/.npm/_logs/2025-01-19T19_16_04_000Z-debug-0.log
11 silly logfile start cleaning logs, removing 1 files
12 silly packumentCache heap:4345298944 maxSize:1086324736 maxEntrySize:543162368
13 silly logfile done cleaning log files
14 silly idealTree buildDeps
15 verbose shrinkwrap failed to load node_modules/.package-lock.json missing from node_modules: node_modules/@mapbox/node-pre-gyp
16 silly reify moves {}
17 silly audit bulk request {
17 silly audit   '@isaacs/cliui': [ '8.0.2' ],
17 silly audit   '@mapbox/node-pre-gyp': [ '1.0.11' ],
17 silly audit   abbrev: [ '1.1.1', '2.0.0', '1.1.0' ],
17 silly audit   nopt: [ '5.0.0', '7.2.1', '4.0.1', '3.0.6' ],
17 silly audit   '@mongodb-js/saslprep': [ '1.1.9' ],
17 silly audit   '@one-ini/wasm': [ '0.1.1' ],
17 silly audit   '@pkgjs/parseargs': [ '0.11.0' ],
17 silly audit   '@types/debug': [ '4.1.12' ],
17 silly audit   '@types/geojson': [ '7946.0.14' ],
17 silly audit   '@types/ms': [ '0.7.34' ],
17 silly audit   '@types/node': [ '22.9.0' ],
17 silly audit   '@types/validator': [ '13.12.2' ],
17 silly audit   '@types/webidl-conversions': [ '7.0.3' ],
17 silly audit   '@types/whatwg-url': [ '11.0.5' ],
17 silly audit   accepts: [ '1.3.8' ],
17 silly audit   'agent-base': [ '6.0.2', '4.1.0' ],
17 silly audit   debug: [ '4.3.7', '2.6.9', '2.6.8' ],
17 silly audit   ms: [ '2.1.3', '2.0.0' ],
17 silly audit   'ansi-regex': [ '6.1.0', '5.0.1', '3.0.0', '2.1.1' ],
17 silly audit   'ansi-styles': [ '6.2.1', '4.3.0', '3.2.1', '2.2.1' ],
17 silly audit   aproba: [ '2.0.0', '1.1.2' ],
17 silly audit   'are-we-there-yet': [ '2.0.0', '1.1.4' ],
17 silly audit   'array-flatten': [ '1.1.1' ],
17 silly audit   'at-least-node': [ '1.0.0' ],
17 silly audit   'balanced-match': [ '1.0.2', '1.0.0' ],
17 silly audit   bcrypt: [ '5.1.1' ],
17 silly audit   bcryptjs: [ '2.4.3' ],
17 silly audit   bluebird: [ '3.7.2', '3.5.0' ],
17 silly audit   'body-parser': [ '1.20.3' ],
17 silly audit   'brace-expansion': [ '2.0.1', '1.1.11', '1.1.8' ],
17 silly audit   bson: [ '6.10.0' ],
17 silly audit   'buffer-equal-constant-time': [ '1.0.1' ],
17 silly audit   bytes: [ '3.1.2' ],
17 silly audit   'call-bind': [ '1.0.7' ],
17 silly audit   chownr: [ '2.0.0', '1.0.1' ],
17 silly audit   'cli-color': [ '2.0.4' ],
17 silly audit   cliui: [ '7.0.4', '4.1.0' ],
17 silly audit   'emoji-regex': [ '8.0.0', '9.2.2' ],
17 silly audit   'string-width': [ '4.2.3', '5.1.2', '1.0.2', '2.1.0', '2.1.1' ],
17 silly audit   'strip-ansi': [ '6.0.1', '7.1.0', '3.0.1', '4.0.0' ],
17 silly audit   'wrap-ansi': [ '7.0.0', '8.1.0', '2.1.0' ],
17 silly audit   'color-convert': [ '2.0.1', '1.9.3' ],
17 silly audit   'color-name': [ '1.1.4', '1.1.3' ],
17 silly audit   'color-support': [ '1.1.3' ],
17 silly audit   commander: [ '10.0.1' ],
17 silly audit   'concat-map': [ '0.0.1' ],
17 silly audit   'config-chain': [ '1.1.13', '1.1.11' ],
17 silly audit   'console-control-strings': [ '1.1.0' ],
17 silly audit   'content-disposition': [ '0.5.4' ],
17 silly audit   'content-type': [ '1.0.5' ],
17 silly audit   cookie: [ '0.7.1' ],
17 silly audit   'cookie-signature': [ '1.0.6' ],
17 silly audit   'cross-spawn': [ '7.0.6', '5.1.0', '6.0.5' ],
17 silly audit   d: [ '1.0.2' ],
17 silly audit   daemon: [ '1.1.0' ],
17 silly audit   'define-data-property': [ '1.1.4' ],
17 silly audit   delegates: [ '1.0.0' ],
17 silly audit   denque: [ '2.1.0' ],
17 silly audit   depd: [ '2.0.0' ],
17 silly audit   destroy: [ '1.2.0' ],
17 silly audit   'detect-libc': [ '2.0.3' ],
17 silly audit   dotenv: [ '16.4.5', '5.0.1' ],
17 silly audit   dottie: [ '2.0.6' ],
17 silly audit   eastasianwidth: [ '0.2.0' ],
17 silly audit   'ecdsa-sig-formatter': [ '1.0.11' ],
17 silly audit   editorconfig: [ '1.0.4' ],
17 silly audit   'ee-first': [ '1.1.1' ],
17 silly audit   encodeurl: [ '2.0.0', '1.0.2' ],
17 silly audit   'es-define-property': [ '1.0.0' ],
17 silly audit   'es-errors': [ '1.3.0' ],
17 silly audit   'es5-ext': [ '0.10.64' ],
17 silly audit   'es6-iterator': [ '2.0.3' ],
17 silly audit   'es6-symbol': [ '3.1.4' ],
17 silly audit   'es6-weak-map': [ '2.0.3' ],
17 silly audit   escalade: [ '3.2.0' ],
17 silly audit   'escape-html': [ '1.0.3' ],
17 silly audit   esniff: [ '2.0.1' ],
17 silly audit   etag: [ '1.8.1' ],
17 silly audit   'event-emitter': [ '0.3.5' ],
17 silly audit   express: [ '4.21.1' ],
17 silly audit   'express-validator': [ '7.2.0' ],
17 silly audit   ext: [ '1.7.0' ],
17 silly audit   finalhandler: [ '1.3.1' ],
17 silly audit   'foreground-child': [ '3.3.0' ],
17 silly audit   forwarded: [ '0.2.0' ],
17 silly audit   fresh: [ '0.5.2' ],
17 silly audit   'fs-extra': [ '9.1.0' ],
17 silly audit   'fs-minipass': [ '2.1.0' ],
17 silly audit   minipass: [ '3.3.6', '7.1.2', '5.0.0' ],
17 silly audit   'fs.realpath': [ '1.0.0' ],
17 silly audit   'function-bind': [ '1.1.2' ],
17 silly audit   gauge: [ '3.0.2', '2.7.4' ],
17 silly audit   'signal-exit': [ '3.0.7', '4.1.0', '3.0.2' ],
17 silly audit   'get-caller-file': [ '2.0.5', '1.0.3' ],
17 silly audit   'get-intrinsic': [ '1.2.4' ],
17 silly audit   glob: [ '10.4.5', '7.2.3', '7.1.6', '7.1.2' ],
17 silly audit   minimatch: [ '9.0.5', '9.0.1', '3.1.2', '3.0.4' ],
17 silly audit   gopd: [ '1.0.1' ],
17 silly audit   'graceful-fs': [ '4.2.11', '4.2.3', '4.1.11' ],
17 silly audit   'has-property-descriptors': [ '1.0.2' ],
17 silly audit   'has-proto': [ '1.0.3' ],
17 silly audit   'has-symbols': [ '1.0.3' ],
17 silly audit   'has-unicode': [ '2.0.1' ],
17 silly audit   hasown: [ '2.0.2' ],
17 silly audit   'http-errors': [ '2.0.0' ],
17 silly audit   'https-proxy-agent': [ '5.0.1', '2.0.0' ],
17 silly audit   'iconv-lite': [ '0.4.24', '0.6.3', '0.4.18' ],
17 silly audit   inflection: [ '1.13.4' ],
17 silly audit   inflight: [ '1.0.6' ],
17 silly audit   inherits: [ '2.0.4', '2.0.3' ],
17 silly audit   ini: [ '1.3.8', '1.3.5', '1.3.4' ],
17 silly audit   init: [ '0.1.2' ],
17 silly audit   'ipaddr.js': [ '1.9.1' ],
17 silly audit   'is-core-module': [ '2.15.1' ],
17 silly audit   'is-fullwidth-code-point': [ '3.0.0', '2.0.0', '1.0.0' ],
17 silly audit   'is-promise': [ '2.2.2' ],
17 silly audit   isexe: [ '2.0.0' ],
17 silly audit   jackspeak: [ '3.4.3' ],
17 silly audit   'js-beautify': [ '1.15.1' ],
17 silly audit   'js-cookie': [ '3.0.5' ],
17 silly audit   jsonfile: [ '6.1.0' ],
17 silly audit   jsonwebtoken: [ '9.0.2' ],
17 silly audit   jwa: [ '1.4.1' ],
17 silly audit   jws: [ '3.2.2' ],
17 silly audit   kareem: [ '2.6.3' ],
17 silly audit   lodash: [ '4.17.21' ],
17 silly audit   'lodash.includes': [ '4.3.0' ],
17 silly audit   'lodash.isboolean': [ '3.0.3' ],
17 silly audit   'lodash.isinteger': [ '4.0.4' ],
17 silly audit   'lodash.isnumber': [ '3.0.3' ],
17 silly audit   'lodash.isplainobject': [ '4.0.6' ],
17 silly audit   'lodash.isstring': [ '4.0.1' ],
17 silly audit   'lodash.once': [ '4.1.1' ],
17 silly audit   'lru-cache': [ '10.4.3', '4.1.5', '4.1.1' ],
17 silly audit   'lru-queue': [ '0.1.0' ],
17 silly audit   'make-dir': [ '3.1.0', '1.3.0', '1.0.0' ],
17 silly audit   semver: [ '6.3.1', '7.6.3', '5.3.0', '5.7.1' ],
17 silly audit   mariadb: [ '3.4.0' ],
17 silly audit   'media-typer': [ '0.3.0' ],
17 silly audit   memoizee: [ '0.4.17' ],
17 silly audit   'memory-pager': [ '1.5.0' ],
17 silly audit   'merge-descriptors': [ '1.0.3' ],
17 silly audit   methods: [ '1.1.2' ],
17 silly audit   mime: [ '1.6.0' ],
17 silly audit   'mime-db': [ '1.52.0', '1.27.0' ],
17 silly audit   'mime-types': [ '2.1.35', '2.1.15' ],
17 silly audit   minizlib: [ '2.1.2' ],
17 silly audit   mkdirp: [ '1.0.4', '0.5.1' ],
17 silly audit   moment: [ '2.30.1' ],
17 silly audit   'moment-timezone': [ '0.5.46' ],
17 silly audit   mongodb: [ '6.10.0' ],
17 silly audit   'mongodb-connection-string-url': [ '3.0.1' ],
17 silly audit   mongoose: [ '8.8.2' ],
17 silly audit   mpath: [ '0.9.0' ],
17 silly audit   mquery: [ '5.0.0' ],
17 silly audit   negotiator: [ '0.6.3' ],
17 silly audit   'next-tick': [ '1.1.0' ],
17 silly audit   'node-addon-api': [ '5.1.0' ],
17 silly audit   'node-fetch': [ '2.7.0' ],
17 silly audit   tr46: [ '0.0.3', '4.1.1' ],
17 silly audit   'webidl-conversions': [ '3.0.1', '7.0.0' ],
17 silly audit   'whatwg-url': [ '5.0.0', '13.0.0' ],
17 silly audit   npmlog: [ '5.0.1', '4.1.2' ],
17 silly audit   npx: [ '10.2.2' ],
17 silly audit   'ansi-align': [ '2.0.0' ],
17 silly audit   boxen: [ '1.3.0', '1.1.0' ],
17 silly audit   builtins: [ '1.0.3' ],
17 silly audit   camelcase: [ '4.1.0' ],
17 silly audit   'capture-stack-trace': [ '1.0.1', '1.0.0' ],
17 silly audit   chalk: [ '2.4.2', '1.1.3' ],
17 silly audit   'cli-boxes': [ '1.0.0' ],
17 silly audit   'code-point-at': [ '1.1.0' ],
17 silly audit   configstore: [ '3.1.2', '3.1.0' ],
17 silly audit   'create-error-class': [ '3.0.2' ],
17 silly audit   'crypto-random-string': [ '1.0.0' ],
17 silly audit   'deep-extend': [ '0.6.0', '0.4.2' ],
17 silly audit   'dot-prop': [ '4.2.0', '4.1.1' ],
17 silly audit   duplexer3: [ '0.1.4' ],
17 silly audit   'end-of-stream': [ '1.4.4', '1.0.0', '1.4.0' ],
17 silly audit   'escape-string-regexp': [ '1.0.5' ],
17 silly audit   execa: [ '0.7.0', '0.4.0', '1.0.0' ],
17 silly audit   'get-stream': [ '3.0.0', '4.1.0' ],
17 silly audit   got: [ '6.7.1' ],
17 silly audit   'hosted-git-info': [ '2.8.5', '2.5.0' ],
17 silly audit   'import-lazy': [ '2.1.0' ],
17 silly audit   imurmurhash: [ '0.1.4' ],
17 silly audit   'is-npm': [ '1.0.0' ],
17 silly audit   'is-obj': [ '1.0.1' ],
17 silly audit   'is-redirect': [ '1.0.0' ],
17 silly audit   'is-retry-allowed': [ '1.2.0', '1.1.0' ],
17 silly audit   'is-stream': [ '1.1.0' ],
17 silly audit   'latest-version': [ '3.1.0' ],
17 silly audit   'lowercase-keys': [ '1.0.1', '1.0.0' ],
17 silly audit   minimist: [ '1.2.0', '0.0.8' ],
17 silly audit   'npm-package-arg': [ '6.1.1', '5.1.2' ],
17 silly audit   'npm-run-path': [ '2.0.2', '1.0.0' ],
17 silly audit   pseudomap: [ '1.0.2' ],
17 silly audit   yallist: [ '4.0.0', '2.1.2' ],
17 silly audit   y18n: [ '5.0.8', '3.2.1', '4.0.0' ],
17 silly audit   'proto-list': [ '1.2.4' ],
17 silly audit   'path-is-absolute': [ '1.0.1' ],
17 silly audit   once: [ '1.4.0', '1.3.3' ],
17 silly audit   pump: [ '1.0.2', '3.0.0' ],
17 silly audit   'object-assign': [ '4.1.1' ],
17 silly audit   'number-is-nan': [ '1.0.1' ],
17 silly audit   'wide-align': [ '1.1.5', '1.1.2' ],
17 silly audit   'set-blocking': [ '2.0.0' ],
17 silly audit   osenv: [ '0.1.4', '0.1.5' ],
17 silly audit   'os-homedir': [ '1.0.2' ],
17 silly audit   'os-tmpdir': [ '1.0.2' ],
17 silly audit   'path-is-inside': [ '1.0.2' ],
17 silly audit   'readable-stream': [ '3.6.2', '2.3.2', '1.1.14' ],
17 silly audit   string_decoder: [ '1.3.0', '1.0.3', '0.10.31' ],
17 silly audit   'util-deprecate': [ '1.0.2' ],
17 silly audit   qs: [ '6.13.0', '6.4.0' ],
17 silly audit   punycode: [ '2.3.1', '1.4.1' ],
17 silly audit   rimraf: [ '3.0.2', '2.6.1', '2.7.1' ],
17 silly audit   'safe-buffer': [ '5.2.1', '5.1.1', '5.2.0' ],
17 silly audit   tar: [ '6.2.1', '2.2.1' ],
17 silly audit   unpipe: [ '1.0.0' ],
17 silly audit   'update-notifier': [ '2.2.0', '2.5.0' ],
17 silly audit   'term-size': [ '0.1.1', '1.2.0' ],
17 silly audit   'path-key': [ '3.1.1', '1.0.0', '2.0.1' ],
17 silly audit   'strip-eof': [ '1.0.0' ],
17 silly audit   'widest-line': [ '1.0.0', '2.0.1' ],
17 silly audit   'supports-color': [ '2.0.0', '5.5.0' ],
17 silly audit   pify: [ '2.3.0', '3.0.0' ],
17 silly audit   'unique-string': [ '1.0.0' ],
17 silly audit   'package-json': [ '4.0.1' ],
17 silly audit   'timed-out': [ '4.0.1' ],
17 silly audit   'unzip-response': [ '2.0.1' ],
17 silly audit   'url-parse-lax': [ '1.0.0' ],
17 silly audit   'prepend-http': [ '1.0.4' ],
17 silly audit   'registry-auth-token': [ '3.3.1', '3.4.0' ],
17 silly audit   rc: [ '1.2.1', '1.2.8' ],
17 silly audit   'strip-json-comments': [ '2.0.1' ],
17 silly audit   'registry-url': [ '3.1.0' ],
17 silly audit   'semver-diff': [ '2.1.0' ],
17 silly audit   'xdg-basedir': [ '3.0.0' ],
17 silly audit   uuid: [ '8.3.2', '3.1.0' ],
17 silly audit   'validate-npm-package-name': [ '3.0.0' ],
17 silly audit   which: [ '2.0.2', '1.2.14', '1.3.1' ],
17 silly audit   wrappy: [ '1.0.2' ],
17 silly audit   'write-file-atomic': [ '2.1.0', '2.4.3' ],
17 silly audit   'require-directory': [ '2.1.1' ],
17 silly audit   'shebang-command': [ '2.0.0', '1.2.0' ],
17 silly audit   'shebang-regex': [ '3.0.0', '1.0.0' ],
17 silly audit   yargs: [ '16.2.0', '11.1.1' ],
17 silly audit   'yargs-parser': [ '20.2.9', '9.0.2' ],
17 silly audit   'object-inspect': [ '1.13.3' ],
17 silly audit   'on-finished': [ '2.4.1' ],
17 silly audit   'package-json-from-dist': [ '1.0.1' ],
17 silly audit   parseurl: [ '1.3.3' ],
17 silly audit   'path-parse': [ '1.0.7' ],
17 silly audit   'path-scurry': [ '1.11.1' ],
17 silly audit   'path-to-regexp': [ '0.1.10' ],
17 silly audit   'pg-connection-string': [ '2.7.0' ],
17 silly audit   'proxy-addr': [ '2.0.7' ],
17 silly audit   'range-parser': [ '1.2.1' ],
17 silly audit   'raw-body': [ '2.5.2' ],
17 silly audit   resolve: [ '1.22.8' ],
17 silly audit   'retry-as-promised': [ '7.0.4' ],
17 silly audit   'safer-buffer': [ '2.1.2' ],
17 silly audit   send: [ '0.19.0' ],
17 silly audit   sequelize: [ '6.37.5' ],
17 silly audit   'sequelize-cli': [ '6.6.2' ],
17 silly audit   'sequelize-pool': [ '7.1.0' ],
17 silly audit   'serve-static': [ '1.16.2' ],
17 silly audit   'set-function-length': [ '1.2.2' ],
17 silly audit   setprototypeof: [ '1.2.0' ],
17 silly audit   'side-channel': [ '1.0.6' ],
17 silly audit   sift: [ '17.1.3' ],
17 silly audit   'sparse-bitfield': [ '3.0.3' ],
17 silly audit   statuses: [ '2.0.1' ],
17 silly audit   'supports-preserve-symlinks-flag': [ '1.0.0' ],
17 silly audit   'timers-ext': [ '0.1.8' ],
17 silly audit   toidentifier: [ '1.0.1' ],
17 silly audit   'toposort-class': [ '1.0.1' ],
17 silly audit   type: [ '2.7.3' ],
17 silly audit   'type-is': [ '1.6.18' ],
17 silly audit   umzug: [ '2.3.0' ],
17 silly audit   'undici-types': [ '6.19.8' ],
17 silly audit   universalify: [ '2.0.1' ],
17 silly audit   'utils-merge': [ '1.0.1' ],
17 silly audit   validator: [ '13.12.0' ],
17 silly audit   vary: [ '1.1.2' ],
17 silly audit   wkx: [ '0.5.0' ],
17 silly audit   'ci-info': [ '1.6.0' ],
17 silly audit   decamelize: [ '1.2.0' ],
17 silly audit   'find-up': [ '2.1.0' ],
17 silly audit   'global-dirs': [ '0.1.1' ],
17 silly audit   'has-flag': [ '3.0.0' ],
17 silly audit   'invert-kv': [ '2.0.0' ],
17 silly audit   'is-ci': [ '1.2.1' ],
17 silly audit   'is-installed-globally': [ '0.1.0' ],
17 silly audit   'is-path-inside': [ '1.0.1' ],
17 silly audit   libnpx: [ '10.2.2' ],
17 silly audit   lcid: [ '2.0.0' ],
17 silly audit   'locate-path': [ '2.0.0' ],
17 silly audit   'map-age-cleaner': [ '0.1.3' ],
17 silly audit   mem: [ '4.3.0' ],
17 silly audit   'nice-try': [ '1.0.5' ],
17 silly audit   'mimic-fn': [ '2.1.0' ],
17 silly audit   npm: [ '5.1.0' ],
17 silly audit   JSONStream: [ '1.3.1' ],
17 silly audit   through: [ '2.3.8' ],
17 silly audit   jsonparse: [ '1.3.1' ],
17 silly audit   ansicolors: [ '0.3.2' ],
17 silly audit   ansistyles: [ '0.1.3' ],
17 silly audit   archy: [ '1.0.0' ],
17 silly audit   cacache: [ '9.2.9' ],
17 silly audit   'call-limit': [ '1.1.0' ],
17 silly audit   columnify: [ '1.5.4' ],
17 silly audit   wcwidth: [ '1.0.1' ],
17 silly audit   defaults: [ '1.0.3' ],
17 silly audit   clone: [ '1.0.2' ],
17 silly audit   'cmd-shim': [ '2.0.2' ],
17 silly audit   debuglog: [ '1.0.1' ],
17 silly audit   'detect-indent': [ '5.0.0' ],
17 silly audit   dezalgo: [ '1.0.3' ],
17 silly audit   asap: [ '2.0.5' ],
17 silly audit   editor: [ '1.0.0' ],
17 silly audit   'fs-write-stream-atomic': [ '1.0.10' ],
17 silly audit   'fs-vacuum': [ '1.2.10' ],
17 silly audit   fstream: [ '1.0.11' ],
17 silly audit   'fstream-npm': [ '1.2.1' ],
17 silly audit   'fstream-ignore': [ '1.0.5' ],
17 silly audit   iferr: [ '0.1.5' ],
17 silly audit   'init-package-json': [ '1.10.1' ],
17 silly audit   promzard: [ '0.3.0' ],
17 silly audit   'lazy-property': [ '1.0.0' ],
17 silly audit   lockfile: [ '1.0.3' ],
17 silly audit   'lodash._baseuniq': [ '4.6.0' ],
17 silly audit   'lodash._createset': [ '4.0.3' ],
17 silly audit   'lodash._root': [ '3.0.1' ],
17 silly audit   'lodash._bindcallback': [ '3.0.1' ],
17 silly audit   'lodash._baseindexof': [ '3.1.0' ],
17 silly audit   'lodash._createcache': [ '3.1.2' ],
17 silly audit   'lodash._cacheindexof': [ '3.0.2' ],
17 silly audit   'lodash._getnative': [ '3.9.1' ],
17 silly audit   'lodash.clonedeep': [ '4.5.0' ],
17 silly audit   'lodash.union': [ '4.6.0' ],
17 silly audit   'lodash.uniq': [ '4.5.0' ],
17 silly audit   'lodash.restparam': [ '3.6.1' ],
17 silly audit   'lodash.without': [ '4.4.0' ],
17 silly audit   mississippi: [ '1.3.0' ],
17 silly audit   'concat-stream': [ '1.6.0' ],
17 silly audit   typedarray: [ '0.0.6' ],
17 silly audit   duplexify: [ '3.5.0' ],
17 silly audit   'stream-shift': [ '1.0.0' ],
17 silly audit   'flush-write-stream': [ '1.0.2' ],
17 silly audit   from2: [ '2.3.0', '1.3.0' ],
17 silly audit   'parallel-transform': [ '1.1.0' ],
17 silly audit   cyclist: [ '0.2.2' ],
17 silly audit   'stream-each': [ '1.2.0' ],
17 silly audit   through2: [ '2.0.3' ],
17 silly audit   xtend: [ '4.0.1' ],
17 silly audit   pumpify: [ '1.3.5' ],
17 silly audit   'move-concurrently': [ '1.0.1' ],
17 silly audit   'copy-concurrently': [ '1.0.3' ],
17 silly audit   'run-queue': [ '1.0.3' ],
17 silly audit   'normalize-package-data': [ '2.4.0' ],
17 silly audit   'is-builtin-module': [ '1.0.0' ],
17 silly audit   'builtin-modules': [ '1.1.1' ],
17 silly audit   'npm-cache-filename': [ '1.0.2' ],
17 silly audit   'npm-install-checks': [ '3.0.0' ],
17 silly audit   'node-gyp': [ '3.6.2' ],
17 silly audit   'npm-registry-client': [ '8.4.0' ],
17 silly audit   opener: [ '1.4.3' ],
17 silly audit   'npm-user-validate': [ '1.0.0' ],
17 silly audit   pacote: [ '2.7.38' ],
17 silly audit   'promise-retry': [ '1.1.1' ],
17 silly audit   'err-code': [ '1.1.2' ],
17 silly audit   'make-fetch-happen': [ '2.4.13' ],
17 silly audit   'http-cache-semantics': [ '3.7.3' ],
17 silly audit   'http-proxy-agent': [ '2.0.0' ],
17 silly audit   'es6-promisify': [ '5.0.0' ],
17 silly audit   'es6-promise': [ '4.1.1' ],
17 silly audit   agentkeepalive: [ '3.3.0' ],
17 silly audit   'humanize-ms': [ '1.2.1' ],
17 silly audit   'node-fetch-npm': [ '2.0.1' ],
17 silly audit   encoding: [ '0.1.12' ],
17 silly audit   'json-parse-helpfulerror': [ '1.0.3' ],
17 silly audit   jju: [ '1.3.0' ],
17 silly audit   'socks-proxy-agent': [ '3.0.0' ],
17 silly audit   socks: [ '1.1.10' ],
17 silly audit   'smart-buffer': [ '1.1.15' ],
17 silly audit   ip: [ '1.1.5' ],
17 silly audit   'npm-pick-manifest': [ '1.0.4' ],
17 silly audit   protoduck: [ '4.0.0' ],
17 silly audit   genfun: [ '4.0.1' ],
17 silly audit   'tar-fs': [ '1.15.3' ],
17 silly audit   'tar-stream': [ '1.5.4' ],
17 silly audit   bl: [ '1.2.1' ],
17 silly audit   'promise-inflight': [ '1.0.1' ],
17 silly audit   read: [ '1.0.7' ],
17 silly audit   'mute-stream': [ '0.0.7' ],
17 silly audit   'read-installed': [ '4.0.3' ],
17 silly audit   'util-extend': [ '1.0.3' ],
17 silly audit   'read-cmd-shim': [ '1.0.1' ],
17 silly audit   'read-package-json': [ '2.0.9' ],
17 silly audit   isarray: [ '1.0.0', '0.0.1' ],
17 silly audit   'core-util-is': [ '1.0.2' ],
17 silly audit   'process-nextick-args': [ '1.0.7' ],
17 silly audit   'read-package-tree': [ '5.1.6' ],
17 silly audit   'readdir-scoped-modules': [ '1.0.2' ],
17 silly audit   request: [ '2.81.0' ],
17 silly audit   aws4: [ '1.6.0' ],
17 silly audit   'aws-sign2': [ '0.6.0' ],
17 silly audit   caseless: [ '0.12.0' ],
17 silly audit   extend: [ '3.0.1' ],
17 silly audit   'combined-stream': [ '1.0.5' ],
17 silly audit   'delayed-stream': [ '1.0.0' ],
17 silly audit   'form-data': [ '2.1.4' ],
17 silly audit   asynckit: [ '0.4.0' ],
17 silly audit   'forever-agent': [ '0.6.1' ],
17 silly audit   'har-validator': [ '4.2.1' ],
17 silly audit   ajv: [ '4.11.8' ],
17 silly audit   co: [ '4.6.0' ],
17 silly audit   'json-stable-stringify': [ '1.0.1' ],
17 silly audit   jsonify: [ '0.0.0' ],
17 silly audit   'har-schema': [ '1.0.5' ],
17 silly audit   hawk: [ '3.1.3' ],
17 silly audit   cryptiles: [ '2.0.5' ],
17 silly audit   boom: [ '2.10.1' ],
17 silly audit   hoek: [ '2.16.3' ],
17 silly audit   sntp: [ '1.0.9' ],
17 silly audit   'json-stringify-safe': [ '5.0.1' ],
17 silly audit   'http-signature': [ '1.1.1' ],
17 silly audit   'assert-plus': [ '0.2.0', '1.0.0' ],
17 silly audit   jsprim: [ '1.4.0' ],
17 silly audit   extsprintf: [ '1.0.2' ],
17 silly audit   verror: [ '1.3.6' ],
17 silly audit   'json-schema': [ '0.2.3' ],
17 silly audit   sshpk: [ '1.13.1' ],
17 silly audit   asn1: [ '0.2.3' ],
17 silly audit   'bcrypt-pbkdf': [ '1.0.1' ],
17 silly audit   dashdash: [ '1.14.1' ],
17 silly audit   'ecc-jsbn': [ '0.1.1' ],
17 silly audit   getpass: [ '0.1.7' ],
17 silly audit   jsbn: [ '0.1.1' ],
17 silly audit   tweetnacl: [ '0.14.5' ],
17 silly audit   'is-typedarray': [ '1.0.0' ],
17 silly audit   isstream: [ '0.1.2' ],
17 silly audit   'performance-now': [ '0.2.0' ],
17 silly audit   'oauth-sign': [ '0.8.2' ],
17 silly audit   'tunnel-agent': [ '0.6.0' ],
17 silly audit   stringstream: [ '0.0.5' ],
17 silly audit   'tough-cookie': [ '2.3.2' ],
17 silly audit   retry: [ '0.10.1' ],
17 silly audit   sha: [ '2.0.1' ],
17 silly audit   slide: [ '1.1.6' ],
17 silly audit   'sorted-union-stream': [ '2.1.3' ],
17 silly audit   'stream-iterate': [ '1.2.0' ],
17 silly audit   ssri: [ '4.1.6' ],
17 silly audit   'sorted-object': [ '2.0.1' ],
17 silly audit   'text-table': [ '0.2.0' ],
17 silly audit   'block-stream': [ '0.0.9' ],
17 silly audit   'uid-number': [ '0.0.6' ],
17 silly audit   umask: [ '1.1.0' ],
17 silly audit   'unique-filename': [ '1.1.0' ],
17 silly audit   'unique-slug': [ '2.0.0' ],
17 silly audit   'has-ansi': [ '2.0.0' ],
17 silly audit   'cross-spawn-async': [ '2.2.5' ],
17 silly audit   'validate-npm-package-license': [ '3.0.1' ],
17 silly audit   'spdx-correct': [ '1.0.2' ],
17 silly audit   'spdx-license-ids': [ '1.2.2' ],
17 silly audit   'spdx-expression-parse': [ '1.0.4' ],
17 silly audit   'worker-farm': [ '1.3.1' ],
17 silly audit   errno: [ '0.1.4' ],
17 silly audit   prr: [ '0.0.0' ],
17 silly audit   'os-locale': [ '3.1.0' ],
17 silly audit   'p-defer': [ '1.0.0' ],
17 silly audit   'p-locate': [ '2.0.0' ],
17 silly audit   'p-finally': [ '1.0.0' ],
17 silly audit   'p-is-promise': [ '2.1.0' ],
17 silly audit   'p-try': [ '1.0.0' ],
17 silly audit   'p-limit': [ '1.3.0' ],
17 silly audit   'path-exists': [ '3.0.0' ],
17 silly audit   'require-main-filename': [ '1.0.1' ],
17 silly audit   'which-module': [ '2.0.0' ]
17 silly audit }
18 warn deprecated inflight@1.0.6: This module is not supported, and leaks memory. Do not use it. Check out lru-cache if you want a good and tested way to coalesce async requests by a key value, which is much more comprehensive and powerful.
19 warn deprecated npmlog@5.0.1: This package is no longer supported.
20 warn deprecated rimraf@3.0.2: Rimraf versions prior to v4 are no longer supported
21 warn deprecated are-we-there-yet@2.0.0: This package is no longer supported.
22 warn deprecated glob@7.2.3: Glob versions prior to v9 are no longer supported
23 warn deprecated gauge@3.0.2: This package is no longer supported.
24 info run bcrypt@5.1.1 install node_modules/bcrypt node-pre-gyp install --fallback-to-build
25 http fetch POST 200 https://registry.npmjs.org/-/npm/v1/security/advisories/bulk 455ms
26 silly audit report {
26 silly audit report   debug: [
26 silly audit report     {
26 silly audit report       id: 1094457,
26 silly audit report       url: 'https://github.com/advisories/GHSA-9vvw-cc9w-f27h',
26 silly audit report       title: 'debug Inefficient Regular Expression Complexity vulnerability',
26 silly audit report       severity: 'high',
26 silly audit report       vulnerable_versions: '<2.6.9',
26 silly audit report       cwe: [Array],
26 silly audit report       cvss: [Object]
26 silly audit report     },
26 silly audit report     {
26 silly audit report       id: 1096795,
26 silly audit report       url: 'https://github.com/advisories/GHSA-gxpj-cx7g-858c',
26 silly audit report       title: 'Regular Expression Denial of Service in debug',
26 silly audit report       severity: 'low',
26 silly audit report       vulnerable_versions: '<2.6.9',
26 silly audit report       cwe: [Array],
26 silly audit report       cvss: [Object]
26 silly audit report     }
26 silly audit report   ],
26 silly audit report   'ansi-regex': [
26 silly audit report     {
26 silly audit report       id: 1094090,
26 silly audit report       url: 'https://github.com/advisories/GHSA-93q8-gq69-wqmw',
26 silly audit report       title: 'Inefficient Regular Expression Complexity in chalk/ansi-regex',
26 silly audit report       severity: 'high',
26 silly audit report       vulnerable_versions: '>=3.0.0 <3.0.1',
26 silly audit report       cwe: [Array],
26 silly audit report       cvss: [Object]
26 silly audit report     }
26 silly audit report   ],
26 silly audit report   chownr: [
26 silly audit report     {
26 silly audit report       id: 1091617,
26 silly audit report       url: 'https://github.com/advisories/GHSA-c6rq-rjc2-86v2',
26 silly audit report       title: 'Time-of-check Time-of-use (TOCTOU) Race Condition in chownr',
26 silly audit report       severity: 'low',
26 silly audit report       vulnerable_versions: '<1.1.0',
26 silly audit report       cwe: [Array],
26 silly audit report       cvss: [Object]
26 silly audit report     }
26 silly audit report   ],
26 silly audit report   'cross-spawn': [
26 silly audit report     {
26 silly audit report       id: 1100562,
26 silly audit report       url: 'https://github.com/advisories/GHSA-3xgq-45jj-v275',
26 silly audit report       title: 'Regular Expression Denial of Service (ReDoS) in cross-spawn',
26 silly audit report       severity: 'high',
26 silly audit report       vulnerable_versions: '<6.0.6',
26 silly audit report       cwe: [Array],
26 silly audit report       cvss: [Object]
26 silly audit report     }
26 silly audit report   ],
26 silly audit report   minimatch: [
26 silly audit report     {
26 silly audit report       id: 1096485,
26 silly audit report       url: 'https://github.com/advisories/GHSA-f8q6-p94x-37v3',
26 silly audit report       title: 'minimatch ReDoS vulnerability',
26 silly audit report       severity: 'high',
26 silly audit report       vulnerable_versions: '<3.0.5',
26 silly audit report       cwe: [Array],
26 silly audit report       cvss: [Object]
26 silly audit report     }
26 silly audit report   ],
26 silly audit report   'https-proxy-agent': [
26 silly audit report     {
26 silly audit report       id: 1087767,
26 silly audit report       url: 'https://github.com/advisories/GHSA-8g7p-74h8-hg48',
26 silly audit report       title: 'Denial of Service in https-proxy-agent',
26 silly audit report       severity: 'critical',
26 silly audit report       vulnerable_versions: '<2.2.0',
26 silly audit report       cwe: [Array],
26 silly audit report       cvss: [Object]
26 silly audit report     },
26 silly audit report     {
26 silly audit report       id: 1094488,
26 silly audit report       url: 'https://github.com/advisories/GHSA-pc5p-h8pf-mvwp',
26 silly audit report       title: 'Machine-In-The-Middle in https-proxy-agent',
26 silly audit report       severity: 'moderate',
26 silly audit report       vulnerable_versions: '<2.2.3',
26 silly audit report       cwe: [Array],
26 silly audit report       cvss: [Object]
26 silly audit report     }
26 silly audit report   ],
26 silly audit report   ini: [
26 silly audit report     {
26 silly audit report       id: 1093224,
26 silly audit report       url: 'https://github.com/advisories/GHSA-qqgx-2p2h-9c37',
26 silly audit report       title: 'ini before 1.3.6 vulnerable to Prototype Pollution via ini.parse',
26 silly audit report       severity: 'high',
26 silly audit report       vulnerable_versions: '<1.3.6',
26 silly audit report       cwe: [Array],
26 silly audit report       cvss: [Object]
26 silly audit report     }
26 silly audit report   ],
26 silly audit report   semver: [
26 silly audit report     {
26 silly audit report       id: 1101089,
26 silly audit report       url: 'https://github.com/advisories/GHSA-c2qf-rxjj-qqgw',
26 silly audit report       title: 'semver vulnerable to Regular Expression Denial of Service',
26 silly audit report       severity: 'high',
26 silly audit report       vulnerable_versions: '<5.7.2',
26 silly audit report       cwe: [Array],
26 silly audit report       cvss: [Object]
26 silly audit report     }
26 silly audit report   ],
26 silly audit report   mongoose: [
26 silly audit report     {
26 silly audit report       id: 1101063,
26 silly audit report       url: 'https://github.com/advisories/GHSA-m7xq-9374-9rvx',
26 silly audit report       title: 'Mongoose search injection vulnerability',
26 silly audit report       severity: 'high',
26 silly audit report       vulnerable_versions: '>=8.0.0-rc0 <8.8.3',
26 silly audit report       cwe: [Array],
26 silly audit report       cvss: [Object]
26 silly audit report     },
26 silly audit report     {
26 silly audit report       id: 1101526,
26 silly audit report       url: 'https://github.com/advisories/GHSA-vg7j-7cwx-8wgw',
26 silly audit report       title: 'Mongoose search injection vulnerability',
26 silly audit report       severity: 'critical',
26 silly audit report       vulnerable_versions: '<8.9.5',
26 silly audit report       cwe: [Array],
26 silly audit report       cvss: [Object]
26 silly audit report     }
26 silly audit report   ],
26 silly audit report   'deep-extend': [
26 silly audit report     {
26 silly audit report       id: 1095031,
26 silly audit report       url: 'https://github.com/advisories/GHSA-hr2v-3952-633q',
26 silly audit report       title: 'Prototype Pollution in deep-extend',
26 silly audit report       severity: 'critical',
26 silly audit report       vulnerable_versions: '<0.5.1',
26 silly audit report       cwe: [Array],
26 silly audit report       cvss: [Object]
26 silly audit report     }
26 silly audit report   ],
26 silly audit report   'dot-prop': [
26 silly audit report     {
26 silly audit report       id: 1095026,
26 silly audit report       url: 'https://github.com/advisories/GHSA-ff7x-qrg7-qggm',
26 silly audit report       title: 'dot-prop Prototype Pollution vulnerability',
26 silly audit report       severity: 'high',
26 silly audit report       vulnerable_versions: '<4.2.1',
26 silly audit report       cwe: [Array],
26 silly audit report       cvss: [Object]
26 silly audit report     }
26 silly audit report   ],
26 silly audit report   got: [
26 silly audit report     {
26 silly audit report       id: 1088948,
26 silly audit report       url: 'https://github.com/advisories/GHSA-pfrx-2q88-qq97',
26 silly audit report       title: 'Got allows a redirect to a UNIX socket',
26 silly audit report       severity: 'moderate',
26 silly audit report       vulnerable_versions: '<11.8.5',
26 silly audit report       cwe: [],
26 silly audit report       cvss: [Object]
26 silly audit report     }
26 silly audit report   ],
26 silly audit report   'hosted-git-info': [
26 silly audit report     {
26 silly audit report       id: 1089809,
26 silly audit report       url: 'https://github.com/advisories/GHSA-43f8-2h32-f4cj',
26 silly audit report       title: 'Regular Expression Denial of Service in hosted-git-info',
26 silly audit report       severity: 'moderate',
26 silly audit report       vulnerable_versions: '<2.8.9',
26 silly audit report       cwe: [Array],
26 silly audit report       cvss: [Object]
26 silly audit report     }
26 silly audit report   ],
26 silly audit report   minimist: [
26 silly audit report     {
26 silly audit report       id: 1097677,
26 silly audit report       url: 'https://github.com/advisories/GHSA-xvch-5gv4-984h',
26 silly audit report       title: 'Prototype Pollution in minimist',
26 silly audit report       severity: 'critical',
26 silly audit report       vulnerable_versions: '<0.2.4',
26 silly audit report       cwe: [Array],
26 silly audit report       cvss: [Object]
26 silly audit report     },
26 silly audit report     {
26 silly audit report       id: 1097678,
26 silly audit report       url: 'https://github.com/advisories/GHSA-xvch-5gv4-984h',
26 silly audit report       title: 'Prototype Pollution in minimist',
26 silly audit report       severity: 'critical',
26 silly audit report       vulnerable_versions: '>=1.0.0 <1.2.6',
26 silly audit report       cwe: [Array],
26 silly audit report       cvss: [Object]
26 silly audit report     },
26 silly audit report     {
26 silly audit report       id: 1096465,
26 silly audit report       url: 'https://github.com/advisories/GHSA-vh95-rmgr-6w4m',
26 silly audit report       title: 'Prototype Pollution in minimist',
26 silly audit report       severity: 'moderate',
26 silly audit report       vulnerable_versions: '>=1.0.0 <1.2.3',
26 silly audit report       cwe: [Array],
26 silly audit report       cvss: [Object]
26 silly audit report     },
26 silly audit report     {
26 silly audit report       id: 1096466,
26 silly audit report       url: 'https://github.com/advisories/GHSA-vh95-rmgr-6w4m',
26 silly audit report       title: 'Prototype Pollution in minimist',
26 silly audit report       severity: 'moderate',
26 silly audit report       vulnerable_versions: '<0.2.1',
26 silly audit report       cwe: [Array],
26 silly audit report       cvss: [Object]
26 silly audit report     }
26 silly audit report   ],
26 silly audit report   y18n: [
26 silly audit report     {
26 silly audit report       id: 1095086,
26 silly audit report       url: 'https://github.com/advisories/GHSA-c4w7-xm78-47vh',
26 silly audit report       title: 'Prototype Pollution in y18n',
26 silly audit report       severity: 'high',
26 silly audit report       vulnerable_versions: '=4.0.0',
26 silly audit report       cwe: [Array],
26 silly audit report       cvss: [Object]
26 silly audit report     },
26 silly audit report     {
26 silly audit report       id: 1095087,
26 silly audit report       url: 'https://github.com/advisories/GHSA-c4w7-xm78-47vh',
26 silly audit report       title: 'Prototype Pollution in y18n',
26 silly audit report       severity: 'high',
26 silly audit report       vulnerable_versions: '<3.2.2',
26 silly audit report       cwe: [Array],
26 silly audit report       cvss: [Object]
26 silly audit report     }
26 silly audit report   ],
26 silly audit report   qs: [
26 silly audit report     {
26 silly audit report       id: 1096469,
26 silly audit report       url: 'https://github.com/advisories/GHSA-hrpp-h998-j3pp',
26 silly audit report       title: 'qs vulnerable to Prototype Pollution',
26 silly audit report       severity: 'high',
26 silly audit report       vulnerable_versions: '>=6.4.0 <6.4.1',
26 silly audit report       cwe: [Array],
26 silly audit report       cvss: [Object]
26 silly audit report     }
26 silly audit report   ],
26 silly audit report   tar: [
26 silly audit report     {
26 silly audit report       id: 1089685,
26 silly audit report       url: 'https://github.com/advisories/GHSA-3jfq-g458-7qm9',
26 silly audit report       title: 'Arbitrary File Creation/Overwrite due to insufficient absolute path sanitization',
26 silly audit report       severity: 'high',
26 silly audit report       vulnerable_versions: '<3.2.2',
26 silly audit report       cwe: [Array],
26 silly audit report       cvss: [Object]
26 silly audit report     },
26 silly audit report     {
26 silly audit report       id: 1095117,
26 silly audit report       url: 'https://github.com/advisories/GHSA-5955-9wpr-37jh',
26 silly audit report       title: 'Arbitrary File Creation/Overwrite on Windows via insufficient relative path sanitization',
26 silly audit report       severity: 'high',
26 silly audit report       vulnerable_versions: '<4.4.18',
26 silly audit report       cwe: [Array],
26 silly audit report       cvss: [Object]
26 silly audit report     },
26 silly audit report     {
26 silly audit report       id: 1097493,
26 silly audit report       url: 'https://github.com/advisories/GHSA-f5x3-32g6-xq36',
26 silly audit report       title: 'Denial of service while parsing a tar file due to lack of folders count validation',
26 silly audit report       severity: 'moderate',
26 silly audit report       vulnerable_versions: '<6.2.1',
26 silly audit report       cwe: [Array],
26 silly audit report       cvss: [Object]
26 silly audit report     },
26 silly audit report     {
26 silly audit report       id: 1095119,
26 silly audit report       url: 'https://github.com/advisories/GHSA-j44m-qm6p-hp7m',
26 silly audit report       title: 'Arbitrary File Overwrite in tar',
26 silly audit report       severity: 'high',
26 silly audit report       vulnerable_versions: '<2.2.2',
26 silly audit report       cwe: [Array],
26 silly audit report       cvss: [Object]
26 silly audit report     }
26 silly audit report   ],
26 silly audit report   'yargs-parser': [
26 silly audit report     {
26 silly audit report       id: 1088811,
26 silly audit report       url: 'https://github.com/advisories/GHSA-p9pc-299p-vxgp',
26 silly audit report       title: 'yargs-parser Vulnerable to Prototype Pollution',
26 silly audit report       severity: 'moderate',
26 silly audit report       vulnerable_versions: '>=6.0.0 <13.1.2',
26 silly audit report       cwe: [Array],
26 silly audit report       cvss: [Object]
26 silly audit report     }
26 silly audit report   ],
26 silly audit report   'path-to-regexp': [
26 silly audit report     {
26 silly audit report       id: 1101081,
26 silly audit report       url: 'https://github.com/advisories/GHSA-rhx6-c78j-4q9w',
26 silly audit report       title: 'Unpatched `path-to-regexp` ReDoS in 0.1.x',
26 silly audit report       severity: 'moderate',
26 silly audit report       vulnerable_versions: '<0.1.12',
26 silly audit report       cwe: [Array],
26 silly audit report       cvss: [Object]
26 silly audit report     }
26 silly audit report   ],
26 silly audit report   npm: [
26 silly audit report     {
26 silly audit report       id: 1089203,
26 silly audit report       url: 'https://github.com/advisories/GHSA-93f3-23rq-pjfp',
26 silly audit report       title: 'npm CLI exposing sensitive information through logs',
26 silly audit report       severity: 'moderate',
26 silly audit report       vulnerable_versions: '<6.14.6',
26 silly audit report       cwe: [Array],
26 silly audit report       cvss: [Object]
26 silly audit report     },
26 silly audit report     {
26 silly audit report       id: 1089206,
26 silly audit report       url: 'https://github.com/advisories/GHSA-4328-8hgf-7wjr',
26 silly audit report       title: 'npm Vulnerable to Global node_modules Binary Overwrite',
26 silly audit report       severity: 'high',
26 silly audit report       vulnerable_versions: '<6.13.4',
26 silly audit report       cwe: [Array],
26 silly audit report       cvss: [Object]
26 silly audit report     },
26 silly audit report     {
26 silly audit report       id: 1089207,
26 silly audit report       url: 'https://github.com/advisories/GHSA-x8qc-rrcw-4r46',
26 silly audit report       title: 'npm symlink reference outside of node_modules',
26 silly audit report       severity: 'high',
26 silly audit report       vulnerable_versions: '<6.13.3',
26 silly audit report       cwe: [Array],
26 silly audit report       cvss: [Object]
26 silly audit report     },
26 silly audit report     {
26 silly audit report       id: 1090086,
26 silly audit report       url: 'https://github.com/advisories/GHSA-m6cx-g6qm-p2cx',
26 silly audit report       title: 'Arbitrary File Write in npm',
26 silly audit report       severity: 'high',
26 silly audit report       vulnerable_versions: '<6.13.3',
26 silly audit report       cwe: [Array],
26 silly audit report       cvss: [Object]
26 silly audit report     },
26 silly audit report     {
26 silly audit report       id: 1088925,
26 silly audit report       url: 'https://github.com/advisories/GHSA-ph34-pc88-72gc',
26 silly audit report       title: 'Incorrect Permission Assignment for Critical Resource in NPM',
26 silly audit report       severity: 'high',
26 silly audit report       vulnerable_versions: '<5.7.1',
26 silly audit report       cwe: [Array],
26 silly audit report       cvss: [Object]
26 silly audit report     }
26 silly audit report   ],
26 silly audit report   fstream: [
26 silly audit report     {
26 silly audit report       id: 1095010,
26 silly audit report       url: 'https://github.com/advisories/GHSA-xf7w-r453-m56c',
26 silly audit report       title: 'Arbitrary File Overwrite in fstream',
26 silly audit report       severity: 'high',
26 silly audit report       vulnerable_versions: '<1.0.12',
26 silly audit report       cwe: [Array],
26 silly audit report       cvss: [Object]
26 silly audit report     }
26 silly audit report   ],
26 silly audit report   'npm-user-validate': [
26 silly audit report     {
26 silly audit report       id: 1086466,
26 silly audit report       url: 'https://github.com/advisories/GHSA-xgh6-85xh-479p',
26 silly audit report       title: 'Regular Expression Denial of Service in npm-user-validate',
26 silly audit report       severity: 'low',
26 silly audit report       vulnerable_versions: '<=1.0.0',
26 silly audit report       cwe: [],
26 silly audit report       cvss: [Object]
26 silly audit report     },
26 silly audit report     {
26 silly audit report       id: 1089876,
26 silly audit report       url: 'https://github.com/advisories/GHSA-pw54-mh39-w3hc',
26 silly audit report       title: 'Regular expression denial of service in npm-user-validate',
26 silly audit report       severity: 'high',
26 silly audit report       vulnerable_versions: '<1.0.1',
26 silly audit report       cwe: [Array],
26 silly audit report       cvss: [Object]
26 silly audit report     }
26 silly audit report   ],
26 silly audit report   'http-cache-semantics': [
26 silly audit report     {
26 silly audit report       id: 1092316,
26 silly audit report       url: 'https://github.com/advisories/GHSA-rc47-6667-2j5j',
26 silly audit report       title: 'http-cache-semantics vulnerable to Regular Expression Denial of Service',
26 silly audit report       severity: 'high',
26 silly audit report       vulnerable_versions: '<4.1.1',
26 silly audit report       cwe: [Array],
26 silly audit report       cvss: [Object]
26 silly audit report     }
26 silly audit report   ],
26 silly audit report   'http-proxy-agent': [
26 silly audit report     {
26 silly audit report       id: 1089973,
26 silly audit report       url: 'https://github.com/advisories/GHSA-86wf-436m-h424',
26 silly audit report       title: 'Resource Exhaustion Denial of Service in http-proxy-agent ',
26 silly audit report       severity: 'moderate',
26 silly audit report       vulnerable_versions: '<2.1.0',
26 silly audit report       cwe: [Array],
26 silly audit report       cvss: [Object]
26 silly audit report     },
26 silly audit report     {
26 silly audit report       id: 1091668,
26 silly audit report       url: 'https://github.com/advisories/GHSA-8w57-jfpm-945m',
26 silly audit report       title: 'Denial of Service in http-proxy-agent',
26 silly audit report       severity: 'high',
26 silly audit report       vulnerable_versions: '<2.1.0',
26 silly audit report       cwe: [Array],
26 silly audit report       cvss: [Object]
26 silly audit report     }
26 silly audit report   ],
26 silly audit report   ip: [
26 silly audit report     {
26 silly audit report       id: 1097720,
26 silly audit report       url: 'https://github.com/advisories/GHSA-78xj-cgh5-2h22',
26 silly audit report       title: 'NPM IP package incorrectly identifies some private IP addresses as public',
26 silly audit report       severity: 'low',
26 silly audit report       vulnerable_versions: '<1.1.9',
26 silly audit report       cwe: [Array],
26 silly audit report       cvss: [Object]
26 silly audit report     },
26 silly audit report     {
26 silly audit report       id: 1099357,
26 silly audit report       url: 'https://github.com/advisories/GHSA-2p57-rm9w-gvfp',
26 silly audit report       title: 'ip SSRF improper categorization in isPublic',
26 silly audit report       severity: 'high',
26 silly audit report       vulnerable_versions: '<=2.0.1',
26 silly audit report       cwe: [Array],
26 silly audit report       cvss: [Object]
26 silly audit report     }
26 silly audit report   ],
26 silly audit report   'tar-fs': [
26 silly audit report     {
26 silly audit report       id: 1089521,
26 silly audit report       url: 'https://github.com/advisories/GHSA-x2mc-8fgj-3wmr',
26 silly audit report       title: 'Improper Input Validation in tar-fs',
26 silly audit report       severity: 'high',
26 silly audit report       vulnerable_versions: '<1.16.2',
26 silly audit report       cwe: [Array],
26 silly audit report       cvss: [Object]
26 silly audit report     }
26 silly audit report   ],
26 silly audit report   bl: [
26 silly audit report     {
26 silly audit report       id: 1090072,
26 silly audit report       url: 'https://github.com/advisories/GHSA-pp7h-53gx-mx7r',
26 silly audit report       title: 'Remote Memory Exposure in bl',
26 silly audit report       severity: 'moderate',
26 silly audit report       vulnerable_versions: '<1.2.3',
26 silly audit report       cwe: [Array],
26 silly audit report       cvss: [Object]
26 silly audit report     }
26 silly audit report   ],
26 silly audit report   request: [
26 silly audit report     {
26 silly audit report       id: 1096727,
26 silly audit report       url: 'https://github.com/advisories/GHSA-p8p7-x288-28g6',
26 silly audit report       title: 'Server-Side Request Forgery in Request',
26 silly audit report       severity: 'moderate',
26 silly audit report       vulnerable_versions: '<=2.88.2',
26 silly audit report       cwe: [Array],
26 silly audit report       cvss: [Object]
26 silly audit report     }
26 silly audit report   ],
26 silly audit report   extend: [
26 silly audit report     {
26 silly audit report       id: 1087633,
26 silly audit report       url: 'https://github.com/advisories/GHSA-qrmc-fj45-qfc2',
26 silly audit report       title: 'Prototype Pollution in extend',
26 silly audit report       severity: 'moderate',
26 silly audit report       vulnerable_versions: '>=3.0.0 <3.0.2',
26 silly audit report       cwe: [Array],
26 silly audit report       cvss: [Object]
26 silly audit report     }
26 silly audit report   ],
26 silly audit report   ajv: [
26 silly audit report     {
26 silly audit report       id: 1097685,
26 silly audit report       url: 'https://github.com/advisories/GHSA-v88g-cgmw-v5xw',
26 silly audit report       title: 'Prototype Pollution in Ajv',
26 silly audit report       severity: 'moderate',
26 silly audit report       vulnerable_versions: '<6.12.3',
26 silly audit report       cwe: [Array],
26 silly audit report       cvss: [Object]
26 silly audit report     }
26 silly audit report   ],
26 silly audit report   hawk: [
26 silly audit report     {
26 silly audit report       id: 1095062,
26 silly audit report       url: 'https://github.com/advisories/GHSA-44pw-h2cw-w3vq',
26 silly audit report       title: 'Uncontrolled Resource Consumption in Hawk',
26 silly audit report       severity: 'high',
26 silly audit report       vulnerable_versions: '<9.0.1',
26 silly audit report       cwe: [Array],
26 silly audit report       cvss: [Object]
26 silly audit report     }
26 silly audit report   ],
26 silly audit report   hoek: [
26 silly audit report     {
26 silly audit report       id: 1093855,
26 silly audit report       url: 'https://github.com/advisories/GHSA-jp4x-w63m-7wgm',
26 silly audit report       title: 'Prototype Pollution in hoek',
26 silly audit report       severity: 'high',
26 silly audit report       vulnerable_versions: '<4.2.1',
26 silly audit report       cwe: [Array],
26 silly audit report       cvss: [Object]
26 silly audit report     },
26 silly audit report     {
26 silly audit report       id: 1096410,
26 silly audit report       url: 'https://github.com/advisories/GHSA-c429-5p7v-vgjp',
26 silly audit report       title: 'hoek subject to prototype pollution via the clone function.',
26 silly audit report       severity: 'high',
26 silly audit report       vulnerable_versions: '<=6.1.3',
26 silly audit report       cwe: [Array],
26 silly audit report       cvss: [Object]
26 silly audit report     }
26 silly audit report   ],
26 silly audit report   'json-schema': [
26 silly audit report     {
26 silly audit report       id: 1095057,
26 silly audit report       url: 'https://github.com/advisories/GHSA-896r-f27r-55mw',
26 silly audit report       title: 'json-schema is vulnerable to Prototype Pollution',
26 silly audit report       severity: 'critical',
26 silly audit report       vulnerable_versions: '<0.4.0',
26 silly audit report       cwe: [Array],
26 silly audit report       cvss: [Object]
26 silly audit report     }
26 silly audit report   ],
26 silly audit report   sshpk: [
26 silly audit report     {
26 silly audit report       id: 1089418,
26 silly audit report       url: 'https://github.com/advisories/GHSA-2m39-62fm-q8r3',
26 silly audit report       title: 'Regular Expression Denial of Service in sshpk',
26 silly audit report       severity: 'high',
26 silly audit report       vulnerable_versions: '<1.13.2',
26 silly audit report       cwe: [Array],
26 silly audit report       cvss: [Object]
26 silly audit report     }
26 silly audit report   ],
26 silly audit report   stringstream: [
26 silly audit report     {
26 silly audit report       id: 1090117,
26 silly audit report       url: 'https://github.com/advisories/GHSA-mf6x-7mm4-x2g7',
26 silly audit report       title: 'Out-of-bounds Read in stringstream',
26 silly audit report       severity: 'moderate',
26 silly audit report       vulnerable_versions: '<0.0.6',
26 silly audit report       cwe: [Array],
26 silly audit report       cvss: [Object]
26 silly audit report     }
26 silly audit report   ],
26 silly audit report   'tough-cookie': [
26 silly audit report     {
26 silly audit report       id: 1095103,
26 silly audit report       url: 'https://github.com/advisories/GHSA-g7q5-pjjr-gqvp',
26 silly audit report       title: 'Regular Expression Denial of Service in tough-cookie',
26 silly audit report       severity: 'high',
26 silly audit report       vulnerable_versions: '<2.3.3',
26 silly audit report       cwe: [Array],
26 silly audit report       cvss: [Object]
26 silly audit report     },
26 silly audit report     {
26 silly audit report       id: 1097682,
26 silly audit report       url: 'https://github.com/advisories/GHSA-72xf-g2v4-qvf3',
26 silly audit report       title: 'tough-cookie Prototype Pollution vulnerability',
26 silly audit report       severity: 'moderate',
26 silly audit report       vulnerable_versions: '<4.1.3',
26 silly audit report       cwe: [Array],
26 silly audit report       cvss: [Object]
26 silly audit report     }
26 silly audit report   ],
26 silly audit report   ssri: [
26 silly audit report     {
26 silly audit report       id: 1090997,
26 silly audit report       url: 'https://github.com/advisories/GHSA-325j-24f4-qv5x',
26 silly audit report       title: 'Regular Expression Denial of Service in ssri',
26 silly audit report       severity: 'moderate',
26 silly audit report       vulnerable_versions: '<5.2.2',
26 silly audit report       cwe: [Array],
26 silly audit report       cvss: [Object]
26 silly audit report     }
26 silly audit report   ]
26 silly audit report }
27 silly packumentCache corgi:https://registry.npmjs.org/debug cache-miss
28 silly packumentCache corgi:https://registry.npmjs.org/ansi-regex cache-miss
29 silly packumentCache corgi:https://registry.npmjs.org/chownr cache-miss
30 silly packumentCache corgi:https://registry.npmjs.org/cross-spawn cache-miss
31 silly packumentCache corgi:https://registry.npmjs.org/minimatch cache-miss
32 silly packumentCache corgi:https://registry.npmjs.org/https-proxy-agent cache-miss
33 silly packumentCache corgi:https://registry.npmjs.org/ini cache-miss
34 silly packumentCache corgi:https://registry.npmjs.org/semver cache-miss
35 silly packumentCache corgi:https://registry.npmjs.org/mongoose cache-miss
36 silly packumentCache corgi:https://registry.npmjs.org/deep-extend cache-miss
37 silly packumentCache corgi:https://registry.npmjs.org/dot-prop cache-miss
38 silly packumentCache corgi:https://registry.npmjs.org/got cache-miss
39 silly packumentCache corgi:https://registry.npmjs.org/hosted-git-info cache-miss
40 silly packumentCache corgi:https://registry.npmjs.org/minimist cache-miss
41 silly packumentCache corgi:https://registry.npmjs.org/y18n cache-miss
42 silly packumentCache corgi:https://registry.npmjs.org/qs cache-miss
43 silly packumentCache corgi:https://registry.npmjs.org/tar cache-miss
44 silly packumentCache corgi:https://registry.npmjs.org/yargs-parser cache-miss
45 silly packumentCache corgi:https://registry.npmjs.org/path-to-regexp cache-miss
46 silly packumentCache corgi:https://registry.npmjs.org/npm cache-miss
47 silly packumentCache corgi:https://registry.npmjs.org/fstream cache-miss
48 silly packumentCache corgi:https://registry.npmjs.org/npm-user-validate cache-miss
49 silly packumentCache corgi:https://registry.npmjs.org/http-cache-semantics cache-miss
50 silly packumentCache corgi:https://registry.npmjs.org/http-proxy-agent cache-miss
51 silly packumentCache corgi:https://registry.npmjs.org/ip cache-miss
52 silly packumentCache corgi:https://registry.npmjs.org/tar-fs cache-miss
53 silly packumentCache corgi:https://registry.npmjs.org/bl cache-miss
54 silly packumentCache corgi:https://registry.npmjs.org/request cache-miss
55 silly packumentCache corgi:https://registry.npmjs.org/extend cache-miss
56 silly packumentCache corgi:https://registry.npmjs.org/ajv cache-miss
57 silly packumentCache corgi:https://registry.npmjs.org/hawk cache-miss
58 silly packumentCache corgi:https://registry.npmjs.org/hoek cache-miss
59 silly packumentCache corgi:https://registry.npmjs.org/json-schema cache-miss
60 silly packumentCache corgi:https://registry.npmjs.org/sshpk cache-miss
61 silly packumentCache corgi:https://registry.npmjs.org/stringstream cache-miss
62 silly packumentCache corgi:https://registry.npmjs.org/tough-cookie cache-miss
63 silly packumentCache corgi:https://registry.npmjs.org/ssri cache-miss
64 http fetch GET 200 https://registry.npmjs.org/ini 361ms (cache updated)
65 silly packumentCache corgi:https://registry.npmjs.org/ini set size:undefined disposed:false
66 http fetch GET 200 https://registry.npmjs.org/debug 381ms (cache updated)
67 silly packumentCache corgi:https://registry.npmjs.org/debug set size:undefined disposed:false
68 http fetch GET 200 https://registry.npmjs.org/qs 433ms (cache updated)
69 silly packumentCache corgi:https://registry.npmjs.org/qs set size:undefined disposed:false
70 http fetch GET 200 https://registry.npmjs.org/cross-spawn 461ms (cache updated)
71 silly packumentCache corgi:https://registry.npmjs.org/cross-spawn set size:undefined disposed:false
72 http fetch GET 200 https://registry.npmjs.org/ansi-regex 468ms (cache updated)
73 silly packumentCache corgi:https://registry.npmjs.org/ansi-regex set size:undefined disposed:false
74 http fetch GET 200 https://registry.npmjs.org/chownr 472ms (cache updated)
75 silly packumentCache corgi:https://registry.npmjs.org/chownr set size:undefined disposed:false
76 http fetch GET 200 https://registry.npmjs.org/deep-extend 470ms (cache updated)
77 silly packumentCache corgi:https://registry.npmjs.org/deep-extend set size:undefined disposed:false
78 http fetch GET 200 https://registry.npmjs.org/ip 466ms (cache updated)
79 silly packumentCache corgi:https://registry.npmjs.org/ip set size:undefined disposed:false
80 http fetch GET 200 https://registry.npmjs.org/json-schema 468ms (cache updated)
81 silly packumentCache corgi:https://registry.npmjs.org/json-schema set size:undefined disposed:false
82 http fetch GET 200 https://registry.npmjs.org/stringstream 473ms (cache updated)
83 silly packumentCache corgi:https://registry.npmjs.org/stringstream set size:undefined disposed:false
84 http fetch GET 200 https://registry.npmjs.org/http-cache-semantics 484ms (cache updated)
85 silly packumentCache corgi:https://registry.npmjs.org/http-cache-semantics set size:undefined disposed:false
86 http fetch GET 200 https://registry.npmjs.org/y18n 494ms (cache updated)
87 silly packumentCache corgi:https://registry.npmjs.org/y18n set size:undefined disposed:false
88 http fetch GET 200 https://registry.npmjs.org/dot-prop 498ms (cache updated)
89 silly packumentCache corgi:https://registry.npmjs.org/dot-prop set size:undefined disposed:false
90 http fetch GET 200 https://registry.npmjs.org/https-proxy-agent 501ms (cache updated)
91 silly packumentCache corgi:https://registry.npmjs.org/https-proxy-agent set size:undefined disposed:false
92 http fetch GET 200 https://registry.npmjs.org/bl 497ms (cache updated)
93 silly packumentCache corgi:https://registry.npmjs.org/bl set size:undefined disposed:false
94 http fetch GET 200 https://registry.npmjs.org/http-proxy-agent 498ms (cache updated)
95 silly packumentCache corgi:https://registry.npmjs.org/http-proxy-agent set size:undefined disposed:false
96 http fetch GET 200 https://registry.npmjs.org/minimist 505ms (cache updated)
97 silly packumentCache corgi:https://registry.npmjs.org/minimist set size:undefined disposed:false
98 http fetch GET 200 https://registry.npmjs.org/tar 509ms (cache updated)
99 silly packumentCache corgi:https://registry.npmjs.org/tar set size:undefined disposed:false
100 http fetch GET 200 https://registry.npmjs.org/tar-fs 510ms (cache updated)
101 silly packumentCache corgi:https://registry.npmjs.org/tar-fs set size:undefined disposed:false
102 http fetch GET 200 https://registry.npmjs.org/semver 520ms (cache updated)
103 silly packumentCache corgi:https://registry.npmjs.org/semver set size:undefined disposed:false
104 http fetch GET 200 https://registry.npmjs.org/sshpk 516ms (cache updated)
105 silly packumentCache corgi:https://registry.npmjs.org/sshpk set size:undefined disposed:false
106 http fetch GET 200 https://registry.npmjs.org/path-to-regexp 522ms (cache miss)
107 silly packumentCache corgi:https://registry.npmjs.org/path-to-regexp set size:undefined disposed:false
108 http fetch GET 200 https://registry.npmjs.org/ssri 526ms (cache updated)
109 silly packumentCache corgi:https://registry.npmjs.org/ssri set size:undefined disposed:false
110 http fetch GET 200 https://registry.npmjs.org/fstream 532ms (cache updated)
111 silly packumentCache corgi:https://registry.npmjs.org/fstream set size:undefined disposed:false
112 http fetch GET 200 https://registry.npmjs.org/hosted-git-info 537ms (cache updated)
113 silly packumentCache corgi:https://registry.npmjs.org/hosted-git-info set size:undefined disposed:false
114 http fetch GET 200 https://registry.npmjs.org/request 533ms (cache updated)
115 silly packumentCache corgi:https://registry.npmjs.org/request set size:undefined disposed:false
116 http fetch GET 200 https://registry.npmjs.org/npm-user-validate 537ms (cache updated)
117 silly packumentCache corgi:https://registry.npmjs.org/npm-user-validate set size:undefined disposed:false
118 http fetch GET 200 https://registry.npmjs.org/extend 535ms (cache updated)
119 silly packumentCache corgi:https://registry.npmjs.org/extend set size:undefined disposed:false
120 http fetch GET 200 https://registry.npmjs.org/hoek 535ms (cache updated)
121 silly packumentCache corgi:https://registry.npmjs.org/hoek set size:undefined disposed:false
122 http fetch GET 200 https://registry.npmjs.org/hawk 539ms (cache updated)
123 silly packumentCache corgi:https://registry.npmjs.org/hawk set size:undefined disposed:false
124 http fetch GET 200 https://registry.npmjs.org/minimatch 549ms (cache updated)
125 silly packumentCache corgi:https://registry.npmjs.org/minimatch set size:undefined disposed:false
126 http fetch GET 200 https://registry.npmjs.org/tough-cookie 542ms (cache updated)
127 silly packumentCache corgi:https://registry.npmjs.org/tough-cookie set size:undefined disposed:false
128 http fetch GET 200 https://registry.npmjs.org/yargs-parser 550ms (cache updated)
129 silly packumentCache corgi:https://registry.npmjs.org/yargs-parser set size:undefined disposed:false
130 http fetch GET 200 https://registry.npmjs.org/got 570ms (cache updated)
131 silly packumentCache corgi:https://registry.npmjs.org/got set size:undefined disposed:false
132 http fetch GET 200 https://registry.npmjs.org/ajv 569ms (cache updated)
133 silly packumentCache corgi:https://registry.npmjs.org/ajv set size:undefined disposed:false
134 http fetch GET 200 https://registry.npmjs.org/mongoose 595ms (cache miss)
135 silly packumentCache corgi:https://registry.npmjs.org/mongoose set size:undefined disposed:false
136 http fetch GET 200 https://registry.npmjs.org/npm 637ms (cache updated)
137 silly packumentCache corgi:https://registry.npmjs.org/npm set size:undefined disposed:false
138 info run bcrypt@5.1.1 install { code: 0, signal: null }
139 silly packumentCache corgi:https://registry.npmjs.org/strip-ansi cache-miss
140 http fetch GET 200 https://registry.npmjs.org/strip-ansi 58ms (cache updated)
141 silly packumentCache corgi:https://registry.npmjs.org/strip-ansi set size:undefined disposed:false
142 silly packumentCache corgi:https://registry.npmjs.org/cacache cache-miss
143 http fetch GET 200 https://registry.npmjs.org/cacache 85ms (cache updated)
144 silly packumentCache corgi:https://registry.npmjs.org/cacache set size:undefined disposed:false
145 silly packumentCache corgi:https://registry.npmjs.org/execa cache-miss
146 http fetch GET 200 https://registry.npmjs.org/execa 62ms (cache updated)
147 silly packumentCache corgi:https://registry.npmjs.org/execa set size:undefined disposed:false
148 silly packumentCache corgi:https://registry.npmjs.org/glob cache-miss
149 silly packumentCache corgi:https://registry.npmjs.org/fstream-ignore cache-miss
150 silly packumentCache corgi:https://registry.npmjs.org/node-gyp cache-miss
151 silly packumentCache corgi:https://registry.npmjs.org/pacote cache-miss
152 http fetch GET 200 https://registry.npmjs.org/fstream-ignore 106ms (cache updated)
153 silly packumentCache corgi:https://registry.npmjs.org/fstream-ignore set size:undefined disposed:false
154 http fetch GET 200 https://registry.npmjs.org/glob 114ms (cache updated)
155 silly packumentCache corgi:https://registry.npmjs.org/glob set size:undefined disposed:false
156 http fetch GET 200 https://registry.npmjs.org/node-gyp 125ms (cache updated)
157 silly packumentCache corgi:https://registry.npmjs.org/node-gyp set size:undefined disposed:false
158 http fetch GET 200 https://registry.npmjs.org/pacote 129ms (cache updated)
159 silly packumentCache corgi:https://registry.npmjs.org/pacote set size:undefined disposed:false
160 silly packumentCache corgi:https://registry.npmjs.org/make-fetch-happen cache-miss
161 http fetch GET 200 https://registry.npmjs.org/make-fetch-happen 50ms (cache updated)
162 silly packumentCache corgi:https://registry.npmjs.org/make-fetch-happen set size:undefined disposed:false
163 silly packumentCache corgi:https://registry.npmjs.org/global-dirs cache-miss
164 silly packumentCache corgi:https://registry.npmjs.org/rc cache-miss
165 silly packumentCache corgi:https://registry.npmjs.org/config-chain cache-miss
166 http fetch GET 200 https://registry.npmjs.org/rc 58ms (cache updated)
167 silly packumentCache corgi:https://registry.npmjs.org/rc set size:undefined disposed:false
168 http fetch GET 200 https://registry.npmjs.org/global-dirs 70ms (cache updated)
169 silly packumentCache corgi:https://registry.npmjs.org/global-dirs set size:undefined disposed:false
170 http fetch GET 200 https://registry.npmjs.org/config-chain 85ms (cache updated)
171 silly packumentCache corgi:https://registry.npmjs.org/config-chain set size:undefined disposed:false
172 silly packumentCache corgi:https://registry.npmjs.org/init-package-json cache-miss
173 silly packumentCache corgi:https://registry.npmjs.org/normalize-package-data cache-miss
174 silly packumentCache corgi:https://registry.npmjs.org/npm-install-checks cache-miss
175 silly packumentCache corgi:https://registry.npmjs.org/npm-registry-client cache-miss
176 silly packumentCache corgi:https://registry.npmjs.org/npm-package-arg cache-miss
177 silly packumentCache corgi:https://registry.npmjs.org/npm-pick-manifest cache-miss
178 silly packumentCache corgi:https://registry.npmjs.org/read-installed cache-miss
179 silly packumentCache corgi:https://registry.npmjs.org/package-json cache-miss
180 silly packumentCache corgi:https://registry.npmjs.org/semver-diff cache-miss
181 http fetch GET 200 https://registry.npmjs.org/normalize-package-data 111ms (cache updated)
182 silly packumentCache corgi:https://registry.npmjs.org/normalize-package-data set size:undefined disposed:false
183 http fetch GET 200 https://registry.npmjs.org/npm-install-checks 121ms (cache updated)
184 silly packumentCache corgi:https://registry.npmjs.org/npm-install-checks set size:undefined disposed:false
185 http fetch GET 200 https://registry.npmjs.org/semver-diff 122ms (cache updated)
186 silly packumentCache corgi:https://registry.npmjs.org/semver-diff set size:undefined disposed:false
187 http fetch GET 200 https://registry.npmjs.org/read-installed 129ms (cache updated)
188 silly packumentCache corgi:https://registry.npmjs.org/read-installed set size:undefined disposed:false
189 http fetch GET 200 https://registry.npmjs.org/package-json 130ms (cache updated)
190 silly packumentCache corgi:https://registry.npmjs.org/package-json set size:undefined disposed:false
191 http fetch GET 200 https://registry.npmjs.org/npm-pick-manifest 136ms (cache updated)
192 silly packumentCache corgi:https://registry.npmjs.org/npm-pick-manifest set size:undefined disposed:false
193 http fetch GET 200 https://registry.npmjs.org/npm-registry-client 141ms (cache updated)
194 silly packumentCache corgi:https://registry.npmjs.org/npm-registry-client set size:undefined disposed:false
195 http fetch GET 200 https://registry.npmjs.org/npm-package-arg 151ms (cache updated)
196 silly packumentCache corgi:https://registry.npmjs.org/npm-package-arg set size:undefined disposed:false
197 http fetch GET 200 https://registry.npmjs.org/init-package-json 632ms (cache updated)
198 silly packumentCache corgi:https://registry.npmjs.org/init-package-json set size:undefined disposed:false
199 silly packumentCache corgi:https://registry.npmjs.org/configstore cache-miss
200 http fetch GET 200 https://registry.npmjs.org/configstore 56ms (cache updated)
201 silly packumentCache corgi:https://registry.npmjs.org/configstore set size:undefined disposed:false
202 silly packumentCache corgi:https://registry.npmjs.org/mkdirp cache-miss
203 http fetch GET 200 https://registry.npmjs.org/mkdirp 58ms (cache updated)
204 silly packumentCache corgi:https://registry.npmjs.org/mkdirp set size:undefined disposed:false
205 silly packumentCache corgi:https://registry.npmjs.org/libnpx cache-miss
206 http fetch GET 200 https://registry.npmjs.org/libnpx 49ms (cache updated)
207 silly packumentCache corgi:https://registry.npmjs.org/libnpx set size:undefined disposed:false
208 silly packumentCache corgi:https://registry.npmjs.org/yargs cache-miss
209 http fetch GET 200 https://registry.npmjs.org/yargs 83ms (cache updated)
210 silly packumentCache corgi:https://registry.npmjs.org/yargs set size:undefined disposed:false
211 silly packumentCache corgi:https://registry.npmjs.org/express cache-miss
212 http fetch GET 200 https://registry.npmjs.org/express 57ms (cache miss)
213 silly packumentCache corgi:https://registry.npmjs.org/express set size:undefined disposed:false
214 silly packumentCache corgi:https://registry.npmjs.org/npx cache-miss
215 http fetch GET 200 https://registry.npmjs.org/npx 55ms (cache updated)
216 silly packumentCache corgi:https://registry.npmjs.org/npx set size:undefined disposed:false
217 silly packumentCache corgi:https://registry.npmjs.org/socks cache-miss
218 http fetch GET 200 https://registry.npmjs.org/socks 62ms (cache updated)
219 silly packumentCache corgi:https://registry.npmjs.org/socks set size:undefined disposed:false
220 silly packumentCache corgi:https://registry.npmjs.org/tar-stream cache-miss
221 http fetch GET 200 https://registry.npmjs.org/tar-stream 50ms (cache updated)
222 silly packumentCache corgi:https://registry.npmjs.org/tar-stream set size:undefined disposed:false
223 silly packumentCache corgi:https://registry.npmjs.org/har-validator cache-miss
224 http fetch GET 200 https://registry.npmjs.org/har-validator 56ms (cache updated)
225 silly packumentCache corgi:https://registry.npmjs.org/har-validator set size:undefined disposed:false
226 silly packumentCache corgi:https://registry.npmjs.org/boom cache-miss
227 silly packumentCache corgi:https://registry.npmjs.org/sntp cache-miss
228 http fetch GET 200 https://registry.npmjs.org/sntp 65ms (cache updated)
229 silly packumentCache corgi:https://registry.npmjs.org/sntp set size:undefined disposed:false
230 http fetch GET 200 https://registry.npmjs.org/boom 67ms (cache updated)
231 silly packumentCache corgi:https://registry.npmjs.org/boom set size:undefined disposed:false
232 silly packumentCache corgi:https://registry.npmjs.org/jsprim cache-miss
233 http fetch GET 200 https://registry.npmjs.org/jsprim 60ms (cache updated)
234 silly packumentCache corgi:https://registry.npmjs.org/jsprim set size:undefined disposed:false
235 silly packumentCache corgi:https://registry.npmjs.org/http-signature cache-miss
236 http fetch GET 200 https://registry.npmjs.org/http-signature 50ms (cache updated)
237 silly packumentCache corgi:https://registry.npmjs.org/http-signature set size:undefined disposed:false
238 silly packumentCache corgi:https://registry.npmjs.org/term-size cache-miss
239 http fetch GET 200 https://registry.npmjs.org/term-size 50ms (cache updated)
240 silly packumentCache corgi:https://registry.npmjs.org/term-size set size:undefined disposed:false
241 silly packumentCache corgi:https://registry.npmjs.org/registry-auth-token cache-miss
242 silly packumentCache corgi:https://registry.npmjs.org/registry-url cache-miss
243 http fetch GET 200 https://registry.npmjs.org/registry-auth-token 52ms (cache updated)
244 silly packumentCache corgi:https://registry.npmjs.org/registry-auth-token set size:undefined disposed:false
245 http fetch GET 200 https://registry.npmjs.org/registry-url 53ms (cache updated)
246 silly packumentCache corgi:https://registry.npmjs.org/registry-url set size:undefined disposed:false
247 silly packumentCache corgi:https://registry.npmjs.org/latest-version cache-miss
248 http fetch GET 200 https://registry.npmjs.org/latest-version 48ms (cache updated)
249 silly packumentCache corgi:https://registry.npmjs.org/latest-version set size:undefined disposed:false
250 silly packumentCache corgi:https://registry.npmjs.org/cmd-shim cache-miss
251 silly packumentCache corgi:https://registry.npmjs.org/move-concurrently cache-miss
252 silly packumentCache corgi:https://registry.npmjs.org/copy-concurrently cache-miss
253 http fetch GET 200 https://registry.npmjs.org/cmd-shim 79ms (cache updated)
254 silly packumentCache corgi:https://registry.npmjs.org/cmd-shim set size:undefined disposed:false
255 http fetch GET 200 https://registry.npmjs.org/copy-concurrently 80ms (cache updated)
256 silly packumentCache corgi:https://registry.npmjs.org/copy-concurrently set size:undefined disposed:false
257 http fetch GET 200 https://registry.npmjs.org/move-concurrently 102ms (cache updated)
258 silly packumentCache corgi:https://registry.npmjs.org/move-concurrently set size:undefined disposed:false
259 silly packumentCache corgi:https://registry.npmjs.org/cryptiles cache-miss
260 http fetch GET 200 https://registry.npmjs.org/cryptiles 51ms (cache updated)
261 silly packumentCache corgi:https://registry.npmjs.org/cryptiles set size:undefined disposed:false
262 silly packumentCache corgi:https://registry.npmjs.org/boxen cache-miss
263 http fetch GET 200 https://registry.npmjs.org/boxen 47ms (cache updated)
264 silly packumentCache corgi:https://registry.npmjs.org/boxen set size:undefined disposed:false
265 silly packumentCache corgi:https://registry.npmjs.org/update-notifier cache-miss
266 http fetch GET 200 https://registry.npmjs.org/update-notifier 62ms (cache updated)
267 silly packumentCache corgi:https://registry.npmjs.org/update-notifier set size:undefined disposed:false
268 silly ADD node_modules/yallist
269 silly ADD node_modules/wrappy
270 silly ADD node_modules/wide-align
271 silly ADD node_modules/wide-align/node_modules/strip-ansi
272 silly ADD node_modules/wide-align/node_modules/string-width
273 silly ADD node_modules/wide-align/node_modules/emoji-regex
274 silly ADD node_modules/wide-align/node_modules/ansi-regex
275 silly ADD node_modules/util-deprecate
276 silly ADD node_modules/tar
277 silly ADD node_modules/tar/node_modules/minipass
278 silly ADD node_modules/string_decoder
279 silly ADD node_modules/set-blocking
280 silly ADD node_modules/rimraf
281 silly ADD node_modules/rimraf/node_modules/minimatch
282 silly ADD node_modules/rimraf/node_modules/glob
283 silly ADD node_modules/rimraf/node_modules/brace-expansion
284 silly ADD node_modules/readable-stream
285 silly ADD node_modules/path-is-absolute
286 silly ADD node_modules/once
287 silly ADD node_modules/object-assign
288 silly ADD node_modules/npmlog
289 silly ADD node_modules/node-fetch
290 silly ADD node_modules/node-fetch/node_modules/whatwg-url
291 silly ADD node_modules/node-fetch/node_modules/webidl-conversions
292 silly ADD node_modules/node-fetch/node_modules/tr46
293 silly ADD node_modules/node-addon-api
294 silly ADD node_modules/mkdirp
295 silly ADD node_modules/minizlib
296 silly ADD node_modules/minizlib/node_modules/minipass
297 silly ADD node_modules/make-dir
298 silly ADD node_modules/make-dir/node_modules/semver
299 silly ADD node_modules/lodash.once
300 silly ADD node_modules/lodash.isstring
301 silly ADD node_modules/lodash.isplainobject
302 silly ADD node_modules/lodash.isnumber
303 silly ADD node_modules/lodash.isinteger
304 silly ADD node_modules/lodash.isboolean
305 silly ADD node_modules/lodash.includes
306 silly ADD node_modules/jws
307 silly ADD node_modules/jwa
308 silly ADD node_modules/jsonwebtoken
309 silly ADD node_modules/jsonwebtoken/node_modules/ms
310 silly ADD node_modules/inflight
311 silly ADD node_modules/https-proxy-agent
312 silly ADD node_modules/https-proxy-agent/node_modules/ms
313 silly ADD node_modules/https-proxy-agent/node_modules/debug
314 silly ADD node_modules/has-unicode
315 silly ADD node_modules/gauge
316 silly ADD node_modules/gauge/node_modules/strip-ansi
317 silly ADD node_modules/gauge/node_modules/string-width
318 silly ADD node_modules/gauge/node_modules/signal-exit
319 silly ADD node_modules/gauge/node_modules/emoji-regex
320 silly ADD node_modules/gauge/node_modules/ansi-regex
321 silly ADD node_modules/fs.realpath
322 silly ADD node_modules/fs-minipass
323 silly ADD node_modules/fs-minipass/node_modules/minipass
324 silly ADD node_modules/ecdsa-sig-formatter
325 silly ADD node_modules/detect-libc
326 silly ADD node_modules/delegates
327 silly ADD node_modules/console-control-strings
328 silly ADD node_modules/concat-map
329 silly ADD node_modules/color-support
330 silly ADD node_modules/chownr
331 silly ADD node_modules/buffer-equal-constant-time
332 silly ADD node_modules/bcryptjs
333 silly ADD node_modules/bcrypt
334 silly ADD node_modules/are-we-there-yet
335 silly ADD node_modules/aproba
336 silly ADD node_modules/agent-base
337 silly ADD node_modules/agent-base/node_modules/ms
338 silly ADD node_modules/agent-base/node_modules/debug
339 silly ADD node_modules/@mapbox/node-pre-gyp
340 silly ADD node_modules/@mapbox/node-pre-gyp/node_modules/nopt
341 silly ADD node_modules/@mapbox/node-pre-gyp/node_modules/abbrev
342 verbose cwd /home/app/monannonce
343 verbose os Linux 5.15.0-130-generic
344 verbose node v22.11.0
345 verbose npm  v10.9.0
346 verbose exit 0
347 info ok
